[0.579s] Invoking command in '/home/dihim/me326_ws/build/la_msgs': CMAKE_PREFIX_PATH=${CMAKE_PREFIX_PATH}:/home/dihim/interbotix_ws/install/interbotix_xs_modules:/home/dihim/interbotix_ws/install/interbotix_perception_modules:/home/dihim/interbotix_ws/install/interbotix_common_modules:/opt/ros/galactic /usr/bin/cmake /home/dihim/me326_ws/src/la_msgs -DCMAKE_INSTALL_PREFIX=/home/dihim/me326_ws/install/la_msgs
[0.882s] -- The C compiler identification is GNU 9.4.0
[0.882s] -- The CXX compiler identification is GNU 9.4.0
[0.882s] -- Check for working C compiler: /usr/bin/cc
[0.882s] -- Check for working C compiler: /usr/bin/cc -- works
[0.882s] -- Detecting C compiler ABI info
[0.882s] -- Detecting C compiler ABI info - done
[0.882s] -- Detecting C compile features
[0.882s] -- Detecting C compile features - done
[0.882s] -- Check for working CXX compiler: /usr/bin/c++
[0.882s] -- Check for working CXX compiler: /usr/bin/c++ -- works
[0.882s] -- Detecting CXX compiler ABI info
[0.890s] -- Detecting CXX compiler ABI info - done
[0.895s] -- Detecting CXX compile features
[0.896s] -- Detecting CXX compile features - done
[0.898s] -- Found ament_cmake: 1.1.6 (/opt/ros/galactic/share/ament_cmake/cmake)
[0.915s] -- Found PythonInterp: /usr/bin/python3 (found suitable version "3.8.10", minimum required is "3") 
[0.915s] -- Using PYTHON_EXECUTABLE: /usr/bin/python3
[0.977s] -- Found rclcpp: 9.2.2 (/opt/ros/galactic/share/rclcpp/cmake)
[1.024s] -- Using all available rosidl_typesupport_c: rosidl_typesupport_fastrtps_c;rosidl_typesupport_introspection_c
[1.031s] -- Found rosidl_adapter: 2.2.3 (/opt/ros/galactic/share/rosidl_adapter/cmake)
[1.102s] -- Found OpenSSL: /usr/lib/aarch64-linux-gnu/libcrypto.so (found version "1.1.1f")  
[1.123s] -- Found FastRTPS: /opt/ros/galactic/include  
[1.187s] -- Using all available rosidl_typesupport_cpp: rosidl_typesupport_fastrtps_cpp;rosidl_typesupport_introspection_cpp
[1.232s] -- Found rmw_implementation_cmake: 3.3.1 (/opt/ros/galactic/share/rmw_implementation_cmake/cmake)
[1.235s] -- Found rmw_cyclonedds_cpp: 0.22.6 (/opt/ros/galactic/share/rmw_cyclonedds_cpp/cmake)
[1.248s] -- Using RMW implementation 'rmw_cyclonedds_cpp' as default
[1.248s] -- Looking for pthread.h
[1.349s] -- Looking for pthread.h - found
[1.349s] -- Performing Test CMAKE_HAVE_LIBC_PTHREAD
[1.401s] -- Performing Test CMAKE_HAVE_LIBC_PTHREAD - Failed
[1.401s] -- Looking for pthread_create in pthreads
[1.471s] -- Looking for pthread_create in pthreads - not found
[1.471s] -- Looking for pthread_create in pthread
[1.517s] -- Looking for pthread_create in pthread - found
[1.517s] -- Found Threads: TRUE  
[1.615s] -- Found geometry_msgs: 2.2.4 (/opt/ros/galactic/share/geometry_msgs/cmake)
[1.636s] -- Found sensor_msgs: 2.2.4 (/opt/ros/galactic/share/sensor_msgs/cmake)
[1.683s] -- Found rosidl_default_generators: 1.1.1 (/opt/ros/galactic/share/rosidl_default_generators/cmake)
[1.707s] -- Found PythonInterp: /usr/bin/python3 (found version "3.8.10") 
[1.847s] -- Found ament_cmake_ros: 0.9.2 (/opt/ros/galactic/share/ament_cmake_ros/cmake)
[2.006s] -- Using all available rosidl_typesupport_c: rosidl_typesupport_fastrtps_c;rosidl_typesupport_introspection_c
[2.070s] -- Using all available rosidl_typesupport_cpp: rosidl_typesupport_fastrtps_cpp;rosidl_typesupport_introspection_cpp
[2.087s] -- Found PythonInterp: /usr/bin/python3 (found suitable version "3.8.10", minimum required is "3.5") 
[2.091s] -- Found python_cmake_module: 0.8.1 (/opt/ros/galactic/share/python_cmake_module/cmake)
[2.107s] -- Found PythonLibs: /usr/lib/aarch64-linux-gnu/libpython3.8.so (found suitable version "3.8.10", minimum required is "3.5") 
[2.107s] -- Using PYTHON_EXECUTABLE: /usr/bin/python3
[2.107s] -- Using PYTHON_INCLUDE_DIRS: /usr/include/python3.8
[2.107s] -- Using PYTHON_LIBRARIES: /usr/lib/aarch64-linux-gnu/libpython3.8.so
[2.121s] -- Found PythonExtra: .so  
[2.176s] -- Configuring done
[2.213s] -- Generating done
[2.214s] -- Build files have been written to: /home/dihim/me326_ws/build/la_msgs
[2.248s] Invoked command in '/home/dihim/me326_ws/build/la_msgs' returned '0': CMAKE_PREFIX_PATH=${CMAKE_PREFIX_PATH}:/home/dihim/interbotix_ws/install/interbotix_xs_modules:/home/dihim/interbotix_ws/install/interbotix_perception_modules:/home/dihim/interbotix_ws/install/interbotix_common_modules:/opt/ros/galactic /usr/bin/cmake /home/dihim/me326_ws/src/la_msgs -DCMAKE_INSTALL_PREFIX=/home/dihim/me326_ws/install/la_msgs
[2.248s] Invoking command in '/home/dihim/me326_ws/build/la_msgs': CMAKE_PREFIX_PATH=${CMAKE_PREFIX_PATH}:/home/dihim/interbotix_ws/install/interbotix_xs_modules:/home/dihim/interbotix_ws/install/interbotix_perception_modules:/home/dihim/interbotix_ws/install/interbotix_common_modules:/opt/ros/galactic /usr/bin/cmake --build /home/dihim/me326_ws/build/la_msgs -- -j4 -l4
[2.277s] [  2%] [34m[1mGenerating C code for ROS interfaces[0m
[2.283s] [35m[1mScanning dependencies of target la_msgs__cpp[0m
[2.292s] [  5%] [34m[1mGenerating C++ code for ROS interfaces[0m
[2.535s] [  5%] Built target la_msgs__cpp
[2.542s] [  7%] [34m[1mGenerating C++ type support dispatch for ROS interfaces[0m
[2.548s] [ 10%] [34m[1mGenerating C++ introspection for ROS interfaces[0m
[2.557s] [35m[1mScanning dependencies of target la_msgs__rosidl_generator_c[0m
[2.566s] [ 12%] [34m[1mGenerating C++ type support for eProsima Fast-RTPS[0m
[2.573s] [ 15%] [32mBuilding C object CMakeFiles/la_msgs__rosidl_generator_c.dir/rosidl_generator_c/la_msgs/action/detail/move_base__functions.c.o[0m
[2.684s] [ 17%] [32mBuilding C object CMakeFiles/la_msgs__rosidl_generator_c.dir/rosidl_generator_c/la_msgs/srv/detail/ptps__functions.c.o[0m
[2.715s] [ 20%] [32m[1mLinking C shared library libla_msgs__rosidl_generator_c.so[0m
[2.731s] [35m[1mScanning dependencies of target la_msgs__rosidl_typesupport_cpp[0m
[2.753s] [ 23%] [32mBuilding CXX object CMakeFiles/la_msgs__rosidl_typesupport_cpp.dir/rosidl_typesupport_cpp/la_msgs/action/move_base__type_support.cpp.o[0m
[2.754s] [ 23%] Built target la_msgs__rosidl_generator_c
[2.765s] [ 25%] [32mBuilding CXX object CMakeFiles/la_msgs__rosidl_typesupport_cpp.dir/rosidl_typesupport_cpp/la_msgs/srv/ptps__type_support.cpp.o[0m
[2.775s] [35m[1mScanning dependencies of target la_msgs__rosidl_typesupport_introspection_cpp[0m
[2.794s] [ 28%] [32mBuilding CXX object CMakeFiles/la_msgs__rosidl_typesupport_introspection_cpp.dir/rosidl_typesupport_introspection_cpp/la_msgs/action/detail/move_base__type_support.cpp.o[0m
[2.866s] [35m[1mScanning dependencies of target la_msgs__rosidl_typesupport_fastrtps_cpp[0m
[2.887s] [ 30%] [32mBuilding CXX object CMakeFiles/la_msgs__rosidl_typesupport_fastrtps_cpp.dir/rosidl_typesupport_fastrtps_cpp/la_msgs/action/detail/dds_fastrtps/move_base__type_support.cpp.o[0m
[2.968s] [ 33%] [32mBuilding CXX object CMakeFiles/la_msgs__rosidl_typesupport_fastrtps_cpp.dir/rosidl_typesupport_fastrtps_cpp/la_msgs/srv/detail/dds_fastrtps/ptps__type_support.cpp.o[0m
[3.080s] [ 35%] [32m[1mLinking CXX shared library libla_msgs__rosidl_typesupport_cpp.so[0m
[3.094s] [ 38%] [32mBuilding CXX object CMakeFiles/la_msgs__rosidl_typesupport_introspection_cpp.dir/rosidl_typesupport_introspection_cpp/la_msgs/srv/detail/ptps__type_support.cpp.o[0m
[3.116s] [ 38%] Built target la_msgs__rosidl_typesupport_cpp
[3.158s] [ 41%] [34m[1mGenerating C type support dispatch for ROS interfaces[0m
[3.232s] [ 43%] [34m[1mGenerating C introspection for ROS interfaces[0m
[3.251s] [ 46%] [32m[1mLinking CXX shared library libla_msgs__rosidl_typesupport_fastrtps_cpp.so[0m
[3.265s] [ 48%] [32m[1mLinking CXX shared library libla_msgs__rosidl_typesupport_introspection_cpp.so[0m
[3.310s] [ 48%] Built target la_msgs__rosidl_typesupport_introspection_cpp
[3.312s] [ 48%] Built target la_msgs__rosidl_typesupport_fastrtps_cpp
[3.319s] [ 51%] [34m[1mGenerating C type support for eProsima Fast-RTPS[0m
[3.337s] [35m[1mScanning dependencies of target la_msgs__rosidl_typesupport_c[0m
[3.351s] [ 53%] [32mBuilding CXX object CMakeFiles/la_msgs__rosidl_typesupport_c.dir/rosidl_typesupport_c/la_msgs/action/move_base__type_support.cpp.o[0m
[3.353s] [ 56%] [32mBuilding CXX object CMakeFiles/la_msgs__rosidl_typesupport_c.dir/rosidl_typesupport_c/la_msgs/srv/ptps__type_support.cpp.o[0m
[3.380s] [ 58%] [32m[1mLinking CXX shared library libla_msgs__rosidl_typesupport_c.so[0m
[3.403s] [ 58%] Built target la_msgs__rosidl_typesupport_c
[3.442s] [35m[1mScanning dependencies of target la_msgs__rosidl_typesupport_introspection_c[0m
[3.460s] [ 61%] [32mBuilding C object CMakeFiles/la_msgs__rosidl_typesupport_introspection_c.dir/rosidl_typesupport_introspection_c/la_msgs/action/detail/move_base__type_support.c.o[0m
[3.462s] [ 64%] [32mBuilding C object CMakeFiles/la_msgs__rosidl_typesupport_introspection_c.dir/rosidl_typesupport_introspection_c/la_msgs/srv/detail/ptps__type_support.c.o[0m
[3.489s] [ 66%] [32m[1mLinking C shared library libla_msgs__rosidl_typesupport_introspection_c.so[0m
[3.507s] [ 66%] Built target la_msgs__rosidl_typesupport_introspection_c
[3.536s] [35m[1mScanning dependencies of target la_msgs__rosidl_typesupport_fastrtps_c[0m
[3.551s] [ 69%] [32mBuilding CXX object CMakeFiles/la_msgs__rosidl_typesupport_fastrtps_c.dir/rosidl_typesupport_fastrtps_c/la_msgs/action/detail/move_base__type_support_c.cpp.o[0m
[3.556s] [ 71%] [32mBuilding CXX object CMakeFiles/la_msgs__rosidl_typesupport_fastrtps_c.dir/rosidl_typesupport_fastrtps_c/la_msgs/srv/detail/ptps__type_support_c.cpp.o[0m
[3.732s] [ 74%] [32m[1mLinking CXX shared library libla_msgs__rosidl_typesupport_fastrtps_c.so[0m
[3.778s] [ 74%] Built target la_msgs__rosidl_typesupport_fastrtps_c
[3.783s] [35m[1mScanning dependencies of target la_msgs[0m
[3.788s] [ 74%] Built target la_msgs
[3.794s] [35m[1mScanning dependencies of target la_msgs__py[0m
[3.799s] [ 76%] [34m[1mGenerating Python code for ROS interfaces[0m
[4.262s] [ 76%] Built target la_msgs__py
[4.267s] [35m[1mScanning dependencies of target la_msgs__python[0m
[4.294s] [ 79%] [32mBuilding C object CMakeFiles/la_msgs__python.dir/rosidl_generator_py/la_msgs/action/_move_base_s.c.o[0m
[4.297s] [ 82%] [32mBuilding C object CMakeFiles/la_msgs__python.dir/rosidl_generator_py/la_msgs/srv/_ptps_s.c.o[0m
[4.371s] [ 84%] [32m[1mLinking C shared library rosidl_generator_py/la_msgs/libla_msgs__python.so[0m
[4.396s] [ 84%] Built target la_msgs__python
[4.402s] [35m[1mScanning dependencies of target la_msgs__rosidl_typesupport_c__pyext[0m
[4.402s] [35m[1mScanning dependencies of target la_msgs__rosidl_typesupport_introspection_c__pyext[0m
[4.413s] [35m[1mScanning dependencies of target la_msgs__rosidl_typesupport_fastrtps_c__pyext[0m
[4.416s] [ 87%] [32mBuilding C object CMakeFiles/la_msgs__rosidl_typesupport_introspection_c__pyext.dir/rosidl_generator_py/la_msgs/_la_msgs_s.ep.rosidl_typesupport_introspection_c.c.o[0m
[4.418s] [ 89%] [32mBuilding C object CMakeFiles/la_msgs__rosidl_typesupport_fastrtps_c__pyext.dir/rosidl_generator_py/la_msgs/_la_msgs_s.ep.rosidl_typesupport_fastrtps_c.c.o[0m
[4.425s] [ 92%] [32mBuilding C object CMakeFiles/la_msgs__rosidl_typesupport_c__pyext.dir/rosidl_generator_py/la_msgs/_la_msgs_s.ep.rosidl_typesupport_c.c.o[0m
[4.480s] [ 94%] [32m[1mLinking C shared library rosidl_generator_py/la_msgs/la_msgs_s__rosidl_typesupport_introspection_c.cpython-38-aarch64-linux-gnu.so[0m
[4.500s] [ 97%] [32m[1mLinking CXX shared library rosidl_generator_py/la_msgs/la_msgs_s__rosidl_typesupport_fastrtps_c.cpython-38-aarch64-linux-gnu.so[0m
[4.520s] [ 97%] Built target la_msgs__rosidl_typesupport_introspection_c__pyext
[4.521s] [100%] [32m[1mLinking C shared library rosidl_generator_py/la_msgs/la_msgs_s__rosidl_typesupport_c.cpython-38-aarch64-linux-gnu.so[0m
[4.549s] [100%] Built target la_msgs__rosidl_typesupport_fastrtps_c__pyext
[4.559s] [100%] Built target la_msgs__rosidl_typesupport_c__pyext
[4.566s] Invoked command in '/home/dihim/me326_ws/build/la_msgs' returned '0': CMAKE_PREFIX_PATH=${CMAKE_PREFIX_PATH}:/home/dihim/interbotix_ws/install/interbotix_xs_modules:/home/dihim/interbotix_ws/install/interbotix_perception_modules:/home/dihim/interbotix_ws/install/interbotix_common_modules:/opt/ros/galactic /usr/bin/cmake --build /home/dihim/me326_ws/build/la_msgs -- -j4 -l4
[4.610s] Invoking command in '/home/dihim/me326_ws/build/la_msgs': CMAKE_PREFIX_PATH=${CMAKE_PREFIX_PATH}:/home/dihim/interbotix_ws/install/interbotix_xs_modules:/home/dihim/interbotix_ws/install/interbotix_perception_modules:/home/dihim/interbotix_ws/install/interbotix_common_modules:/opt/ros/galactic /usr/bin/cmake --install /home/dihim/me326_ws/build/la_msgs
[4.615s] -- Install configuration: ""
[4.615s] -- Installing: /home/dihim/me326_ws/install/la_msgs/share/ament_index/resource_index/rosidl_interfaces/la_msgs
[4.615s] -- Installing: /home/dihim/me326_ws/install/la_msgs/include/la_msgs
[4.615s] -- Installing: /home/dihim/me326_ws/install/la_msgs/include/la_msgs/action
[4.615s] -- Installing: /home/dihim/me326_ws/install/la_msgs/include/la_msgs/action/move_base.h
[4.615s] -- Installing: /home/dihim/me326_ws/install/la_msgs/include/la_msgs/action/detail
[4.615s] -- Installing: /home/dihim/me326_ws/install/la_msgs/include/la_msgs/action/detail/move_base__functions.c
[4.615s] -- Installing: /home/dihim/me326_ws/install/la_msgs/include/la_msgs/action/detail/move_base__type_support.h
[4.615s] -- Installing: /home/dihim/me326_ws/install/la_msgs/include/la_msgs/action/detail/move_base__struct.h
[4.615s] -- Installing: /home/dihim/me326_ws/install/la_msgs/include/la_msgs/action/detail/move_base__functions.h
[4.615s] -- Installing: /home/dihim/me326_ws/install/la_msgs/include/la_msgs/msg
[4.615s] -- Installing: /home/dihim/me326_ws/install/la_msgs/include/la_msgs/msg/rosidl_generator_c__visibility_control.h
[4.615s] -- Installing: /home/dihim/me326_ws/install/la_msgs/include/la_msgs/srv
[4.616s] -- Installing: /home/dihim/me326_ws/install/la_msgs/include/la_msgs/srv/detail
[4.616s] -- Installing: /home/dihim/me326_ws/install/la_msgs/include/la_msgs/srv/detail/ptps__type_support.h
[4.616s] -- Installing: /home/dihim/me326_ws/install/la_msgs/include/la_msgs/srv/detail/ptps__struct.h
[4.616s] -- Installing: /home/dihim/me326_ws/install/la_msgs/include/la_msgs/srv/detail/ptps__functions.h
[4.616s] -- Installing: /home/dihim/me326_ws/install/la_msgs/include/la_msgs/srv/detail/ptps__functions.c
[4.616s] -- Installing: /home/dihim/me326_ws/install/la_msgs/include/la_msgs/srv/ptps.h
[4.616s] -- Installing: /home/dihim/me326_ws/install/la_msgs/share/la_msgs/environment/library_path.sh
[4.616s] -- Installing: /home/dihim/me326_ws/install/la_msgs/share/la_msgs/environment/library_path.dsv
[4.616s] -- Installing: /home/dihim/me326_ws/install/la_msgs/lib/libla_msgs__rosidl_generator_c.so
[4.616s] -- Set runtime path of "/home/dihim/me326_ws/install/la_msgs/lib/libla_msgs__rosidl_generator_c.so" to ""
[4.616s] -- Up-to-date: /home/dihim/me326_ws/install/la_msgs/include/la_msgs
[4.616s] -- Up-to-date: /home/dihim/me326_ws/install/la_msgs/include/la_msgs/action
[4.616s] -- Up-to-date: /home/dihim/me326_ws/install/la_msgs/include/la_msgs/action/detail
[4.616s] -- Installing: /home/dihim/me326_ws/install/la_msgs/include/la_msgs/action/detail/move_base__rosidl_typesupport_fastrtps_c.h
[4.616s] -- Up-to-date: /home/dihim/me326_ws/install/la_msgs/include/la_msgs/msg
[4.617s] -- Installing: /home/dihim/me326_ws/install/la_msgs/include/la_msgs/msg/rosidl_typesupport_fastrtps_c__visibility_control.h
[4.617s] -- Up-to-date: /home/dihim/me326_ws/install/la_msgs/include/la_msgs/srv
[4.617s] -- Up-to-date: /home/dihim/me326_ws/install/la_msgs/include/la_msgs/srv/detail
[4.617s] -- Installing: /home/dihim/me326_ws/install/la_msgs/include/la_msgs/srv/detail/ptps__rosidl_typesupport_fastrtps_c.h
[4.617s] -- Installing: /home/dihim/me326_ws/install/la_msgs/lib/libla_msgs__rosidl_typesupport_fastrtps_c.so
[4.617s] -- Set runtime path of "/home/dihim/me326_ws/install/la_msgs/lib/libla_msgs__rosidl_typesupport_fastrtps_c.so" to ""
[4.617s] -- Up-to-date: /home/dihim/me326_ws/install/la_msgs/include/la_msgs
[4.617s] -- Up-to-date: /home/dihim/me326_ws/install/la_msgs/include/la_msgs/action
[4.617s] -- Up-to-date: /home/dihim/me326_ws/install/la_msgs/include/la_msgs/action/detail
[4.617s] -- Installing: /home/dihim/me326_ws/install/la_msgs/include/la_msgs/action/detail/move_base__rosidl_typesupport_fastrtps_cpp.hpp
[4.617s] -- Installing: /home/dihim/me326_ws/install/la_msgs/include/la_msgs/action/detail/dds_fastrtps
[4.617s] -- Up-to-date: /home/dihim/me326_ws/install/la_msgs/include/la_msgs/msg
[4.617s] -- Installing: /home/dihim/me326_ws/install/la_msgs/include/la_msgs/msg/rosidl_typesupport_fastrtps_cpp__visibility_control.h
[4.617s] -- Up-to-date: /home/dihim/me326_ws/install/la_msgs/include/la_msgs/srv
[4.617s] -- Up-to-date: /home/dihim/me326_ws/install/la_msgs/include/la_msgs/srv/detail
[4.617s] -- Installing: /home/dihim/me326_ws/install/la_msgs/include/la_msgs/srv/detail/ptps__rosidl_typesupport_fastrtps_cpp.hpp
[4.618s] -- Installing: /home/dihim/me326_ws/install/la_msgs/include/la_msgs/srv/detail/dds_fastrtps
[4.618s] -- Installing: /home/dihim/me326_ws/install/la_msgs/lib/libla_msgs__rosidl_typesupport_fastrtps_cpp.so
[4.618s] -- Set runtime path of "/home/dihim/me326_ws/install/la_msgs/lib/libla_msgs__rosidl_typesupport_fastrtps_cpp.so" to ""
[4.618s] -- Up-to-date: /home/dihim/me326_ws/install/la_msgs/include/la_msgs
[4.618s] -- Up-to-date: /home/dihim/me326_ws/install/la_msgs/include/la_msgs/action
[4.618s] -- Up-to-date: /home/dihim/me326_ws/install/la_msgs/include/la_msgs/action/detail
[4.618s] -- Installing: /home/dihim/me326_ws/install/la_msgs/include/la_msgs/action/detail/move_base__type_support.c
[4.618s] -- Installing: /home/dihim/me326_ws/install/la_msgs/include/la_msgs/action/detail/move_base__rosidl_typesupport_introspection_c.h
[4.618s] -- Up-to-date: /home/dihim/me326_ws/install/la_msgs/include/la_msgs/msg
[4.618s] -- Installing: /home/dihim/me326_ws/install/la_msgs/include/la_msgs/msg/rosidl_typesupport_introspection_c__visibility_control.h
[4.618s] -- Up-to-date: /home/dihim/me326_ws/install/la_msgs/include/la_msgs/srv
[4.618s] -- Up-to-date: /home/dihim/me326_ws/install/la_msgs/include/la_msgs/srv/detail
[4.618s] -- Installing: /home/dihim/me326_ws/install/la_msgs/include/la_msgs/srv/detail/ptps__rosidl_typesupport_introspection_c.h
[4.618s] -- Installing: /home/dihim/me326_ws/install/la_msgs/include/la_msgs/srv/detail/ptps__type_support.c
[4.618s] -- Installing: /home/dihim/me326_ws/install/la_msgs/lib/libla_msgs__rosidl_typesupport_introspection_c.so
[4.618s] -- Set runtime path of "/home/dihim/me326_ws/install/la_msgs/lib/libla_msgs__rosidl_typesupport_introspection_c.so" to ""
[4.618s] -- Installing: /home/dihim/me326_ws/install/la_msgs/lib/libla_msgs__rosidl_typesupport_c.so
[4.618s] -- Set runtime path of "/home/dihim/me326_ws/install/la_msgs/lib/libla_msgs__rosidl_typesupport_c.so" to ""
[4.618s] -- Up-to-date: /home/dihim/me326_ws/install/la_msgs/include/la_msgs
[4.618s] -- Up-to-date: /home/dihim/me326_ws/install/la_msgs/include/la_msgs/action
[4.619s] -- Up-to-date: /home/dihim/me326_ws/install/la_msgs/include/la_msgs/action/detail
[4.619s] -- Installing: /home/dihim/me326_ws/install/la_msgs/include/la_msgs/action/detail/move_base__traits.hpp
[4.619s] -- Installing: /home/dihim/me326_ws/install/la_msgs/include/la_msgs/action/detail/move_base__builder.hpp
[4.619s] -- Installing: /home/dihim/me326_ws/install/la_msgs/include/la_msgs/action/detail/move_base__struct.hpp
[4.619s] -- Installing: /home/dihim/me326_ws/install/la_msgs/include/la_msgs/action/move_base.hpp
[4.619s] -- Up-to-date: /home/dihim/me326_ws/install/la_msgs/include/la_msgs/srv
[4.619s] -- Up-to-date: /home/dihim/me326_ws/install/la_msgs/include/la_msgs/srv/detail
[4.619s] -- Installing: /home/dihim/me326_ws/install/la_msgs/include/la_msgs/srv/detail/ptps__traits.hpp
[4.619s] -- Installing: /home/dihim/me326_ws/install/la_msgs/include/la_msgs/srv/detail/ptps__builder.hpp
[4.619s] -- Installing: /home/dihim/me326_ws/install/la_msgs/include/la_msgs/srv/detail/ptps__struct.hpp
[4.619s] -- Installing: /home/dihim/me326_ws/install/la_msgs/include/la_msgs/srv/ptps.hpp
[4.619s] -- Up-to-date: /home/dihim/me326_ws/install/la_msgs/include/la_msgs
[4.619s] -- Up-to-date: /home/dihim/me326_ws/install/la_msgs/include/la_msgs/action
[4.619s] -- Up-to-date: /home/dihim/me326_ws/install/la_msgs/include/la_msgs/action/detail
[4.619s] -- Installing: /home/dihim/me326_ws/install/la_msgs/include/la_msgs/action/detail/move_base__rosidl_typesupport_introspection_cpp.hpp
[4.619s] -- Installing: /home/dihim/me326_ws/install/la_msgs/include/la_msgs/action/detail/move_base__type_support.cpp
[4.619s] -- Up-to-date: /home/dihim/me326_ws/install/la_msgs/include/la_msgs/srv
[4.619s] -- Up-to-date: /home/dihim/me326_ws/install/la_msgs/include/la_msgs/srv/detail
[4.619s] -- Installing: /home/dihim/me326_ws/install/la_msgs/include/la_msgs/srv/detail/ptps__type_support.cpp
[4.619s] -- Installing: /home/dihim/me326_ws/install/la_msgs/include/la_msgs/srv/detail/ptps__rosidl_typesupport_introspection_cpp.hpp
[4.620s] -- Installing: /home/dihim/me326_ws/install/la_msgs/lib/libla_msgs__rosidl_typesupport_introspection_cpp.so
[4.620s] -- Set runtime path of "/home/dihim/me326_ws/install/la_msgs/lib/libla_msgs__rosidl_typesupport_introspection_cpp.so" to ""
[4.620s] -- Installing: /home/dihim/me326_ws/install/la_msgs/lib/libla_msgs__rosidl_typesupport_cpp.so
[4.620s] -- Set runtime path of "/home/dihim/me326_ws/install/la_msgs/lib/libla_msgs__rosidl_typesupport_cpp.so" to ""
[4.620s] -- Installing: /home/dihim/me326_ws/install/la_msgs/share/la_msgs/environment/pythonpath.sh
[4.620s] -- Installing: /home/dihim/me326_ws/install/la_msgs/share/la_msgs/environment/pythonpath.dsv
[4.620s] -- Installing: /home/dihim/me326_ws/install/la_msgs/lib/python3.8/site-packages/la_msgs/__init__.py
[4.641s] Compiling '/home/dihim/me326_ws/install/la_msgs/lib/python3.8/site-packages/la_msgs/__init__.py'...
[4.644s] -- Installing: /home/dihim/me326_ws/install/la_msgs/lib/python3.8/site-packages/la_msgs/action
[4.644s] -- Installing: /home/dihim/me326_ws/install/la_msgs/lib/python3.8/site-packages/la_msgs/action/__init__.py
[4.644s] -- Installing: /home/dihim/me326_ws/install/la_msgs/lib/python3.8/site-packages/la_msgs/action/_move_base_s.c
[4.644s] -- Installing: /home/dihim/me326_ws/install/la_msgs/lib/python3.8/site-packages/la_msgs/action/_move_base.py
[4.644s] -- Installing: /home/dihim/me326_ws/install/la_msgs/lib/python3.8/site-packages/la_msgs/srv
[4.644s] -- Installing: /home/dihim/me326_ws/install/la_msgs/lib/python3.8/site-packages/la_msgs/srv/__init__.py
[4.644s] -- Installing: /home/dihim/me326_ws/install/la_msgs/lib/python3.8/site-packages/la_msgs/srv/_ptps.py
[4.644s] -- Installing: /home/dihim/me326_ws/install/la_msgs/lib/python3.8/site-packages/la_msgs/srv/_ptps_s.c
[4.644s] -- Installing: /home/dihim/me326_ws/install/la_msgs/lib/python3.8/site-packages/la_msgs/la_msgs_s__rosidl_typesupport_fastrtps_c.cpython-38-aarch64-linux-gnu.so
[4.644s] -- Set runtime path of "/home/dihim/me326_ws/install/la_msgs/lib/python3.8/site-packages/la_msgs/la_msgs_s__rosidl_typesupport_fastrtps_c.cpython-38-aarch64-linux-gnu.so" to ""
[4.644s] -- Installing: /home/dihim/me326_ws/install/la_msgs/lib/python3.8/site-packages/la_msgs/la_msgs_s__rosidl_typesupport_introspection_c.cpython-38-aarch64-linux-gnu.so
[4.645s] -- Set runtime path of "/home/dihim/me326_ws/install/la_msgs/lib/python3.8/site-packages/la_msgs/la_msgs_s__rosidl_typesupport_introspection_c.cpython-38-aarch64-linux-gnu.so" to ""
[4.645s] -- Installing: /home/dihim/me326_ws/install/la_msgs/lib/python3.8/site-packages/la_msgs/la_msgs_s__rosidl_typesupport_c.cpython-38-aarch64-linux-gnu.so
[4.645s] -- Set runtime path of "/home/dihim/me326_ws/install/la_msgs/lib/python3.8/site-packages/la_msgs/la_msgs_s__rosidl_typesupport_c.cpython-38-aarch64-linux-gnu.so" to ""
[4.645s] -- Installing: /home/dihim/me326_ws/install/la_msgs/lib/libla_msgs__python.so
[4.645s] -- Set runtime path of "/home/dihim/me326_ws/install/la_msgs/lib/libla_msgs__python.so" to ""
[4.646s] -- Installing: /home/dihim/me326_ws/install/la_msgs/share/la_msgs/action/MoveBase.idl
[4.646s] -- Installing: /home/dihim/me326_ws/install/la_msgs/share/la_msgs/srv/Ptps.idl
[4.646s] -- Installing: /home/dihim/me326_ws/install/la_msgs/share/la_msgs/action/MoveBase.action
[4.646s] -- Installing: /home/dihim/me326_ws/install/la_msgs/share/la_msgs/srv/Ptps.srv
[4.646s] -- Installing: /home/dihim/me326_ws/install/la_msgs/share/la_msgs/srv/Ptps_Request.msg
[4.646s] -- Installing: /home/dihim/me326_ws/install/la_msgs/share/la_msgs/srv/Ptps_Response.msg
[4.646s] -- Installing: /home/dihim/me326_ws/install/la_msgs/share/ament_index/resource_index/package_run_dependencies/la_msgs
[4.646s] -- Installing: /home/dihim/me326_ws/install/la_msgs/share/ament_index/resource_index/parent_prefix_path/la_msgs
[4.646s] -- Installing: /home/dihim/me326_ws/install/la_msgs/share/la_msgs/environment/ament_prefix_path.sh
[4.646s] -- Installing: /home/dihim/me326_ws/install/la_msgs/share/la_msgs/environment/ament_prefix_path.dsv
[4.646s] -- Installing: /home/dihim/me326_ws/install/la_msgs/share/la_msgs/environment/path.sh
[4.646s] -- Installing: /home/dihim/me326_ws/install/la_msgs/share/la_msgs/environment/path.dsv
[4.646s] -- Installing: /home/dihim/me326_ws/install/la_msgs/share/la_msgs/local_setup.bash
[4.646s] -- Installing: /home/dihim/me326_ws/install/la_msgs/share/la_msgs/local_setup.sh
[4.646s] -- Installing: /home/dihim/me326_ws/install/la_msgs/share/la_msgs/local_setup.zsh
[4.647s] -- Installing: /home/dihim/me326_ws/install/la_msgs/share/la_msgs/local_setup.dsv
[4.647s] -- Installing: /home/dihim/me326_ws/install/la_msgs/share/la_msgs/package.dsv
[4.647s] -- Installing: /home/dihim/me326_ws/install/la_msgs/share/ament_index/resource_index/packages/la_msgs
[4.647s] -- Installing: /home/dihim/me326_ws/install/la_msgs/share/la_msgs/cmake/la_msgs__rosidl_generator_cExport.cmake
[4.647s] -- Installing: /home/dihim/me326_ws/install/la_msgs/share/la_msgs/cmake/la_msgs__rosidl_generator_cExport-noconfig.cmake
[4.647s] -- Installing: /home/dihim/me326_ws/install/la_msgs/share/la_msgs/cmake/la_msgs__rosidl_typesupport_introspection_cExport.cmake
[4.647s] -- Installing: /home/dihim/me326_ws/install/la_msgs/share/la_msgs/cmake/la_msgs__rosidl_typesupport_introspection_cExport-noconfig.cmake
[4.647s] -- Installing: /home/dihim/me326_ws/install/la_msgs/share/la_msgs/cmake/la_msgs__rosidl_typesupport_cExport.cmake
[4.647s] -- Installing: /home/dihim/me326_ws/install/la_msgs/share/la_msgs/cmake/la_msgs__rosidl_typesupport_cExport-noconfig.cmake
[4.647s] -- Installing: /home/dihim/me326_ws/install/la_msgs/share/la_msgs/cmake/la_msgs__rosidl_generator_cppExport.cmake
[4.647s] -- Installing: /home/dihim/me326_ws/install/la_msgs/share/la_msgs/cmake/la_msgs__rosidl_typesupport_introspection_cppExport.cmake
[4.647s] -- Installing: /home/dihim/me326_ws/install/la_msgs/share/la_msgs/cmake/la_msgs__rosidl_typesupport_introspection_cppExport-noconfig.cmake
[4.647s] -- Installing: /home/dihim/me326_ws/install/la_msgs/share/la_msgs/cmake/la_msgs__rosidl_typesupport_cppExport.cmake
[4.647s] -- Installing: /home/dihim/me326_ws/install/la_msgs/share/la_msgs/cmake/la_msgs__rosidl_typesupport_cppExport-noconfig.cmake
[4.648s] -- Installing: /home/dihim/me326_ws/install/la_msgs/share/la_msgs/cmake/rosidl_cmake-extras.cmake
[4.648s] -- Installing: /home/dihim/me326_ws/install/la_msgs/share/la_msgs/cmake/ament_cmake_export_dependencies-extras.cmake
[4.648s] -- Installing: /home/dihim/me326_ws/install/la_msgs/share/la_msgs/cmake/ament_cmake_export_libraries-extras.cmake
[4.648s] -- Installing: /home/dihim/me326_ws/install/la_msgs/share/la_msgs/cmake/ament_cmake_export_targets-extras.cmake
[4.648s] -- Installing: /home/dihim/me326_ws/install/la_msgs/share/la_msgs/cmake/ament_cmake_export_include_directories-extras.cmake
[4.648s] -- Installing: /home/dihim/me326_ws/install/la_msgs/share/la_msgs/cmake/rosidl_cmake_export_typesupport_libraries-extras.cmake
[4.648s] -- Installing: /home/dihim/me326_ws/install/la_msgs/share/la_msgs/cmake/rosidl_cmake_export_typesupport_targets-extras.cmake
[4.648s] -- Installing: /home/dihim/me326_ws/install/la_msgs/share/la_msgs/cmake/la_msgsConfig.cmake
[4.648s] -- Installing: /home/dihim/me326_ws/install/la_msgs/share/la_msgs/cmake/la_msgsConfig-version.cmake
[4.648s] -- Installing: /home/dihim/me326_ws/install/la_msgs/share/la_msgs/package.xml
[4.649s] Invoked command in '/home/dihim/me326_ws/build/la_msgs' returned '0': CMAKE_PREFIX_PATH=${CMAKE_PREFIX_PATH}:/home/dihim/interbotix_ws/install/interbotix_xs_modules:/home/dihim/interbotix_ws/install/interbotix_perception_modules:/home/dihim/interbotix_ws/install/interbotix_common_modules:/opt/ros/galactic /usr/bin/cmake --install /home/dihim/me326_ws/build/la_msgs
