[2.143s] Invoking command in '/home/dihim/me326_ws/build/la_msgs': CMAKE_PREFIX_PATH=/home/dihim/me326_ws/install/locobot_yicheng:/home/dihim/me326_ws/install/la_msgs:/home/dihim/me326_ws/install/arm_controller:/home/dihim/me326_ws/install/locobot_controller:/home/dihim/interbotix_ws/install/interbotix_xs_modules:/home/dihim/interbotix_ws/install/interbotix_perception_modules:/home/dihim/interbotix_ws/install/interbotix_common_modules:/opt/ros/galactic:/home/dihim/me326_ws/install/gazebo_ros_link_attacher:/home/dihim/interbotix_ws/install/interbotix_moveit_interface:/home/dihim/interbotix_ws/install/arm_controller:/home/dihim/interbotix_ws/install/moveit_visual_tools:/home/dihim/interbotix_ws/install/interbotix_xslocobot_sim:/home/dihim/interbotix_ws/install/interbotix_xslocobot_moveit:/home/dihim/interbotix_ws/install/interbotix_xslocobot_descriptions:/home/dihim/interbotix_ws/install/interbotix_xs_toolbox:/home/dihim/interbotix_ws/install/interbotix_xs_rviz:/home/dihim/interbotix_ws/install/interbotix_xs_ros_control:/home/dihim/interbotix_ws/install/interbotix_perception_toolbox:/home/dihim/interbotix_ws/install/interbotix_perception_pipelines:/home/dihim/interbotix_ws/install/interbotix_xs_msgs:/home/dihim/interbotix_ws/install/interbotix_tf_tools:/home/dihim/interbotix_ws/install/interbotix_perception_msgs:/home/dihim/interbotix_ws/install/interbotix_moveit_interface_msgs:/home/dihim/interbotix_ws/install/interbotix_common_toolbox:/home/dihim/interbotix_ws/install/interbotix_common_sim /usr/bin/cmake --build /home/dihim/me326_ws/build/la_msgs -- -j4 -l4
[3.307s] [  2%] Built target la_msgs__cpp
[3.307s] [ 12%] Built target la_msgs__rosidl_generator_c
[3.308s] [ 23%] Built target la_msgs__rosidl_typesupport_fastrtps_cpp
[3.308s] [ 33%] Built target la_msgs__rosidl_typesupport_c
[3.308s] [ 43%] Built target la_msgs__rosidl_typesupport_introspection_c
[3.308s] [ 53%] Built target la_msgs__rosidl_typesupport_fastrtps_c
[3.308s] [ 64%] Built target la_msgs__rosidl_typesupport_introspection_cpp
[3.308s] [ 74%] Built target la_msgs__rosidl_typesupport_cpp
[3.308s] [ 74%] Built target la_msgs
[3.366s] [ 76%] Built target la_msgs__py
[3.542s] [ 84%] Built target la_msgs__python
[3.706s] [ 89%] Built target la_msgs__rosidl_typesupport_c__pyext
[3.838s] [ 94%] Built target la_msgs__rosidl_typesupport_fastrtps_c__pyext
[3.976s] [100%] Built target la_msgs__rosidl_typesupport_introspection_c__pyext
[4.483s] Invoked command in '/home/dihim/me326_ws/build/la_msgs' returned '0': CMAKE_PREFIX_PATH=/home/dihim/me326_ws/install/locobot_yicheng:/home/dihim/me326_ws/install/la_msgs:/home/dihim/me326_ws/install/arm_controller:/home/dihim/me326_ws/install/locobot_controller:/home/dihim/interbotix_ws/install/interbotix_xs_modules:/home/dihim/interbotix_ws/install/interbotix_perception_modules:/home/dihim/interbotix_ws/install/interbotix_common_modules:/opt/ros/galactic:/home/dihim/me326_ws/install/gazebo_ros_link_attacher:/home/dihim/interbotix_ws/install/interbotix_moveit_interface:/home/dihim/interbotix_ws/install/arm_controller:/home/dihim/interbotix_ws/install/moveit_visual_tools:/home/dihim/interbotix_ws/install/interbotix_xslocobot_sim:/home/dihim/interbotix_ws/install/interbotix_xslocobot_moveit:/home/dihim/interbotix_ws/install/interbotix_xslocobot_descriptions:/home/dihim/interbotix_ws/install/interbotix_xs_toolbox:/home/dihim/interbotix_ws/install/interbotix_xs_rviz:/home/dihim/interbotix_ws/install/interbotix_xs_ros_control:/home/dihim/interbotix_ws/install/interbotix_perception_toolbox:/home/dihim/interbotix_ws/install/interbotix_perception_pipelines:/home/dihim/interbotix_ws/install/interbotix_xs_msgs:/home/dihim/interbotix_ws/install/interbotix_tf_tools:/home/dihim/interbotix_ws/install/interbotix_perception_msgs:/home/dihim/interbotix_ws/install/interbotix_moveit_interface_msgs:/home/dihim/interbotix_ws/install/interbotix_common_toolbox:/home/dihim/interbotix_ws/install/interbotix_common_sim /usr/bin/cmake --build /home/dihim/me326_ws/build/la_msgs -- -j4 -l4
[6.545s] Invoking command in '/home/dihim/me326_ws/build/la_msgs': CMAKE_PREFIX_PATH=/home/dihim/me326_ws/install/locobot_yicheng:/home/dihim/me326_ws/install/la_msgs:/home/dihim/me326_ws/install/arm_controller:/home/dihim/me326_ws/install/locobot_controller:/home/dihim/interbotix_ws/install/interbotix_xs_modules:/home/dihim/interbotix_ws/install/interbotix_perception_modules:/home/dihim/interbotix_ws/install/interbotix_common_modules:/opt/ros/galactic:/home/dihim/me326_ws/install/gazebo_ros_link_attacher:/home/dihim/interbotix_ws/install/interbotix_moveit_interface:/home/dihim/interbotix_ws/install/arm_controller:/home/dihim/interbotix_ws/install/moveit_visual_tools:/home/dihim/interbotix_ws/install/interbotix_xslocobot_sim:/home/dihim/interbotix_ws/install/interbotix_xslocobot_moveit:/home/dihim/interbotix_ws/install/interbotix_xslocobot_descriptions:/home/dihim/interbotix_ws/install/interbotix_xs_toolbox:/home/dihim/interbotix_ws/install/interbotix_xs_rviz:/home/dihim/interbotix_ws/install/interbotix_xs_ros_control:/home/dihim/interbotix_ws/install/interbotix_perception_toolbox:/home/dihim/interbotix_ws/install/interbotix_perception_pipelines:/home/dihim/interbotix_ws/install/interbotix_xs_msgs:/home/dihim/interbotix_ws/install/interbotix_tf_tools:/home/dihim/interbotix_ws/install/interbotix_perception_msgs:/home/dihim/interbotix_ws/install/interbotix_moveit_interface_msgs:/home/dihim/interbotix_ws/install/interbotix_common_toolbox:/home/dihim/interbotix_ws/install/interbotix_common_sim /usr/bin/cmake --install /home/dihim/me326_ws/build/la_msgs
[6.570s] -- Install configuration: ""
[6.570s] -- Up-to-date: /home/dihim/me326_ws/install/la_msgs/share/ament_index/resource_index/rosidl_interfaces/la_msgs
[6.570s] -- Up-to-date: /home/dihim/me326_ws/install/la_msgs/include/la_msgs
[6.570s] -- Up-to-date: /home/dihim/me326_ws/install/la_msgs/include/la_msgs/action
[6.570s] -- Up-to-date: /home/dihim/me326_ws/install/la_msgs/include/la_msgs/action/move_base.h
[6.570s] -- Up-to-date: /home/dihim/me326_ws/install/la_msgs/include/la_msgs/action/detail
[6.570s] -- Up-to-date: /home/dihim/me326_ws/install/la_msgs/include/la_msgs/action/detail/move_base__functions.c
[6.570s] -- Up-to-date: /home/dihim/me326_ws/install/la_msgs/include/la_msgs/action/detail/move_base__type_support.h
[6.570s] -- Up-to-date: /home/dihim/me326_ws/install/la_msgs/include/la_msgs/action/detail/move_base__struct.h
[6.570s] -- Up-to-date: /home/dihim/me326_ws/install/la_msgs/include/la_msgs/action/detail/move_base__functions.h
[6.571s] -- Up-to-date: /home/dihim/me326_ws/install/la_msgs/include/la_msgs/msg
[6.571s] -- Up-to-date: /home/dihim/me326_ws/install/la_msgs/include/la_msgs/msg/rosidl_generator_c__visibility_control.h
[6.571s] -- Up-to-date: /home/dihim/me326_ws/install/la_msgs/include/la_msgs/srv
[6.571s] -- Up-to-date: /home/dihim/me326_ws/install/la_msgs/include/la_msgs/srv/detail
[6.571s] -- Up-to-date: /home/dihim/me326_ws/install/la_msgs/include/la_msgs/srv/detail/ptps__type_support.h
[6.571s] -- Up-to-date: /home/dihim/me326_ws/install/la_msgs/include/la_msgs/srv/detail/ptps__struct.h
[6.571s] -- Up-to-date: /home/dihim/me326_ws/install/la_msgs/include/la_msgs/srv/detail/ptps__functions.h
[6.571s] -- Up-to-date: /home/dihim/me326_ws/install/la_msgs/include/la_msgs/srv/detail/ptps__functions.c
[6.572s] -- Up-to-date: /home/dihim/me326_ws/install/la_msgs/include/la_msgs/srv/ptps.h
[6.572s] -- Up-to-date: /home/dihim/me326_ws/install/la_msgs/share/la_msgs/environment/library_path.sh
[6.572s] -- Up-to-date: /home/dihim/me326_ws/install/la_msgs/share/la_msgs/environment/library_path.dsv
[6.572s] -- Up-to-date: /home/dihim/me326_ws/install/la_msgs/lib/libla_msgs__rosidl_generator_c.so
[6.572s] -- Up-to-date: /home/dihim/me326_ws/install/la_msgs/include/la_msgs
[6.572s] -- Up-to-date: /home/dihim/me326_ws/install/la_msgs/include/la_msgs/action
[6.572s] -- Up-to-date: /home/dihim/me326_ws/install/la_msgs/include/la_msgs/action/detail
[6.572s] -- Up-to-date: /home/dihim/me326_ws/install/la_msgs/include/la_msgs/action/detail/move_base__rosidl_typesupport_fastrtps_c.h
[6.573s] -- Up-to-date: /home/dihim/me326_ws/install/la_msgs/include/la_msgs/msg
[6.573s] -- Up-to-date: /home/dihim/me326_ws/install/la_msgs/include/la_msgs/msg/rosidl_typesupport_fastrtps_c__visibility_control.h
[6.573s] -- Up-to-date: /home/dihim/me326_ws/install/la_msgs/include/la_msgs/srv
[6.573s] -- Up-to-date: /home/dihim/me326_ws/install/la_msgs/include/la_msgs/srv/detail
[6.573s] -- Up-to-date: /home/dihim/me326_ws/install/la_msgs/include/la_msgs/srv/detail/ptps__rosidl_typesupport_fastrtps_c.h
[6.574s] -- Up-to-date: /home/dihim/me326_ws/install/la_msgs/lib/libla_msgs__rosidl_typesupport_fastrtps_c.so
[6.574s] -- Up-to-date: /home/dihim/me326_ws/install/la_msgs/include/la_msgs
[6.574s] -- Up-to-date: /home/dihim/me326_ws/install/la_msgs/include/la_msgs/action
[6.574s] -- Up-to-date: /home/dihim/me326_ws/install/la_msgs/include/la_msgs/action/detail
[6.574s] -- Up-to-date: /home/dihim/me326_ws/install/la_msgs/include/la_msgs/action/detail/move_base__rosidl_typesupport_fastrtps_cpp.hpp
[6.575s] -- Up-to-date: /home/dihim/me326_ws/install/la_msgs/include/la_msgs/action/detail/dds_fastrtps
[6.575s] -- Up-to-date: /home/dihim/me326_ws/install/la_msgs/include/la_msgs/msg
[6.575s] -- Up-to-date: /home/dihim/me326_ws/install/la_msgs/include/la_msgs/msg/rosidl_typesupport_fastrtps_cpp__visibility_control.h
[6.575s] -- Up-to-date: /home/dihim/me326_ws/install/la_msgs/include/la_msgs/srv
[6.575s] -- Up-to-date: /home/dihim/me326_ws/install/la_msgs/include/la_msgs/srv/detail
[6.575s] -- Up-to-date: /home/dihim/me326_ws/install/la_msgs/include/la_msgs/srv/detail/ptps__rosidl_typesupport_fastrtps_cpp.hpp
[6.575s] -- Up-to-date: /home/dihim/me326_ws/install/la_msgs/include/la_msgs/srv/detail/dds_fastrtps
[6.575s] -- Up-to-date: /home/dihim/me326_ws/install/la_msgs/lib/libla_msgs__rosidl_typesupport_fastrtps_cpp.so
[6.575s] -- Up-to-date: /home/dihim/me326_ws/install/la_msgs/include/la_msgs
[6.575s] -- Up-to-date: /home/dihim/me326_ws/install/la_msgs/include/la_msgs/action
[6.575s] -- Up-to-date: /home/dihim/me326_ws/install/la_msgs/include/la_msgs/action/detail
[6.575s] -- Up-to-date: /home/dihim/me326_ws/install/la_msgs/include/la_msgs/action/detail/move_base__type_support.c
[6.576s] -- Up-to-date: /home/dihim/me326_ws/install/la_msgs/include/la_msgs/action/detail/move_base__rosidl_typesupport_introspection_c.h
[6.576s] -- Up-to-date: /home/dihim/me326_ws/install/la_msgs/include/la_msgs/msg
[6.576s] -- Up-to-date: /home/dihim/me326_ws/install/la_msgs/include/la_msgs/msg/rosidl_typesupport_introspection_c__visibility_control.h
[6.576s] -- Up-to-date: /home/dihim/me326_ws/install/la_msgs/include/la_msgs/srv
[6.576s] -- Up-to-date: /home/dihim/me326_ws/install/la_msgs/include/la_msgs/srv/detail
[6.576s] -- Up-to-date: /home/dihim/me326_ws/install/la_msgs/include/la_msgs/srv/detail/ptps__rosidl_typesupport_introspection_c.h
[6.576s] -- Up-to-date: /home/dihim/me326_ws/install/la_msgs/include/la_msgs/srv/detail/ptps__type_support.c
[6.577s] -- Up-to-date: /home/dihim/me326_ws/install/la_msgs/lib/libla_msgs__rosidl_typesupport_introspection_c.so
[6.577s] -- Up-to-date: /home/dihim/me326_ws/install/la_msgs/lib/libla_msgs__rosidl_typesupport_c.so
[6.577s] -- Up-to-date: /home/dihim/me326_ws/install/la_msgs/include/la_msgs
[6.577s] -- Up-to-date: /home/dihim/me326_ws/install/la_msgs/include/la_msgs/action
[6.578s] -- Up-to-date: /home/dihim/me326_ws/install/la_msgs/include/la_msgs/action/detail
[6.578s] -- Up-to-date: /home/dihim/me326_ws/install/la_msgs/include/la_msgs/action/detail/move_base__traits.hpp
[6.578s] -- Up-to-date: /home/dihim/me326_ws/install/la_msgs/include/la_msgs/action/detail/move_base__builder.hpp
[6.578s] -- Up-to-date: /home/dihim/me326_ws/install/la_msgs/include/la_msgs/action/detail/move_base__struct.hpp
[6.578s] -- Up-to-date: /home/dihim/me326_ws/install/la_msgs/include/la_msgs/action/move_base.hpp
[6.578s] -- Up-to-date: /home/dihim/me326_ws/install/la_msgs/include/la_msgs/srv
[6.578s] -- Up-to-date: /home/dihim/me326_ws/install/la_msgs/include/la_msgs/srv/detail
[6.578s] -- Up-to-date: /home/dihim/me326_ws/install/la_msgs/include/la_msgs/srv/detail/ptps__traits.hpp
[6.578s] -- Up-to-date: /home/dihim/me326_ws/install/la_msgs/include/la_msgs/srv/detail/ptps__builder.hpp
[6.578s] -- Up-to-date: /home/dihim/me326_ws/install/la_msgs/include/la_msgs/srv/detail/ptps__struct.hpp
[6.578s] -- Up-to-date: /home/dihim/me326_ws/install/la_msgs/include/la_msgs/srv/ptps.hpp
[6.578s] -- Up-to-date: /home/dihim/me326_ws/install/la_msgs/include/la_msgs
[6.578s] -- Up-to-date: /home/dihim/me326_ws/install/la_msgs/include/la_msgs/action
[6.578s] -- Up-to-date: /home/dihim/me326_ws/install/la_msgs/include/la_msgs/action/detail
[6.578s] -- Up-to-date: /home/dihim/me326_ws/install/la_msgs/include/la_msgs/action/detail/move_base__rosidl_typesupport_introspection_cpp.hpp
[6.579s] -- Up-to-date: /home/dihim/me326_ws/install/la_msgs/include/la_msgs/action/detail/move_base__type_support.cpp
[6.579s] -- Up-to-date: /home/dihim/me326_ws/install/la_msgs/include/la_msgs/srv
[6.579s] -- Up-to-date: /home/dihim/me326_ws/install/la_msgs/include/la_msgs/srv/detail
[6.579s] -- Up-to-date: /home/dihim/me326_ws/install/la_msgs/include/la_msgs/srv/detail/ptps__type_support.cpp
[6.579s] -- Up-to-date: /home/dihim/me326_ws/install/la_msgs/include/la_msgs/srv/detail/ptps__rosidl_typesupport_introspection_cpp.hpp
[6.580s] -- Up-to-date: /home/dihim/me326_ws/install/la_msgs/lib/libla_msgs__rosidl_typesupport_introspection_cpp.so
[6.581s] -- Up-to-date: /home/dihim/me326_ws/install/la_msgs/lib/libla_msgs__rosidl_typesupport_cpp.so
[6.581s] -- Up-to-date: /home/dihim/me326_ws/install/la_msgs/share/la_msgs/environment/pythonpath.sh
[6.581s] -- Up-to-date: /home/dihim/me326_ws/install/la_msgs/share/la_msgs/environment/pythonpath.dsv
[6.581s] -- Up-to-date: /home/dihim/me326_ws/install/la_msgs/lib/python3.8/site-packages/la_msgs/__init__.py
[6.650s] -- Up-to-date: /home/dihim/me326_ws/install/la_msgs/lib/python3.8/site-packages/la_msgs/action
[6.651s] -- Up-to-date: /home/dihim/me326_ws/install/la_msgs/lib/python3.8/site-packages/la_msgs/action/__init__.py
[6.651s] -- Up-to-date: /home/dihim/me326_ws/install/la_msgs/lib/python3.8/site-packages/la_msgs/action/_move_base_s.c
[6.651s] -- Up-to-date: /home/dihim/me326_ws/install/la_msgs/lib/python3.8/site-packages/la_msgs/action/_move_base.py
[6.651s] -- Up-to-date: /home/dihim/me326_ws/install/la_msgs/lib/python3.8/site-packages/la_msgs/srv
[6.651s] -- Up-to-date: /home/dihim/me326_ws/install/la_msgs/lib/python3.8/site-packages/la_msgs/srv/__init__.py
[6.651s] -- Up-to-date: /home/dihim/me326_ws/install/la_msgs/lib/python3.8/site-packages/la_msgs/srv/_ptps.py
[6.651s] -- Up-to-date: /home/dihim/me326_ws/install/la_msgs/lib/python3.8/site-packages/la_msgs/srv/_ptps_s.c
[6.651s] -- Up-to-date: /home/dihim/me326_ws/install/la_msgs/lib/python3.8/site-packages/la_msgs/la_msgs_s__rosidl_typesupport_fastrtps_c.cpython-38-aarch64-linux-gnu.so
[6.652s] -- Up-to-date: /home/dihim/me326_ws/install/la_msgs/lib/python3.8/site-packages/la_msgs/la_msgs_s__rosidl_typesupport_introspection_c.cpython-38-aarch64-linux-gnu.so
[6.652s] -- Up-to-date: /home/dihim/me326_ws/install/la_msgs/lib/python3.8/site-packages/la_msgs/la_msgs_s__rosidl_typesupport_c.cpython-38-aarch64-linux-gnu.so
[6.652s] -- Up-to-date: /home/dihim/me326_ws/install/la_msgs/lib/libla_msgs__python.so
[6.653s] -- Up-to-date: /home/dihim/me326_ws/install/la_msgs/share/la_msgs/action/MoveBase.idl
[6.653s] -- Up-to-date: /home/dihim/me326_ws/install/la_msgs/share/la_msgs/srv/Ptps.idl
[6.653s] -- Up-to-date: /home/dihim/me326_ws/install/la_msgs/share/la_msgs/action/MoveBase.action
[6.653s] -- Up-to-date: /home/dihim/me326_ws/install/la_msgs/share/la_msgs/srv/Ptps.srv
[6.653s] -- Up-to-date: /home/dihim/me326_ws/install/la_msgs/share/la_msgs/srv/Ptps_Request.msg
[6.653s] -- Up-to-date: /home/dihim/me326_ws/install/la_msgs/share/la_msgs/srv/Ptps_Response.msg
[6.653s] -- Up-to-date: /home/dihim/me326_ws/install/la_msgs/share/ament_index/resource_index/package_run_dependencies/la_msgs
[6.653s] -- Up-to-date: /home/dihim/me326_ws/install/la_msgs/share/ament_index/resource_index/parent_prefix_path/la_msgs
[6.653s] -- Up-to-date: /home/dihim/me326_ws/install/la_msgs/share/la_msgs/environment/ament_prefix_path.sh
[6.653s] -- Up-to-date: /home/dihim/me326_ws/install/la_msgs/share/la_msgs/environment/ament_prefix_path.dsv
[6.653s] -- Up-to-date: /home/dihim/me326_ws/install/la_msgs/share/la_msgs/environment/path.sh
[6.654s] -- Up-to-date: /home/dihim/me326_ws/install/la_msgs/share/la_msgs/environment/path.dsv
[6.654s] -- Up-to-date: /home/dihim/me326_ws/install/la_msgs/share/la_msgs/local_setup.bash
[6.654s] -- Up-to-date: /home/dihim/me326_ws/install/la_msgs/share/la_msgs/local_setup.sh
[6.654s] -- Up-to-date: /home/dihim/me326_ws/install/la_msgs/share/la_msgs/local_setup.zsh
[6.654s] -- Up-to-date: /home/dihim/me326_ws/install/la_msgs/share/la_msgs/local_setup.dsv
[6.654s] -- Installing: /home/dihim/me326_ws/install/la_msgs/share/la_msgs/package.dsv
[6.654s] -- Up-to-date: /home/dihim/me326_ws/install/la_msgs/share/ament_index/resource_index/packages/la_msgs
[6.654s] -- Up-to-date: /home/dihim/me326_ws/install/la_msgs/share/la_msgs/cmake/la_msgs__rosidl_generator_cExport.cmake
[6.654s] -- Up-to-date: /home/dihim/me326_ws/install/la_msgs/share/la_msgs/cmake/la_msgs__rosidl_generator_cExport-noconfig.cmake
[6.654s] -- Up-to-date: /home/dihim/me326_ws/install/la_msgs/share/la_msgs/cmake/la_msgs__rosidl_typesupport_introspection_cExport.cmake
[6.655s] -- Up-to-date: /home/dihim/me326_ws/install/la_msgs/share/la_msgs/cmake/la_msgs__rosidl_typesupport_introspection_cExport-noconfig.cmake
[6.655s] -- Up-to-date: /home/dihim/me326_ws/install/la_msgs/share/la_msgs/cmake/la_msgs__rosidl_typesupport_cExport.cmake
[6.655s] -- Up-to-date: /home/dihim/me326_ws/install/la_msgs/share/la_msgs/cmake/la_msgs__rosidl_typesupport_cExport-noconfig.cmake
[6.656s] -- Up-to-date: /home/dihim/me326_ws/install/la_msgs/share/la_msgs/cmake/la_msgs__rosidl_generator_cppExport.cmake
[6.656s] -- Up-to-date: /home/dihim/me326_ws/install/la_msgs/share/la_msgs/cmake/la_msgs__rosidl_typesupport_introspection_cppExport.cmake
[6.656s] -- Up-to-date: /home/dihim/me326_ws/install/la_msgs/share/la_msgs/cmake/la_msgs__rosidl_typesupport_introspection_cppExport-noconfig.cmake
[6.656s] -- Up-to-date: /home/dihim/me326_ws/install/la_msgs/share/la_msgs/cmake/la_msgs__rosidl_typesupport_cppExport.cmake
[6.656s] -- Up-to-date: /home/dihim/me326_ws/install/la_msgs/share/la_msgs/cmake/la_msgs__rosidl_typesupport_cppExport-noconfig.cmake
[6.656s] -- Up-to-date: /home/dihim/me326_ws/install/la_msgs/share/la_msgs/cmake/rosidl_cmake-extras.cmake
[6.657s] -- Up-to-date: /home/dihim/me326_ws/install/la_msgs/share/la_msgs/cmake/ament_cmake_export_dependencies-extras.cmake
[6.657s] -- Up-to-date: /home/dihim/me326_ws/install/la_msgs/share/la_msgs/cmake/ament_cmake_export_libraries-extras.cmake
[6.657s] -- Up-to-date: /home/dihim/me326_ws/install/la_msgs/share/la_msgs/cmake/ament_cmake_export_targets-extras.cmake
[6.657s] -- Up-to-date: /home/dihim/me326_ws/install/la_msgs/share/la_msgs/cmake/ament_cmake_export_include_directories-extras.cmake
[6.657s] -- Up-to-date: /home/dihim/me326_ws/install/la_msgs/share/la_msgs/cmake/rosidl_cmake_export_typesupport_libraries-extras.cmake
[6.657s] -- Up-to-date: /home/dihim/me326_ws/install/la_msgs/share/la_msgs/cmake/rosidl_cmake_export_typesupport_targets-extras.cmake
[6.657s] -- Up-to-date: /home/dihim/me326_ws/install/la_msgs/share/la_msgs/cmake/la_msgsConfig.cmake
[6.657s] -- Up-to-date: /home/dihim/me326_ws/install/la_msgs/share/la_msgs/cmake/la_msgsConfig-version.cmake
[6.657s] -- Up-to-date: /home/dihim/me326_ws/install/la_msgs/share/la_msgs/package.xml
[6.666s] Invoked command in '/home/dihim/me326_ws/build/la_msgs' returned '0': CMAKE_PREFIX_PATH=/home/dihim/me326_ws/install/locobot_yicheng:/home/dihim/me326_ws/install/la_msgs:/home/dihim/me326_ws/install/arm_controller:/home/dihim/me326_ws/install/locobot_controller:/home/dihim/interbotix_ws/install/interbotix_xs_modules:/home/dihim/interbotix_ws/install/interbotix_perception_modules:/home/dihim/interbotix_ws/install/interbotix_common_modules:/opt/ros/galactic:/home/dihim/me326_ws/install/gazebo_ros_link_attacher:/home/dihim/interbotix_ws/install/interbotix_moveit_interface:/home/dihim/interbotix_ws/install/arm_controller:/home/dihim/interbotix_ws/install/moveit_visual_tools:/home/dihim/interbotix_ws/install/interbotix_xslocobot_sim:/home/dihim/interbotix_ws/install/interbotix_xslocobot_moveit:/home/dihim/interbotix_ws/install/interbotix_xslocobot_descriptions:/home/dihim/interbotix_ws/install/interbotix_xs_toolbox:/home/dihim/interbotix_ws/install/interbotix_xs_rviz:/home/dihim/interbotix_ws/install/interbotix_xs_ros_control:/home/dihim/interbotix_ws/install/interbotix_perception_toolbox:/home/dihim/interbotix_ws/install/interbotix_perception_pipelines:/home/dihim/interbotix_ws/install/interbotix_xs_msgs:/home/dihim/interbotix_ws/install/interbotix_tf_tools:/home/dihim/interbotix_ws/install/interbotix_perception_msgs:/home/dihim/interbotix_ws/install/interbotix_moveit_interface_msgs:/home/dihim/interbotix_ws/install/interbotix_common_toolbox:/home/dihim/interbotix_ws/install/interbotix_common_sim /usr/bin/cmake --install /home/dihim/me326_ws/build/la_msgs
