[0.920s] Invoking command in '/home/dihim/me326_ws/build/arm_controller': CMAKE_PREFIX_PATH=/home/dihim/me326_ws/install/locobot_yicheng:/home/dihim/me326_ws/install/la_msgs:/home/dihim/me326_ws/install/arm_controller:/home/dihim/me326_ws/install/locobot_controller:/home/dihim/interbotix_ws/install/interbotix_xs_modules:/home/dihim/interbotix_ws/install/interbotix_perception_modules:/home/dihim/interbotix_ws/install/interbotix_common_modules:/opt/ros/galactic:/home/dihim/me326_ws/install/gazebo_ros_link_attacher:/home/dihim/interbotix_ws/install/interbotix_moveit_interface:/home/dihim/interbotix_ws/install/arm_controller:/home/dihim/interbotix_ws/install/moveit_visual_tools:/home/dihim/interbotix_ws/install/interbotix_xslocobot_sim:/home/dihim/interbotix_ws/install/interbotix_xslocobot_moveit:/home/dihim/interbotix_ws/install/interbotix_xslocobot_descriptions:/home/dihim/interbotix_ws/install/interbotix_xs_toolbox:/home/dihim/interbotix_ws/install/interbotix_xs_rviz:/home/dihim/interbotix_ws/install/interbotix_xs_ros_control:/home/dihim/interbotix_ws/install/interbotix_perception_toolbox:/home/dihim/interbotix_ws/install/interbotix_perception_pipelines:/home/dihim/interbotix_ws/install/interbotix_xs_msgs:/home/dihim/interbotix_ws/install/interbotix_tf_tools:/home/dihim/interbotix_ws/install/interbotix_perception_msgs:/home/dihim/interbotix_ws/install/interbotix_moveit_interface_msgs:/home/dihim/interbotix_ws/install/interbotix_common_toolbox:/home/dihim/interbotix_ws/install/interbotix_common_sim /usr/bin/cmake --build /home/dihim/me326_ws/build/arm_controller -- -j4 -l4
[1.298s] [35m[1mScanning dependencies of target arm_controller[0m
[1.298s] [ 33%] [32mBuilding CXX object CMakeFiles/arm_controller.dir/src/moveit_interface.cpp.o[0m
[4.305s] [01m[K/home/dihim/me326_ws/src/arm_controller/src/moveit_interface.cpp:[m[K In member function ‘[01m[Kvoid MyNode::pick_callback(geometry_msgs::msg::PoseStamped) const[m[K’:
[4.305s] [01m[K/home/dihim/me326_ws/src/arm_controller/src/moveit_interface.cpp:63:95:[m[K [01;31m[Kerror: [m[Kpassing ‘[01m[Kconst MyNode[m[K’ as ‘[01m[Kthis[m[K’ argument discards qualifiers [[01;31m[K-fpermissive[m[K]
[4.305s]    63 | eate_publisher<std_msgs::msg::Bool>("pick_block_response", 10[01;31m[K)[m[K;
[4.305s]       |                                                              [01;31m[K^[m[K
[4.305s] 
[4.305s] In file included from [01m[K/opt/ros/galactic/include/rclcpp/node.hpp:1329[m[K,
[4.305s]                  from [01m[K/opt/ros/galactic/include/rclcpp/executors/single_threaded_executor.hpp:28[m[K,
[4.305s]                  from [01m[K/opt/ros/galactic/include/rclcpp/executors.hpp:22[m[K,
[4.305s]                  from [01m[K/opt/ros/galactic/include/rclcpp/rclcpp.hpp:156[m[K,
[4.305s]                  from [01m[K/home/dihim/me326_ws/src/arm_controller/include/interbotix_moveit_interface/moveit_interface_obj.hpp:36[m[K,
[4.305s]                  from [01m[K/home/dihim/me326_ws/src/arm_controller/src/moveit_interface.cpp:1[m[K:
[4.305s] [01m[K/opt/ros/galactic/include/rclcpp/node_impl.hpp:73:1:[m[K [01;36m[Knote: [m[K  in call to ‘[01m[Kstd::shared_ptr<PublisherT> rclcpp::Node::create_publisher(const string&, const rclcpp::QoS&, const rclcpp::PublisherOptionsWithAllocator<AllocatorT>&) [with MessageT = std_msgs::msg::Bool_<std::allocator<void> >; AllocatorT = std::allocator<void>; PublisherT = rclcpp::Publisher<std_msgs::msg::Bool_<std::allocator<void> >, std::allocator<void> >; std::string = std::__cxx11::basic_string<char>][m[K’
[4.305s]    73 | [01;36m[KNode[m[K::create_publisher(
[4.305s]       | [01;36m[K^~~~[m[K
[4.313s] [01m[K/home/dihim/me326_ws/src/arm_controller/src/moveit_interface.cpp:[m[K In member function ‘[01m[Kvoid MyNode::drop_callback(geometry_msgs::msg::PoseStamped) const[m[K’:
[4.313s] [01m[K/home/dihim/me326_ws/src/arm_controller/src/moveit_interface.cpp:83:95:[m[K [01;31m[Kerror: [m[Kpassing ‘[01m[Kconst MyNode[m[K’ as ‘[01m[Kthis[m[K’ argument discards qualifiers [[01;31m[K-fpermissive[m[K]
[4.313s]    83 | eate_publisher<std_msgs::msg::Bool>("drop_block_response", 10[01;31m[K)[m[K;
[4.313s]       |                                                              [01;31m[K^[m[K
[4.314s] 
[4.314s] In file included from [01m[K/opt/ros/galactic/include/rclcpp/node.hpp:1329[m[K,
[4.314s]                  from [01m[K/opt/ros/galactic/include/rclcpp/executors/single_threaded_executor.hpp:28[m[K,
[4.314s]                  from [01m[K/opt/ros/galactic/include/rclcpp/executors.hpp:22[m[K,
[4.314s]                  from [01m[K/opt/ros/galactic/include/rclcpp/rclcpp.hpp:156[m[K,
[4.314s]                  from [01m[K/home/dihim/me326_ws/src/arm_controller/include/interbotix_moveit_interface/moveit_interface_obj.hpp:36[m[K,
[4.314s]                  from [01m[K/home/dihim/me326_ws/src/arm_controller/src/moveit_interface.cpp:1[m[K:
[4.314s] [01m[K/opt/ros/galactic/include/rclcpp/node_impl.hpp:73:1:[m[K [01;36m[Knote: [m[K  in call to ‘[01m[Kstd::shared_ptr<PublisherT> rclcpp::Node::create_publisher(const string&, const rclcpp::QoS&, const rclcpp::PublisherOptionsWithAllocator<AllocatorT>&) [with MessageT = std_msgs::msg::Bool_<std::allocator<void> >; AllocatorT = std::allocator<void>; PublisherT = rclcpp::Publisher<std_msgs::msg::Bool_<std::allocator<void> >, std::allocator<void> >; std::string = std::__cxx11::basic_string<char>][m[K’
[4.314s]    73 | [01;36m[KNode[m[K::create_publisher(
[4.314s]       | [01;36m[K^~~~[m[K
[6.771s] make[2]: *** [CMakeFiles/arm_controller.dir/build.make:63: CMakeFiles/arm_controller.dir/src/moveit_interface.cpp.o] Error 1
[6.772s] make[1]: *** [CMakeFiles/Makefile2:78: CMakeFiles/arm_controller.dir/all] Error 2
[6.772s] make: *** [Makefile:141: all] Error 2
[6.774s] Invoked command in '/home/dihim/me326_ws/build/arm_controller' returned '2': CMAKE_PREFIX_PATH=/home/dihim/me326_ws/install/locobot_yicheng:/home/dihim/me326_ws/install/la_msgs:/home/dihim/me326_ws/install/arm_controller:/home/dihim/me326_ws/install/locobot_controller:/home/dihim/interbotix_ws/install/interbotix_xs_modules:/home/dihim/interbotix_ws/install/interbotix_perception_modules:/home/dihim/interbotix_ws/install/interbotix_common_modules:/opt/ros/galactic:/home/dihim/me326_ws/install/gazebo_ros_link_attacher:/home/dihim/interbotix_ws/install/interbotix_moveit_interface:/home/dihim/interbotix_ws/install/arm_controller:/home/dihim/interbotix_ws/install/moveit_visual_tools:/home/dihim/interbotix_ws/install/interbotix_xslocobot_sim:/home/dihim/interbotix_ws/install/interbotix_xslocobot_moveit:/home/dihim/interbotix_ws/install/interbotix_xslocobot_descriptions:/home/dihim/interbotix_ws/install/interbotix_xs_toolbox:/home/dihim/interbotix_ws/install/interbotix_xs_rviz:/home/dihim/interbotix_ws/install/interbotix_xs_ros_control:/home/dihim/interbotix_ws/install/interbotix_perception_toolbox:/home/dihim/interbotix_ws/install/interbotix_perception_pipelines:/home/dihim/interbotix_ws/install/interbotix_xs_msgs:/home/dihim/interbotix_ws/install/interbotix_tf_tools:/home/dihim/interbotix_ws/install/interbotix_perception_msgs:/home/dihim/interbotix_ws/install/interbotix_moveit_interface_msgs:/home/dihim/interbotix_ws/install/interbotix_common_toolbox:/home/dihim/interbotix_ws/install/interbotix_common_sim /usr/bin/cmake --build /home/dihim/me326_ws/build/arm_controller -- -j4 -l4
