[2.294s] Invoking command in '/home/dihim/me326_ws/build/locobot_yicheng': CMAKE_PREFIX_PATH=${CMAKE_PREFIX_PATH}:/home/dihim/interbotix_ws/install/interbotix_xs_modules:/home/dihim/interbotix_ws/install/interbotix_perception_modules:/home/dihim/interbotix_ws/install/interbotix_common_modules:/opt/ros/galactic /usr/bin/cmake --build /home/dihim/me326_ws/build/locobot_yicheng -- -j4 -l4
[2.459s] Invoked command in '/home/dihim/me326_ws/build/locobot_yicheng' returned '0': CMAKE_PREFIX_PATH=${CMAKE_PREFIX_PATH}:/home/dihim/interbotix_ws/install/interbotix_xs_modules:/home/dihim/interbotix_ws/install/interbotix_perception_modules:/home/dihim/interbotix_ws/install/interbotix_common_modules:/opt/ros/galactic /usr/bin/cmake --build /home/dihim/me326_ws/build/locobot_yicheng -- -j4 -l4
[2.902s] Invoking command in '/home/dihim/me326_ws/build/locobot_yicheng': CMAKE_PREFIX_PATH=${CMAKE_PREFIX_PATH}:/home/dihim/interbotix_ws/install/interbotix_xs_modules:/home/dihim/interbotix_ws/install/interbotix_perception_modules:/home/dihim/interbotix_ws/install/interbotix_common_modules:/opt/ros/galactic /usr/bin/cmake --install /home/dihim/me326_ws/build/locobot_yicheng
[2.923s] -- Install configuration: ""
[2.923s] -- Up-to-date: /home/dihim/me326_ws/install/locobot_yicheng/lib/locobot_yicheng/locobot_control.py
[2.923s] -- Up-to-date: /home/dihim/me326_ws/install/locobot_yicheng/share/ament_index/resource_index/package_run_dependencies/locobot_yicheng
[2.923s] -- Up-to-date: /home/dihim/me326_ws/install/locobot_yicheng/share/ament_index/resource_index/parent_prefix_path/locobot_yicheng
[2.923s] -- Up-to-date: /home/dihim/me326_ws/install/locobot_yicheng/share/locobot_yicheng/environment/ament_prefix_path.sh
[2.923s] -- Up-to-date: /home/dihim/me326_ws/install/locobot_yicheng/share/locobot_yicheng/environment/ament_prefix_path.dsv
[2.923s] -- Up-to-date: /home/dihim/me326_ws/install/locobot_yicheng/share/locobot_yicheng/environment/path.sh
[2.923s] -- Up-to-date: /home/dihim/me326_ws/install/locobot_yicheng/share/locobot_yicheng/environment/path.dsv
[2.923s] -- Up-to-date: /home/dihim/me326_ws/install/locobot_yicheng/share/locobot_yicheng/local_setup.bash
[2.923s] -- Up-to-date: /home/dihim/me326_ws/install/locobot_yicheng/share/locobot_yicheng/local_setup.sh
[2.924s] -- Up-to-date: /home/dihim/me326_ws/install/locobot_yicheng/share/locobot_yicheng/local_setup.zsh
[2.924s] -- Up-to-date: /home/dihim/me326_ws/install/locobot_yicheng/share/locobot_yicheng/local_setup.dsv
[2.924s] -- Installing: /home/dihim/me326_ws/install/locobot_yicheng/share/locobot_yicheng/package.dsv
[2.924s] -- Up-to-date: /home/dihim/me326_ws/install/locobot_yicheng/share/ament_index/resource_index/packages/locobot_yicheng
[2.924s] -- Up-to-date: /home/dihim/me326_ws/install/locobot_yicheng/share/locobot_yicheng/cmake/locobot_yichengConfig.cmake
[2.924s] -- Up-to-date: /home/dihim/me326_ws/install/locobot_yicheng/share/locobot_yicheng/cmake/locobot_yichengConfig-version.cmake
[2.926s] -- Up-to-date: /home/dihim/me326_ws/install/locobot_yicheng/share/locobot_yicheng/package.xml
[2.934s] Invoked command in '/home/dihim/me326_ws/build/locobot_yicheng' returned '0': CMAKE_PREFIX_PATH=${CMAKE_PREFIX_PATH}:/home/dihim/interbotix_ws/install/interbotix_xs_modules:/home/dihim/interbotix_ws/install/interbotix_perception_modules:/home/dihim/interbotix_ws/install/interbotix_common_modules:/opt/ros/galactic /usr/bin/cmake --install /home/dihim/me326_ws/build/locobot_yicheng
