[0.325s] Invoking command in '/home/ian339/collaborative_robotics_course/locobot_autonomy/build/locobot_autonomy': CMAKE_PREFIX_PATH=${CMAKE_PREFIX_PATH}:/home/ian339/me326_ws/src/locobot_controller/install/locobot_controller:/home/ian339/interbotix_ws/install/interbotix_xs_modules:/home/ian339/interbotix_ws/install/interbotix_perception_modules:/home/ian339/interbotix_ws/install/interbotix_common_modules:/opt/ros/galactic /usr/bin/cmake /home/ian339/collaborative_robotics_course/locobot_autonomy -DCMAKE_INSTALL_PREFIX=/home/ian339/collaborative_robotics_course/locobot_autonomy/install/locobot_autonomy
[0.386s] -- The C compiler identification is GNU 9.4.0
[0.440s] -- The CXX compiler identification is GNU 9.4.0
[0.446s] -- Check for working C compiler: /usr/bin/cc
[0.526s] -- Check for working C compiler: /usr/bin/cc -- works
[0.527s] -- Detecting C compiler ABI info
[0.609s] -- Detecting C compiler ABI info - done
[0.620s] -- Detecting C compile features
[0.620s] -- Detecting C compile features - done
[0.622s] -- Check for working CXX compiler: /usr/bin/c++
[0.714s] -- Check for working CXX compiler: /usr/bin/c++ -- works
[0.715s] -- Detecting CXX compiler ABI info
[0.811s] -- Detecting CXX compiler ABI info - done
[0.823s] -- Detecting CXX compile features
[0.823s] -- Detecting CXX compile features - done
[0.827s] -- Found ament_cmake: 1.1.6 (/opt/ros/galactic/share/ament_cmake/cmake)
[0.859s] -- Found PythonInterp: /usr/bin/python3 (found suitable version "3.8.10", minimum required is "3") 
[0.859s] -- Using PYTHON_EXECUTABLE: /usr/bin/python3
[0.962s] -- Found rclcpp: 9.2.2 (/opt/ros/galactic/share/rclcpp/cmake)
[1.027s] -- Using all available rosidl_typesupport_c: rosidl_typesupport_fastrtps_c;rosidl_typesupport_introspection_c
[1.038s] -- Found rosidl_adapter: 2.2.3 (/opt/ros/galactic/share/rosidl_adapter/cmake)
[1.134s] -- Found OpenSSL: /usr/lib/x86_64-linux-gnu/libcrypto.so (found version "1.1.1f")  
[1.173s] -- Found FastRTPS: /opt/ros/galactic/include  
[1.264s] -- Using all available rosidl_typesupport_cpp: rosidl_typesupport_fastrtps_cpp;rosidl_typesupport_introspection_cpp
[1.332s] -- Found rmw_implementation_cmake: 3.3.1 (/opt/ros/galactic/share/rmw_implementation_cmake/cmake)
[1.338s] -- Found rmw_cyclonedds_cpp: 0.22.6 (/opt/ros/galactic/share/rmw_cyclonedds_cpp/cmake)
[1.364s] -- Using RMW implementation 'rmw_cyclonedds_cpp' as default
[1.365s] -- Looking for pthread.h
[1.439s] -- Looking for pthread.h - found
[1.439s] -- Performing Test CMAKE_HAVE_LIBC_PTHREAD
[1.554s] -- Performing Test CMAKE_HAVE_LIBC_PTHREAD - Failed
[1.554s] -- Looking for pthread_create in pthreads
[1.642s] -- Looking for pthread_create in pthreads - not found
[1.643s] -- Looking for pthread_create in pthread
[1.752s] -- Looking for pthread_create in pthread - found
[1.752s] -- Found Threads: TRUE  
[1.915s] -- Found rclpy: 1.9.3 (/opt/ros/galactic/share/rclpy/cmake)
[1.918s] -- Found geometry_msgs: 2.2.4 (/opt/ros/galactic/share/geometry_msgs/cmake)
[1.955s] -- Found nav_msgs: 2.2.4 (/opt/ros/galactic/share/nav_msgs/cmake)
[2.023s] -- Found visualization_msgs: 2.2.4 (/opt/ros/galactic/share/visualization_msgs/cmake)
[2.100s] -- Found sensor_msgs: 2.2.4 (/opt/ros/galactic/share/sensor_msgs/cmake)
[2.174s] -- Found rosidl_default_generators: 1.1.1 (/opt/ros/galactic/share/rosidl_default_generators/cmake)
[2.191s] -- Found action_msgs: 1.0.3 (/opt/ros/galactic/share/action_msgs/cmake)
[2.231s] -- Found tf2: 0.17.5 (/opt/ros/galactic/share/tf2/cmake)
[2.246s] -- Found tf2_ros: 0.17.5 (/opt/ros/galactic/share/tf2_ros/cmake)
[2.548s] -- Found tf2_eigen: 0.17.5 (/opt/ros/galactic/share/tf2_eigen/cmake)
[2.561s] -- Found tf2_geometry_msgs: 0.17.5 (/opt/ros/galactic/share/tf2_geometry_msgs/cmake)
[2.575s] -- Found Eigen3: TRUE (found version "3.3.7") 
[2.611s] -- Found OpenCV: /usr (found version "4.2.0") 
[2.614s] -- Found pcl_ros: 2.3.2 (/opt/ros/galactic/share/pcl_ros/cmake)
[2.908s] -- Checking for module 'eigen3'
[2.924s] --   Found eigen3, version 3.3.7
[2.974s] -- Found Eigen: /usr/include/eigen3 (Required is at least version "3.1") 
[2.974s] -- Eigen found (include: /usr/include/eigen3, version: 3.3.7)
[3.075s] -- Checking for module 'flann'
[3.093s] --   Found flann, version 1.9.1
[3.135s] -- Found FLANN: /usr/lib/x86_64-linux-gnu/libflann_cpp.so  
[3.191s] -- The imported target "vtkParseOGLExt" references the file
[3.191s]    "/usr/bin/vtkParseOGLExt-7.1"
[3.191s] but this file does not exist.  Possible reasons include:
[3.191s] * The file was deleted, renamed, or moved to another location.
[3.191s] * An install or uninstall procedure did not complete successfully.
[3.191s] * The installation package was faulty and contained
[3.191s]    "/usr/lib/cmake/vtk-7.1/VTKTargets.cmake"
[3.191s] but not all the files it references.
[3.191s] 
[3.191s] -- The imported target "vtkRenderingPythonTkWidgets" references the file
[3.192s]    "/usr/lib/x86_64-linux-gnu/libvtkRenderingPythonTkWidgets.so"
[3.192s] but this file does not exist.  Possible reasons include:
[3.192s] * The file was deleted, renamed, or moved to another location.
[3.192s] * An install or uninstall procedure did not complete successfully.
[3.192s] * The installation package was faulty and contained
[3.192s]    "/usr/lib/cmake/vtk-7.1/VTKTargets.cmake"
[3.192s] but not all the files it references.
[3.192s] 
[3.192s] -- The imported target "vtk" references the file
[3.192s]    "/usr/bin/vtk"
[3.192s] but this file does not exist.  Possible reasons include:
[3.192s] * The file was deleted, renamed, or moved to another location.
[3.192s] * An install or uninstall procedure did not complete successfully.
[3.193s] * The installation package was faulty and contained
[3.193s]    "/usr/lib/cmake/vtk-7.1/VTKTargets.cmake"
[3.193s] but not all the files it references.
[3.193s] 
[3.193s] -- The imported target "pvtk" references the file
[3.193s]    "/usr/bin/pvtk"
[3.193s] but this file does not exist.  Possible reasons include:
[3.193s] * The file was deleted, renamed, or moved to another location.
[3.193s] * An install or uninstall procedure did not complete successfully.
[3.193s] * The installation package was faulty and contained
[3.193s]    "/usr/lib/cmake/vtk-7.1/VTKTargets.cmake"
[3.193s] but not all the files it references.
[3.193s] 
[3.212s] -- Checking for module 'libusb-1.0'
[3.228s] --   Found libusb-1.0, version 1.0.23
[3.275s] -- Found USB_10: /usr/lib/x86_64-linux-gnu/libusb-1.0.so  
[3.341s] -- OpenNI found (include: /usr/include/ni, lib: /usr/lib/libOpenNI.so)
[3.418s] -- OpenNI2 found (include: /usr/include/openni2, lib: /usr/lib/libOpenNI2.so)
[3.432s] -- Found libusb-1.0: /usr/include  
[3.439s] -- OpenNI found (include: /usr/include/ni, lib: /usr/lib/libOpenNI.so)
[3.445s] -- OpenNI2 found (include: /usr/include/openni2, lib: /usr/lib/libOpenNI2.so)
[3.478s] -- Found Qhull: optimized;/usr/lib/x86_64-linux-gnu/libqhull.so;debug;/usr/lib/x86_64-linux-gnu/libqhull.so  
[3.478s] -- QHULL found (include: /usr/include, lib: optimized;/usr/lib/x86_64-linux-gnu/libqhull.so;debug;/usr/lib/x86_64-linux-gnu/libqhull.so)
[3.485s] -- OpenNI found (include: /usr/include/ni, lib: /usr/lib/libOpenNI.so)
[3.497s] -- Found PCL_COMMON: /usr/lib/x86_64-linux-gnu/libpcl_common.so  
[3.498s] -- Found PCL_KDTREE: /usr/lib/x86_64-linux-gnu/libpcl_kdtree.so  
[3.499s] -- Found PCL_OCTREE: /usr/lib/x86_64-linux-gnu/libpcl_octree.so  
[3.501s] -- Found PCL_SEARCH: /usr/lib/x86_64-linux-gnu/libpcl_search.so  
[3.502s] -- Found PCL_SAMPLE_CONSENSUS: /usr/lib/x86_64-linux-gnu/libpcl_sample_consensus.so  
[3.503s] -- Found PCL_FILTERS: /usr/lib/x86_64-linux-gnu/libpcl_filters.so  
[3.503s] -- Found PCL_2D: /usr/include/pcl-1.10  
[3.504s] -- Found PCL_GEOMETRY: /usr/include/pcl-1.10  
[3.505s] -- Found PCL_IO: /usr/lib/x86_64-linux-gnu/libpcl_io.so  
[3.506s] -- Found PCL_FEATURES: /usr/lib/x86_64-linux-gnu/libpcl_features.so  
[3.507s] -- Found PCL_ML: /usr/lib/x86_64-linux-gnu/libpcl_ml.so  
[3.508s] -- Found PCL_SEGMENTATION: /usr/lib/x86_64-linux-gnu/libpcl_segmentation.so  
[3.510s] -- Found PCL_VISUALIZATION: /usr/lib/x86_64-linux-gnu/libpcl_visualization.so  
[3.511s] -- Found PCL_SURFACE: /usr/lib/x86_64-linux-gnu/libpcl_surface.so  
[3.512s] -- Found PCL_REGISTRATION: /usr/lib/x86_64-linux-gnu/libpcl_registration.so  
[3.513s] -- Found PCL_KEYPOINTS: /usr/lib/x86_64-linux-gnu/libpcl_keypoints.so  
[3.515s] -- Found PCL_TRACKING: /usr/lib/x86_64-linux-gnu/libpcl_tracking.so  
[3.516s] -- Found PCL_RECOGNITION: /usr/lib/x86_64-linux-gnu/libpcl_recognition.so  
[3.517s] -- Found PCL_STEREO: /usr/lib/x86_64-linux-gnu/libpcl_stereo.so  
[3.518s] -- Found PCL_APPS: /usr/lib/x86_64-linux-gnu/libpcl_apps.so  
[3.519s] -- Found PCL_IN_HAND_SCANNER: /usr/include/pcl-1.10  
[3.520s] -- Found PCL_POINT_CLOUD_EDITOR: /usr/include/pcl-1.10  
[3.521s] -- Found PCL_OUTOFCORE: /usr/lib/x86_64-linux-gnu/libpcl_outofcore.so  
[3.522s] -- Found PCL_PEOPLE: /usr/lib/x86_64-linux-gnu/libpcl_people.so  
[3.710s] -- Found image_geometry: 3.1.3 (/opt/ros/galactic/share/image_geometry/cmake)
[3.715s] -- Found image_transport: 2.5.1 (/opt/ros/galactic/share/image_transport/cmake)
[3.755s] -- Found cv_bridge: 3.1.3 (/opt/ros/galactic/share/cv_bridge/cmake)
[3.775s] -- Found la_msgs: 0.0.0 (/home/ian339/collaborative_robotics_course/install/la_msgs/share/la_msgs/cmake)
[4.043s] -- Found PythonInterp: /usr/bin/python3 (found version "3.8.10") 
[4.244s] -- Found ament_cmake_ros: 0.9.2 (/opt/ros/galactic/share/ament_cmake_ros/cmake)
[4.528s] -- Using all available rosidl_typesupport_c: rosidl_typesupport_fastrtps_c;rosidl_typesupport_introspection_c
[4.650s] -- Using all available rosidl_typesupport_cpp: rosidl_typesupport_fastrtps_cpp;rosidl_typesupport_introspection_cpp
[4.686s] -- Found PythonInterp: /usr/bin/python3 (found suitable version "3.8.10", minimum required is "3.5") 
[4.689s] -- Found python_cmake_module: 0.8.1 (/opt/ros/galactic/share/python_cmake_module/cmake)
[4.719s] -- Found PythonLibs: /usr/lib/x86_64-linux-gnu/libpython3.8.so (found suitable version "3.8.10", minimum required is "3.5") 
[4.719s] -- Using PYTHON_EXECUTABLE: /usr/bin/python3
[4.719s] -- Using PYTHON_INCLUDE_DIRS: /usr/include/python3.8
[4.719s] -- Using PYTHON_LIBRARIES: /usr/lib/x86_64-linux-gnu/libpython3.8.so
[4.741s] -- Found PythonExtra: .so  
[4.820s] -- Found ament_lint_auto: 0.10.7 (/opt/ros/galactic/share/ament_lint_auto/cmake)
[4.855s] -- Added test 'copyright' to check source files copyright and LICENSE
[4.861s] -- Added test 'cppcheck' to perform static code analysis on C / C++ code
[4.865s] -- Configured cppcheck include dirs: $<BUILD_INTERFACE:/home/ian339/collaborative_robotics_course/locobot_autonomy/build/locobot_autonomy/rosidl_generator_c>;/home/ian339/collaborative_robotics_course/locobot_autonomy/build/locobot_autonomy/rosidl_generator_c;/home/ian339/collaborative_robotics_course/locobot_autonomy/build/locobot_autonomy/rosidl_generator_cpp;/home/ian339/collaborative_robotics_course/locobot_autonomy/build/locobot_autonomy/rosidl_typesupport_fastrtps_c;/home/ian339/collaborative_robotics_course/locobot_autonomy/build/locobot_autonomy/rosidl_typesupport_fastrtps_cpp;$<BUILD_INTERFACE:/home/ian339/collaborative_robotics_course/locobot_autonomy/build/locobot_autonomy/rosidl_typesupport_introspection_c>;$<BUILD_INTERFACE:/home/ian339/collaborative_robotics_course/locobot_autonomy/build/locobot_autonomy/rosidl_typesupport_c>;$<BUILD_INTERFACE:/home/ian339/collaborative_robotics_course/locobot_autonomy/build/locobot_autonomy/rosidl_generator_cpp>;/home/ian339/collaborative_robotics_course/locobot_autonomy/build/locobot_autonomy/rosidl_generator_py
[4.865s] -- Configured cppcheck exclude dirs and/or files: 
[4.871s] -- Added test 'cpplint' to check C / C++ code against the Google style
[4.872s] -- Configured cpplint exclude dirs and/or files: 
[4.873s] -- Added test 'flake8' to check Python code syntax and style conventions
[4.875s] -- Added test 'lint_cmake' to check CMake code style
[4.876s] -- Added test 'pep257' to check Python code against some of the style conventions in PEP 257
[4.886s] -- Added test 'uncrustify' to check C / C++ code style
[4.887s] -- Configured uncrustify additional arguments: 
[4.888s] -- Added test 'xmllint' to check XML markup files
[4.895s] -- Configuring done
[4.990s] -- Generating done
[4.994s] -- Build files have been written to: /home/ian339/collaborative_robotics_course/locobot_autonomy/build/locobot_autonomy
[5.010s] Invoked command in '/home/ian339/collaborative_robotics_course/locobot_autonomy/build/locobot_autonomy' returned '0': CMAKE_PREFIX_PATH=${CMAKE_PREFIX_PATH}:/home/ian339/me326_ws/src/locobot_controller/install/locobot_controller:/home/ian339/interbotix_ws/install/interbotix_xs_modules:/home/ian339/interbotix_ws/install/interbotix_perception_modules:/home/ian339/interbotix_ws/install/interbotix_common_modules:/opt/ros/galactic /usr/bin/cmake /home/ian339/collaborative_robotics_course/locobot_autonomy -DCMAKE_INSTALL_PREFIX=/home/ian339/collaborative_robotics_course/locobot_autonomy/install/locobot_autonomy
[5.014s] Invoking command in '/home/ian339/collaborative_robotics_course/locobot_autonomy/build/locobot_autonomy': CMAKE_PREFIX_PATH=${CMAKE_PREFIX_PATH}:/home/ian339/me326_ws/src/locobot_controller/install/locobot_controller:/home/ian339/interbotix_ws/install/interbotix_xs_modules:/home/ian339/interbotix_ws/install/interbotix_perception_modules:/home/ian339/interbotix_ws/install/interbotix_common_modules:/opt/ros/galactic /usr/bin/cmake --build /home/ian339/collaborative_robotics_course/locobot_autonomy/build/locobot_autonomy -- -j6 -l6
[5.073s] [35m[1mScanning dependencies of target locobot_autonomy__cpp[0m
[5.074s] [35m[1mScanning dependencies of target visual_block_perception_srv[0m
[5.080s] [  3%] [34m[1mGenerating C code for ROS interfaces[0m
[5.086s] [35m[1mScanning dependencies of target ament_cmake_python_copy_locobot_autonomy[0m
[5.096s] [  6%] [34m[1mGenerating C++ code for ROS interfaces[0m
[5.120s] [  6%] Built target ament_cmake_python_copy_locobot_autonomy
[5.135s] [35m[1mScanning dependencies of target ament_cmake_python_build_locobot_autonomy_egg[0m
[5.185s] [  9%] [32mBuilding CXX object CMakeFiles/visual_block_perception_srv.dir/src/visual_block_perception_srv.cpp.o[0m
[5.398s] running egg_info
[5.399s] creating locobot_autonomy.egg-info
[5.399s] writing locobot_autonomy.egg-info/PKG-INFO
[5.400s] writing dependency_links to locobot_autonomy.egg-info/dependency_links.txt
[5.400s] writing top-level names to locobot_autonomy.egg-info/top_level.txt
[5.402s] writing manifest file 'locobot_autonomy.egg-info/SOURCES.txt'
[5.437s] reading manifest file 'locobot_autonomy.egg-info/SOURCES.txt'
[5.438s] writing manifest file 'locobot_autonomy.egg-info/SOURCES.txt'
[5.468s] [  9%] Built target ament_cmake_python_build_locobot_autonomy_egg
[5.530s] [  9%] Built target locobot_autonomy__cpp
[5.537s] [35m[1mScanning dependencies of target locobot_autonomy__rosidl_generator_c[0m
[5.547s] [ 12%] [34m[1mGenerating C++ type support dispatch for ROS interfaces[0m
[5.549s] [ 15%] [34m[1mGenerating C++ type support for eProsima Fast-RTPS[0m
[5.550s] [ 18%] [34m[1mGenerating C++ introspection for ROS interfaces[0m
[5.556s] [ 21%] [32mBuilding C object CMakeFiles/locobot_autonomy__rosidl_generator_c.dir/rosidl_generator_c/locobot_autonomy/action/detail/move_base__functions.c.o[0m
[5.720s] [ 24%] [32m[1mLinking C shared library liblocobot_autonomy__rosidl_generator_c.so[0m
[5.786s] [ 24%] Built target locobot_autonomy__rosidl_generator_c
[5.802s] [ 27%] [34m[1mGenerating C type support dispatch for ROS interfaces[0m
[5.809s] [ 30%] [34m[1mGenerating C introspection for ROS interfaces[0m
[5.835s] [35m[1mScanning dependencies of target locobot_autonomy__rosidl_typesupport_cpp[0m
[5.856s] [ 33%] [32mBuilding CXX object CMakeFiles/locobot_autonomy__rosidl_typesupport_cpp.dir/rosidl_typesupport_cpp/locobot_autonomy/action/move_base__type_support.cpp.o[0m
[5.941s] [35m[1mScanning dependencies of target locobot_autonomy__rosidl_typesupport_introspection_cpp[0m
[5.965s] [ 36%] [32mBuilding CXX object CMakeFiles/locobot_autonomy__rosidl_typesupport_introspection_cpp.dir/rosidl_typesupport_introspection_cpp/locobot_autonomy/action/detail/move_base__type_support.cpp.o[0m
[6.033s] [35m[1mScanning dependencies of target locobot_autonomy__rosidl_typesupport_fastrtps_cpp[0m
[6.067s] [ 39%] [32mBuilding CXX object CMakeFiles/locobot_autonomy__rosidl_typesupport_fastrtps_cpp.dir/rosidl_typesupport_fastrtps_cpp/locobot_autonomy/action/detail/dds_fastrtps/move_base__type_support.cpp.o[0m
[6.140s] [35m[1mScanning dependencies of target locobot_autonomy__rosidl_typesupport_c[0m
[6.161s] [ 42%] [32mBuilding CXX object CMakeFiles/locobot_autonomy__rosidl_typesupport_c.dir/rosidl_typesupport_c/locobot_autonomy/action/move_base__type_support.cpp.o[0m
[6.231s] [35m[1mScanning dependencies of target locobot_autonomy__rosidl_typesupport_introspection_c[0m
[6.237s] [ 45%] [32m[1mLinking CXX shared library liblocobot_autonomy__rosidl_typesupport_c.so[0m
[6.251s] [ 48%] [32mBuilding C object CMakeFiles/locobot_autonomy__rosidl_typesupport_introspection_c.dir/rosidl_typesupport_introspection_c/locobot_autonomy/action/detail/move_base__type_support.c.o[0m
[6.302s] [ 48%] Built target locobot_autonomy__rosidl_typesupport_c
[6.316s] [ 51%] [32m[1mLinking C shared library liblocobot_autonomy__rosidl_typesupport_introspection_c.so[0m
[6.362s] [ 51%] Built target locobot_autonomy__rosidl_typesupport_introspection_c
[6.515s] [ 54%] [32m[1mLinking CXX shared library liblocobot_autonomy__rosidl_typesupport_cpp.so[0m
[6.563s] [ 57%] [32m[1mLinking CXX shared library liblocobot_autonomy__rosidl_typesupport_introspection_cpp.so[0m
[6.575s] [ 57%] Built target locobot_autonomy__rosidl_typesupport_cpp
[6.651s] [ 57%] Built target locobot_autonomy__rosidl_typesupport_introspection_cpp
[6.742s] [ 60%] [32m[1mLinking CXX shared library liblocobot_autonomy__rosidl_typesupport_fastrtps_cpp.so[0m
[6.844s] [ 60%] Built target locobot_autonomy__rosidl_typesupport_fastrtps_cpp
[6.858s] [ 63%] [34m[1mGenerating C type support for eProsima Fast-RTPS[0m
[7.204s] [35m[1mScanning dependencies of target locobot_autonomy__rosidl_typesupport_fastrtps_c[0m
[7.228s] [ 66%] [32mBuilding CXX object CMakeFiles/locobot_autonomy__rosidl_typesupport_fastrtps_c.dir/rosidl_typesupport_fastrtps_c/locobot_autonomy/action/detail/move_base__type_support_c.cpp.o[0m
[7.624s] [ 69%] [32m[1mLinking CXX shared library liblocobot_autonomy__rosidl_typesupport_fastrtps_c.so[0m
[7.725s] [ 69%] Built target locobot_autonomy__rosidl_typesupport_fastrtps_c
[7.738s] [35m[1mScanning dependencies of target locobot_autonomy[0m
[7.751s] [ 69%] Built target locobot_autonomy
[7.765s] [35m[1mScanning dependencies of target locobot_autonomy__py[0m
[7.785s] [ 72%] [34m[1mGenerating Python code for ROS interfaces[0m
[8.569s] [ 72%] Built target locobot_autonomy__py
[8.583s] [35m[1mScanning dependencies of target locobot_autonomy__python[0m
[8.615s] [ 75%] [32mBuilding C object CMakeFiles/locobot_autonomy__python.dir/rosidl_generator_py/locobot_autonomy/action/_move_base_s.c.o[0m
[8.741s] [ 78%] [32m[1mLinking C shared library rosidl_generator_py/locobot_autonomy/liblocobot_autonomy__python.so[0m
[8.807s] [ 78%] Built target locobot_autonomy__python
[8.822s] [35m[1mScanning dependencies of target locobot_autonomy__rosidl_typesupport_c__pyext[0m
[8.822s] [35m[1mScanning dependencies of target locobot_autonomy__rosidl_typesupport_introspection_c__pyext[0m
[8.827s] [35m[1mScanning dependencies of target locobot_autonomy__rosidl_typesupport_fastrtps_c__pyext[0m
[8.845s] [ 84%] [32mBuilding C object CMakeFiles/locobot_autonomy__rosidl_typesupport_c__pyext.dir/rosidl_generator_py/locobot_autonomy/_locobot_autonomy_s.ep.rosidl_typesupport_c.c.o[0m
[8.845s] [ 84%] [32mBuilding C object CMakeFiles/locobot_autonomy__rosidl_typesupport_introspection_c__pyext.dir/rosidl_generator_py/locobot_autonomy/_locobot_autonomy_s.ep.rosidl_typesupport_introspection_c.c.o[0m
[8.860s] [ 87%] [32mBuilding C object CMakeFiles/locobot_autonomy__rosidl_typesupport_fastrtps_c__pyext.dir/rosidl_generator_py/locobot_autonomy/_locobot_autonomy_s.ep.rosidl_typesupport_fastrtps_c.c.o[0m
[8.962s] [ 90%] [32m[1mLinking C shared library rosidl_generator_py/locobot_autonomy/locobot_autonomy_s__rosidl_typesupport_introspection_c.cpython-38-x86_64-linux-gnu.so[0m
[8.974s] [ 93%] [32m[1mLinking C shared library rosidl_generator_py/locobot_autonomy/locobot_autonomy_s__rosidl_typesupport_c.cpython-38-x86_64-linux-gnu.so[0m
[8.979s] [ 96%] [32m[1mLinking CXX shared library rosidl_generator_py/locobot_autonomy/locobot_autonomy_s__rosidl_typesupport_fastrtps_c.cpython-38-x86_64-linux-gnu.so[0m
[9.022s] [ 96%] Built target locobot_autonomy__rosidl_typesupport_introspection_c__pyext
[9.036s] [ 96%] Built target locobot_autonomy__rosidl_typesupport_c__pyext
[9.077s] [ 96%] Built target locobot_autonomy__rosidl_typesupport_fastrtps_c__pyext
[19.231s] [100%] [32m[1mLinking CXX executable visual_block_perception_srv[0m
[20.069s] [100%] Built target visual_block_perception_srv
[20.083s] Invoked command in '/home/ian339/collaborative_robotics_course/locobot_autonomy/build/locobot_autonomy' returned '0': CMAKE_PREFIX_PATH=${CMAKE_PREFIX_PATH}:/home/ian339/me326_ws/src/locobot_controller/install/locobot_controller:/home/ian339/interbotix_ws/install/interbotix_xs_modules:/home/ian339/interbotix_ws/install/interbotix_perception_modules:/home/ian339/interbotix_ws/install/interbotix_common_modules:/opt/ros/galactic /usr/bin/cmake --build /home/ian339/collaborative_robotics_course/locobot_autonomy/build/locobot_autonomy -- -j6 -l6
[20.172s] Invoking command in '/home/ian339/collaborative_robotics_course/locobot_autonomy/build/locobot_autonomy': CMAKE_PREFIX_PATH=${CMAKE_PREFIX_PATH}:/home/ian339/me326_ws/src/locobot_controller/install/locobot_controller:/home/ian339/interbotix_ws/install/interbotix_xs_modules:/home/ian339/interbotix_ws/install/interbotix_perception_modules:/home/ian339/interbotix_ws/install/interbotix_common_modules:/opt/ros/galactic /usr/bin/cmake --install /home/ian339/collaborative_robotics_course/locobot_autonomy/build/locobot_autonomy
[20.184s] -- Install configuration: ""
[20.184s] -- Installing: /home/ian339/collaborative_robotics_course/locobot_autonomy/install/locobot_autonomy/lib/locobot_autonomy/visual_block_perception_srv
[20.189s] -- Set runtime path of "/home/ian339/collaborative_robotics_course/locobot_autonomy/install/locobot_autonomy/lib/locobot_autonomy/visual_block_perception_srv" to ""
[20.189s] -- Installing: /home/ian339/collaborative_robotics_course/locobot_autonomy/install/locobot_autonomy/share/locobot_autonomy/environment/pythonpath.sh
[20.189s] -- Installing: /home/ian339/collaborative_robotics_course/locobot_autonomy/install/locobot_autonomy/share/locobot_autonomy/environment/pythonpath.dsv
[20.190s] -- Installing: /home/ian339/collaborative_robotics_course/locobot_autonomy/install/locobot_autonomy/lib/python3.8/site-packages//locobot_autonomy.egg-info
[20.190s] -- Installing: /home/ian339/collaborative_robotics_course/locobot_autonomy/install/locobot_autonomy/lib/python3.8/site-packages//locobot_autonomy.egg-info/SOURCES.txt
[20.190s] -- Installing: /home/ian339/collaborative_robotics_course/locobot_autonomy/install/locobot_autonomy/lib/python3.8/site-packages//locobot_autonomy.egg-info/PKG-INFO
[20.190s] -- Installing: /home/ian339/collaborative_robotics_course/locobot_autonomy/install/locobot_autonomy/lib/python3.8/site-packages//locobot_autonomy.egg-info/top_level.txt
[20.190s] -- Installing: /home/ian339/collaborative_robotics_course/locobot_autonomy/install/locobot_autonomy/lib/python3.8/site-packages//locobot_autonomy.egg-info/dependency_links.txt
[20.190s] -- Installing: /home/ian339/collaborative_robotics_course/locobot_autonomy/install/locobot_autonomy/lib/python3.8/site-packages/locobot_autonomy
[20.190s] -- Installing: /home/ian339/collaborative_robotics_course/locobot_autonomy/install/locobot_autonomy/lib/python3.8/site-packages/locobot_autonomy/move_A_to_B_py.py
[20.190s] -- Installing: /home/ian339/collaborative_robotics_course/locobot_autonomy/install/locobot_autonomy/lib/python3.8/site-packages/locobot_autonomy/__init__.py
[20.190s] -- Installing: /home/ian339/collaborative_robotics_course/locobot_autonomy/install/locobot_autonomy/lib/python3.8/site-packages/locobot_autonomy/move_locobot_base_action_server.py
[20.227s] Listing '/home/ian339/collaborative_robotics_course/locobot_autonomy/install/locobot_autonomy/lib/python3.8/site-packages/locobot_autonomy'...
[20.227s] Compiling '/home/ian339/collaborative_robotics_course/locobot_autonomy/install/locobot_autonomy/lib/python3.8/site-packages/locobot_autonomy/__init__.py'...
[20.227s] Compiling '/home/ian339/collaborative_robotics_course/locobot_autonomy/install/locobot_autonomy/lib/python3.8/site-packages/locobot_autonomy/move_A_to_B_py.py'...
[20.227s] Compiling '/home/ian339/collaborative_robotics_course/locobot_autonomy/install/locobot_autonomy/lib/python3.8/site-packages/locobot_autonomy/move_locobot_base_action_server.py'...
[20.230s] -- Installing: /home/ian339/collaborative_robotics_course/locobot_autonomy/install/locobot_autonomy/lib/locobot_autonomy/move_A_to_B_py.py
[20.230s] -- Installing: /home/ian339/collaborative_robotics_course/locobot_autonomy/install/locobot_autonomy/lib/locobot_autonomy/move_locobot_base_action_server.py
[20.230s] -- Installing: /home/ian339/collaborative_robotics_course/locobot_autonomy/install/locobot_autonomy/share/locobot_autonomy//launch
[20.231s] -- Installing: /home/ian339/collaborative_robotics_course/locobot_autonomy/install/locobot_autonomy/share/locobot_autonomy//launch/simple_move_a_to_b_launch.py
[20.231s] -- Installing: /home/ian339/collaborative_robotics_course/locobot_autonomy/install/locobot_autonomy/share/locobot_autonomy//launch/spawn_cube_launch.py
[20.231s] -- Installing: /home/ian339/collaborative_robotics_course/locobot_autonomy/install/locobot_autonomy/share/ament_index/resource_index/rosidl_interfaces/locobot_autonomy
[20.231s] -- Installing: /home/ian339/collaborative_robotics_course/locobot_autonomy/install/locobot_autonomy/include/locobot_autonomy
[20.231s] -- Installing: /home/ian339/collaborative_robotics_course/locobot_autonomy/install/locobot_autonomy/include/locobot_autonomy/msg
[20.231s] -- Installing: /home/ian339/collaborative_robotics_course/locobot_autonomy/install/locobot_autonomy/include/locobot_autonomy/msg/rosidl_generator_c__visibility_control.h
[20.231s] -- Installing: /home/ian339/collaborative_robotics_course/locobot_autonomy/install/locobot_autonomy/include/locobot_autonomy/action
[20.232s] -- Installing: /home/ian339/collaborative_robotics_course/locobot_autonomy/install/locobot_autonomy/include/locobot_autonomy/action/move_base.h
[20.232s] -- Installing: /home/ian339/collaborative_robotics_course/locobot_autonomy/install/locobot_autonomy/include/locobot_autonomy/action/detail
[20.232s] -- Installing: /home/ian339/collaborative_robotics_course/locobot_autonomy/install/locobot_autonomy/include/locobot_autonomy/action/detail/move_base__functions.h
[20.232s] -- Installing: /home/ian339/collaborative_robotics_course/locobot_autonomy/install/locobot_autonomy/include/locobot_autonomy/action/detail/move_base__functions.c
[20.232s] -- Installing: /home/ian339/collaborative_robotics_course/locobot_autonomy/install/locobot_autonomy/include/locobot_autonomy/action/detail/move_base__struct.h
[20.232s] -- Installing: /home/ian339/collaborative_robotics_course/locobot_autonomy/install/locobot_autonomy/include/locobot_autonomy/action/detail/move_base__type_support.h
[20.232s] -- Installing: /home/ian339/collaborative_robotics_course/locobot_autonomy/install/locobot_autonomy/share/locobot_autonomy/environment/library_path.sh
[20.232s] -- Installing: /home/ian339/collaborative_robotics_course/locobot_autonomy/install/locobot_autonomy/share/locobot_autonomy/environment/library_path.dsv
[20.232s] -- Installing: /home/ian339/collaborative_robotics_course/locobot_autonomy/install/locobot_autonomy/lib/liblocobot_autonomy__rosidl_generator_c.so
[20.233s] -- Set runtime path of "/home/ian339/collaborative_robotics_course/locobot_autonomy/install/locobot_autonomy/lib/liblocobot_autonomy__rosidl_generator_c.so" to ""
[20.233s] -- Up-to-date: /home/ian339/collaborative_robotics_course/locobot_autonomy/install/locobot_autonomy/include/locobot_autonomy
[20.233s] -- Up-to-date: /home/ian339/collaborative_robotics_course/locobot_autonomy/install/locobot_autonomy/include/locobot_autonomy/msg
[20.233s] -- Installing: /home/ian339/collaborative_robotics_course/locobot_autonomy/install/locobot_autonomy/include/locobot_autonomy/msg/rosidl_typesupport_fastrtps_c__visibility_control.h
[20.233s] -- Up-to-date: /home/ian339/collaborative_robotics_course/locobot_autonomy/install/locobot_autonomy/include/locobot_autonomy/action
[20.234s] -- Up-to-date: /home/ian339/collaborative_robotics_course/locobot_autonomy/install/locobot_autonomy/include/locobot_autonomy/action/detail
[20.234s] -- Installing: /home/ian339/collaborative_robotics_course/locobot_autonomy/install/locobot_autonomy/include/locobot_autonomy/action/detail/move_base__rosidl_typesupport_fastrtps_c.h
[20.234s] -- Installing: /home/ian339/collaborative_robotics_course/locobot_autonomy/install/locobot_autonomy/lib/liblocobot_autonomy__rosidl_typesupport_fastrtps_c.so
[20.234s] -- Set runtime path of "/home/ian339/collaborative_robotics_course/locobot_autonomy/install/locobot_autonomy/lib/liblocobot_autonomy__rosidl_typesupport_fastrtps_c.so" to ""
[20.234s] -- Up-to-date: /home/ian339/collaborative_robotics_course/locobot_autonomy/install/locobot_autonomy/include/locobot_autonomy
[20.234s] -- Up-to-date: /home/ian339/collaborative_robotics_course/locobot_autonomy/install/locobot_autonomy/include/locobot_autonomy/msg
[20.234s] -- Installing: /home/ian339/collaborative_robotics_course/locobot_autonomy/install/locobot_autonomy/include/locobot_autonomy/msg/rosidl_typesupport_fastrtps_cpp__visibility_control.h
[20.235s] -- Up-to-date: /home/ian339/collaborative_robotics_course/locobot_autonomy/install/locobot_autonomy/include/locobot_autonomy/action
[20.235s] -- Up-to-date: /home/ian339/collaborative_robotics_course/locobot_autonomy/install/locobot_autonomy/include/locobot_autonomy/action/detail
[20.235s] -- Installing: /home/ian339/collaborative_robotics_course/locobot_autonomy/install/locobot_autonomy/include/locobot_autonomy/action/detail/move_base__rosidl_typesupport_fastrtps_cpp.hpp
[20.235s] -- Installing: /home/ian339/collaborative_robotics_course/locobot_autonomy/install/locobot_autonomy/include/locobot_autonomy/action/detail/dds_fastrtps
[20.235s] -- Installing: /home/ian339/collaborative_robotics_course/locobot_autonomy/install/locobot_autonomy/lib/liblocobot_autonomy__rosidl_typesupport_fastrtps_cpp.so
[20.235s] -- Set runtime path of "/home/ian339/collaborative_robotics_course/locobot_autonomy/install/locobot_autonomy/lib/liblocobot_autonomy__rosidl_typesupport_fastrtps_cpp.so" to ""
[20.235s] -- Up-to-date: /home/ian339/collaborative_robotics_course/locobot_autonomy/install/locobot_autonomy/include/locobot_autonomy
[20.235s] -- Up-to-date: /home/ian339/collaborative_robotics_course/locobot_autonomy/install/locobot_autonomy/include/locobot_autonomy/msg
[20.235s] -- Installing: /home/ian339/collaborative_robotics_course/locobot_autonomy/install/locobot_autonomy/include/locobot_autonomy/msg/rosidl_typesupport_introspection_c__visibility_control.h
[20.235s] -- Up-to-date: /home/ian339/collaborative_robotics_course/locobot_autonomy/install/locobot_autonomy/include/locobot_autonomy/action
[20.235s] -- Up-to-date: /home/ian339/collaborative_robotics_course/locobot_autonomy/install/locobot_autonomy/include/locobot_autonomy/action/detail
[20.235s] -- Installing: /home/ian339/collaborative_robotics_course/locobot_autonomy/install/locobot_autonomy/include/locobot_autonomy/action/detail/move_base__rosidl_typesupport_introspection_c.h
[20.235s] -- Installing: /home/ian339/collaborative_robotics_course/locobot_autonomy/install/locobot_autonomy/include/locobot_autonomy/action/detail/move_base__type_support.c
[20.235s] -- Installing: /home/ian339/collaborative_robotics_course/locobot_autonomy/install/locobot_autonomy/lib/liblocobot_autonomy__rosidl_typesupport_introspection_c.so
[20.235s] -- Set runtime path of "/home/ian339/collaborative_robotics_course/locobot_autonomy/install/locobot_autonomy/lib/liblocobot_autonomy__rosidl_typesupport_introspection_c.so" to ""
[20.236s] -- Installing: /home/ian339/collaborative_robotics_course/locobot_autonomy/install/locobot_autonomy/lib/liblocobot_autonomy__rosidl_typesupport_c.so
[20.236s] -- Set runtime path of "/home/ian339/collaborative_robotics_course/locobot_autonomy/install/locobot_autonomy/lib/liblocobot_autonomy__rosidl_typesupport_c.so" to ""
[20.236s] -- Up-to-date: /home/ian339/collaborative_robotics_course/locobot_autonomy/install/locobot_autonomy/include/locobot_autonomy
[20.236s] -- Up-to-date: /home/ian339/collaborative_robotics_course/locobot_autonomy/install/locobot_autonomy/include/locobot_autonomy/action
[20.236s] -- Installing: /home/ian339/collaborative_robotics_course/locobot_autonomy/install/locobot_autonomy/include/locobot_autonomy/action/move_base.hpp
[20.236s] -- Up-to-date: /home/ian339/collaborative_robotics_course/locobot_autonomy/install/locobot_autonomy/include/locobot_autonomy/action/detail
[20.236s] -- Installing: /home/ian339/collaborative_robotics_course/locobot_autonomy/install/locobot_autonomy/include/locobot_autonomy/action/detail/move_base__builder.hpp
[20.236s] -- Installing: /home/ian339/collaborative_robotics_course/locobot_autonomy/install/locobot_autonomy/include/locobot_autonomy/action/detail/move_base__struct.hpp
[20.236s] -- Installing: /home/ian339/collaborative_robotics_course/locobot_autonomy/install/locobot_autonomy/include/locobot_autonomy/action/detail/move_base__traits.hpp
[20.236s] -- Up-to-date: /home/ian339/collaborative_robotics_course/locobot_autonomy/install/locobot_autonomy/include/locobot_autonomy
[20.236s] -- Up-to-date: /home/ian339/collaborative_robotics_course/locobot_autonomy/install/locobot_autonomy/include/locobot_autonomy/action
[20.237s] -- Up-to-date: /home/ian339/collaborative_robotics_course/locobot_autonomy/install/locobot_autonomy/include/locobot_autonomy/action/detail
[20.237s] -- Installing: /home/ian339/collaborative_robotics_course/locobot_autonomy/install/locobot_autonomy/include/locobot_autonomy/action/detail/move_base__type_support.cpp
[20.237s] -- Installing: /home/ian339/collaborative_robotics_course/locobot_autonomy/install/locobot_autonomy/include/locobot_autonomy/action/detail/move_base__rosidl_typesupport_introspection_cpp.hpp
[20.237s] -- Installing: /home/ian339/collaborative_robotics_course/locobot_autonomy/install/locobot_autonomy/lib/liblocobot_autonomy__rosidl_typesupport_introspection_cpp.so
[20.237s] -- Set runtime path of "/home/ian339/collaborative_robotics_course/locobot_autonomy/install/locobot_autonomy/lib/liblocobot_autonomy__rosidl_typesupport_introspection_cpp.so" to ""
[20.237s] -- Installing: /home/ian339/collaborative_robotics_course/locobot_autonomy/install/locobot_autonomy/lib/liblocobot_autonomy__rosidl_typesupport_cpp.so
[20.237s] -- Set runtime path of "/home/ian339/collaborative_robotics_course/locobot_autonomy/install/locobot_autonomy/lib/liblocobot_autonomy__rosidl_typesupport_cpp.so" to ""
[20.237s] -- Installing: /home/ian339/collaborative_robotics_course/locobot_autonomy/install/locobot_autonomy/lib/python3.8/site-packages/locobot_autonomy/__init__.py
[20.272s] Compiling '/home/ian339/collaborative_robotics_course/locobot_autonomy/install/locobot_autonomy/lib/python3.8/site-packages/locobot_autonomy/__init__.py'...
[20.276s] -- Installing: /home/ian339/collaborative_robotics_course/locobot_autonomy/install/locobot_autonomy/lib/python3.8/site-packages/locobot_autonomy/action
[20.276s] -- Installing: /home/ian339/collaborative_robotics_course/locobot_autonomy/install/locobot_autonomy/lib/python3.8/site-packages/locobot_autonomy/action/__init__.py
[20.276s] -- Installing: /home/ian339/collaborative_robotics_course/locobot_autonomy/install/locobot_autonomy/lib/python3.8/site-packages/locobot_autonomy/action/_move_base_s.c
[20.276s] -- Installing: /home/ian339/collaborative_robotics_course/locobot_autonomy/install/locobot_autonomy/lib/python3.8/site-packages/locobot_autonomy/action/_move_base.py
[20.277s] -- Installing: /home/ian339/collaborative_robotics_course/locobot_autonomy/install/locobot_autonomy/lib/python3.8/site-packages/locobot_autonomy/locobot_autonomy_s__rosidl_typesupport_fastrtps_c.cpython-38-x86_64-linux-gnu.so
[20.277s] -- Set runtime path of "/home/ian339/collaborative_robotics_course/locobot_autonomy/install/locobot_autonomy/lib/python3.8/site-packages/locobot_autonomy/locobot_autonomy_s__rosidl_typesupport_fastrtps_c.cpython-38-x86_64-linux-gnu.so" to ""
[20.277s] -- Installing: /home/ian339/collaborative_robotics_course/locobot_autonomy/install/locobot_autonomy/lib/python3.8/site-packages/locobot_autonomy/locobot_autonomy_s__rosidl_typesupport_introspection_c.cpython-38-x86_64-linux-gnu.so
[20.278s] -- Set runtime path of "/home/ian339/collaborative_robotics_course/locobot_autonomy/install/locobot_autonomy/lib/python3.8/site-packages/locobot_autonomy/locobot_autonomy_s__rosidl_typesupport_introspection_c.cpython-38-x86_64-linux-gnu.so" to ""
[20.278s] -- Installing: /home/ian339/collaborative_robotics_course/locobot_autonomy/install/locobot_autonomy/lib/python3.8/site-packages/locobot_autonomy/locobot_autonomy_s__rosidl_typesupport_c.cpython-38-x86_64-linux-gnu.so
[20.278s] -- Set runtime path of "/home/ian339/collaborative_robotics_course/locobot_autonomy/install/locobot_autonomy/lib/python3.8/site-packages/locobot_autonomy/locobot_autonomy_s__rosidl_typesupport_c.cpython-38-x86_64-linux-gnu.so" to ""
[20.278s] -- Installing: /home/ian339/collaborative_robotics_course/locobot_autonomy/install/locobot_autonomy/lib/liblocobot_autonomy__python.so
[20.279s] -- Set runtime path of "/home/ian339/collaborative_robotics_course/locobot_autonomy/install/locobot_autonomy/lib/liblocobot_autonomy__python.so" to ""
[20.279s] -- Installing: /home/ian339/collaborative_robotics_course/locobot_autonomy/install/locobot_autonomy/share/locobot_autonomy/action/MoveBase.idl
[20.279s] -- Installing: /home/ian339/collaborative_robotics_course/locobot_autonomy/install/locobot_autonomy/share/locobot_autonomy/action/MoveBase.action
[20.279s] -- Installing: /home/ian339/collaborative_robotics_course/locobot_autonomy/install/locobot_autonomy/share/locobot_autonomy/model
[20.279s] -- Installing: /home/ian339/collaborative_robotics_course/locobot_autonomy/install/locobot_autonomy/share/locobot_autonomy/model/red_cube.urdf
[20.279s] -- Installing: /home/ian339/collaborative_robotics_course/locobot_autonomy/install/locobot_autonomy/share/locobot_autonomy/model/green_cube.urdf
[20.279s] -- Installing: /home/ian339/collaborative_robotics_course/locobot_autonomy/install/locobot_autonomy/share/locobot_autonomy/model/blue_cube.urdf
[20.279s] -- Installing: /home/ian339/collaborative_robotics_course/locobot_autonomy/install/locobot_autonomy/share/locobot_autonomy/model/yellow_cube.urdf
[20.280s] -- Installing: /home/ian339/collaborative_robotics_course/locobot_autonomy/install/locobot_autonomy/share/ament_index/resource_index/package_run_dependencies/locobot_autonomy
[20.280s] -- Installing: /home/ian339/collaborative_robotics_course/locobot_autonomy/install/locobot_autonomy/share/ament_index/resource_index/parent_prefix_path/locobot_autonomy
[20.280s] -- Installing: /home/ian339/collaborative_robotics_course/locobot_autonomy/install/locobot_autonomy/share/locobot_autonomy/environment/ament_prefix_path.sh
[20.280s] -- Installing: /home/ian339/collaborative_robotics_course/locobot_autonomy/install/locobot_autonomy/share/locobot_autonomy/environment/ament_prefix_path.dsv
[20.280s] -- Installing: /home/ian339/collaborative_robotics_course/locobot_autonomy/install/locobot_autonomy/share/locobot_autonomy/environment/path.sh
[20.280s] -- Installing: /home/ian339/collaborative_robotics_course/locobot_autonomy/install/locobot_autonomy/share/locobot_autonomy/environment/path.dsv
[20.280s] -- Installing: /home/ian339/collaborative_robotics_course/locobot_autonomy/install/locobot_autonomy/share/locobot_autonomy/local_setup.bash
[20.280s] -- Installing: /home/ian339/collaborative_robotics_course/locobot_autonomy/install/locobot_autonomy/share/locobot_autonomy/local_setup.sh
[20.280s] -- Installing: /home/ian339/collaborative_robotics_course/locobot_autonomy/install/locobot_autonomy/share/locobot_autonomy/local_setup.zsh
[20.281s] -- Installing: /home/ian339/collaborative_robotics_course/locobot_autonomy/install/locobot_autonomy/share/locobot_autonomy/local_setup.dsv
[20.281s] -- Installing: /home/ian339/collaborative_robotics_course/locobot_autonomy/install/locobot_autonomy/share/locobot_autonomy/package.dsv
[20.281s] -- Installing: /home/ian339/collaborative_robotics_course/locobot_autonomy/install/locobot_autonomy/share/ament_index/resource_index/packages/locobot_autonomy
[20.281s] -- Installing: /home/ian339/collaborative_robotics_course/locobot_autonomy/install/locobot_autonomy/share/locobot_autonomy/cmake/locobot_autonomy__rosidl_generator_cExport.cmake
[20.282s] -- Installing: /home/ian339/collaborative_robotics_course/locobot_autonomy/install/locobot_autonomy/share/locobot_autonomy/cmake/locobot_autonomy__rosidl_generator_cExport-noconfig.cmake
[20.282s] -- Installing: /home/ian339/collaborative_robotics_course/locobot_autonomy/install/locobot_autonomy/share/locobot_autonomy/cmake/locobot_autonomy__rosidl_typesupport_introspection_cExport.cmake
[20.282s] -- Installing: /home/ian339/collaborative_robotics_course/locobot_autonomy/install/locobot_autonomy/share/locobot_autonomy/cmake/locobot_autonomy__rosidl_typesupport_introspection_cExport-noconfig.cmake
[20.282s] -- Installing: /home/ian339/collaborative_robotics_course/locobot_autonomy/install/locobot_autonomy/share/locobot_autonomy/cmake/locobot_autonomy__rosidl_typesupport_cExport.cmake
[20.282s] -- Installing: /home/ian339/collaborative_robotics_course/locobot_autonomy/install/locobot_autonomy/share/locobot_autonomy/cmake/locobot_autonomy__rosidl_typesupport_cExport-noconfig.cmake
[20.283s] -- Installing: /home/ian339/collaborative_robotics_course/locobot_autonomy/install/locobot_autonomy/share/locobot_autonomy/cmake/locobot_autonomy__rosidl_generator_cppExport.cmake
[20.283s] -- Installing: /home/ian339/collaborative_robotics_course/locobot_autonomy/install/locobot_autonomy/share/locobot_autonomy/cmake/locobot_autonomy__rosidl_typesupport_introspection_cppExport.cmake
[20.283s] -- Installing: /home/ian339/collaborative_robotics_course/locobot_autonomy/install/locobot_autonomy/share/locobot_autonomy/cmake/locobot_autonomy__rosidl_typesupport_introspection_cppExport-noconfig.cmake
[20.283s] -- Installing: /home/ian339/collaborative_robotics_course/locobot_autonomy/install/locobot_autonomy/share/locobot_autonomy/cmake/locobot_autonomy__rosidl_typesupport_cppExport.cmake
[20.283s] -- Installing: /home/ian339/collaborative_robotics_course/locobot_autonomy/install/locobot_autonomy/share/locobot_autonomy/cmake/locobot_autonomy__rosidl_typesupport_cppExport-noconfig.cmake
[20.283s] -- Installing: /home/ian339/collaborative_robotics_course/locobot_autonomy/install/locobot_autonomy/share/locobot_autonomy/cmake/rosidl_cmake-extras.cmake
[20.283s] -- Installing: /home/ian339/collaborative_robotics_course/locobot_autonomy/install/locobot_autonomy/share/locobot_autonomy/cmake/ament_cmake_export_dependencies-extras.cmake
[20.283s] -- Installing: /home/ian339/collaborative_robotics_course/locobot_autonomy/install/locobot_autonomy/share/locobot_autonomy/cmake/ament_cmake_export_libraries-extras.cmake
[20.283s] -- Installing: /home/ian339/collaborative_robotics_course/locobot_autonomy/install/locobot_autonomy/share/locobot_autonomy/cmake/ament_cmake_export_targets-extras.cmake
[20.284s] -- Installing: /home/ian339/collaborative_robotics_course/locobot_autonomy/install/locobot_autonomy/share/locobot_autonomy/cmake/ament_cmake_export_include_directories-extras.cmake
[20.284s] -- Installing: /home/ian339/collaborative_robotics_course/locobot_autonomy/install/locobot_autonomy/share/locobot_autonomy/cmake/rosidl_cmake_export_typesupport_libraries-extras.cmake
[20.284s] -- Installing: /home/ian339/collaborative_robotics_course/locobot_autonomy/install/locobot_autonomy/share/locobot_autonomy/cmake/rosidl_cmake_export_typesupport_targets-extras.cmake
[20.284s] -- Installing: /home/ian339/collaborative_robotics_course/locobot_autonomy/install/locobot_autonomy/share/locobot_autonomy/cmake/locobot_autonomyConfig.cmake
[20.284s] -- Installing: /home/ian339/collaborative_robotics_course/locobot_autonomy/install/locobot_autonomy/share/locobot_autonomy/cmake/locobot_autonomyConfig-version.cmake
[20.284s] -- Installing: /home/ian339/collaborative_robotics_course/locobot_autonomy/install/locobot_autonomy/share/locobot_autonomy/package.xml
[20.287s] Invoked command in '/home/ian339/collaborative_robotics_course/locobot_autonomy/build/locobot_autonomy' returned '0': CMAKE_PREFIX_PATH=${CMAKE_PREFIX_PATH}:/home/ian339/me326_ws/src/locobot_controller/install/locobot_controller:/home/ian339/interbotix_ws/install/interbotix_xs_modules:/home/ian339/interbotix_ws/install/interbotix_perception_modules:/home/ian339/interbotix_ws/install/interbotix_common_modules:/opt/ros/galactic /usr/bin/cmake --install /home/ian339/collaborative_robotics_course/locobot_autonomy/build/locobot_autonomy
