[3.190s] Invoking command in '/home/dihim/me326_ws/build/arm_controller': CMAKE_PREFIX_PATH=${CMAKE_PREFIX_PATH}:/home/dihim/interbotix_ws/install/interbotix_xs_modules:/home/dihim/interbotix_ws/install/interbotix_perception_modules:/home/dihim/interbotix_ws/install/interbotix_common_modules:/opt/ros/galactic /usr/bin/cmake --build /home/dihim/me326_ws/build/arm_controller -- -j4 -l4
[4.574s] [35m[1mScanning dependencies of target arm_controller[0m
[4.575s] [ 33%] [32mBuilding CXX object CMakeFiles/arm_controller.dir/src/moveit_interface.cpp.o[0m
[29.006s] [ 66%] [32m[1mLinking CXX executable arm_controller[0m
[31.997s] [100%] Built target arm_controller
[32.051s] Invoked command in '/home/dihim/me326_ws/build/arm_controller' returned '0': CMAKE_PREFIX_PATH=${CMAKE_PREFIX_PATH}:/home/dihim/interbotix_ws/install/interbotix_xs_modules:/home/dihim/interbotix_ws/install/interbotix_perception_modules:/home/dihim/interbotix_ws/install/interbotix_common_modules:/opt/ros/galactic /usr/bin/cmake --build /home/dihim/me326_ws/build/arm_controller -- -j4 -l4
[32.397s] Invoking command in '/home/dihim/me326_ws/build/arm_controller': CMAKE_PREFIX_PATH=${CMAKE_PREFIX_PATH}:/home/dihim/interbotix_ws/install/interbotix_xs_modules:/home/dihim/interbotix_ws/install/interbotix_perception_modules:/home/dihim/interbotix_ws/install/interbotix_common_modules:/opt/ros/galactic /usr/bin/cmake --install /home/dihim/me326_ws/build/arm_controller
[32.416s] -- Install configuration: ""
[32.418s] -- Installing: /home/dihim/me326_ws/install/arm_controller/lib/arm_controller/arm_controller
[32.431s] -- Set runtime path of "/home/dihim/me326_ws/install/arm_controller/lib/arm_controller/arm_controller" to ""
[32.432s] -- Up-to-date: /home/dihim/me326_ws/install/arm_controller/lib/arm_controller/moveit_interface_gui
[32.433s] -- Up-to-date: /home/dihim/me326_ws/install/arm_controller/share/arm_controller//launch
[32.433s] -- Up-to-date: /home/dihim/me326_ws/install/arm_controller/share/arm_controller//launch/spawn_blocks.py
[32.433s] -- Up-to-date: /home/dihim/me326_ws/install/arm_controller/share/arm_controller/model
[32.434s] -- Up-to-date: /home/dihim/me326_ws/install/arm_controller/share/arm_controller/model/blue_cube.urdf
[32.434s] -- Up-to-date: /home/dihim/me326_ws/install/arm_controller/share/arm_controller/model/yellow_cube.urdf
[32.434s] -- Up-to-date: /home/dihim/me326_ws/install/arm_controller/share/arm_controller/model/red_cube.urdf
[32.435s] -- Up-to-date: /home/dihim/me326_ws/install/arm_controller/share/arm_controller/model/green_cube.urdf
[32.436s] -- Up-to-date: /home/dihim/me326_ws/install/arm_controller/share/ament_index/resource_index/package_run_dependencies/arm_controller
[32.436s] -- Up-to-date: /home/dihim/me326_ws/install/arm_controller/share/ament_index/resource_index/parent_prefix_path/arm_controller
[32.444s] -- Up-to-date: /home/dihim/me326_ws/install/arm_controller/share/arm_controller/environment/ament_prefix_path.sh
[32.445s] -- Up-to-date: /home/dihim/me326_ws/install/arm_controller/share/arm_controller/environment/ament_prefix_path.dsv
[32.445s] -- Up-to-date: /home/dihim/me326_ws/install/arm_controller/share/arm_controller/environment/path.sh
[32.445s] -- Up-to-date: /home/dihim/me326_ws/install/arm_controller/share/arm_controller/environment/path.dsv
[32.446s] -- Up-to-date: /home/dihim/me326_ws/install/arm_controller/share/arm_controller/local_setup.bash
[32.446s] -- Up-to-date: /home/dihim/me326_ws/install/arm_controller/share/arm_controller/local_setup.sh
[32.447s] -- Up-to-date: /home/dihim/me326_ws/install/arm_controller/share/arm_controller/local_setup.zsh
[32.447s] -- Up-to-date: /home/dihim/me326_ws/install/arm_controller/share/arm_controller/local_setup.dsv
[32.447s] -- Installing: /home/dihim/me326_ws/install/arm_controller/share/arm_controller/package.dsv
[32.449s] -- Up-to-date: /home/dihim/me326_ws/install/arm_controller/share/ament_index/resource_index/packages/arm_controller
[32.450s] -- Up-to-date: /home/dihim/me326_ws/install/arm_controller/share/arm_controller/cmake/arm_controllerConfig.cmake
[32.450s] -- Up-to-date: /home/dihim/me326_ws/install/arm_controller/share/arm_controller/cmake/arm_controllerConfig-version.cmake
[32.451s] -- Up-to-date: /home/dihim/me326_ws/install/arm_controller/share/arm_controller/package.xml
[32.454s] Invoked command in '/home/dihim/me326_ws/build/arm_controller' returned '0': CMAKE_PREFIX_PATH=${CMAKE_PREFIX_PATH}:/home/dihim/interbotix_ws/install/interbotix_xs_modules:/home/dihim/interbotix_ws/install/interbotix_perception_modules:/home/dihim/interbotix_ws/install/interbotix_common_modules:/opt/ros/galactic /usr/bin/cmake --install /home/dihim/me326_ws/build/arm_controller
