[0.191s] Invoking command in '/home/yicheng/me326_ws/build/locobot_yicheng': CMAKE_PREFIX_PATH=${CMAKE_PREFIX_PATH}:/home/yicheng/interbotix_ws/install/interbotix_xs_modules:/home/yicheng/interbotix_ws/install/interbotix_perception_modules:/home/yicheng/interbotix_ws/install/interbotix_common_modules:/opt/ros/galactic /usr/bin/cmake --build /home/yicheng/me326_ws/build/locobot_yicheng -- -j8 -l8
[0.221s] -- Found ament_cmake: 1.1.6 (/opt/ros/galactic/share/ament_cmake/cmake)
[0.241s] -- Using PYTHON_EXECUTABLE: /usr/bin/python3
[0.305s] -- Found rclcpp: 9.2.2 (/opt/ros/galactic/share/rclcpp/cmake)
[0.342s] -- Using all available rosidl_typesupport_c: rosidl_typesupport_fastrtps_c;rosidl_typesupport_introspection_c
[0.346s] -- Found rosidl_adapter: 2.2.3 (/opt/ros/galactic/share/rosidl_adapter/cmake)
[0.468s] -- Using all available rosidl_typesupport_cpp: rosidl_typesupport_fastrtps_cpp;rosidl_typesupport_introspection_cpp
[0.518s] -- Found rmw_implementation_cmake: 3.3.1 (/opt/ros/galactic/share/rmw_implementation_cmake/cmake)
[0.520s] -- Found rmw_cyclonedds_cpp: 0.22.6 (/opt/ros/galactic/share/rmw_cyclonedds_cpp/cmake)
[0.537s] -- Using RMW implementation 'rmw_cyclonedds_cpp' as default
[0.700s] -- Found ament_lint_auto: 0.10.7 (/opt/ros/galactic/share/ament_lint_auto/cmake)
[0.770s] -- Added test 'copyright' to check source files copyright and LICENSE
[0.771s] -- Added test 'flake8' to check Python code syntax and style conventions
[0.771s] -- Added test 'lint_cmake' to check CMake code style
[0.772s] -- Added test 'pep257' to check Python code against some of the style conventions in PEP 257
[0.772s] -- Added test 'xmllint' to check XML markup files
[0.775s] -- Configuring done
[0.778s] -- Generating done
[0.779s] -- Build files have been written to: /home/yicheng/me326_ws/build/locobot_yicheng
[0.809s] Invoked command in '/home/yicheng/me326_ws/build/locobot_yicheng' returned '0': CMAKE_PREFIX_PATH=${CMAKE_PREFIX_PATH}:/home/yicheng/interbotix_ws/install/interbotix_xs_modules:/home/yicheng/interbotix_ws/install/interbotix_perception_modules:/home/yicheng/interbotix_ws/install/interbotix_common_modules:/opt/ros/galactic /usr/bin/cmake --build /home/yicheng/me326_ws/build/locobot_yicheng -- -j8 -l8
[0.846s] Invoking command in '/home/yicheng/me326_ws/build/locobot_yicheng': CMAKE_PREFIX_PATH=${CMAKE_PREFIX_PATH}:/home/yicheng/interbotix_ws/install/interbotix_xs_modules:/home/yicheng/interbotix_ws/install/interbotix_perception_modules:/home/yicheng/interbotix_ws/install/interbotix_common_modules:/opt/ros/galactic /usr/bin/cmake --install /home/yicheng/me326_ws/build/locobot_yicheng
[0.855s] -- Install configuration: ""
[0.855s] -- Installing: /home/yicheng/me326_ws/install/locobot_yicheng/lib/locobot_yicheng/locobot_control.py
[0.855s] -- Up-to-date: /home/yicheng/me326_ws/install/locobot_yicheng/share/ament_index/resource_index/package_run_dependencies/locobot_yicheng
[0.856s] -- Installing: /home/yicheng/me326_ws/install/locobot_yicheng/share/ament_index/resource_index/parent_prefix_path/locobot_yicheng
[0.856s] -- Up-to-date: /home/yicheng/me326_ws/install/locobot_yicheng/share/locobot_yicheng/environment/ament_prefix_path.sh
[0.856s] -- Installing: /home/yicheng/me326_ws/install/locobot_yicheng/share/locobot_yicheng/environment/ament_prefix_path.dsv
[0.856s] -- Up-to-date: /home/yicheng/me326_ws/install/locobot_yicheng/share/locobot_yicheng/environment/path.sh
[0.856s] -- Installing: /home/yicheng/me326_ws/install/locobot_yicheng/share/locobot_yicheng/environment/path.dsv
[0.856s] -- Up-to-date: /home/yicheng/me326_ws/install/locobot_yicheng/share/locobot_yicheng/local_setup.bash
[0.856s] -- Up-to-date: /home/yicheng/me326_ws/install/locobot_yicheng/share/locobot_yicheng/local_setup.sh
[0.856s] -- Up-to-date: /home/yicheng/me326_ws/install/locobot_yicheng/share/locobot_yicheng/local_setup.zsh
[0.856s] -- Installing: /home/yicheng/me326_ws/install/locobot_yicheng/share/locobot_yicheng/local_setup.dsv
[0.856s] -- Installing: /home/yicheng/me326_ws/install/locobot_yicheng/share/locobot_yicheng/package.dsv
[0.856s] -- Up-to-date: /home/yicheng/me326_ws/install/locobot_yicheng/share/ament_index/resource_index/packages/locobot_yicheng
[0.857s] -- Up-to-date: /home/yicheng/me326_ws/install/locobot_yicheng/share/locobot_yicheng/cmake/locobot_yichengConfig.cmake
[0.857s] -- Up-to-date: /home/yicheng/me326_ws/install/locobot_yicheng/share/locobot_yicheng/cmake/locobot_yichengConfig-version.cmake
[0.857s] -- Up-to-date: /home/yicheng/me326_ws/install/locobot_yicheng/share/locobot_yicheng/package.xml
[0.858s] Invoked command in '/home/yicheng/me326_ws/build/locobot_yicheng' returned '0': CMAKE_PREFIX_PATH=${CMAKE_PREFIX_PATH}:/home/yicheng/interbotix_ws/install/interbotix_xs_modules:/home/yicheng/interbotix_ws/install/interbotix_perception_modules:/home/yicheng/interbotix_ws/install/interbotix_common_modules:/opt/ros/galactic /usr/bin/cmake --install /home/yicheng/me326_ws/build/locobot_yicheng
