[3.603s] Invoking command in '/home/dihim/me326_ws/build/arm_controller': CMAKE_PREFIX_PATH=${CMAKE_PREFIX_PATH}:/home/dihim/me326_ws/install/locobot_controller:/home/dihim/interbotix_ws/install/interbotix_xs_modules:/home/dihim/interbotix_ws/install/interbotix_perception_modules:/home/dihim/interbotix_ws/install/interbotix_common_modules:/opt/ros/galactic /usr/bin/cmake --build /home/dihim/me326_ws/build/arm_controller -- -j4 -l4
[5.368s] [35m[1mScanning dependencies of target arm_controller[0m
[5.368s] [ 33%] [32mBuilding CXX object CMakeFiles/arm_controller.dir/src/moveit_interface.cpp.o[0m
[16.781s] [01m[K/home/dihim/me326_ws/src/arm_controller/src/moveit_interface.cpp:[m[K In member function ‘[01m[Kvoid MyNode::pick_callback(geometry_msgs::msg::PoseStamped_<std::allocator<void> >::SharedPtr) const[m[K’:
[16.781s] [01m[K/home/dihim/me326_ws/src/arm_controller/src/moveit_interface.cpp:32:9:[m[K [01;31m[Kerror: [m[Kexpected initializer before ‘[01m[Ktarget_pose[m[K’
[16.781s]    32 |         [01;31m[Ktarget_pose[m[K.pose = pose.pose;
[16.781s]       |         [01;31m[K^~~~~~~~~~~[m[K
[16.792s] [01m[K/home/dihim/me326_ws/src/arm_controller/src/moveit_interface.cpp:34:9:[m[K [01;31m[Kerror: [m[K‘[01m[Ktarget_pose[m[K’ was not declared in this scope
[16.792s]    34 |         [01;31m[Ktarget_pose[m[K->pose.position.z = 0.02;
[16.792s]       |         [01;31m[K^~~~~~~~~~~[m[K
[16.811s] [01m[K/home/dihim/me326_ws/src/arm_controller/src/moveit_interface.cpp:30:73:[m[K [01;35m[Kwarning: [m[Kunused parameter ‘[01m[Kpose[m[K’ [[01;35m[K-Wunused-parameter[m[K]
[16.811s]    30 | id pick_callback([01;35m[Kconst geometry_msgs::msg::PoseStamped::SharedPtr pose[m[K) const {
[16.811s]       |                  [01;35m[K~~~~~~~~~~~~~~~~~~~~~~~~~~~~~~~~~~~~~~~~~~~~~~~~~^~~~[m[K
[16.811s] 
[16.811s] [01m[K/home/dihim/me326_ws/src/arm_controller/src/moveit_interface.cpp:[m[K In member function ‘[01m[Kvoid MyNode::drop_callback(geometry_msgs::msg::PoseStamped_<std::allocator<void> >::SharedPtr) const[m[K’:
[16.811s] [01m[K/home/dihim/me326_ws/src/arm_controller/src/moveit_interface.cpp:55:41:[m[K [01;31m[Kerror: [m[Kdeclaration of ‘[01m[Kgeometry_msgs::msg::PoseStamped target_pose[m[K’ shadows a parameter
[16.811s]    55 |         geometry_msgs::msg::PoseStamped [01;31m[Ktarget_pose[m[K = pose;
[16.811s]       |                                         [01;31m[K^~~~~~~~~~~[m[K
[16.824s] [01m[K/home/dihim/me326_ws/src/arm_controller/src/moveit_interface.cpp:55:55:[m[K [01;31m[Kerror: [m[K‘[01m[Kpose[m[K’ was not declared in this scope
[16.824s]    55 |         geometry_msgs::msg::PoseStamped target_pose = [01;31m[Kpose[m[K;
[16.824s]       |                                                       [01;31m[K^~~~[m[K
[16.824s] [01m[K/home/dihim/me326_ws/src/arm_controller/src/moveit_interface.cpp:61:20:[m[K [01;31m[Kerror: [m[Kbase operand of ‘[01m[K->[m[K’ has non-pointer type ‘[01m[Kgeometry_msgs::msg::PoseStamped[m[K’ {aka ‘[01m[Kgeometry_msgs::msg::PoseStamped_<std::allocator<void> >[m[K’}
[16.824s]    61 |         target_pose[01;31m[K->[m[Kpose.position.z = 0.02; // Adjust the drop height as necessary.
[16.825s]       |                    [01;31m[K^~[m[K
[16.825s] [01m[K/home/dihim/me326_ws/src/arm_controller/src/moveit_interface.cpp:65:59:[m[K [01;31m[Kerror: [m[Kbase operand of ‘[01m[K->[m[K’ has non-pointer type ‘[01m[Kgeometry_msgs::msg::PoseStamped[m[K’ {aka ‘[01m[Kgeometry_msgs::msg::PoseStamped_<std::allocator<void> >[m[K’}
[16.825s]    65 |         moveit_interface_->moveit_plan_ee_pose(target_pose[01;31m[K->[m[Kpose);
[16.825s]       |                                                           [01;31m[K^~[m[K
[16.825s] [01m[K/home/dihim/me326_ws/src/arm_controller/src/moveit_interface.cpp:54:73:[m[K [01;35m[Kwarning: [m[Kunused parameter ‘[01m[Ktarget_pose[m[K’ [[01;35m[K-Wunused-parameter[m[K]
[16.825s]    54 | op_callback([01;35m[Kconst geometry_msgs::msg::PoseStamped::SharedPtr target_pose[m[K) const {
[16.825s]       |             [01;35m[K~~~~~~~~~~~~~~~~~~~~~~~~~~~~~~~~~~~~~~~~~~~~~~~~~^~~~~~~~~~~[m[K
[16.825s] 
[24.760s] make[2]: *** [CMakeFiles/arm_controller.dir/build.make:63: CMakeFiles/arm_controller.dir/src/moveit_interface.cpp.o] Error 1
[24.763s] make[1]: *** [CMakeFiles/Makefile2:78: CMakeFiles/arm_controller.dir/all] Error 2
[24.763s] make: *** [Makefile:141: all] Error 2
[24.799s] Invoked command in '/home/dihim/me326_ws/build/arm_controller' returned '2': CMAKE_PREFIX_PATH=${CMAKE_PREFIX_PATH}:/home/dihim/me326_ws/install/locobot_controller:/home/dihim/interbotix_ws/install/interbotix_xs_modules:/home/dihim/interbotix_ws/install/interbotix_perception_modules:/home/dihim/interbotix_ws/install/interbotix_common_modules:/opt/ros/galactic /usr/bin/cmake --build /home/dihim/me326_ws/build/arm_controller -- -j4 -l4
