[0.539s] Invoking command in '/home/dihim/me326_ws/build/gazebo_ros_link_attacher': CMAKE_PREFIX_PATH=${CMAKE_PREFIX_PATH}:/home/dihim/interbotix_ws/install/interbotix_xs_modules:/home/dihim/interbotix_ws/install/interbotix_perception_modules:/home/dihim/interbotix_ws/install/interbotix_common_modules:/opt/ros/galactic /usr/bin/cmake /home/dihim/me326_ws/src/gazebo_ros_link_attacher -DCMAKE_INSTALL_PREFIX=/home/dihim/me326_ws/install/gazebo_ros_link_attacher
[0.858s] -- Found ament_cmake: 1.1.6 (/opt/ros/galactic/share/ament_cmake/cmake)
[0.858s] -- Found PythonInterp: /usr/bin/python3 (found suitable version "3.8.10", minimum required is "3") 
[0.858s] -- Using PYTHON_EXECUTABLE: /usr/bin/python3
[0.858s] -- Found rclcpp: 9.2.2 (/opt/ros/galactic/share/rclcpp/cmake)
[0.858s] -- Using all available rosidl_typesupport_c: rosidl_typesupport_fastrtps_c;rosidl_typesupport_introspection_c
[0.858s] -- Found rosidl_adapter: 2.2.3 (/opt/ros/galactic/share/rosidl_adapter/cmake)
[0.858s] -- Found OpenSSL: /usr/lib/aarch64-linux-gnu/libcrypto.so (found version "1.1.1f")  
[0.858s] -- Found FastRTPS: /opt/ros/galactic/include  
[0.901s] -- Using all available rosidl_typesupport_cpp: rosidl_typesupport_fastrtps_cpp;rosidl_typesupport_introspection_cpp
[0.956s] -- Found rmw_implementation_cmake: 3.3.1 (/opt/ros/galactic/share/rmw_implementation_cmake/cmake)
[0.961s] -- Found rmw_cyclonedds_cpp: 0.22.6 (/opt/ros/galactic/share/rmw_cyclonedds_cpp/cmake)
[0.981s] -- Using RMW implementation 'rmw_cyclonedds_cpp' as default
[0.989s] -- Looking for pthread.h
[1.091s] -- Looking for pthread.h - found
[1.091s] -- Performing Test CMAKE_HAVE_LIBC_PTHREAD
[1.199s] -- Performing Test CMAKE_HAVE_LIBC_PTHREAD - Failed
[1.200s] -- Looking for pthread_create in pthreads
[1.262s] -- Looking for pthread_create in pthreads - not found
[1.263s] -- Looking for pthread_create in pthread
[1.317s] -- Looking for pthread_create in pthread - found
[1.317s] -- Found Threads: TRUE  
[1.422s] -- Found gazebo_ros: 3.5.2 (/opt/ros/galactic/share/gazebo_ros/cmake)
[1.432s] -- Found PkgConfig: /usr/bin/pkg-config (found version "0.29.1") 
[1.434s] -- Checking for module 'bullet>=2.82'
[1.442s] --   Found bullet, version 2.88
[1.512s] -- Found ccd: /usr/include (found suitable version "2.0", minimum required is "2.0") 
[1.548s] -- Found fcl: /usr/include (found suitable version "0.5.0", minimum required is "0.3.2") 
[1.579s] -- Found assimp: /usr/include (found version "5.0.0") 
[1.602s] -- Found DART: /usr/include (Required is at least version "6.6") found components: dart 
[1.626s] -- Found Boost: /usr/lib/aarch64-linux-gnu/cmake/Boost-1.71.0/BoostConfig.cmake (found suitable version "1.71.0", minimum required is "1.40.0") found components: thread system filesystem program_options regex iostreams date_time 
[1.644s] -- Found Protobuf: /usr/lib/aarch64-linux-gnu/libprotobuf.so;-lpthread (found version "3.6.1") 
[1.650s] -- Looking for ignition-math6 -- found version 6.15.1
[1.657s] -- Searching for dependencies of ignition-math6
[1.659s] -- Looking for OGRE...
[1.659s] -- OGRE_PREFIX_WATCH changed.
[1.662s] -- Checking for module 'OGRE'
[1.670s] --   Found OGRE, version 1.9.0
[1.690s] -- Found Ogre Ghadamon (1.9.0)
[1.696s] -- Found OGRE: optimized;/usr/lib/aarch64-linux-gnu/libOgreMain.so;debug;/usr/lib/aarch64-linux-gnu/libOgreMain.so
[1.702s] -- Looking for OGRE_Paging...
[1.706s] -- Found OGRE_Paging: optimized;/usr/lib/aarch64-linux-gnu/libOgrePaging.so;debug;/usr/lib/aarch64-linux-gnu/libOgrePaging.so
[1.706s] -- Looking for OGRE_Terrain...
[1.711s] -- Found OGRE_Terrain: optimized;/usr/lib/aarch64-linux-gnu/libOgreTerrain.so;debug;/usr/lib/aarch64-linux-gnu/libOgreTerrain.so
[1.711s] -- Looking for OGRE_Property...
[1.715s] -- Found OGRE_Property: optimized;/usr/lib/aarch64-linux-gnu/libOgreProperty.so;debug;/usr/lib/aarch64-linux-gnu/libOgreProperty.so
[1.715s] -- Looking for OGRE_RTShaderSystem...
[1.720s] -- Found OGRE_RTShaderSystem: optimized;/usr/lib/aarch64-linux-gnu/libOgreRTShaderSystem.so;debug;/usr/lib/aarch64-linux-gnu/libOgreRTShaderSystem.so
[1.720s] -- Looking for OGRE_Volume...
[1.726s] -- Found OGRE_Volume: optimized;/usr/lib/aarch64-linux-gnu/libOgreVolume.so;debug;/usr/lib/aarch64-linux-gnu/libOgreVolume.so
[1.726s] -- Looking for OGRE_Overlay...
[1.729s] -- Found OGRE_Overlay: optimized;/usr/lib/aarch64-linux-gnu/libOgreOverlay.so;debug;/usr/lib/aarch64-linux-gnu/libOgreOverlay.so
[1.827s] -- Looking for ignition-math6 -- found version 6.15.1
[1.833s] -- Looking for ignition-transport8 -- found version 8.3.0
[1.833s] -- Searching for dependencies of ignition-transport8
[1.846s] -- Found Protobuf: /usr/lib/aarch64-linux-gnu/libprotobuf.so;-lpthread (found suitable version "3.6.1", minimum required is "3") 
[1.853s] -- Config-file not installed for ZeroMQ -- checking for pkg-config
[1.856s] -- Checking for module 'libzmq >= 4'
[1.866s] --   Found libzmq , version 4.3.2
[1.892s] -- Found ZeroMQ: TRUE (Required is at least version "4") 
[1.910s] -- Checking for module 'uuid'
[1.969s] --   Found uuid, version 2.34.0
[2.000s] -- Found UUID: TRUE  
[2.009s] -- Looking for ignition-msgs5 -- found version 5.10.0
[2.010s] -- Searching for dependencies of ignition-msgs5
[2.073s] -- Looking for ignition-math6 -- found version 6.15.1
[2.076s] -- Checking for module 'tinyxml2'
[2.087s] --   Found tinyxml2, version 6.2.0
[2.110s] -- Looking for ignition-msgs5 -- found version 5.10.0
[2.113s] -- Looking for ignition-common3 -- found version 3.14.2
[2.113s] -- Searching for dependencies of ignition-common3
[2.115s] -- Looking for dlfcn.h - found
[2.115s] -- Looking for libdl - found
[2.115s] -- Found DL: TRUE  
[2.121s] -- Searching for <ignition-common3> component [graphics]
[2.124s] -- Looking for ignition-common3-graphics -- found version 3.14.2
[2.124s] -- Searching for dependencies of ignition-common3-graphics
[2.124s] -- Looking for ignition-math6 -- found version 6.15.1
[2.127s] -- Looking for ignition-fuel_tools4 -- found version 4.6.0
[2.128s] -- Searching for dependencies of ignition-fuel_tools4
[2.178s] -- Found CURL: /usr/lib/aarch64-linux-gnu/libcurl.so (found version "7.68.0")  
[2.185s] -- Checking for module 'jsoncpp'
[2.194s] --   Found jsoncpp, version 1.7.4
[2.214s] -- Found JSONCPP: TRUE  
[2.217s] -- Checking for module 'libzip'
[2.225s] --   Found libzip, version 1.5.1
[2.245s] -- Found ZIP: TRUE  
[2.245s] -- Looking for ignition-common3 -- found version 3.14.2
[2.245s] -- Looking for ignition-math6 -- found version 6.15.1
[2.245s] -- Looking for ignition-msgs5 -- found version 5.10.0
[2.247s] -- Gazebo version: 11.11
[2.251s] -- Found rosidl_default_generators: 1.1.1 (/opt/ros/galactic/share/rosidl_default_generators/cmake)
[2.274s] -- Found PythonInterp: /usr/bin/python3 (found version "3.8.10") 
[2.362s] -- Found ament_cmake_ros: 0.9.2 (/opt/ros/galactic/share/ament_cmake_ros/cmake)
[2.468s] -- Using all available rosidl_typesupport_c: rosidl_typesupport_fastrtps_c;rosidl_typesupport_introspection_c
[2.498s] -- Using all available rosidl_typesupport_cpp: rosidl_typesupport_fastrtps_cpp;rosidl_typesupport_introspection_cpp
[2.511s] -- Found PythonInterp: /usr/bin/python3 (found suitable version "3.8.10", minimum required is "3.5") 
[2.514s] -- Found python_cmake_module: 0.8.1 (/opt/ros/galactic/share/python_cmake_module/cmake)
[2.528s] -- Found PythonLibs: /usr/lib/aarch64-linux-gnu/libpython3.8.so (found suitable version "3.8.10", minimum required is "3.5") 
[2.528s] -- Using PYTHON_EXECUTABLE: /usr/bin/python3
[2.528s] -- Using PYTHON_INCLUDE_DIRS: /usr/include/python3.8
[2.528s] -- Using PYTHON_LIBRARIES: /usr/lib/aarch64-linux-gnu/libpython3.8.so
[2.539s] -- Found PythonExtra: .so  
[2.574s] CMake Error at CMakeLists.txt:59 (rosidl_get_typesupport_target):
[2.574s]   Unknown CMake command "rosidl_get_typesupport_target".
[2.574s] 
[2.574s] 
[2.575s] -- Configuring incomplete, errors occurred!
[2.575s] See also "/home/dihim/me326_ws/build/gazebo_ros_link_attacher/CMakeFiles/CMakeOutput.log".
[2.575s] See also "/home/dihim/me326_ws/build/gazebo_ros_link_attacher/CMakeFiles/CMakeError.log".
