[0.502s] Invoking command in '/home/dihim/me326_ws/build/locobot_yicheng': CMAKE_PREFIX_PATH=${CMAKE_PREFIX_PATH}:/home/dihim/interbotix_ws/install/interbotix_xs_modules:/home/dihim/interbotix_ws/install/interbotix_perception_modules:/home/dihim/interbotix_ws/install/interbotix_common_modules:/opt/ros/galactic /usr/bin/cmake --build /home/dihim/me326_ws/build/locobot_yicheng -- -j4 -l4
[0.542s] Invoked command in '/home/dihim/me326_ws/build/locobot_yicheng' returned '0': CMAKE_PREFIX_PATH=${CMAKE_PREFIX_PATH}:/home/dihim/interbotix_ws/install/interbotix_xs_modules:/home/dihim/interbotix_ws/install/interbotix_perception_modules:/home/dihim/interbotix_ws/install/interbotix_common_modules:/opt/ros/galactic /usr/bin/cmake --build /home/dihim/me326_ws/build/locobot_yicheng -- -j4 -l4
[0.576s] Invoking command in '/home/dihim/me326_ws/build/locobot_yicheng': CMAKE_PREFIX_PATH=${CMAKE_PREFIX_PATH}:/home/dihim/interbotix_ws/install/interbotix_xs_modules:/home/dihim/interbotix_ws/install/interbotix_perception_modules:/home/dihim/interbotix_ws/install/interbotix_common_modules:/opt/ros/galactic /usr/bin/cmake --install /home/dihim/me326_ws/build/locobot_yicheng
[0.588s] -- Install configuration: ""
[0.588s] -- Up-to-date: /home/dihim/me326_ws/install/locobot_yicheng/lib/locobot_yicheng/locobot_control.py
[0.588s] -- Up-to-date: /home/dihim/me326_ws/install/locobot_yicheng/share/ament_index/resource_index/package_run_dependencies/locobot_yicheng
[0.588s] -- Up-to-date: /home/dihim/me326_ws/install/locobot_yicheng/share/ament_index/resource_index/parent_prefix_path/locobot_yicheng
[0.588s] -- Up-to-date: /home/dihim/me326_ws/install/locobot_yicheng/share/locobot_yicheng/environment/ament_prefix_path.sh
[0.588s] -- Up-to-date: /home/dihim/me326_ws/install/locobot_yicheng/share/locobot_yicheng/environment/ament_prefix_path.dsv
[0.588s] -- Up-to-date: /home/dihim/me326_ws/install/locobot_yicheng/share/locobot_yicheng/environment/path.sh
[0.588s] -- Up-to-date: /home/dihim/me326_ws/install/locobot_yicheng/share/locobot_yicheng/environment/path.dsv
[0.588s] -- Up-to-date: /home/dihim/me326_ws/install/locobot_yicheng/share/locobot_yicheng/local_setup.bash
[0.588s] -- Up-to-date: /home/dihim/me326_ws/install/locobot_yicheng/share/locobot_yicheng/local_setup.sh
[0.588s] -- Up-to-date: /home/dihim/me326_ws/install/locobot_yicheng/share/locobot_yicheng/local_setup.zsh
[0.589s] -- Up-to-date: /home/dihim/me326_ws/install/locobot_yicheng/share/locobot_yicheng/local_setup.dsv
[0.589s] -- Up-to-date: /home/dihim/me326_ws/install/locobot_yicheng/share/locobot_yicheng/package.dsv
[0.589s] -- Up-to-date: /home/dihim/me326_ws/install/locobot_yicheng/share/ament_index/resource_index/packages/locobot_yicheng
[0.589s] -- Up-to-date: /home/dihim/me326_ws/install/locobot_yicheng/share/locobot_yicheng/cmake/locobot_yichengConfig.cmake
[0.589s] -- Up-to-date: /home/dihim/me326_ws/install/locobot_yicheng/share/locobot_yicheng/cmake/locobot_yichengConfig-version.cmake
[0.589s] -- Up-to-date: /home/dihim/me326_ws/install/locobot_yicheng/share/locobot_yicheng/package.xml
[0.591s] Invoked command in '/home/dihim/me326_ws/build/locobot_yicheng' returned '0': CMAKE_PREFIX_PATH=${CMAKE_PREFIX_PATH}:/home/dihim/interbotix_ws/install/interbotix_xs_modules:/home/dihim/interbotix_ws/install/interbotix_perception_modules:/home/dihim/interbotix_ws/install/interbotix_common_modules:/opt/ros/galactic /usr/bin/cmake --install /home/dihim/me326_ws/build/locobot_yicheng
