[0.344s] Invoking command in '/home/yicheng/me326_ws/build/la_msgs': CMAKE_PREFIX_PATH=${CMAKE_PREFIX_PATH}:/home/yicheng/interbotix_ws/install/interbotix_xs_modules:/home/yicheng/interbotix_ws/install/interbotix_perception_modules:/home/yicheng/interbotix_ws/install/interbotix_common_modules:/opt/ros/galactic /usr/bin/cmake /home/yicheng/me326_ws/src/la_msgs -DCMAKE_INSTALL_PREFIX=/home/yicheng/me326_ws/install/la_msgs
[0.599s] -- The C compiler identification is GNU 9.4.0
[0.599s] -- The CXX compiler identification is GNU 9.4.0
[0.599s] -- Check for working C compiler: /usr/bin/cc
[0.599s] -- Check for working C compiler: /usr/bin/cc -- works
[0.599s] -- Detecting C compiler ABI info
[0.599s] -- Detecting C compiler ABI info - done
[0.599s] -- Detecting C compile features
[0.599s] -- Detecting C compile features - done
[0.599s] -- Check for working CXX compiler: /usr/bin/c++
[0.603s] -- Check for working CXX compiler: /usr/bin/c++ -- works
[0.604s] -- Detecting CXX compiler ABI info
[0.663s] -- Detecting CXX compiler ABI info - done
[0.677s] -- Detecting CXX compile features
[0.677s] -- Detecting CXX compile features - done
[0.685s] -- Found ament_cmake: 1.1.6 (/opt/ros/galactic/share/ament_cmake/cmake)
[0.708s] -- Found PythonInterp: /usr/bin/python3 (found suitable version "3.8.10", minimum required is "3") 
[0.708s] -- Using PYTHON_EXECUTABLE: /usr/bin/python3
[0.786s] -- Found rclcpp: 9.2.2 (/opt/ros/galactic/share/rclcpp/cmake)
[0.837s] -- Using all available rosidl_typesupport_c: rosidl_typesupport_fastrtps_c;rosidl_typesupport_introspection_c
[0.844s] -- Found rosidl_adapter: 2.2.3 (/opt/ros/galactic/share/rosidl_adapter/cmake)
[0.917s] -- Found OpenSSL: /usr/lib/x86_64-linux-gnu/libcrypto.so (found version "1.1.1f")  
[0.946s] -- Found FastRTPS: /opt/ros/galactic/include  
[1.008s] -- Using all available rosidl_typesupport_cpp: rosidl_typesupport_fastrtps_cpp;rosidl_typesupport_introspection_cpp
[1.057s] -- Found rmw_implementation_cmake: 3.3.1 (/opt/ros/galactic/share/rmw_implementation_cmake/cmake)
[1.060s] -- Found rmw_cyclonedds_cpp: 0.22.6 (/opt/ros/galactic/share/rmw_cyclonedds_cpp/cmake)
[1.076s] -- Using RMW implementation 'rmw_cyclonedds_cpp' as default
[1.077s] -- Looking for pthread.h
[1.132s] -- Looking for pthread.h - found
[1.133s] -- Performing Test CMAKE_HAVE_LIBC_PTHREAD
[1.185s] -- Performing Test CMAKE_HAVE_LIBC_PTHREAD - Failed
[1.187s] -- Looking for pthread_create in pthreads
[1.230s] -- Looking for pthread_create in pthreads - not found
[1.230s] -- Looking for pthread_create in pthread
[1.285s] -- Looking for pthread_create in pthread - found
[1.286s] -- Found Threads: TRUE  
[1.394s] -- Found geometry_msgs: 2.2.4 (/opt/ros/galactic/share/geometry_msgs/cmake)
[1.417s] -- Found sensor_msgs: 2.2.4 (/opt/ros/galactic/share/sensor_msgs/cmake)
[1.462s] -- Found rosidl_default_generators: 1.1.1 (/opt/ros/galactic/share/rosidl_default_generators/cmake)
[1.485s] -- Found PythonInterp: /usr/bin/python3 (found version "3.8.10") 
[1.642s] -- Found ament_cmake_ros: 0.9.2 (/opt/ros/galactic/share/ament_cmake_ros/cmake)
[1.812s] -- Using all available rosidl_typesupport_c: rosidl_typesupport_fastrtps_c;rosidl_typesupport_introspection_c
[1.885s] -- Using all available rosidl_typesupport_cpp: rosidl_typesupport_fastrtps_cpp;rosidl_typesupport_introspection_cpp
[1.904s] -- Found PythonInterp: /usr/bin/python3 (found suitable version "3.8.10", minimum required is "3.5") 
[1.914s] -- Found python_cmake_module: 0.8.1 (/opt/ros/galactic/share/python_cmake_module/cmake)
[1.935s] -- Found PythonLibs: /usr/lib/x86_64-linux-gnu/libpython3.8.so (found suitable version "3.8.10", minimum required is "3.5") 
[1.935s] -- Using PYTHON_EXECUTABLE: /usr/bin/python3
[1.935s] -- Using PYTHON_INCLUDE_DIRS: /usr/include/python3.8
[1.935s] -- Using PYTHON_LIBRARIES: /usr/lib/x86_64-linux-gnu/libpython3.8.so
[1.953s] -- Found PythonExtra: .so  
[2.021s] -- Configuring done
[2.057s] -- Generating done
[2.058s] -- Build files have been written to: /home/yicheng/me326_ws/build/la_msgs
[2.065s] Invoked command in '/home/yicheng/me326_ws/build/la_msgs' returned '0': CMAKE_PREFIX_PATH=${CMAKE_PREFIX_PATH}:/home/yicheng/interbotix_ws/install/interbotix_xs_modules:/home/yicheng/interbotix_ws/install/interbotix_perception_modules:/home/yicheng/interbotix_ws/install/interbotix_common_modules:/opt/ros/galactic /usr/bin/cmake /home/yicheng/me326_ws/src/la_msgs -DCMAKE_INSTALL_PREFIX=/home/yicheng/me326_ws/install/la_msgs
[2.067s] Invoking command in '/home/yicheng/me326_ws/build/la_msgs': CMAKE_PREFIX_PATH=${CMAKE_PREFIX_PATH}:/home/yicheng/interbotix_ws/install/interbotix_xs_modules:/home/yicheng/interbotix_ws/install/interbotix_perception_modules:/home/yicheng/interbotix_ws/install/interbotix_common_modules:/opt/ros/galactic /usr/bin/cmake --build /home/yicheng/me326_ws/build/la_msgs -- -j8 -l8
[2.099s] [35m[1mScanning dependencies of target la_msgs__cpp[0m
[2.100s] [  2%] [34m[1mGenerating C code for ROS interfaces[0m
[2.109s] [  5%] [34m[1mGenerating C++ code for ROS interfaces[0m
[2.412s] [  5%] Built target la_msgs__cpp
[2.427s] [  7%] [34m[1mGenerating C++ type support dispatch for ROS interfaces[0m
[2.428s] [ 10%] [34m[1mGenerating C++ type support for eProsima Fast-RTPS[0m
[2.431s] [ 12%] [34m[1mGenerating C++ introspection for ROS interfaces[0m
[2.436s] [35m[1mScanning dependencies of target la_msgs__rosidl_generator_c[0m
[2.449s] [ 15%] [32mBuilding C object CMakeFiles/la_msgs__rosidl_generator_c.dir/rosidl_generator_c/la_msgs/action/detail/move_base__functions.c.o[0m
[2.453s] [ 17%] [32mBuilding C object CMakeFiles/la_msgs__rosidl_generator_c.dir/rosidl_generator_c/la_msgs/srv/detail/ptps__functions.c.o[0m
[2.537s] [ 20%] [32m[1mLinking C shared library libla_msgs__rosidl_generator_c.so[0m
[2.569s] [ 20%] Built target la_msgs__rosidl_generator_c
[2.580s] [ 23%] [34m[1mGenerating C introspection for ROS interfaces[0m
[2.583s] [ 25%] [34m[1mGenerating C type support dispatch for ROS interfaces[0m
[2.702s] [35m[1mScanning dependencies of target la_msgs__rosidl_typesupport_introspection_cpp[0m
[2.704s] [35m[1mScanning dependencies of target la_msgs__rosidl_typesupport_cpp[0m
[2.724s] [ 30%] [32mBuilding CXX object CMakeFiles/la_msgs__rosidl_typesupport_introspection_cpp.dir/rosidl_typesupport_introspection_cpp/la_msgs/action/detail/move_base__type_support.cpp.o[0m
[2.725s] [ 33%] [32mBuilding CXX object CMakeFiles/la_msgs__rosidl_typesupport_cpp.dir/rosidl_typesupport_cpp/la_msgs/srv/ptps__type_support.cpp.o[0m
[2.725s] [ 30%] [32mBuilding CXX object CMakeFiles/la_msgs__rosidl_typesupport_cpp.dir/rosidl_typesupport_cpp/la_msgs/action/move_base__type_support.cpp.o[0m
[2.725s] [ 35%] [32mBuilding CXX object CMakeFiles/la_msgs__rosidl_typesupport_introspection_cpp.dir/rosidl_typesupport_introspection_cpp/la_msgs/srv/detail/ptps__type_support.cpp.o[0m
[2.843s] [35m[1mScanning dependencies of target la_msgs__rosidl_typesupport_fastrtps_cpp[0m
[2.872s] [ 38%] [32mBuilding CXX object CMakeFiles/la_msgs__rosidl_typesupport_fastrtps_cpp.dir/rosidl_typesupport_fastrtps_cpp/la_msgs/action/detail/dds_fastrtps/move_base__type_support.cpp.o[0m
[2.883s] [ 41%] [32mBuilding CXX object CMakeFiles/la_msgs__rosidl_typesupport_fastrtps_cpp.dir/rosidl_typesupport_fastrtps_cpp/la_msgs/srv/detail/dds_fastrtps/ptps__type_support.cpp.o[0m
[2.978s] [35m[1mScanning dependencies of target la_msgs__rosidl_typesupport_c[0m
[2.998s] [ 43%] [32mBuilding CXX object CMakeFiles/la_msgs__rosidl_typesupport_c.dir/rosidl_typesupport_c/la_msgs/action/move_base__type_support.cpp.o[0m
[2.998s] [ 46%] [32mBuilding CXX object CMakeFiles/la_msgs__rosidl_typesupport_c.dir/rosidl_typesupport_c/la_msgs/srv/ptps__type_support.cpp.o[0m
[3.054s] [35m[1mScanning dependencies of target la_msgs__rosidl_typesupport_introspection_c[0m
[3.058s] [ 48%] [32m[1mLinking CXX shared library libla_msgs__rosidl_typesupport_c.so[0m
[3.076s] [ 51%] [32mBuilding C object CMakeFiles/la_msgs__rosidl_typesupport_introspection_c.dir/rosidl_typesupport_introspection_c/la_msgs/action/detail/move_base__type_support.c.o[0m
[3.077s] [ 53%] [32mBuilding C object CMakeFiles/la_msgs__rosidl_typesupport_introspection_c.dir/rosidl_typesupport_introspection_c/la_msgs/srv/detail/ptps__type_support.c.o[0m
[3.116s] [ 53%] Built target la_msgs__rosidl_typesupport_c
[3.135s] [ 56%] [32m[1mLinking C shared library libla_msgs__rosidl_typesupport_introspection_c.so[0m
[3.179s] [ 56%] Built target la_msgs__rosidl_typesupport_introspection_c
[3.219s] [ 58%] [32m[1mLinking CXX shared library libla_msgs__rosidl_typesupport_cpp.so[0m
[3.232s] [ 61%] [32m[1mLinking CXX shared library libla_msgs__rosidl_typesupport_introspection_cpp.so[0m
[3.252s] [ 61%] Built target la_msgs__rosidl_typesupport_cpp
[3.289s] [ 61%] Built target la_msgs__rosidl_typesupport_introspection_cpp
[3.380s] [ 64%] [32m[1mLinking CXX shared library libla_msgs__rosidl_typesupport_fastrtps_cpp.so[0m
[3.439s] [ 64%] Built target la_msgs__rosidl_typesupport_fastrtps_cpp
[3.448s] [ 66%] [34m[1mGenerating C type support for eProsima Fast-RTPS[0m
[3.699s] [35m[1mScanning dependencies of target la_msgs__rosidl_typesupport_fastrtps_c[0m
[3.719s] [ 71%] [32mBuilding CXX object CMakeFiles/la_msgs__rosidl_typesupport_fastrtps_c.dir/rosidl_typesupport_fastrtps_c/la_msgs/action/detail/move_base__type_support_c.cpp.o[0m
[3.719s] [ 71%] [32mBuilding CXX object CMakeFiles/la_msgs__rosidl_typesupport_fastrtps_c.dir/rosidl_typesupport_fastrtps_c/la_msgs/srv/detail/ptps__type_support_c.cpp.o[0m
[3.949s] [ 74%] [32m[1mLinking CXX shared library libla_msgs__rosidl_typesupport_fastrtps_c.so[0m
[4.009s] [ 74%] Built target la_msgs__rosidl_typesupport_fastrtps_c
[4.017s] [35m[1mScanning dependencies of target la_msgs[0m
[4.027s] [ 74%] Built target la_msgs
[4.038s] [35m[1mScanning dependencies of target la_msgs__py[0m
[4.049s] [ 76%] [34m[1mGenerating Python code for ROS interfaces[0m
[4.617s] [ 76%] Built target la_msgs__py
[4.625s] [35m[1mScanning dependencies of target la_msgs__python[0m
[4.642s] [ 82%] [32mBuilding C object CMakeFiles/la_msgs__python.dir/rosidl_generator_py/la_msgs/action/_move_base_s.c.o[0m
[4.642s] [ 82%] [32mBuilding C object CMakeFiles/la_msgs__python.dir/rosidl_generator_py/la_msgs/srv/_ptps_s.c.o[0m
[4.721s] [ 84%] [32m[1mLinking C shared library rosidl_generator_py/la_msgs/libla_msgs__python.so[0m
[4.760s] [ 84%] Built target la_msgs__python
[4.768s] [35m[1mScanning dependencies of target la_msgs__rosidl_typesupport_introspection_c__pyext[0m
[4.768s] [35m[1mScanning dependencies of target la_msgs__rosidl_typesupport_c__pyext[0m
[4.768s] [35m[1mScanning dependencies of target la_msgs__rosidl_typesupport_fastrtps_c__pyext[0m
[4.784s] [ 87%] [32mBuilding C object CMakeFiles/la_msgs__rosidl_typesupport_c__pyext.dir/rosidl_generator_py/la_msgs/_la_msgs_s.ep.rosidl_typesupport_c.c.o[0m
[4.784s] [ 89%] [32mBuilding C object CMakeFiles/la_msgs__rosidl_typesupport_introspection_c__pyext.dir/rosidl_generator_py/la_msgs/_la_msgs_s.ep.rosidl_typesupport_introspection_c.c.o[0m
[4.785s] [ 92%] [32mBuilding C object CMakeFiles/la_msgs__rosidl_typesupport_fastrtps_c__pyext.dir/rosidl_generator_py/la_msgs/_la_msgs_s.ep.rosidl_typesupport_fastrtps_c.c.o[0m
[4.859s] [ 97%] [32m[1mLinking C shared library rosidl_generator_py/la_msgs/la_msgs_s__rosidl_typesupport_introspection_c.cpython-38-x86_64-linux-gnu.so[0m
[4.859s] [ 97%] [32m[1mLinking C shared library rosidl_generator_py/la_msgs/la_msgs_s__rosidl_typesupport_c.cpython-38-x86_64-linux-gnu.so[0m
[4.860s] [100%] [32m[1mLinking CXX shared library rosidl_generator_py/la_msgs/la_msgs_s__rosidl_typesupport_fastrtps_c.cpython-38-x86_64-linux-gnu.so[0m
[4.890s] [100%] Built target la_msgs__rosidl_typesupport_c__pyext
[4.890s] [100%] Built target la_msgs__rosidl_typesupport_introspection_c__pyext
[4.911s] [100%] Built target la_msgs__rosidl_typesupport_fastrtps_c__pyext
[4.921s] Invoked command in '/home/yicheng/me326_ws/build/la_msgs' returned '0': CMAKE_PREFIX_PATH=${CMAKE_PREFIX_PATH}:/home/yicheng/interbotix_ws/install/interbotix_xs_modules:/home/yicheng/interbotix_ws/install/interbotix_perception_modules:/home/yicheng/interbotix_ws/install/interbotix_common_modules:/opt/ros/galactic /usr/bin/cmake --build /home/yicheng/me326_ws/build/la_msgs -- -j8 -l8
[4.978s] Invoking command in '/home/yicheng/me326_ws/build/la_msgs': CMAKE_PREFIX_PATH=${CMAKE_PREFIX_PATH}:/home/yicheng/interbotix_ws/install/interbotix_xs_modules:/home/yicheng/interbotix_ws/install/interbotix_perception_modules:/home/yicheng/interbotix_ws/install/interbotix_common_modules:/opt/ros/galactic /usr/bin/cmake --install /home/yicheng/me326_ws/build/la_msgs
[4.986s] -- Install configuration: ""
[4.986s] -- Installing: /home/yicheng/me326_ws/install/la_msgs/share/ament_index/resource_index/rosidl_interfaces/la_msgs
[4.986s] -- Installing: /home/yicheng/me326_ws/install/la_msgs/include/la_msgs
[4.986s] -- Installing: /home/yicheng/me326_ws/install/la_msgs/include/la_msgs/msg
[4.986s] -- Installing: /home/yicheng/me326_ws/install/la_msgs/include/la_msgs/msg/rosidl_generator_c__visibility_control.h
[4.986s] -- Installing: /home/yicheng/me326_ws/install/la_msgs/include/la_msgs/action
[4.986s] -- Installing: /home/yicheng/me326_ws/install/la_msgs/include/la_msgs/action/detail
[4.986s] -- Installing: /home/yicheng/me326_ws/install/la_msgs/include/la_msgs/action/detail/move_base__struct.h
[4.986s] -- Installing: /home/yicheng/me326_ws/install/la_msgs/include/la_msgs/action/detail/move_base__functions.c
[4.986s] -- Installing: /home/yicheng/me326_ws/install/la_msgs/include/la_msgs/action/detail/move_base__functions.h
[4.987s] -- Installing: /home/yicheng/me326_ws/install/la_msgs/include/la_msgs/action/detail/move_base__type_support.h
[4.987s] -- Installing: /home/yicheng/me326_ws/install/la_msgs/include/la_msgs/action/move_base.h
[4.987s] -- Installing: /home/yicheng/me326_ws/install/la_msgs/include/la_msgs/srv
[4.987s] -- Installing: /home/yicheng/me326_ws/install/la_msgs/include/la_msgs/srv/ptps.h
[4.987s] -- Installing: /home/yicheng/me326_ws/install/la_msgs/include/la_msgs/srv/detail
[4.987s] -- Installing: /home/yicheng/me326_ws/install/la_msgs/include/la_msgs/srv/detail/ptps__functions.h
[4.987s] -- Installing: /home/yicheng/me326_ws/install/la_msgs/include/la_msgs/srv/detail/ptps__functions.c
[4.987s] -- Installing: /home/yicheng/me326_ws/install/la_msgs/include/la_msgs/srv/detail/ptps__struct.h
[4.987s] -- Installing: /home/yicheng/me326_ws/install/la_msgs/include/la_msgs/srv/detail/ptps__type_support.h
[4.987s] -- Installing: /home/yicheng/me326_ws/install/la_msgs/share/la_msgs/environment/library_path.sh
[4.987s] -- Installing: /home/yicheng/me326_ws/install/la_msgs/share/la_msgs/environment/library_path.dsv
[4.987s] -- Installing: /home/yicheng/me326_ws/install/la_msgs/lib/libla_msgs__rosidl_generator_c.so
[4.987s] -- Set runtime path of "/home/yicheng/me326_ws/install/la_msgs/lib/libla_msgs__rosidl_generator_c.so" to ""
[4.987s] -- Up-to-date: /home/yicheng/me326_ws/install/la_msgs/include/la_msgs
[4.987s] -- Up-to-date: /home/yicheng/me326_ws/install/la_msgs/include/la_msgs/msg
[4.987s] -- Installing: /home/yicheng/me326_ws/install/la_msgs/include/la_msgs/msg/rosidl_typesupport_fastrtps_c__visibility_control.h
[4.987s] -- Up-to-date: /home/yicheng/me326_ws/install/la_msgs/include/la_msgs/action
[4.987s] -- Up-to-date: /home/yicheng/me326_ws/install/la_msgs/include/la_msgs/action/detail
[4.987s] -- Installing: /home/yicheng/me326_ws/install/la_msgs/include/la_msgs/action/detail/move_base__rosidl_typesupport_fastrtps_c.h
[4.987s] -- Up-to-date: /home/yicheng/me326_ws/install/la_msgs/include/la_msgs/srv
[4.987s] -- Up-to-date: /home/yicheng/me326_ws/install/la_msgs/include/la_msgs/srv/detail
[4.988s] -- Installing: /home/yicheng/me326_ws/install/la_msgs/include/la_msgs/srv/detail/ptps__rosidl_typesupport_fastrtps_c.h
[4.988s] -- Installing: /home/yicheng/me326_ws/install/la_msgs/lib/libla_msgs__rosidl_typesupport_fastrtps_c.so
[4.988s] -- Set runtime path of "/home/yicheng/me326_ws/install/la_msgs/lib/libla_msgs__rosidl_typesupport_fastrtps_c.so" to ""
[4.988s] -- Up-to-date: /home/yicheng/me326_ws/install/la_msgs/include/la_msgs
[4.988s] -- Up-to-date: /home/yicheng/me326_ws/install/la_msgs/include/la_msgs/msg
[4.988s] -- Installing: /home/yicheng/me326_ws/install/la_msgs/include/la_msgs/msg/rosidl_typesupport_fastrtps_cpp__visibility_control.h
[4.988s] -- Up-to-date: /home/yicheng/me326_ws/install/la_msgs/include/la_msgs/action
[4.988s] -- Up-to-date: /home/yicheng/me326_ws/install/la_msgs/include/la_msgs/action/detail
[4.988s] -- Installing: /home/yicheng/me326_ws/install/la_msgs/include/la_msgs/action/detail/dds_fastrtps
[4.988s] -- Installing: /home/yicheng/me326_ws/install/la_msgs/include/la_msgs/action/detail/move_base__rosidl_typesupport_fastrtps_cpp.hpp
[4.988s] -- Up-to-date: /home/yicheng/me326_ws/install/la_msgs/include/la_msgs/srv
[4.988s] -- Up-to-date: /home/yicheng/me326_ws/install/la_msgs/include/la_msgs/srv/detail
[4.988s] -- Installing: /home/yicheng/me326_ws/install/la_msgs/include/la_msgs/srv/detail/dds_fastrtps
[4.988s] -- Installing: /home/yicheng/me326_ws/install/la_msgs/include/la_msgs/srv/detail/ptps__rosidl_typesupport_fastrtps_cpp.hpp
[4.988s] -- Installing: /home/yicheng/me326_ws/install/la_msgs/lib/libla_msgs__rosidl_typesupport_fastrtps_cpp.so
[4.988s] -- Set runtime path of "/home/yicheng/me326_ws/install/la_msgs/lib/libla_msgs__rosidl_typesupport_fastrtps_cpp.so" to ""
[4.988s] -- Up-to-date: /home/yicheng/me326_ws/install/la_msgs/include/la_msgs
[4.988s] -- Up-to-date: /home/yicheng/me326_ws/install/la_msgs/include/la_msgs/msg
[4.988s] -- Installing: /home/yicheng/me326_ws/install/la_msgs/include/la_msgs/msg/rosidl_typesupport_introspection_c__visibility_control.h
[4.988s] -- Up-to-date: /home/yicheng/me326_ws/install/la_msgs/include/la_msgs/action
[4.988s] -- Up-to-date: /home/yicheng/me326_ws/install/la_msgs/include/la_msgs/action/detail
[4.989s] -- Installing: /home/yicheng/me326_ws/install/la_msgs/include/la_msgs/action/detail/move_base__rosidl_typesupport_introspection_c.h
[4.989s] -- Installing: /home/yicheng/me326_ws/install/la_msgs/include/la_msgs/action/detail/move_base__type_support.c
[4.989s] -- Up-to-date: /home/yicheng/me326_ws/install/la_msgs/include/la_msgs/srv
[4.989s] -- Up-to-date: /home/yicheng/me326_ws/install/la_msgs/include/la_msgs/srv/detail
[4.989s] -- Installing: /home/yicheng/me326_ws/install/la_msgs/include/la_msgs/srv/detail/ptps__rosidl_typesupport_introspection_c.h
[4.989s] -- Installing: /home/yicheng/me326_ws/install/la_msgs/include/la_msgs/srv/detail/ptps__type_support.c
[4.989s] -- Installing: /home/yicheng/me326_ws/install/la_msgs/lib/libla_msgs__rosidl_typesupport_introspection_c.so
[4.989s] -- Set runtime path of "/home/yicheng/me326_ws/install/la_msgs/lib/libla_msgs__rosidl_typesupport_introspection_c.so" to ""
[4.989s] -- Installing: /home/yicheng/me326_ws/install/la_msgs/lib/libla_msgs__rosidl_typesupport_c.so
[4.989s] -- Set runtime path of "/home/yicheng/me326_ws/install/la_msgs/lib/libla_msgs__rosidl_typesupport_c.so" to ""
[4.989s] -- Up-to-date: /home/yicheng/me326_ws/install/la_msgs/include/la_msgs
[4.989s] -- Up-to-date: /home/yicheng/me326_ws/install/la_msgs/include/la_msgs/action
[4.989s] -- Installing: /home/yicheng/me326_ws/install/la_msgs/include/la_msgs/action/move_base.hpp
[4.989s] -- Up-to-date: /home/yicheng/me326_ws/install/la_msgs/include/la_msgs/action/detail
[4.989s] -- Installing: /home/yicheng/me326_ws/install/la_msgs/include/la_msgs/action/detail/move_base__builder.hpp
[4.989s] -- Installing: /home/yicheng/me326_ws/install/la_msgs/include/la_msgs/action/detail/move_base__struct.hpp
[4.989s] -- Installing: /home/yicheng/me326_ws/install/la_msgs/include/la_msgs/action/detail/move_base__traits.hpp
[4.989s] -- Up-to-date: /home/yicheng/me326_ws/install/la_msgs/include/la_msgs/srv
[4.989s] -- Installing: /home/yicheng/me326_ws/install/la_msgs/include/la_msgs/srv/ptps.hpp
[4.990s] -- Up-to-date: /home/yicheng/me326_ws/install/la_msgs/include/la_msgs/srv/detail
[4.990s] -- Installing: /home/yicheng/me326_ws/install/la_msgs/include/la_msgs/srv/detail/ptps__struct.hpp
[4.990s] -- Installing: /home/yicheng/me326_ws/install/la_msgs/include/la_msgs/srv/detail/ptps__builder.hpp
[4.990s] -- Installing: /home/yicheng/me326_ws/install/la_msgs/include/la_msgs/srv/detail/ptps__traits.hpp
[4.990s] -- Up-to-date: /home/yicheng/me326_ws/install/la_msgs/include/la_msgs
[4.990s] -- Up-to-date: /home/yicheng/me326_ws/install/la_msgs/include/la_msgs/action
[4.990s] -- Up-to-date: /home/yicheng/me326_ws/install/la_msgs/include/la_msgs/action/detail
[4.990s] -- Installing: /home/yicheng/me326_ws/install/la_msgs/include/la_msgs/action/detail/move_base__rosidl_typesupport_introspection_cpp.hpp
[4.990s] -- Installing: /home/yicheng/me326_ws/install/la_msgs/include/la_msgs/action/detail/move_base__type_support.cpp
[4.990s] -- Up-to-date: /home/yicheng/me326_ws/install/la_msgs/include/la_msgs/srv
[4.990s] -- Up-to-date: /home/yicheng/me326_ws/install/la_msgs/include/la_msgs/srv/detail
[4.990s] -- Installing: /home/yicheng/me326_ws/install/la_msgs/include/la_msgs/srv/detail/ptps__type_support.cpp
[4.990s] -- Installing: /home/yicheng/me326_ws/install/la_msgs/include/la_msgs/srv/detail/ptps__rosidl_typesupport_introspection_cpp.hpp
[4.990s] -- Installing: /home/yicheng/me326_ws/install/la_msgs/lib/libla_msgs__rosidl_typesupport_introspection_cpp.so
[4.990s] -- Set runtime path of "/home/yicheng/me326_ws/install/la_msgs/lib/libla_msgs__rosidl_typesupport_introspection_cpp.so" to ""
[4.990s] -- Installing: /home/yicheng/me326_ws/install/la_msgs/lib/libla_msgs__rosidl_typesupport_cpp.so
[4.990s] -- Set runtime path of "/home/yicheng/me326_ws/install/la_msgs/lib/libla_msgs__rosidl_typesupport_cpp.so" to ""
[4.990s] -- Installing: /home/yicheng/me326_ws/install/la_msgs/share/la_msgs/environment/pythonpath.sh
[4.990s] -- Installing: /home/yicheng/me326_ws/install/la_msgs/share/la_msgs/environment/pythonpath.dsv
[4.991s] -- Installing: /home/yicheng/me326_ws/install/la_msgs/lib/python3.8/site-packages/la_msgs/__init__.py
[5.011s] Compiling '/home/yicheng/me326_ws/install/la_msgs/lib/python3.8/site-packages/la_msgs/__init__.py'...
[5.014s] -- Installing: /home/yicheng/me326_ws/install/la_msgs/lib/python3.8/site-packages/la_msgs/action
[5.014s] -- Installing: /home/yicheng/me326_ws/install/la_msgs/lib/python3.8/site-packages/la_msgs/action/__init__.py
[5.014s] -- Installing: /home/yicheng/me326_ws/install/la_msgs/lib/python3.8/site-packages/la_msgs/action/_move_base_s.c
[5.014s] -- Installing: /home/yicheng/me326_ws/install/la_msgs/lib/python3.8/site-packages/la_msgs/action/_move_base.py
[5.014s] -- Installing: /home/yicheng/me326_ws/install/la_msgs/lib/python3.8/site-packages/la_msgs/srv
[5.014s] -- Installing: /home/yicheng/me326_ws/install/la_msgs/lib/python3.8/site-packages/la_msgs/srv/__init__.py
[5.014s] -- Installing: /home/yicheng/me326_ws/install/la_msgs/lib/python3.8/site-packages/la_msgs/srv/_ptps.py
[5.014s] -- Installing: /home/yicheng/me326_ws/install/la_msgs/lib/python3.8/site-packages/la_msgs/srv/_ptps_s.c
[5.014s] -- Installing: /home/yicheng/me326_ws/install/la_msgs/lib/python3.8/site-packages/la_msgs/la_msgs_s__rosidl_typesupport_fastrtps_c.cpython-38-x86_64-linux-gnu.so
[5.014s] -- Set runtime path of "/home/yicheng/me326_ws/install/la_msgs/lib/python3.8/site-packages/la_msgs/la_msgs_s__rosidl_typesupport_fastrtps_c.cpython-38-x86_64-linux-gnu.so" to ""
[5.015s] -- Installing: /home/yicheng/me326_ws/install/la_msgs/lib/python3.8/site-packages/la_msgs/la_msgs_s__rosidl_typesupport_introspection_c.cpython-38-x86_64-linux-gnu.so
[5.015s] -- Set runtime path of "/home/yicheng/me326_ws/install/la_msgs/lib/python3.8/site-packages/la_msgs/la_msgs_s__rosidl_typesupport_introspection_c.cpython-38-x86_64-linux-gnu.so" to ""
[5.015s] -- Installing: /home/yicheng/me326_ws/install/la_msgs/lib/python3.8/site-packages/la_msgs/la_msgs_s__rosidl_typesupport_c.cpython-38-x86_64-linux-gnu.so
[5.015s] -- Set runtime path of "/home/yicheng/me326_ws/install/la_msgs/lib/python3.8/site-packages/la_msgs/la_msgs_s__rosidl_typesupport_c.cpython-38-x86_64-linux-gnu.so" to ""
[5.015s] -- Installing: /home/yicheng/me326_ws/install/la_msgs/lib/libla_msgs__python.so
[5.015s] -- Set runtime path of "/home/yicheng/me326_ws/install/la_msgs/lib/libla_msgs__python.so" to ""
[5.016s] -- Installing: /home/yicheng/me326_ws/install/la_msgs/share/la_msgs/action/MoveBase.idl
[5.016s] -- Installing: /home/yicheng/me326_ws/install/la_msgs/share/la_msgs/srv/Ptps.idl
[5.016s] -- Installing: /home/yicheng/me326_ws/install/la_msgs/share/la_msgs/action/MoveBase.action
[5.016s] -- Installing: /home/yicheng/me326_ws/install/la_msgs/share/la_msgs/srv/Ptps.srv
[5.016s] -- Installing: /home/yicheng/me326_ws/install/la_msgs/share/la_msgs/srv/Ptps_Request.msg
[5.016s] -- Installing: /home/yicheng/me326_ws/install/la_msgs/share/la_msgs/srv/Ptps_Response.msg
[5.016s] -- Installing: /home/yicheng/me326_ws/install/la_msgs/share/ament_index/resource_index/package_run_dependencies/la_msgs
[5.016s] -- Installing: /home/yicheng/me326_ws/install/la_msgs/share/ament_index/resource_index/parent_prefix_path/la_msgs
[5.016s] -- Installing: /home/yicheng/me326_ws/install/la_msgs/share/la_msgs/environment/ament_prefix_path.sh
[5.016s] -- Installing: /home/yicheng/me326_ws/install/la_msgs/share/la_msgs/environment/ament_prefix_path.dsv
[5.016s] -- Installing: /home/yicheng/me326_ws/install/la_msgs/share/la_msgs/environment/path.sh
[5.016s] -- Installing: /home/yicheng/me326_ws/install/la_msgs/share/la_msgs/environment/path.dsv
[5.016s] -- Installing: /home/yicheng/me326_ws/install/la_msgs/share/la_msgs/local_setup.bash
[5.016s] -- Installing: /home/yicheng/me326_ws/install/la_msgs/share/la_msgs/local_setup.sh
[5.016s] -- Installing: /home/yicheng/me326_ws/install/la_msgs/share/la_msgs/local_setup.zsh
[5.017s] -- Installing: /home/yicheng/me326_ws/install/la_msgs/share/la_msgs/local_setup.dsv
[5.017s] -- Installing: /home/yicheng/me326_ws/install/la_msgs/share/la_msgs/package.dsv
[5.017s] -- Installing: /home/yicheng/me326_ws/install/la_msgs/share/ament_index/resource_index/packages/la_msgs
[5.017s] -- Installing: /home/yicheng/me326_ws/install/la_msgs/share/la_msgs/cmake/la_msgs__rosidl_generator_cExport.cmake
[5.017s] -- Installing: /home/yicheng/me326_ws/install/la_msgs/share/la_msgs/cmake/la_msgs__rosidl_generator_cExport-noconfig.cmake
[5.017s] -- Installing: /home/yicheng/me326_ws/install/la_msgs/share/la_msgs/cmake/la_msgs__rosidl_typesupport_introspection_cExport.cmake
[5.017s] -- Installing: /home/yicheng/me326_ws/install/la_msgs/share/la_msgs/cmake/la_msgs__rosidl_typesupport_introspection_cExport-noconfig.cmake
[5.017s] -- Installing: /home/yicheng/me326_ws/install/la_msgs/share/la_msgs/cmake/la_msgs__rosidl_typesupport_cExport.cmake
[5.017s] -- Installing: /home/yicheng/me326_ws/install/la_msgs/share/la_msgs/cmake/la_msgs__rosidl_typesupport_cExport-noconfig.cmake
[5.017s] -- Installing: /home/yicheng/me326_ws/install/la_msgs/share/la_msgs/cmake/la_msgs__rosidl_generator_cppExport.cmake
[5.017s] -- Installing: /home/yicheng/me326_ws/install/la_msgs/share/la_msgs/cmake/la_msgs__rosidl_typesupport_introspection_cppExport.cmake
[5.017s] -- Installing: /home/yicheng/me326_ws/install/la_msgs/share/la_msgs/cmake/la_msgs__rosidl_typesupport_introspection_cppExport-noconfig.cmake
[5.018s] -- Installing: /home/yicheng/me326_ws/install/la_msgs/share/la_msgs/cmake/la_msgs__rosidl_typesupport_cppExport.cmake
[5.018s] -- Installing: /home/yicheng/me326_ws/install/la_msgs/share/la_msgs/cmake/la_msgs__rosidl_typesupport_cppExport-noconfig.cmake
[5.018s] -- Installing: /home/yicheng/me326_ws/install/la_msgs/share/la_msgs/cmake/rosidl_cmake-extras.cmake
[5.018s] -- Installing: /home/yicheng/me326_ws/install/la_msgs/share/la_msgs/cmake/ament_cmake_export_dependencies-extras.cmake
[5.018s] -- Installing: /home/yicheng/me326_ws/install/la_msgs/share/la_msgs/cmake/ament_cmake_export_libraries-extras.cmake
[5.018s] -- Installing: /home/yicheng/me326_ws/install/la_msgs/share/la_msgs/cmake/ament_cmake_export_targets-extras.cmake
[5.018s] -- Installing: /home/yicheng/me326_ws/install/la_msgs/share/la_msgs/cmake/ament_cmake_export_include_directories-extras.cmake
[5.018s] -- Installing: /home/yicheng/me326_ws/install/la_msgs/share/la_msgs/cmake/rosidl_cmake_export_typesupport_libraries-extras.cmake
[5.018s] -- Installing: /home/yicheng/me326_ws/install/la_msgs/share/la_msgs/cmake/rosidl_cmake_export_typesupport_targets-extras.cmake
[5.018s] -- Installing: /home/yicheng/me326_ws/install/la_msgs/share/la_msgs/cmake/la_msgsConfig.cmake
[5.018s] -- Installing: /home/yicheng/me326_ws/install/la_msgs/share/la_msgs/cmake/la_msgsConfig-version.cmake
[5.018s] -- Installing: /home/yicheng/me326_ws/install/la_msgs/share/la_msgs/package.xml
[5.020s] Invoked command in '/home/yicheng/me326_ws/build/la_msgs' returned '0': CMAKE_PREFIX_PATH=${CMAKE_PREFIX_PATH}:/home/yicheng/interbotix_ws/install/interbotix_xs_modules:/home/yicheng/interbotix_ws/install/interbotix_perception_modules:/home/yicheng/interbotix_ws/install/interbotix_common_modules:/opt/ros/galactic /usr/bin/cmake --install /home/yicheng/me326_ws/build/la_msgs
