[2.942s] Invoking command in '/home/dihim/me326_ws/build/la_msgs': CMAKE_PREFIX_PATH=/home/dihim/interbotix_ws/install/gazebo_ros_link_attacher:/home/dihim/me326_ws/install/locobot_yicheng:/home/dihim/me326_ws/install/la_msgs:/home/dihim/me326_ws/install/arm_controller:/home/dihim/me326_ws/install/locobot_controller:/home/dihim/interbotix_ws/install/interbotix_xs_modules:/home/dihim/interbotix_ws/install/interbotix_perception_modules:/home/dihim/interbotix_ws/install/interbotix_common_modules:/opt/ros/galactic:/home/dihim/me326_ws/install/gazebo_ros_link_attacher:/home/dihim/interbotix_ws/install/interbotix_moveit_interface:/home/dihim/interbotix_ws/install/arm_controller:/home/dihim/interbotix_ws/install/moveit_visual_tools:/home/dihim/interbotix_ws/install/interbotix_xslocobot_sim:/home/dihim/interbotix_ws/install/interbotix_xslocobot_moveit:/home/dihim/interbotix_ws/install/interbotix_xslocobot_descriptions:/home/dihim/interbotix_ws/install/interbotix_xs_toolbox:/home/dihim/interbotix_ws/install/interbotix_xs_rviz:/home/dihim/interbotix_ws/install/interbotix_xs_ros_control:/home/dihim/interbotix_ws/install/interbotix_perception_toolbox:/home/dihim/interbotix_ws/install/interbotix_perception_pipelines:/home/dihim/interbotix_ws/install/interbotix_xs_msgs:/home/dihim/interbotix_ws/install/interbotix_tf_tools:/home/dihim/interbotix_ws/install/interbotix_perception_msgs:/home/dihim/interbotix_ws/install/interbotix_moveit_interface_msgs:/home/dihim/interbotix_ws/install/interbotix_common_toolbox:/home/dihim/interbotix_ws/install/interbotix_common_sim /usr/bin/cmake --build /home/dihim/me326_ws/build/la_msgs -- -j4 -l4
[4.662s] [  2%] Built target la_msgs__cpp
[4.662s] [ 12%] Built target la_msgs__rosidl_generator_c
[4.662s] [ 23%] Built target la_msgs__rosidl_typesupport_fastrtps_cpp
[4.662s] [ 33%] Built target la_msgs__rosidl_typesupport_c
[4.662s] [ 43%] Built target la_msgs__rosidl_typesupport_introspection_c
[4.662s] [ 53%] Built target la_msgs__rosidl_typesupport_fastrtps_c
[4.662s] [ 64%] Built target la_msgs__rosidl_typesupport_introspection_cpp
[4.662s] [ 74%] Built target la_msgs__rosidl_typesupport_cpp
[4.662s] [ 74%] Built target la_msgs
[4.804s] [ 76%] Built target la_msgs__py
[4.974s] [ 84%] Built target la_msgs__python
[5.203s] [ 89%] Built target la_msgs__rosidl_typesupport_c__pyext
[5.330s] [ 94%] Built target la_msgs__rosidl_typesupport_fastrtps_c__pyext
[5.601s] [100%] Built target la_msgs__rosidl_typesupport_introspection_c__pyext
[6.145s] Invoked command in '/home/dihim/me326_ws/build/la_msgs' returned '0': CMAKE_PREFIX_PATH=/home/dihim/interbotix_ws/install/gazebo_ros_link_attacher:/home/dihim/me326_ws/install/locobot_yicheng:/home/dihim/me326_ws/install/la_msgs:/home/dihim/me326_ws/install/arm_controller:/home/dihim/me326_ws/install/locobot_controller:/home/dihim/interbotix_ws/install/interbotix_xs_modules:/home/dihim/interbotix_ws/install/interbotix_perception_modules:/home/dihim/interbotix_ws/install/interbotix_common_modules:/opt/ros/galactic:/home/dihim/me326_ws/install/gazebo_ros_link_attacher:/home/dihim/interbotix_ws/install/interbotix_moveit_interface:/home/dihim/interbotix_ws/install/arm_controller:/home/dihim/interbotix_ws/install/moveit_visual_tools:/home/dihim/interbotix_ws/install/interbotix_xslocobot_sim:/home/dihim/interbotix_ws/install/interbotix_xslocobot_moveit:/home/dihim/interbotix_ws/install/interbotix_xslocobot_descriptions:/home/dihim/interbotix_ws/install/interbotix_xs_toolbox:/home/dihim/interbotix_ws/install/interbotix_xs_rviz:/home/dihim/interbotix_ws/install/interbotix_xs_ros_control:/home/dihim/interbotix_ws/install/interbotix_perception_toolbox:/home/dihim/interbotix_ws/install/interbotix_perception_pipelines:/home/dihim/interbotix_ws/install/interbotix_xs_msgs:/home/dihim/interbotix_ws/install/interbotix_tf_tools:/home/dihim/interbotix_ws/install/interbotix_perception_msgs:/home/dihim/interbotix_ws/install/interbotix_moveit_interface_msgs:/home/dihim/interbotix_ws/install/interbotix_common_toolbox:/home/dihim/interbotix_ws/install/interbotix_common_sim /usr/bin/cmake --build /home/dihim/me326_ws/build/la_msgs -- -j4 -l4
[7.564s] Invoking command in '/home/dihim/me326_ws/build/la_msgs': CMAKE_PREFIX_PATH=/home/dihim/interbotix_ws/install/gazebo_ros_link_attacher:/home/dihim/me326_ws/install/locobot_yicheng:/home/dihim/me326_ws/install/la_msgs:/home/dihim/me326_ws/install/arm_controller:/home/dihim/me326_ws/install/locobot_controller:/home/dihim/interbotix_ws/install/interbotix_xs_modules:/home/dihim/interbotix_ws/install/interbotix_perception_modules:/home/dihim/interbotix_ws/install/interbotix_common_modules:/opt/ros/galactic:/home/dihim/me326_ws/install/gazebo_ros_link_attacher:/home/dihim/interbotix_ws/install/interbotix_moveit_interface:/home/dihim/interbotix_ws/install/arm_controller:/home/dihim/interbotix_ws/install/moveit_visual_tools:/home/dihim/interbotix_ws/install/interbotix_xslocobot_sim:/home/dihim/interbotix_ws/install/interbotix_xslocobot_moveit:/home/dihim/interbotix_ws/install/interbotix_xslocobot_descriptions:/home/dihim/interbotix_ws/install/interbotix_xs_toolbox:/home/dihim/interbotix_ws/install/interbotix_xs_rviz:/home/dihim/interbotix_ws/install/interbotix_xs_ros_control:/home/dihim/interbotix_ws/install/interbotix_perception_toolbox:/home/dihim/interbotix_ws/install/interbotix_perception_pipelines:/home/dihim/interbotix_ws/install/interbotix_xs_msgs:/home/dihim/interbotix_ws/install/interbotix_tf_tools:/home/dihim/interbotix_ws/install/interbotix_perception_msgs:/home/dihim/interbotix_ws/install/interbotix_moveit_interface_msgs:/home/dihim/interbotix_ws/install/interbotix_common_toolbox:/home/dihim/interbotix_ws/install/interbotix_common_sim /usr/bin/cmake --install /home/dihim/me326_ws/build/la_msgs
[7.588s] -- Install configuration: ""
[7.589s] -- Up-to-date: /home/dihim/me326_ws/install/la_msgs/share/ament_index/resource_index/rosidl_interfaces/la_msgs
[7.589s] -- Up-to-date: /home/dihim/me326_ws/install/la_msgs/include/la_msgs
[7.590s] -- Up-to-date: /home/dihim/me326_ws/install/la_msgs/include/la_msgs/action
[7.590s] -- Up-to-date: /home/dihim/me326_ws/install/la_msgs/include/la_msgs/action/move_base.h
[7.591s] -- Up-to-date: /home/dihim/me326_ws/install/la_msgs/include/la_msgs/action/detail
[7.591s] -- Up-to-date: /home/dihim/me326_ws/install/la_msgs/include/la_msgs/action/detail/move_base__functions.c
[7.591s] -- Up-to-date: /home/dihim/me326_ws/install/la_msgs/include/la_msgs/action/detail/move_base__type_support.h
[7.592s] -- Up-to-date: /home/dihim/me326_ws/install/la_msgs/include/la_msgs/action/detail/move_base__struct.h
[7.592s] -- Up-to-date: /home/dihim/me326_ws/install/la_msgs/include/la_msgs/action/detail/move_base__functions.h
[7.592s] -- Up-to-date: /home/dihim/me326_ws/install/la_msgs/include/la_msgs/msg
[7.593s] -- Up-to-date: /home/dihim/me326_ws/install/la_msgs/include/la_msgs/msg/rosidl_generator_c__visibility_control.h
[7.593s] -- Up-to-date: /home/dihim/me326_ws/install/la_msgs/include/la_msgs/srv
[7.593s] -- Up-to-date: /home/dihim/me326_ws/install/la_msgs/include/la_msgs/srv/detail
[7.594s] -- Up-to-date: /home/dihim/me326_ws/install/la_msgs/include/la_msgs/srv/detail/ptps__type_support.h
[7.594s] -- Up-to-date: /home/dihim/me326_ws/install/la_msgs/include/la_msgs/srv/detail/ptps__struct.h
[7.595s] -- Up-to-date: /home/dihim/me326_ws/install/la_msgs/include/la_msgs/srv/detail/ptps__functions.h
[7.595s] -- Up-to-date: /home/dihim/me326_ws/install/la_msgs/include/la_msgs/srv/detail/ptps__functions.c
[7.595s] -- Up-to-date: /home/dihim/me326_ws/install/la_msgs/include/la_msgs/srv/ptps.h
[7.596s] -- Up-to-date: /home/dihim/me326_ws/install/la_msgs/share/la_msgs/environment/library_path.sh
[7.596s] -- Up-to-date: /home/dihim/me326_ws/install/la_msgs/share/la_msgs/environment/library_path.dsv
[7.598s] -- Up-to-date: /home/dihim/me326_ws/install/la_msgs/lib/libla_msgs__rosidl_generator_c.so
[7.598s] -- Up-to-date: /home/dihim/me326_ws/install/la_msgs/include/la_msgs
[7.598s] -- Up-to-date: /home/dihim/me326_ws/install/la_msgs/include/la_msgs/action
[7.598s] -- Up-to-date: /home/dihim/me326_ws/install/la_msgs/include/la_msgs/action/detail
[7.598s] -- Up-to-date: /home/dihim/me326_ws/install/la_msgs/include/la_msgs/action/detail/move_base__rosidl_typesupport_fastrtps_c.h
[7.600s] -- Up-to-date: /home/dihim/me326_ws/install/la_msgs/include/la_msgs/msg
[7.600s] -- Up-to-date: /home/dihim/me326_ws/install/la_msgs/include/la_msgs/msg/rosidl_typesupport_fastrtps_c__visibility_control.h
[7.600s] -- Up-to-date: /home/dihim/me326_ws/install/la_msgs/include/la_msgs/srv
[7.600s] -- Up-to-date: /home/dihim/me326_ws/install/la_msgs/include/la_msgs/srv/detail
[7.600s] -- Up-to-date: /home/dihim/me326_ws/install/la_msgs/include/la_msgs/srv/detail/ptps__rosidl_typesupport_fastrtps_c.h
[7.600s] -- Up-to-date: /home/dihim/me326_ws/install/la_msgs/lib/libla_msgs__rosidl_typesupport_fastrtps_c.so
[7.600s] -- Up-to-date: /home/dihim/me326_ws/install/la_msgs/include/la_msgs
[7.600s] -- Up-to-date: /home/dihim/me326_ws/install/la_msgs/include/la_msgs/action
[7.600s] -- Up-to-date: /home/dihim/me326_ws/install/la_msgs/include/la_msgs/action/detail
[7.600s] -- Up-to-date: /home/dihim/me326_ws/install/la_msgs/include/la_msgs/action/detail/move_base__rosidl_typesupport_fastrtps_cpp.hpp
[7.600s] -- Up-to-date: /home/dihim/me326_ws/install/la_msgs/include/la_msgs/action/detail/dds_fastrtps
[7.600s] -- Up-to-date: /home/dihim/me326_ws/install/la_msgs/include/la_msgs/msg
[7.600s] -- Up-to-date: /home/dihim/me326_ws/install/la_msgs/include/la_msgs/msg/rosidl_typesupport_fastrtps_cpp__visibility_control.h
[7.600s] -- Up-to-date: /home/dihim/me326_ws/install/la_msgs/include/la_msgs/srv
[7.600s] -- Up-to-date: /home/dihim/me326_ws/install/la_msgs/include/la_msgs/srv/detail
[7.600s] -- Up-to-date: /home/dihim/me326_ws/install/la_msgs/include/la_msgs/srv/detail/ptps__rosidl_typesupport_fastrtps_cpp.hpp
[7.600s] -- Up-to-date: /home/dihim/me326_ws/install/la_msgs/include/la_msgs/srv/detail/dds_fastrtps
[7.601s] -- Up-to-date: /home/dihim/me326_ws/install/la_msgs/lib/libla_msgs__rosidl_typesupport_fastrtps_cpp.so
[7.601s] -- Up-to-date: /home/dihim/me326_ws/install/la_msgs/include/la_msgs
[7.601s] -- Up-to-date: /home/dihim/me326_ws/install/la_msgs/include/la_msgs/action
[7.601s] -- Up-to-date: /home/dihim/me326_ws/install/la_msgs/include/la_msgs/action/detail
[7.601s] -- Up-to-date: /home/dihim/me326_ws/install/la_msgs/include/la_msgs/action/detail/move_base__type_support.c
[7.601s] -- Up-to-date: /home/dihim/me326_ws/install/la_msgs/include/la_msgs/action/detail/move_base__rosidl_typesupport_introspection_c.h
[7.601s] -- Up-to-date: /home/dihim/me326_ws/install/la_msgs/include/la_msgs/msg
[7.601s] -- Up-to-date: /home/dihim/me326_ws/install/la_msgs/include/la_msgs/msg/rosidl_typesupport_introspection_c__visibility_control.h
[7.601s] -- Up-to-date: /home/dihim/me326_ws/install/la_msgs/include/la_msgs/srv
[7.601s] -- Up-to-date: /home/dihim/me326_ws/install/la_msgs/include/la_msgs/srv/detail
[7.601s] -- Up-to-date: /home/dihim/me326_ws/install/la_msgs/include/la_msgs/srv/detail/ptps__rosidl_typesupport_introspection_c.h
[7.601s] -- Up-to-date: /home/dihim/me326_ws/install/la_msgs/include/la_msgs/srv/detail/ptps__type_support.c
[7.603s] -- Up-to-date: /home/dihim/me326_ws/install/la_msgs/lib/libla_msgs__rosidl_typesupport_introspection_c.so
[7.604s] -- Up-to-date: /home/dihim/me326_ws/install/la_msgs/lib/libla_msgs__rosidl_typesupport_c.so
[7.604s] -- Up-to-date: /home/dihim/me326_ws/install/la_msgs/include/la_msgs
[7.604s] -- Up-to-date: /home/dihim/me326_ws/install/la_msgs/include/la_msgs/action
[7.604s] -- Up-to-date: /home/dihim/me326_ws/install/la_msgs/include/la_msgs/action/detail
[7.604s] -- Up-to-date: /home/dihim/me326_ws/install/la_msgs/include/la_msgs/action/detail/move_base__traits.hpp
[7.604s] -- Up-to-date: /home/dihim/me326_ws/install/la_msgs/include/la_msgs/action/detail/move_base__builder.hpp
[7.604s] -- Up-to-date: /home/dihim/me326_ws/install/la_msgs/include/la_msgs/action/detail/move_base__struct.hpp
[7.604s] -- Up-to-date: /home/dihim/me326_ws/install/la_msgs/include/la_msgs/action/move_base.hpp
[7.604s] -- Up-to-date: /home/dihim/me326_ws/install/la_msgs/include/la_msgs/srv
[7.604s] -- Up-to-date: /home/dihim/me326_ws/install/la_msgs/include/la_msgs/srv/detail
[7.604s] -- Up-to-date: /home/dihim/me326_ws/install/la_msgs/include/la_msgs/srv/detail/ptps__traits.hpp
[7.604s] -- Up-to-date: /home/dihim/me326_ws/install/la_msgs/include/la_msgs/srv/detail/ptps__builder.hpp
[7.604s] -- Up-to-date: /home/dihim/me326_ws/install/la_msgs/include/la_msgs/srv/detail/ptps__struct.hpp
[7.604s] -- Up-to-date: /home/dihim/me326_ws/install/la_msgs/include/la_msgs/srv/ptps.hpp
[7.604s] -- Up-to-date: /home/dihim/me326_ws/install/la_msgs/include/la_msgs
[7.604s] -- Up-to-date: /home/dihim/me326_ws/install/la_msgs/include/la_msgs/action
[7.604s] -- Up-to-date: /home/dihim/me326_ws/install/la_msgs/include/la_msgs/action/detail
[7.604s] -- Up-to-date: /home/dihim/me326_ws/install/la_msgs/include/la_msgs/action/detail/move_base__rosidl_typesupport_introspection_cpp.hpp
[7.604s] -- Up-to-date: /home/dihim/me326_ws/install/la_msgs/include/la_msgs/action/detail/move_base__type_support.cpp
[7.604s] -- Up-to-date: /home/dihim/me326_ws/install/la_msgs/include/la_msgs/srv
[7.604s] -- Up-to-date: /home/dihim/me326_ws/install/la_msgs/include/la_msgs/srv/detail
[7.604s] -- Up-to-date: /home/dihim/me326_ws/install/la_msgs/include/la_msgs/srv/detail/ptps__type_support.cpp
[7.604s] -- Up-to-date: /home/dihim/me326_ws/install/la_msgs/include/la_msgs/srv/detail/ptps__rosidl_typesupport_introspection_cpp.hpp
[7.605s] -- Up-to-date: /home/dihim/me326_ws/install/la_msgs/lib/libla_msgs__rosidl_typesupport_introspection_cpp.so
[7.606s] -- Up-to-date: /home/dihim/me326_ws/install/la_msgs/lib/libla_msgs__rosidl_typesupport_cpp.so
[7.607s] -- Up-to-date: /home/dihim/me326_ws/install/la_msgs/share/la_msgs/environment/pythonpath.sh
[7.607s] -- Up-to-date: /home/dihim/me326_ws/install/la_msgs/share/la_msgs/environment/pythonpath.dsv
[7.607s] -- Up-to-date: /home/dihim/me326_ws/install/la_msgs/lib/python3.8/site-packages/la_msgs/__init__.py
[7.764s] -- Up-to-date: /home/dihim/me326_ws/install/la_msgs/lib/python3.8/site-packages/la_msgs/action
[7.764s] -- Up-to-date: /home/dihim/me326_ws/install/la_msgs/lib/python3.8/site-packages/la_msgs/action/__init__.py
[7.764s] -- Up-to-date: /home/dihim/me326_ws/install/la_msgs/lib/python3.8/site-packages/la_msgs/action/_move_base_s.c
[7.764s] -- Up-to-date: /home/dihim/me326_ws/install/la_msgs/lib/python3.8/site-packages/la_msgs/action/_move_base.py
[7.764s] -- Up-to-date: /home/dihim/me326_ws/install/la_msgs/lib/python3.8/site-packages/la_msgs/srv
[7.764s] -- Up-to-date: /home/dihim/me326_ws/install/la_msgs/lib/python3.8/site-packages/la_msgs/srv/__init__.py
[7.764s] -- Up-to-date: /home/dihim/me326_ws/install/la_msgs/lib/python3.8/site-packages/la_msgs/srv/_ptps.py
[7.764s] -- Up-to-date: /home/dihim/me326_ws/install/la_msgs/lib/python3.8/site-packages/la_msgs/srv/_ptps_s.c
[7.767s] -- Up-to-date: /home/dihim/me326_ws/install/la_msgs/lib/python3.8/site-packages/la_msgs/la_msgs_s__rosidl_typesupport_fastrtps_c.cpython-38-aarch64-linux-gnu.so
[7.768s] -- Up-to-date: /home/dihim/me326_ws/install/la_msgs/lib/python3.8/site-packages/la_msgs/la_msgs_s__rosidl_typesupport_introspection_c.cpython-38-aarch64-linux-gnu.so
[7.769s] -- Up-to-date: /home/dihim/me326_ws/install/la_msgs/lib/python3.8/site-packages/la_msgs/la_msgs_s__rosidl_typesupport_c.cpython-38-aarch64-linux-gnu.so
[7.770s] -- Up-to-date: /home/dihim/me326_ws/install/la_msgs/lib/libla_msgs__python.so
[7.770s] -- Up-to-date: /home/dihim/me326_ws/install/la_msgs/share/la_msgs/action/MoveBase.idl
[7.770s] -- Up-to-date: /home/dihim/me326_ws/install/la_msgs/share/la_msgs/srv/Ptps.idl
[7.770s] -- Up-to-date: /home/dihim/me326_ws/install/la_msgs/share/la_msgs/action/MoveBase.action
[7.770s] -- Up-to-date: /home/dihim/me326_ws/install/la_msgs/share/la_msgs/srv/Ptps.srv
[7.770s] -- Up-to-date: /home/dihim/me326_ws/install/la_msgs/share/la_msgs/srv/Ptps_Request.msg
[7.770s] -- Up-to-date: /home/dihim/me326_ws/install/la_msgs/share/la_msgs/srv/Ptps_Response.msg
[7.770s] -- Up-to-date: /home/dihim/me326_ws/install/la_msgs/share/ament_index/resource_index/package_run_dependencies/la_msgs
[7.770s] -- Up-to-date: /home/dihim/me326_ws/install/la_msgs/share/ament_index/resource_index/parent_prefix_path/la_msgs
[7.770s] -- Up-to-date: /home/dihim/me326_ws/install/la_msgs/share/la_msgs/environment/ament_prefix_path.sh
[7.770s] -- Up-to-date: /home/dihim/me326_ws/install/la_msgs/share/la_msgs/environment/ament_prefix_path.dsv
[7.770s] -- Up-to-date: /home/dihim/me326_ws/install/la_msgs/share/la_msgs/environment/path.sh
[7.770s] -- Up-to-date: /home/dihim/me326_ws/install/la_msgs/share/la_msgs/environment/path.dsv
[7.770s] -- Up-to-date: /home/dihim/me326_ws/install/la_msgs/share/la_msgs/local_setup.bash
[7.770s] -- Up-to-date: /home/dihim/me326_ws/install/la_msgs/share/la_msgs/local_setup.sh
[7.771s] -- Up-to-date: /home/dihim/me326_ws/install/la_msgs/share/la_msgs/local_setup.zsh
[7.771s] -- Up-to-date: /home/dihim/me326_ws/install/la_msgs/share/la_msgs/local_setup.dsv
[7.771s] -- Installing: /home/dihim/me326_ws/install/la_msgs/share/la_msgs/package.dsv
[7.775s] -- Up-to-date: /home/dihim/me326_ws/install/la_msgs/share/ament_index/resource_index/packages/la_msgs
[7.777s] -- Up-to-date: /home/dihim/me326_ws/install/la_msgs/share/la_msgs/cmake/la_msgs__rosidl_generator_cExport.cmake
[7.777s] -- Up-to-date: /home/dihim/me326_ws/install/la_msgs/share/la_msgs/cmake/la_msgs__rosidl_generator_cExport-noconfig.cmake
[7.781s] -- Up-to-date: /home/dihim/me326_ws/install/la_msgs/share/la_msgs/cmake/la_msgs__rosidl_typesupport_introspection_cExport.cmake
[7.782s] -- Up-to-date: /home/dihim/me326_ws/install/la_msgs/share/la_msgs/cmake/la_msgs__rosidl_typesupport_introspection_cExport-noconfig.cmake
[7.782s] -- Up-to-date: /home/dihim/me326_ws/install/la_msgs/share/la_msgs/cmake/la_msgs__rosidl_typesupport_cExport.cmake
[7.782s] -- Up-to-date: /home/dihim/me326_ws/install/la_msgs/share/la_msgs/cmake/la_msgs__rosidl_typesupport_cExport-noconfig.cmake
[7.782s] -- Up-to-date: /home/dihim/me326_ws/install/la_msgs/share/la_msgs/cmake/la_msgs__rosidl_generator_cppExport.cmake
[7.782s] -- Up-to-date: /home/dihim/me326_ws/install/la_msgs/share/la_msgs/cmake/la_msgs__rosidl_typesupport_introspection_cppExport.cmake
[7.782s] -- Up-to-date: /home/dihim/me326_ws/install/la_msgs/share/la_msgs/cmake/la_msgs__rosidl_typesupport_introspection_cppExport-noconfig.cmake
[7.783s] -- Up-to-date: /home/dihim/me326_ws/install/la_msgs/share/la_msgs/cmake/la_msgs__rosidl_typesupport_cppExport.cmake
[7.783s] -- Up-to-date: /home/dihim/me326_ws/install/la_msgs/share/la_msgs/cmake/la_msgs__rosidl_typesupport_cppExport-noconfig.cmake
[7.783s] -- Up-to-date: /home/dihim/me326_ws/install/la_msgs/share/la_msgs/cmake/rosidl_cmake-extras.cmake
[7.783s] -- Up-to-date: /home/dihim/me326_ws/install/la_msgs/share/la_msgs/cmake/ament_cmake_export_dependencies-extras.cmake
[7.783s] -- Up-to-date: /home/dihim/me326_ws/install/la_msgs/share/la_msgs/cmake/ament_cmake_export_libraries-extras.cmake
[7.783s] -- Up-to-date: /home/dihim/me326_ws/install/la_msgs/share/la_msgs/cmake/ament_cmake_export_targets-extras.cmake
[7.783s] -- Up-to-date: /home/dihim/me326_ws/install/la_msgs/share/la_msgs/cmake/ament_cmake_export_include_directories-extras.cmake
[7.783s] -- Up-to-date: /home/dihim/me326_ws/install/la_msgs/share/la_msgs/cmake/rosidl_cmake_export_typesupport_libraries-extras.cmake
[7.783s] -- Up-to-date: /home/dihim/me326_ws/install/la_msgs/share/la_msgs/cmake/rosidl_cmake_export_typesupport_targets-extras.cmake
[7.783s] -- Up-to-date: /home/dihim/me326_ws/install/la_msgs/share/la_msgs/cmake/la_msgsConfig.cmake
[7.783s] -- Up-to-date: /home/dihim/me326_ws/install/la_msgs/share/la_msgs/cmake/la_msgsConfig-version.cmake
[7.783s] -- Up-to-date: /home/dihim/me326_ws/install/la_msgs/share/la_msgs/package.xml
[7.793s] Invoked command in '/home/dihim/me326_ws/build/la_msgs' returned '0': CMAKE_PREFIX_PATH=/home/dihim/interbotix_ws/install/gazebo_ros_link_attacher:/home/dihim/me326_ws/install/locobot_yicheng:/home/dihim/me326_ws/install/la_msgs:/home/dihim/me326_ws/install/arm_controller:/home/dihim/me326_ws/install/locobot_controller:/home/dihim/interbotix_ws/install/interbotix_xs_modules:/home/dihim/interbotix_ws/install/interbotix_perception_modules:/home/dihim/interbotix_ws/install/interbotix_common_modules:/opt/ros/galactic:/home/dihim/me326_ws/install/gazebo_ros_link_attacher:/home/dihim/interbotix_ws/install/interbotix_moveit_interface:/home/dihim/interbotix_ws/install/arm_controller:/home/dihim/interbotix_ws/install/moveit_visual_tools:/home/dihim/interbotix_ws/install/interbotix_xslocobot_sim:/home/dihim/interbotix_ws/install/interbotix_xslocobot_moveit:/home/dihim/interbotix_ws/install/interbotix_xslocobot_descriptions:/home/dihim/interbotix_ws/install/interbotix_xs_toolbox:/home/dihim/interbotix_ws/install/interbotix_xs_rviz:/home/dihim/interbotix_ws/install/interbotix_xs_ros_control:/home/dihim/interbotix_ws/install/interbotix_perception_toolbox:/home/dihim/interbotix_ws/install/interbotix_perception_pipelines:/home/dihim/interbotix_ws/install/interbotix_xs_msgs:/home/dihim/interbotix_ws/install/interbotix_tf_tools:/home/dihim/interbotix_ws/install/interbotix_perception_msgs:/home/dihim/interbotix_ws/install/interbotix_moveit_interface_msgs:/home/dihim/interbotix_ws/install/interbotix_common_toolbox:/home/dihim/interbotix_ws/install/interbotix_common_sim /usr/bin/cmake --install /home/dihim/me326_ws/build/la_msgs
