[2.214s] Invoking command in '/home/dihim/me326_ws/build/locobot_yicheng': CMAKE_PREFIX_PATH=${CMAKE_PREFIX_PATH}:/home/dihim/me326_ws/install/locobot_controller:/home/dihim/interbotix_ws/install/interbotix_xs_modules:/home/dihim/interbotix_ws/install/interbotix_perception_modules:/home/dihim/interbotix_ws/install/interbotix_common_modules:/opt/ros/galactic /usr/bin/cmake --build /home/dihim/me326_ws/build/locobot_yicheng -- -j4 -l4
[2.524s] Invoked command in '/home/dihim/me326_ws/build/locobot_yicheng' returned '0': CMAKE_PREFIX_PATH=${CMAKE_PREFIX_PATH}:/home/dihim/me326_ws/install/locobot_controller:/home/dihim/interbotix_ws/install/interbotix_xs_modules:/home/dihim/interbotix_ws/install/interbotix_perception_modules:/home/dihim/interbotix_ws/install/interbotix_common_modules:/opt/ros/galactic /usr/bin/cmake --build /home/dihim/me326_ws/build/locobot_yicheng -- -j4 -l4
[3.012s] Invoking command in '/home/dihim/me326_ws/build/locobot_yicheng': CMAKE_PREFIX_PATH=${CMAKE_PREFIX_PATH}:/home/dihim/me326_ws/install/locobot_controller:/home/dihim/interbotix_ws/install/interbotix_xs_modules:/home/dihim/interbotix_ws/install/interbotix_perception_modules:/home/dihim/interbotix_ws/install/interbotix_common_modules:/opt/ros/galactic /usr/bin/cmake --install /home/dihim/me326_ws/build/locobot_yicheng
[3.093s] -- Install configuration: ""
[3.093s] -- Up-to-date: /home/dihim/me326_ws/install/locobot_yicheng/lib/locobot_yicheng/locobot_control.py
[3.093s] -- Up-to-date: /home/dihim/me326_ws/install/locobot_yicheng/share/ament_index/resource_index/package_run_dependencies/locobot_yicheng
[3.093s] -- Up-to-date: /home/dihim/me326_ws/install/locobot_yicheng/share/ament_index/resource_index/parent_prefix_path/locobot_yicheng
[3.094s] -- Up-to-date: /home/dihim/me326_ws/install/locobot_yicheng/share/locobot_yicheng/environment/ament_prefix_path.sh
[3.094s] -- Up-to-date: /home/dihim/me326_ws/install/locobot_yicheng/share/locobot_yicheng/environment/ament_prefix_path.dsv
[3.094s] -- Up-to-date: /home/dihim/me326_ws/install/locobot_yicheng/share/locobot_yicheng/environment/path.sh
[3.094s] -- Up-to-date: /home/dihim/me326_ws/install/locobot_yicheng/share/locobot_yicheng/environment/path.dsv
[3.094s] -- Up-to-date: /home/dihim/me326_ws/install/locobot_yicheng/share/locobot_yicheng/local_setup.bash
[3.095s] -- Up-to-date: /home/dihim/me326_ws/install/locobot_yicheng/share/locobot_yicheng/local_setup.sh
[3.095s] -- Up-to-date: /home/dihim/me326_ws/install/locobot_yicheng/share/locobot_yicheng/local_setup.zsh
[3.096s] -- Up-to-date: /home/dihim/me326_ws/install/locobot_yicheng/share/locobot_yicheng/local_setup.dsv
[3.097s] -- Installing: /home/dihim/me326_ws/install/locobot_yicheng/share/locobot_yicheng/package.dsv
[3.097s] -- Up-to-date: /home/dihim/me326_ws/install/locobot_yicheng/share/ament_index/resource_index/packages/locobot_yicheng
[3.098s] -- Up-to-date: /home/dihim/me326_ws/install/locobot_yicheng/share/locobot_yicheng/cmake/locobot_yichengConfig.cmake
[3.098s] -- Up-to-date: /home/dihim/me326_ws/install/locobot_yicheng/share/locobot_yicheng/cmake/locobot_yichengConfig-version.cmake
[3.098s] -- Up-to-date: /home/dihim/me326_ws/install/locobot_yicheng/share/locobot_yicheng/package.xml
[3.101s] Invoked command in '/home/dihim/me326_ws/build/locobot_yicheng' returned '0': CMAKE_PREFIX_PATH=${CMAKE_PREFIX_PATH}:/home/dihim/me326_ws/install/locobot_controller:/home/dihim/interbotix_ws/install/interbotix_xs_modules:/home/dihim/interbotix_ws/install/interbotix_perception_modules:/home/dihim/interbotix_ws/install/interbotix_common_modules:/opt/ros/galactic /usr/bin/cmake --install /home/dihim/me326_ws/build/locobot_yicheng
