[0.241s] Invoking command in '/home/ian339/me326_ws/src/la_msgs/build/la_msgs': CMAKE_PREFIX_PATH=${CMAKE_PREFIX_PATH}:/home/ian339/me326_ws/src/locobot_controller/install/locobot_controller:/home/ian339/interbotix_ws/install/interbotix_xs_modules:/home/ian339/interbotix_ws/install/interbotix_perception_modules:/home/ian339/interbotix_ws/install/interbotix_common_modules:/opt/ros/galactic /usr/bin/cmake /home/ian339/me326_ws/src/la_msgs -DCMAKE_INSTALL_PREFIX=/home/ian339/me326_ws/src/la_msgs/install/la_msgs
[0.296s] -- The C compiler identification is GNU 9.4.0
[0.355s] -- The CXX compiler identification is GNU 9.4.0
[0.361s] -- Check for working C compiler: /usr/bin/cc
[0.444s] -- Check for working C compiler: /usr/bin/cc -- works
[0.445s] -- Detecting C compiler ABI info
[0.525s] -- Detecting C compiler ABI info - done
[0.540s] -- Detecting C compile features
[0.541s] -- Detecting C compile features - done
[0.542s] -- Check for working CXX compiler: /usr/bin/c++
[0.628s] -- Check for working CXX compiler: /usr/bin/c++ -- works
[0.629s] -- Detecting CXX compiler ABI info
[0.711s] -- Detecting CXX compiler ABI info - done
[0.722s] -- Detecting CXX compile features
[0.722s] -- Detecting CXX compile features - done
[0.726s] -- Found ament_cmake: 1.1.6 (/opt/ros/galactic/share/ament_cmake/cmake)
[0.759s] -- Found PythonInterp: /usr/bin/python3 (found suitable version "3.8.10", minimum required is "3") 
[0.759s] -- Using PYTHON_EXECUTABLE: /usr/bin/python3
[0.858s] -- Found rclcpp: 9.2.2 (/opt/ros/galactic/share/rclcpp/cmake)
[0.919s] -- Using all available rosidl_typesupport_c: rosidl_typesupport_fastrtps_c;rosidl_typesupport_introspection_c
[0.929s] -- Found rosidl_adapter: 2.2.3 (/opt/ros/galactic/share/rosidl_adapter/cmake)
[1.017s] -- Found OpenSSL: /usr/lib/x86_64-linux-gnu/libcrypto.so (found version "1.1.1f")  
[1.050s] -- Found FastRTPS: /opt/ros/galactic/include  
[1.132s] -- Using all available rosidl_typesupport_cpp: rosidl_typesupport_fastrtps_cpp;rosidl_typesupport_introspection_cpp
[1.208s] -- Found rmw_implementation_cmake: 3.3.1 (/opt/ros/galactic/share/rmw_implementation_cmake/cmake)
[1.213s] -- Found rmw_cyclonedds_cpp: 0.22.6 (/opt/ros/galactic/share/rmw_cyclonedds_cpp/cmake)
[1.244s] -- Using RMW implementation 'rmw_cyclonedds_cpp' as default
[1.244s] -- Looking for pthread.h
[1.316s] -- Looking for pthread.h - found
[1.317s] -- Performing Test CMAKE_HAVE_LIBC_PTHREAD
[1.394s] -- Performing Test CMAKE_HAVE_LIBC_PTHREAD - Failed
[1.394s] -- Looking for pthread_create in pthreads
[1.457s] -- Looking for pthread_create in pthreads - not found
[1.458s] -- Looking for pthread_create in pthread
[1.533s] -- Looking for pthread_create in pthread - found
[1.534s] -- Found Threads: TRUE  
[1.694s] -- Found geometry_msgs: 2.2.4 (/opt/ros/galactic/share/geometry_msgs/cmake)
[1.727s] -- Found sensor_msgs: 2.2.4 (/opt/ros/galactic/share/sensor_msgs/cmake)
[1.806s] -- Found rosidl_default_generators: 1.1.1 (/opt/ros/galactic/share/rosidl_default_generators/cmake)
[1.841s] -- Found PythonInterp: /usr/bin/python3 (found version "3.8.10") 
[2.085s] -- Found ament_cmake_ros: 0.9.2 (/opt/ros/galactic/share/ament_cmake_ros/cmake)
[2.365s] -- Using all available rosidl_typesupport_c: rosidl_typesupport_fastrtps_c;rosidl_typesupport_introspection_c
[2.494s] -- Using all available rosidl_typesupport_cpp: rosidl_typesupport_fastrtps_cpp;rosidl_typesupport_introspection_cpp
[2.523s] -- Found PythonInterp: /usr/bin/python3 (found suitable version "3.8.10", minimum required is "3.5") 
[2.526s] -- Found python_cmake_module: 0.8.1 (/opt/ros/galactic/share/python_cmake_module/cmake)
[2.557s] -- Found PythonLibs: /usr/lib/x86_64-linux-gnu/libpython3.8.so (found suitable version "3.8.10", minimum required is "3.5") 
[2.558s] -- Using PYTHON_EXECUTABLE: /usr/bin/python3
[2.558s] -- Using PYTHON_INCLUDE_DIRS: /usr/include/python3.8
[2.558s] -- Using PYTHON_LIBRARIES: /usr/lib/x86_64-linux-gnu/libpython3.8.so
[2.578s] -- Found PythonExtra: .so  
[2.686s] -- Configuring done
[2.747s] -- Generating done
[2.751s] -- Build files have been written to: /home/ian339/me326_ws/src/la_msgs/build/la_msgs
[2.765s] Invoked command in '/home/ian339/me326_ws/src/la_msgs/build/la_msgs' returned '0': CMAKE_PREFIX_PATH=${CMAKE_PREFIX_PATH}:/home/ian339/me326_ws/src/locobot_controller/install/locobot_controller:/home/ian339/interbotix_ws/install/interbotix_xs_modules:/home/ian339/interbotix_ws/install/interbotix_perception_modules:/home/ian339/interbotix_ws/install/interbotix_common_modules:/opt/ros/galactic /usr/bin/cmake /home/ian339/me326_ws/src/la_msgs -DCMAKE_INSTALL_PREFIX=/home/ian339/me326_ws/src/la_msgs/install/la_msgs
[2.769s] Invoking command in '/home/ian339/me326_ws/src/la_msgs/build/la_msgs': CMAKE_PREFIX_PATH=${CMAKE_PREFIX_PATH}:/home/ian339/me326_ws/src/locobot_controller/install/locobot_controller:/home/ian339/interbotix_ws/install/interbotix_xs_modules:/home/ian339/interbotix_ws/install/interbotix_perception_modules:/home/ian339/interbotix_ws/install/interbotix_common_modules:/opt/ros/galactic /usr/bin/cmake --build /home/ian339/me326_ws/src/la_msgs/build/la_msgs -- -j6 -l6
[2.815s] [35m[1mScanning dependencies of target la_msgs__cpp[0m
[2.815s] [  2%] [34m[1mGenerating C code for ROS interfaces[0m
[2.827s] [  5%] [34m[1mGenerating C++ code for ROS interfaces[0m
[3.292s] [  5%] Built target la_msgs__cpp
[3.312s] [ 10%] [34m[1mGenerating C++ type support dispatch for ROS interfaces[0m
[3.312s] [ 10%] [34m[1mGenerating C++ introspection for ROS interfaces[0m
[3.313s] [ 12%] [34m[1mGenerating C++ type support for eProsima Fast-RTPS[0m
[3.313s] [35m[1mScanning dependencies of target la_msgs__rosidl_generator_c[0m
[3.332s] [ 15%] [32mBuilding C object CMakeFiles/la_msgs__rosidl_generator_c.dir/rosidl_generator_c/la_msgs/action/detail/move_base__functions.c.o[0m
[3.332s] [ 17%] [32mBuilding C object CMakeFiles/la_msgs__rosidl_generator_c.dir/rosidl_generator_c/la_msgs/srv/detail/ptps__functions.c.o[0m
[3.477s] [ 20%] [32m[1mLinking C shared library libla_msgs__rosidl_generator_c.so[0m
[3.537s] [ 20%] Built target la_msgs__rosidl_generator_c
[3.554s] [ 23%] [34m[1mGenerating C type support dispatch for ROS interfaces[0m
[3.559s] [ 25%] [34m[1mGenerating C introspection for ROS interfaces[0m
[3.701s] [35m[1mScanning dependencies of target la_msgs__rosidl_typesupport_cpp[0m
[3.726s] [ 28%] [32mBuilding CXX object CMakeFiles/la_msgs__rosidl_typesupport_cpp.dir/rosidl_typesupport_cpp/la_msgs/srv/ptps__type_support.cpp.o[0m
[3.734s] [ 30%] [32mBuilding CXX object CMakeFiles/la_msgs__rosidl_typesupport_cpp.dir/rosidl_typesupport_cpp/la_msgs/action/move_base__type_support.cpp.o[0m
[3.769s] [35m[1mScanning dependencies of target la_msgs__rosidl_typesupport_introspection_cpp[0m
[3.803s] [ 33%] [32mBuilding CXX object CMakeFiles/la_msgs__rosidl_typesupport_introspection_cpp.dir/rosidl_typesupport_introspection_cpp/la_msgs/action/detail/move_base__type_support.cpp.o[0m
[3.884s] [35m[1mScanning dependencies of target la_msgs__rosidl_typesupport_fastrtps_cpp[0m
[3.919s] [ 35%] [32mBuilding CXX object CMakeFiles/la_msgs__rosidl_typesupport_fastrtps_cpp.dir/rosidl_typesupport_fastrtps_cpp/la_msgs/action/detail/dds_fastrtps/move_base__type_support.cpp.o[0m
[3.930s] [35m[1mScanning dependencies of target la_msgs__rosidl_typesupport_c[0m
[3.950s] [ 38%] [32mBuilding CXX object CMakeFiles/la_msgs__rosidl_typesupport_c.dir/rosidl_typesupport_c/la_msgs/action/move_base__type_support.cpp.o[0m
[4.039s] [ 41%] [32mBuilding CXX object CMakeFiles/la_msgs__rosidl_typesupport_c.dir/rosidl_typesupport_c/la_msgs/srv/ptps__type_support.cpp.o[0m
[4.047s] [ 43%] [32mBuilding CXX object CMakeFiles/la_msgs__rosidl_typesupport_fastrtps_cpp.dir/rosidl_typesupport_fastrtps_cpp/la_msgs/srv/detail/dds_fastrtps/ptps__type_support.cpp.o[0m
[4.084s] [ 46%] [32m[1mLinking CXX shared library libla_msgs__rosidl_typesupport_c.so[0m
[4.141s] [ 46%] Built target la_msgs__rosidl_typesupport_c
[4.159s] [ 48%] [32mBuilding CXX object CMakeFiles/la_msgs__rosidl_typesupport_introspection_cpp.dir/rosidl_typesupport_introspection_cpp/la_msgs/srv/detail/ptps__type_support.cpp.o[0m
[4.267s] [35m[1mScanning dependencies of target la_msgs__rosidl_typesupport_introspection_c[0m
[4.302s] [ 51%] [32mBuilding C object CMakeFiles/la_msgs__rosidl_typesupport_introspection_c.dir/rosidl_typesupport_introspection_c/la_msgs/action/detail/move_base__type_support.c.o[0m
[4.374s] [ 53%] [32mBuilding C object CMakeFiles/la_msgs__rosidl_typesupport_introspection_c.dir/rosidl_typesupport_introspection_c/la_msgs/srv/detail/ptps__type_support.c.o[0m
[4.397s] [ 56%] [32m[1mLinking CXX shared library libla_msgs__rosidl_typesupport_cpp.so[0m
[4.443s] [ 58%] [32m[1mLinking C shared library libla_msgs__rosidl_typesupport_introspection_c.so[0m
[4.470s] [ 58%] Built target la_msgs__rosidl_typesupport_cpp
[4.497s] [ 58%] Built target la_msgs__rosidl_typesupport_introspection_c
[4.553s] [ 61%] [32m[1mLinking CXX shared library libla_msgs__rosidl_typesupport_introspection_cpp.so[0m
[4.652s] [ 61%] Built target la_msgs__rosidl_typesupport_introspection_cpp
[4.706s] [ 64%] [32m[1mLinking CXX shared library libla_msgs__rosidl_typesupport_fastrtps_cpp.so[0m
[4.798s] [ 64%] Built target la_msgs__rosidl_typesupport_fastrtps_cpp
[4.810s] [ 66%] [34m[1mGenerating C type support for eProsima Fast-RTPS[0m
[5.197s] [35m[1mScanning dependencies of target la_msgs__rosidl_typesupport_fastrtps_c[0m
[5.221s] [ 69%] [32mBuilding CXX object CMakeFiles/la_msgs__rosidl_typesupport_fastrtps_c.dir/rosidl_typesupport_fastrtps_c/la_msgs/srv/detail/ptps__type_support_c.cpp.o[0m
[5.223s] [ 71%] [32mBuilding CXX object CMakeFiles/la_msgs__rosidl_typesupport_fastrtps_c.dir/rosidl_typesupport_fastrtps_c/la_msgs/action/detail/move_base__type_support_c.cpp.o[0m
[5.595s] [ 74%] [32m[1mLinking CXX shared library libla_msgs__rosidl_typesupport_fastrtps_c.so[0m
[5.687s] [ 74%] Built target la_msgs__rosidl_typesupport_fastrtps_c
[5.699s] [35m[1mScanning dependencies of target la_msgs[0m
[5.711s] [ 74%] Built target la_msgs
[5.723s] [35m[1mScanning dependencies of target la_msgs__py[0m
[5.735s] [ 76%] [34m[1mGenerating Python code for ROS interfaces[0m
[6.640s] [ 76%] Built target la_msgs__py
[6.652s] [35m[1mScanning dependencies of target la_msgs__python[0m
[6.681s] [ 82%] [32mBuilding C object CMakeFiles/la_msgs__python.dir/rosidl_generator_py/la_msgs/action/_move_base_s.c.o[0m
[6.682s] [ 82%] [32mBuilding C object CMakeFiles/la_msgs__python.dir/rosidl_generator_py/la_msgs/srv/_ptps_s.c.o[0m
[6.806s] [ 84%] [32m[1mLinking C shared library rosidl_generator_py/la_msgs/libla_msgs__python.so[0m
[6.856s] [ 84%] Built target la_msgs__python
[6.870s] [35m[1mScanning dependencies of target la_msgs__rosidl_typesupport_introspection_c__pyext[0m
[6.871s] [35m[1mScanning dependencies of target la_msgs__rosidl_typesupport_c__pyext[0m
[6.873s] [35m[1mScanning dependencies of target la_msgs__rosidl_typesupport_fastrtps_c__pyext[0m
[6.896s] [ 87%] [32mBuilding C object CMakeFiles/la_msgs__rosidl_typesupport_introspection_c__pyext.dir/rosidl_generator_py/la_msgs/_la_msgs_s.ep.rosidl_typesupport_introspection_c.c.o[0m
[6.901s] [ 89%] [32mBuilding C object CMakeFiles/la_msgs__rosidl_typesupport_c__pyext.dir/rosidl_generator_py/la_msgs/_la_msgs_s.ep.rosidl_typesupport_c.c.o[0m
[6.906s] [ 92%] [32mBuilding C object CMakeFiles/la_msgs__rosidl_typesupport_fastrtps_c__pyext.dir/rosidl_generator_py/la_msgs/_la_msgs_s.ep.rosidl_typesupport_fastrtps_c.c.o[0m
[7.042s] [ 97%] [32m[1mLinking CXX shared library rosidl_generator_py/la_msgs/la_msgs_s__rosidl_typesupport_fastrtps_c.cpython-38-x86_64-linux-gnu.so[0m
[7.042s] [ 97%] [32m[1mLinking C shared library rosidl_generator_py/la_msgs/la_msgs_s__rosidl_typesupport_introspection_c.cpython-38-x86_64-linux-gnu.so[0m
[7.045s] [100%] [32m[1mLinking C shared library rosidl_generator_py/la_msgs/la_msgs_s__rosidl_typesupport_c.cpython-38-x86_64-linux-gnu.so[0m
[7.118s] [100%] Built target la_msgs__rosidl_typesupport_introspection_c__pyext
[7.120s] [100%] Built target la_msgs__rosidl_typesupport_c__pyext
[7.154s] [100%] Built target la_msgs__rosidl_typesupport_fastrtps_c__pyext
[7.168s] Invoked command in '/home/ian339/me326_ws/src/la_msgs/build/la_msgs' returned '0': CMAKE_PREFIX_PATH=${CMAKE_PREFIX_PATH}:/home/ian339/me326_ws/src/locobot_controller/install/locobot_controller:/home/ian339/interbotix_ws/install/interbotix_xs_modules:/home/ian339/interbotix_ws/install/interbotix_perception_modules:/home/ian339/interbotix_ws/install/interbotix_common_modules:/opt/ros/galactic /usr/bin/cmake --build /home/ian339/me326_ws/src/la_msgs/build/la_msgs -- -j6 -l6
[7.275s] Invoking command in '/home/ian339/me326_ws/src/la_msgs/build/la_msgs': CMAKE_PREFIX_PATH=${CMAKE_PREFIX_PATH}:/home/ian339/me326_ws/src/locobot_controller/install/locobot_controller:/home/ian339/interbotix_ws/install/interbotix_xs_modules:/home/ian339/interbotix_ws/install/interbotix_perception_modules:/home/ian339/interbotix_ws/install/interbotix_common_modules:/opt/ros/galactic /usr/bin/cmake --install /home/ian339/me326_ws/src/la_msgs/build/la_msgs
[7.286s] -- Install configuration: ""
[7.286s] -- Installing: /home/ian339/me326_ws/src/la_msgs/install/la_msgs/share/ament_index/resource_index/rosidl_interfaces/la_msgs
[7.286s] -- Installing: /home/ian339/me326_ws/src/la_msgs/install/la_msgs/include/la_msgs
[7.287s] -- Installing: /home/ian339/me326_ws/src/la_msgs/install/la_msgs/include/la_msgs/msg
[7.287s] -- Installing: /home/ian339/me326_ws/src/la_msgs/install/la_msgs/include/la_msgs/msg/rosidl_generator_c__visibility_control.h
[7.287s] -- Installing: /home/ian339/me326_ws/src/la_msgs/install/la_msgs/include/la_msgs/action
[7.287s] -- Installing: /home/ian339/me326_ws/src/la_msgs/install/la_msgs/include/la_msgs/action/move_base.h
[7.287s] -- Installing: /home/ian339/me326_ws/src/la_msgs/install/la_msgs/include/la_msgs/action/detail
[7.287s] -- Installing: /home/ian339/me326_ws/src/la_msgs/install/la_msgs/include/la_msgs/action/detail/move_base__functions.h
[7.287s] -- Installing: /home/ian339/me326_ws/src/la_msgs/install/la_msgs/include/la_msgs/action/detail/move_base__functions.c
[7.288s] -- Installing: /home/ian339/me326_ws/src/la_msgs/install/la_msgs/include/la_msgs/action/detail/move_base__struct.h
[7.288s] -- Installing: /home/ian339/me326_ws/src/la_msgs/install/la_msgs/include/la_msgs/action/detail/move_base__type_support.h
[7.288s] -- Installing: /home/ian339/me326_ws/src/la_msgs/install/la_msgs/include/la_msgs/srv
[7.288s] -- Installing: /home/ian339/me326_ws/src/la_msgs/install/la_msgs/include/la_msgs/srv/ptps.h
[7.288s] -- Installing: /home/ian339/me326_ws/src/la_msgs/install/la_msgs/include/la_msgs/srv/detail
[7.288s] -- Installing: /home/ian339/me326_ws/src/la_msgs/install/la_msgs/include/la_msgs/srv/detail/ptps__struct.h
[7.288s] -- Installing: /home/ian339/me326_ws/src/la_msgs/install/la_msgs/include/la_msgs/srv/detail/ptps__functions.c
[7.288s] -- Installing: /home/ian339/me326_ws/src/la_msgs/install/la_msgs/include/la_msgs/srv/detail/ptps__functions.h
[7.288s] -- Installing: /home/ian339/me326_ws/src/la_msgs/install/la_msgs/include/la_msgs/srv/detail/ptps__type_support.h
[7.289s] -- Installing: /home/ian339/me326_ws/src/la_msgs/install/la_msgs/share/la_msgs/environment/library_path.sh
[7.289s] -- Installing: /home/ian339/me326_ws/src/la_msgs/install/la_msgs/share/la_msgs/environment/library_path.dsv
[7.289s] -- Installing: /home/ian339/me326_ws/src/la_msgs/install/la_msgs/lib/libla_msgs__rosidl_generator_c.so
[7.289s] -- Set runtime path of "/home/ian339/me326_ws/src/la_msgs/install/la_msgs/lib/libla_msgs__rosidl_generator_c.so" to ""
[7.289s] -- Up-to-date: /home/ian339/me326_ws/src/la_msgs/install/la_msgs/include/la_msgs
[7.290s] -- Up-to-date: /home/ian339/me326_ws/src/la_msgs/install/la_msgs/include/la_msgs/msg
[7.290s] -- Installing: /home/ian339/me326_ws/src/la_msgs/install/la_msgs/include/la_msgs/msg/rosidl_typesupport_fastrtps_c__visibility_control.h
[7.290s] -- Up-to-date: /home/ian339/me326_ws/src/la_msgs/install/la_msgs/include/la_msgs/action
[7.290s] -- Up-to-date: /home/ian339/me326_ws/src/la_msgs/install/la_msgs/include/la_msgs/action/detail
[7.291s] -- Installing: /home/ian339/me326_ws/src/la_msgs/install/la_msgs/include/la_msgs/action/detail/move_base__rosidl_typesupport_fastrtps_c.h
[7.291s] -- Up-to-date: /home/ian339/me326_ws/src/la_msgs/install/la_msgs/include/la_msgs/srv
[7.291s] -- Up-to-date: /home/ian339/me326_ws/src/la_msgs/install/la_msgs/include/la_msgs/srv/detail
[7.291s] -- Installing: /home/ian339/me326_ws/src/la_msgs/install/la_msgs/include/la_msgs/srv/detail/ptps__rosidl_typesupport_fastrtps_c.h
[7.291s] -- Installing: /home/ian339/me326_ws/src/la_msgs/install/la_msgs/lib/libla_msgs__rosidl_typesupport_fastrtps_c.so
[7.291s] -- Set runtime path of "/home/ian339/me326_ws/src/la_msgs/install/la_msgs/lib/libla_msgs__rosidl_typesupport_fastrtps_c.so" to ""
[7.291s] -- Up-to-date: /home/ian339/me326_ws/src/la_msgs/install/la_msgs/include/la_msgs
[7.291s] -- Up-to-date: /home/ian339/me326_ws/src/la_msgs/install/la_msgs/include/la_msgs/msg
[7.291s] -- Installing: /home/ian339/me326_ws/src/la_msgs/install/la_msgs/include/la_msgs/msg/rosidl_typesupport_fastrtps_cpp__visibility_control.h
[7.291s] -- Up-to-date: /home/ian339/me326_ws/src/la_msgs/install/la_msgs/include/la_msgs/action
[7.292s] -- Up-to-date: /home/ian339/me326_ws/src/la_msgs/install/la_msgs/include/la_msgs/action/detail
[7.292s] -- Installing: /home/ian339/me326_ws/src/la_msgs/install/la_msgs/include/la_msgs/action/detail/move_base__rosidl_typesupport_fastrtps_cpp.hpp
[7.292s] -- Installing: /home/ian339/me326_ws/src/la_msgs/install/la_msgs/include/la_msgs/action/detail/dds_fastrtps
[7.292s] -- Up-to-date: /home/ian339/me326_ws/src/la_msgs/install/la_msgs/include/la_msgs/srv
[7.292s] -- Up-to-date: /home/ian339/me326_ws/src/la_msgs/install/la_msgs/include/la_msgs/srv/detail
[7.292s] -- Installing: /home/ian339/me326_ws/src/la_msgs/install/la_msgs/include/la_msgs/srv/detail/ptps__rosidl_typesupport_fastrtps_cpp.hpp
[7.292s] -- Installing: /home/ian339/me326_ws/src/la_msgs/install/la_msgs/include/la_msgs/srv/detail/dds_fastrtps
[7.292s] -- Installing: /home/ian339/me326_ws/src/la_msgs/install/la_msgs/lib/libla_msgs__rosidl_typesupport_fastrtps_cpp.so
[7.292s] -- Set runtime path of "/home/ian339/me326_ws/src/la_msgs/install/la_msgs/lib/libla_msgs__rosidl_typesupport_fastrtps_cpp.so" to ""
[7.293s] -- Up-to-date: /home/ian339/me326_ws/src/la_msgs/install/la_msgs/include/la_msgs
[7.293s] -- Up-to-date: /home/ian339/me326_ws/src/la_msgs/install/la_msgs/include/la_msgs/msg
[7.293s] -- Installing: /home/ian339/me326_ws/src/la_msgs/install/la_msgs/include/la_msgs/msg/rosidl_typesupport_introspection_c__visibility_control.h
[7.293s] -- Up-to-date: /home/ian339/me326_ws/src/la_msgs/install/la_msgs/include/la_msgs/action
[7.293s] -- Up-to-date: /home/ian339/me326_ws/src/la_msgs/install/la_msgs/include/la_msgs/action/detail
[7.293s] -- Installing: /home/ian339/me326_ws/src/la_msgs/install/la_msgs/include/la_msgs/action/detail/move_base__rosidl_typesupport_introspection_c.h
[7.293s] -- Installing: /home/ian339/me326_ws/src/la_msgs/install/la_msgs/include/la_msgs/action/detail/move_base__type_support.c
[7.293s] -- Up-to-date: /home/ian339/me326_ws/src/la_msgs/install/la_msgs/include/la_msgs/srv
[7.293s] -- Up-to-date: /home/ian339/me326_ws/src/la_msgs/install/la_msgs/include/la_msgs/srv/detail
[7.293s] -- Installing: /home/ian339/me326_ws/src/la_msgs/install/la_msgs/include/la_msgs/srv/detail/ptps__type_support.c
[7.293s] -- Installing: /home/ian339/me326_ws/src/la_msgs/install/la_msgs/include/la_msgs/srv/detail/ptps__rosidl_typesupport_introspection_c.h
[7.293s] -- Installing: /home/ian339/me326_ws/src/la_msgs/install/la_msgs/lib/libla_msgs__rosidl_typesupport_introspection_c.so
[7.293s] -- Set runtime path of "/home/ian339/me326_ws/src/la_msgs/install/la_msgs/lib/libla_msgs__rosidl_typesupport_introspection_c.so" to ""
[7.294s] -- Installing: /home/ian339/me326_ws/src/la_msgs/install/la_msgs/lib/libla_msgs__rosidl_typesupport_c.so
[7.294s] -- Set runtime path of "/home/ian339/me326_ws/src/la_msgs/install/la_msgs/lib/libla_msgs__rosidl_typesupport_c.so" to ""
[7.294s] -- Up-to-date: /home/ian339/me326_ws/src/la_msgs/install/la_msgs/include/la_msgs
[7.294s] -- Up-to-date: /home/ian339/me326_ws/src/la_msgs/install/la_msgs/include/la_msgs/action
[7.294s] -- Installing: /home/ian339/me326_ws/src/la_msgs/install/la_msgs/include/la_msgs/action/move_base.hpp
[7.294s] -- Up-to-date: /home/ian339/me326_ws/src/la_msgs/install/la_msgs/include/la_msgs/action/detail
[7.294s] -- Installing: /home/ian339/me326_ws/src/la_msgs/install/la_msgs/include/la_msgs/action/detail/move_base__builder.hpp
[7.294s] -- Installing: /home/ian339/me326_ws/src/la_msgs/install/la_msgs/include/la_msgs/action/detail/move_base__struct.hpp
[7.294s] -- Installing: /home/ian339/me326_ws/src/la_msgs/install/la_msgs/include/la_msgs/action/detail/move_base__traits.hpp
[7.294s] -- Up-to-date: /home/ian339/me326_ws/src/la_msgs/install/la_msgs/include/la_msgs/srv
[7.295s] -- Installing: /home/ian339/me326_ws/src/la_msgs/install/la_msgs/include/la_msgs/srv/ptps.hpp
[7.295s] -- Up-to-date: /home/ian339/me326_ws/src/la_msgs/install/la_msgs/include/la_msgs/srv/detail
[7.295s] -- Installing: /home/ian339/me326_ws/src/la_msgs/install/la_msgs/include/la_msgs/srv/detail/ptps__builder.hpp
[7.295s] -- Installing: /home/ian339/me326_ws/src/la_msgs/install/la_msgs/include/la_msgs/srv/detail/ptps__struct.hpp
[7.295s] -- Installing: /home/ian339/me326_ws/src/la_msgs/install/la_msgs/include/la_msgs/srv/detail/ptps__traits.hpp
[7.295s] -- Up-to-date: /home/ian339/me326_ws/src/la_msgs/install/la_msgs/include/la_msgs
[7.295s] -- Up-to-date: /home/ian339/me326_ws/src/la_msgs/install/la_msgs/include/la_msgs/action
[7.295s] -- Up-to-date: /home/ian339/me326_ws/src/la_msgs/install/la_msgs/include/la_msgs/action/detail
[7.296s] -- Installing: /home/ian339/me326_ws/src/la_msgs/install/la_msgs/include/la_msgs/action/detail/move_base__type_support.cpp
[7.296s] -- Installing: /home/ian339/me326_ws/src/la_msgs/install/la_msgs/include/la_msgs/action/detail/move_base__rosidl_typesupport_introspection_cpp.hpp
[7.296s] -- Up-to-date: /home/ian339/me326_ws/src/la_msgs/install/la_msgs/include/la_msgs/srv
[7.296s] -- Up-to-date: /home/ian339/me326_ws/src/la_msgs/install/la_msgs/include/la_msgs/srv/detail
[7.296s] -- Installing: /home/ian339/me326_ws/src/la_msgs/install/la_msgs/include/la_msgs/srv/detail/ptps__rosidl_typesupport_introspection_cpp.hpp
[7.296s] -- Installing: /home/ian339/me326_ws/src/la_msgs/install/la_msgs/include/la_msgs/srv/detail/ptps__type_support.cpp
[7.296s] -- Installing: /home/ian339/me326_ws/src/la_msgs/install/la_msgs/lib/libla_msgs__rosidl_typesupport_introspection_cpp.so
[7.296s] -- Set runtime path of "/home/ian339/me326_ws/src/la_msgs/install/la_msgs/lib/libla_msgs__rosidl_typesupport_introspection_cpp.so" to ""
[7.296s] -- Installing: /home/ian339/me326_ws/src/la_msgs/install/la_msgs/lib/libla_msgs__rosidl_typesupport_cpp.so
[7.296s] -- Set runtime path of "/home/ian339/me326_ws/src/la_msgs/install/la_msgs/lib/libla_msgs__rosidl_typesupport_cpp.so" to ""
[7.297s] -- Installing: /home/ian339/me326_ws/src/la_msgs/install/la_msgs/share/la_msgs/environment/pythonpath.sh
[7.297s] -- Installing: /home/ian339/me326_ws/src/la_msgs/install/la_msgs/share/la_msgs/environment/pythonpath.dsv
[7.297s] -- Installing: /home/ian339/me326_ws/src/la_msgs/install/la_msgs/lib/python3.8/site-packages/la_msgs/__init__.py
[7.327s] Compiling '/home/ian339/me326_ws/src/la_msgs/install/la_msgs/lib/python3.8/site-packages/la_msgs/__init__.py'...
[7.330s] -- Installing: /home/ian339/me326_ws/src/la_msgs/install/la_msgs/lib/python3.8/site-packages/la_msgs/action
[7.330s] -- Installing: /home/ian339/me326_ws/src/la_msgs/install/la_msgs/lib/python3.8/site-packages/la_msgs/action/__init__.py
[7.330s] -- Installing: /home/ian339/me326_ws/src/la_msgs/install/la_msgs/lib/python3.8/site-packages/la_msgs/action/_move_base_s.c
[7.330s] -- Installing: /home/ian339/me326_ws/src/la_msgs/install/la_msgs/lib/python3.8/site-packages/la_msgs/action/_move_base.py
[7.330s] -- Installing: /home/ian339/me326_ws/src/la_msgs/install/la_msgs/lib/python3.8/site-packages/la_msgs/srv
[7.331s] -- Installing: /home/ian339/me326_ws/src/la_msgs/install/la_msgs/lib/python3.8/site-packages/la_msgs/srv/__init__.py
[7.331s] -- Installing: /home/ian339/me326_ws/src/la_msgs/install/la_msgs/lib/python3.8/site-packages/la_msgs/srv/_ptps_s.c
[7.331s] -- Installing: /home/ian339/me326_ws/src/la_msgs/install/la_msgs/lib/python3.8/site-packages/la_msgs/srv/_ptps.py
[7.331s] -- Installing: /home/ian339/me326_ws/src/la_msgs/install/la_msgs/lib/python3.8/site-packages/la_msgs/la_msgs_s__rosidl_typesupport_fastrtps_c.cpython-38-x86_64-linux-gnu.so
[7.331s] -- Set runtime path of "/home/ian339/me326_ws/src/la_msgs/install/la_msgs/lib/python3.8/site-packages/la_msgs/la_msgs_s__rosidl_typesupport_fastrtps_c.cpython-38-x86_64-linux-gnu.so" to ""
[7.332s] -- Installing: /home/ian339/me326_ws/src/la_msgs/install/la_msgs/lib/python3.8/site-packages/la_msgs/la_msgs_s__rosidl_typesupport_introspection_c.cpython-38-x86_64-linux-gnu.so
[7.332s] -- Set runtime path of "/home/ian339/me326_ws/src/la_msgs/install/la_msgs/lib/python3.8/site-packages/la_msgs/la_msgs_s__rosidl_typesupport_introspection_c.cpython-38-x86_64-linux-gnu.so" to ""
[7.332s] -- Installing: /home/ian339/me326_ws/src/la_msgs/install/la_msgs/lib/python3.8/site-packages/la_msgs/la_msgs_s__rosidl_typesupport_c.cpython-38-x86_64-linux-gnu.so
[7.333s] -- Set runtime path of "/home/ian339/me326_ws/src/la_msgs/install/la_msgs/lib/python3.8/site-packages/la_msgs/la_msgs_s__rosidl_typesupport_c.cpython-38-x86_64-linux-gnu.so" to ""
[7.333s] -- Installing: /home/ian339/me326_ws/src/la_msgs/install/la_msgs/lib/libla_msgs__python.so
[7.333s] -- Set runtime path of "/home/ian339/me326_ws/src/la_msgs/install/la_msgs/lib/libla_msgs__python.so" to ""
[7.333s] -- Installing: /home/ian339/me326_ws/src/la_msgs/install/la_msgs/share/la_msgs/action/MoveBase.idl
[7.334s] -- Installing: /home/ian339/me326_ws/src/la_msgs/install/la_msgs/share/la_msgs/srv/Ptps.idl
[7.334s] -- Installing: /home/ian339/me326_ws/src/la_msgs/install/la_msgs/share/la_msgs/action/MoveBase.action
[7.334s] -- Installing: /home/ian339/me326_ws/src/la_msgs/install/la_msgs/share/la_msgs/srv/Ptps.srv
[7.334s] -- Installing: /home/ian339/me326_ws/src/la_msgs/install/la_msgs/share/la_msgs/srv/Ptps_Request.msg
[7.334s] -- Installing: /home/ian339/me326_ws/src/la_msgs/install/la_msgs/share/la_msgs/srv/Ptps_Response.msg
[7.334s] -- Installing: /home/ian339/me326_ws/src/la_msgs/install/la_msgs/share/ament_index/resource_index/package_run_dependencies/la_msgs
[7.334s] -- Installing: /home/ian339/me326_ws/src/la_msgs/install/la_msgs/share/ament_index/resource_index/parent_prefix_path/la_msgs
[7.335s] -- Installing: /home/ian339/me326_ws/src/la_msgs/install/la_msgs/share/la_msgs/environment/ament_prefix_path.sh
[7.335s] -- Installing: /home/ian339/me326_ws/src/la_msgs/install/la_msgs/share/la_msgs/environment/ament_prefix_path.dsv
[7.335s] -- Installing: /home/ian339/me326_ws/src/la_msgs/install/la_msgs/share/la_msgs/environment/path.sh
[7.335s] -- Installing: /home/ian339/me326_ws/src/la_msgs/install/la_msgs/share/la_msgs/environment/path.dsv
[7.335s] -- Installing: /home/ian339/me326_ws/src/la_msgs/install/la_msgs/share/la_msgs/local_setup.bash
[7.335s] -- Installing: /home/ian339/me326_ws/src/la_msgs/install/la_msgs/share/la_msgs/local_setup.sh
[7.336s] -- Installing: /home/ian339/me326_ws/src/la_msgs/install/la_msgs/share/la_msgs/local_setup.zsh
[7.336s] -- Installing: /home/ian339/me326_ws/src/la_msgs/install/la_msgs/share/la_msgs/local_setup.dsv
[7.336s] -- Installing: /home/ian339/me326_ws/src/la_msgs/install/la_msgs/share/la_msgs/package.dsv
[7.336s] -- Installing: /home/ian339/me326_ws/src/la_msgs/install/la_msgs/share/ament_index/resource_index/packages/la_msgs
[7.336s] -- Installing: /home/ian339/me326_ws/src/la_msgs/install/la_msgs/share/la_msgs/cmake/la_msgs__rosidl_generator_cExport.cmake
[7.336s] -- Installing: /home/ian339/me326_ws/src/la_msgs/install/la_msgs/share/la_msgs/cmake/la_msgs__rosidl_generator_cExport-noconfig.cmake
[7.336s] -- Installing: /home/ian339/me326_ws/src/la_msgs/install/la_msgs/share/la_msgs/cmake/la_msgs__rosidl_typesupport_introspection_cExport.cmake
[7.336s] -- Installing: /home/ian339/me326_ws/src/la_msgs/install/la_msgs/share/la_msgs/cmake/la_msgs__rosidl_typesupport_introspection_cExport-noconfig.cmake
[7.336s] -- Installing: /home/ian339/me326_ws/src/la_msgs/install/la_msgs/share/la_msgs/cmake/la_msgs__rosidl_typesupport_cExport.cmake
[7.337s] -- Installing: /home/ian339/me326_ws/src/la_msgs/install/la_msgs/share/la_msgs/cmake/la_msgs__rosidl_typesupport_cExport-noconfig.cmake
[7.337s] -- Installing: /home/ian339/me326_ws/src/la_msgs/install/la_msgs/share/la_msgs/cmake/la_msgs__rosidl_generator_cppExport.cmake
[7.337s] -- Installing: /home/ian339/me326_ws/src/la_msgs/install/la_msgs/share/la_msgs/cmake/la_msgs__rosidl_typesupport_introspection_cppExport.cmake
[7.337s] -- Installing: /home/ian339/me326_ws/src/la_msgs/install/la_msgs/share/la_msgs/cmake/la_msgs__rosidl_typesupport_introspection_cppExport-noconfig.cmake
[7.337s] -- Installing: /home/ian339/me326_ws/src/la_msgs/install/la_msgs/share/la_msgs/cmake/la_msgs__rosidl_typesupport_cppExport.cmake
[7.337s] -- Installing: /home/ian339/me326_ws/src/la_msgs/install/la_msgs/share/la_msgs/cmake/la_msgs__rosidl_typesupport_cppExport-noconfig.cmake
[7.338s] -- Installing: /home/ian339/me326_ws/src/la_msgs/install/la_msgs/share/la_msgs/cmake/rosidl_cmake-extras.cmake
[7.338s] -- Installing: /home/ian339/me326_ws/src/la_msgs/install/la_msgs/share/la_msgs/cmake/ament_cmake_export_dependencies-extras.cmake
[7.338s] -- Installing: /home/ian339/me326_ws/src/la_msgs/install/la_msgs/share/la_msgs/cmake/ament_cmake_export_libraries-extras.cmake
[7.338s] -- Installing: /home/ian339/me326_ws/src/la_msgs/install/la_msgs/share/la_msgs/cmake/ament_cmake_export_targets-extras.cmake
[7.338s] -- Installing: /home/ian339/me326_ws/src/la_msgs/install/la_msgs/share/la_msgs/cmake/ament_cmake_export_include_directories-extras.cmake
[7.338s] -- Installing: /home/ian339/me326_ws/src/la_msgs/install/la_msgs/share/la_msgs/cmake/rosidl_cmake_export_typesupport_libraries-extras.cmake
[7.338s] -- Installing: /home/ian339/me326_ws/src/la_msgs/install/la_msgs/share/la_msgs/cmake/rosidl_cmake_export_typesupport_targets-extras.cmake
[7.338s] -- Installing: /home/ian339/me326_ws/src/la_msgs/install/la_msgs/share/la_msgs/cmake/la_msgsConfig.cmake
[7.338s] -- Installing: /home/ian339/me326_ws/src/la_msgs/install/la_msgs/share/la_msgs/cmake/la_msgsConfig-version.cmake
[7.339s] -- Installing: /home/ian339/me326_ws/src/la_msgs/install/la_msgs/share/la_msgs/package.xml
[7.341s] Invoked command in '/home/ian339/me326_ws/src/la_msgs/build/la_msgs' returned '0': CMAKE_PREFIX_PATH=${CMAKE_PREFIX_PATH}:/home/ian339/me326_ws/src/locobot_controller/install/locobot_controller:/home/ian339/interbotix_ws/install/interbotix_xs_modules:/home/ian339/interbotix_ws/install/interbotix_perception_modules:/home/ian339/interbotix_ws/install/interbotix_common_modules:/opt/ros/galactic /usr/bin/cmake --install /home/ian339/me326_ws/src/la_msgs/build/la_msgs
