[0.682s] Invoking command in '/home/dihim/me326_ws/build/gazebo_ros_link_attacher': CMAKE_PREFIX_PATH=${CMAKE_PREFIX_PATH}:/home/dihim/interbotix_ws/install/interbotix_xs_modules:/home/dihim/interbotix_ws/install/interbotix_perception_modules:/home/dihim/interbotix_ws/install/interbotix_common_modules:/opt/ros/galactic /usr/bin/cmake --build /home/dihim/me326_ws/build/gazebo_ros_link_attacher -- -j4 -l4
[0.974s] -- Found ament_cmake: 1.1.6 (/opt/ros/galactic/share/ament_cmake/cmake)
[0.975s] -- Found PythonInterp: /usr/bin/python3 (found suitable version "3.8.10", minimum required is "3") 
[0.975s] -- Using PYTHON_EXECUTABLE: /usr/bin/python3
[0.975s] -- Found rclcpp: 9.2.2 (/opt/ros/galactic/share/rclcpp/cmake)
[0.975s] -- Using all available rosidl_typesupport_c: rosidl_typesupport_fastrtps_c;rosidl_typesupport_introspection_c
[0.975s] -- Found rosidl_adapter: 2.2.3 (/opt/ros/galactic/share/rosidl_adapter/cmake)
[0.975s] -- Using all available rosidl_typesupport_cpp: rosidl_typesupport_fastrtps_cpp;rosidl_typesupport_introspection_cpp
[0.975s] -- Found rmw_implementation_cmake: 3.3.1 (/opt/ros/galactic/share/rmw_implementation_cmake/cmake)
[0.975s] -- Found rmw_cyclonedds_cpp: 0.22.6 (/opt/ros/galactic/share/rmw_cyclonedds_cpp/cmake)
[0.975s] -- Using RMW implementation 'rmw_cyclonedds_cpp' as default
[0.975s] -- Found gazebo_ros: 3.5.2 (/opt/ros/galactic/share/gazebo_ros/cmake)
[1.001s] -- Found DART: /usr/include (Required is at least version "6.6") found components: dart 
[1.022s] -- Found Protobuf: /usr/lib/aarch64-linux-gnu/libprotobuf.so;-lpthread (found version "3.6.1") 
[1.023s] -- Looking for ignition-math6 -- found version 6.15.1
[1.026s] -- Searching for dependencies of ignition-math6
[1.027s] -- Looking for OGRE...
[1.033s] -- Found Ogre Ghadamon (1.9.0)
[1.033s] -- Found OGRE: optimized;/usr/lib/aarch64-linux-gnu/libOgreMain.so;debug;/usr/lib/aarch64-linux-gnu/libOgreMain.so
[1.042s] -- Looking for OGRE_Paging...
[1.042s] -- Found OGRE_Paging: optimized;/usr/lib/aarch64-linux-gnu/libOgrePaging.so;debug;/usr/lib/aarch64-linux-gnu/libOgrePaging.so
[1.042s] -- Looking for OGRE_Terrain...
[1.049s] -- Found OGRE_Terrain: optimized;/usr/lib/aarch64-linux-gnu/libOgreTerrain.so;debug;/usr/lib/aarch64-linux-gnu/libOgreTerrain.so
[1.049s] -- Looking for OGRE_Property...
[1.049s] -- Found OGRE_Property: optimized;/usr/lib/aarch64-linux-gnu/libOgreProperty.so;debug;/usr/lib/aarch64-linux-gnu/libOgreProperty.so
[1.049s] -- Looking for OGRE_RTShaderSystem...
[1.049s] -- Found OGRE_RTShaderSystem: optimized;/usr/lib/aarch64-linux-gnu/libOgreRTShaderSystem.so;debug;/usr/lib/aarch64-linux-gnu/libOgreRTShaderSystem.so
[1.049s] -- Looking for OGRE_Volume...
[1.049s] -- Found OGRE_Volume: optimized;/usr/lib/aarch64-linux-gnu/libOgreVolume.so;debug;/usr/lib/aarch64-linux-gnu/libOgreVolume.so
[1.049s] -- Looking for OGRE_Overlay...
[1.049s] -- Found OGRE_Overlay: optimized;/usr/lib/aarch64-linux-gnu/libOgreOverlay.so;debug;/usr/lib/aarch64-linux-gnu/libOgreOverlay.so
[1.135s] -- Looking for ignition-math6 -- found version 6.15.1
[1.136s] -- Looking for ignition-transport8 -- found version 8.3.0
[1.136s] -- Searching for dependencies of ignition-transport8
[1.148s] -- Found Protobuf: /usr/lib/aarch64-linux-gnu/libprotobuf.so;-lpthread (found suitable version "3.6.1", minimum required is "3") 
[1.158s] -- Config-file not installed for ZeroMQ -- checking for pkg-config
[1.160s] -- Checking for module 'libzmq >= 4'
[1.170s] --   Found libzmq , version 4.3.2
[1.195s] -- Checking for module 'uuid'
[1.208s] --   Found uuid, version 2.34.0
[1.237s] -- Looking for ignition-msgs5 -- found version 5.10.0
[1.241s] -- Searching for dependencies of ignition-msgs5
[1.254s] -- Looking for ignition-math6 -- found version 6.15.1
[1.257s] -- Checking for module 'tinyxml2'
[1.265s] --   Found tinyxml2, version 6.2.0
[1.287s] -- Looking for ignition-msgs5 -- found version 5.10.0
[1.287s] -- Looking for ignition-common3 -- found version 3.14.2
[1.287s] -- Searching for dependencies of ignition-common3
[1.287s] -- Looking for dlfcn.h - found
[1.287s] -- Looking for libdl - found
[1.291s] -- Searching for <ignition-common3> component [graphics]
[1.291s] -- Looking for ignition-common3-graphics -- found version 3.14.2
[1.291s] -- Searching for dependencies of ignition-common3-graphics
[1.291s] -- Looking for ignition-math6 -- found version 6.15.1
[1.292s] -- Looking for ignition-fuel_tools4 -- found version 4.6.0
[1.292s] -- Searching for dependencies of ignition-fuel_tools4
[1.308s] -- Checking for module 'jsoncpp'
[1.317s] --   Found jsoncpp, version 1.7.4
[1.342s] -- Checking for module 'libzip'
[1.349s] --   Found libzip, version 1.5.1
[1.367s] -- Looking for ignition-common3 -- found version 3.14.2
[1.368s] -- Looking for ignition-math6 -- found version 6.15.1
[1.368s] -- Looking for ignition-msgs5 -- found version 5.10.0
[1.368s] -- Gazebo version: 11.11
[1.371s] -- Found rosidl_default_generators: 1.1.1 (/opt/ros/galactic/share/rosidl_default_generators/cmake)
[1.390s] -- Found PythonInterp: /usr/bin/python3 (found version "3.8.10") 
[1.467s] -- Found ament_cmake_ros: 0.9.2 (/opt/ros/galactic/share/ament_cmake_ros/cmake)
[1.566s] -- Using all available rosidl_typesupport_c: rosidl_typesupport_fastrtps_c;rosidl_typesupport_introspection_c
[1.597s] -- Using all available rosidl_typesupport_cpp: rosidl_typesupport_fastrtps_cpp;rosidl_typesupport_introspection_cpp
[1.611s] -- Found PythonInterp: /usr/bin/python3 (found suitable version "3.8.10", minimum required is "3.5") 
[1.611s] -- Found python_cmake_module: 0.8.1 (/opt/ros/galactic/share/python_cmake_module/cmake)
[1.623s] -- Using PYTHON_EXECUTABLE: /usr/bin/python3
[1.623s] -- Using PYTHON_INCLUDE_DIRS: /usr/include/python3.8
[1.624s] -- Using PYTHON_LIBRARIES: /usr/lib/aarch64-linux-gnu/libpython3.8.so
[1.646s] -- Found rmw_fastrtps_cpp: 5.0.2 (/opt/ros/galactic/share/rmw_fastrtps_cpp/cmake)
[1.717s] -- Configuring done
[1.796s] -- Generating done
[1.799s] -- Build files have been written to: /home/dihim/me326_ws/build/gazebo_ros_link_attacher
[1.820s] [  2%] Built target gazebo_ros_link_attacher__cpp
[1.831s] [ 11%] Built target gazebo_ros_link_attacher__rosidl_generator_c
[1.840s] [ 20%] Built target gazebo_ros_link_attacher__rosidl_typesupport_introspection_cpp
[1.844s] [ 28%] Built target gazebo_ros_link_attacher__rosidl_typesupport_fastrtps_cpp
[1.851s] [ 37%] Built target gazebo_ros_link_attacher__rosidl_typesupport_cpp
[1.853s] [ 45%] Built target gazebo_ros_link_attacher__rosidl_typesupport_introspection_c
[1.861s] [ 54%] Built target gazebo_ros_link_attacher__rosidl_typesupport_c
[1.866s] [ 62%] Built target gazebo_ros_link_attacher__rosidl_typesupport_fastrtps_c
[1.877s] [ 62%] Built target gazebo_ros_link_attacher
[1.888s] [ 65%] Built target gazebo_ros_link_attacher__py
[1.905s] [ 71%] Built target gazebo_ros_link_attacher_plugin
[1.907s] [ 77%] Built target gazebo_ros_link_attacher__python
[1.934s] [ 85%] Built target gazebo_ros_link_attacher__rosidl_typesupport_c__pyext
[1.934s] [ 88%] Built target gazebo_ros_link_attacher__rosidl_typesupport_introspection_c__pyext
[1.936s] [ 94%] Built target gazebo_ros_link_attacher__rosidl_typesupport_fastrtps_c__pyext
[1.940s] [ 97%] [32m[1mLinking CXX executable gazebo_ros_link_attacher_node[0m
[2.438s] /usr/bin/ld: /usr/lib/gcc/aarch64-linux-gnu/9/../../../aarch64-linux-gnu/Scrt1.o: in function `_start':
[2.438s] (.text+0x18): undefined reference to `main'
[2.438s] /usr/bin/ld: (.text+0x1c): undefined reference to `main'
[2.438s] collect2: error: ld returned 1 exit status
[2.439s] make[2]: *** [CMakeFiles/gazebo_ros_link_attacher_node.dir/build.make:283: gazebo_ros_link_attacher_node] Error 1
[2.439s] make[1]: *** [CMakeFiles/Makefile2:424: CMakeFiles/gazebo_ros_link_attacher_node.dir/all] Error 2
[2.440s] make: *** [Makefile:141: all] Error 2
[2.441s] Invoked command in '/home/dihim/me326_ws/build/gazebo_ros_link_attacher' returned '2': CMAKE_PREFIX_PATH=${CMAKE_PREFIX_PATH}:/home/dihim/interbotix_ws/install/interbotix_xs_modules:/home/dihim/interbotix_ws/install/interbotix_perception_modules:/home/dihim/interbotix_ws/install/interbotix_common_modules:/opt/ros/galactic /usr/bin/cmake --build /home/dihim/me326_ws/build/gazebo_ros_link_attacher -- -j4 -l4
