[10.351s] DEBUG:colcon:Command line arguments: ['/usr/bin/colcon', 'build']
[10.351s] DEBUG:colcon:Parsed command line arguments: Namespace(allow_overriding=[], ament_cmake_args=None, base_paths=['.'], build_base='build', catkin_cmake_args=None, catkin_skip_building_tests=False, cmake_args=None, cmake_clean_cache=False, cmake_clean_first=False, cmake_force_configure=False, cmake_target=None, cmake_target_skip_unavailable=False, continue_on_error=False, event_handlers=None, executor='parallel', ignore_user_meta=False, install_base='install', log_base=None, log_level=None, main=<bound method BuildVerb.main of <colcon_core.verb.build.BuildVerb object at 0x7f4e276bd880>>, merge_install=False, metas=['./colcon.meta'], packages_above=None, packages_above_and_dependencies=None, packages_above_depth=None, packages_end=None, packages_ignore=None, packages_ignore_regex=None, packages_select=None, packages_select_build_failed=False, packages_select_by_dep=None, packages_select_regex=None, packages_select_test_failures=False, packages_skip=None, packages_skip_build_finished=False, packages_skip_by_dep=None, packages_skip_regex=None, packages_skip_test_passed=False, packages_skip_up_to=None, packages_start=None, packages_up_to=None, packages_up_to_regex=None, parallel_workers=8, paths=None, symlink_install=False, test_result_base=None, verb_extension=<colcon_core.verb.build.BuildVerb object at 0x7f4e276bd880>, verb_name='build', verb_parser=<colcon_defaults.argument_parser.defaults.DefaultArgumentsDecorator object at 0x7f4e26bb27f0>)
[10.779s] Level 1:colcon.colcon_core.package_discovery:discover_packages(colcon_meta) check parameters
[10.779s] Level 1:colcon.colcon_core.package_discovery:discover_packages(recursive) check parameters
[10.780s] Level 1:colcon.colcon_core.package_discovery:discover_packages(ignore) check parameters
[10.780s] Level 1:colcon.colcon_core.package_discovery:discover_packages(path) check parameters
[10.780s] Level 1:colcon.colcon_core.package_discovery:discover_packages(colcon_meta) discover
[10.780s] Level 1:colcon.colcon_core.package_discovery:discover_packages(recursive) discover
[10.780s] INFO:colcon.colcon_core.package_discovery:Crawling recursively for packages in '/home/yicheng/me326_ws'
[10.780s] Level 1:colcon.colcon_core.package_identification:_identify(.) by extensions ['ignore', 'ignore_ament_install']
[10.781s] Level 1:colcon.colcon_core.package_identification:_identify(.) by extension 'ignore'
[10.781s] Level 1:colcon.colcon_core.package_identification:_identify(.) by extension 'ignore_ament_install'
[10.781s] Level 1:colcon.colcon_core.package_identification:_identify(.) by extensions ['colcon_pkg']
[10.781s] Level 1:colcon.colcon_core.package_identification:_identify(.) by extension 'colcon_pkg'
[10.781s] Level 1:colcon.colcon_core.package_identification:_identify(.) by extensions ['colcon_meta']
[10.781s] Level 1:colcon.colcon_core.package_identification:_identify(.) by extension 'colcon_meta'
[10.782s] Level 1:colcon.colcon_core.package_identification:_identify(.) by extensions ['ros']
[10.782s] Level 1:colcon.colcon_core.package_identification:_identify(.) by extension 'ros'
[10.826s] Level 1:colcon.colcon_core.package_identification:_identify(.) by extensions ['cmake', 'python']
[10.826s] Level 1:colcon.colcon_core.package_identification:_identify(.) by extension 'cmake'
[10.826s] Level 1:colcon.colcon_core.package_identification:_identify(.) by extension 'python'
[10.827s] Level 1:colcon.colcon_core.package_identification:_identify(.) by extensions ['python_setup_py']
[10.827s] Level 1:colcon.colcon_core.package_identification:_identify(.) by extension 'python_setup_py'
[10.827s] Level 1:colcon.colcon_core.package_identification:_identify(build) by extensions ['ignore', 'ignore_ament_install']
[10.827s] Level 1:colcon.colcon_core.package_identification:_identify(build) by extension 'ignore'
[10.827s] Level 1:colcon.colcon_core.package_identification:_identify(build) ignored
[10.828s] Level 1:colcon.colcon_core.package_identification:_identify(install) by extensions ['ignore', 'ignore_ament_install']
[10.828s] Level 1:colcon.colcon_core.package_identification:_identify(install) by extension 'ignore'
[10.828s] Level 1:colcon.colcon_core.package_identification:_identify(install) ignored
[10.829s] Level 1:colcon.colcon_core.package_identification:_identify(log) by extensions ['ignore', 'ignore_ament_install']
[10.829s] Level 1:colcon.colcon_core.package_identification:_identify(log) by extension 'ignore'
[10.829s] Level 1:colcon.colcon_core.package_identification:_identify(log) ignored
[10.829s] Level 1:colcon.colcon_core.package_identification:_identify(src) by extensions ['ignore', 'ignore_ament_install']
[10.830s] Level 1:colcon.colcon_core.package_identification:_identify(src) by extension 'ignore'
[10.830s] Level 1:colcon.colcon_core.package_identification:_identify(src) by extension 'ignore_ament_install'
[10.830s] Level 1:colcon.colcon_core.package_identification:_identify(src) by extensions ['colcon_pkg']
[10.830s] Level 1:colcon.colcon_core.package_identification:_identify(src) by extension 'colcon_pkg'
[10.830s] Level 1:colcon.colcon_core.package_identification:_identify(src) by extensions ['colcon_meta']
[10.830s] Level 1:colcon.colcon_core.package_identification:_identify(src) by extension 'colcon_meta'
[10.830s] Level 1:colcon.colcon_core.package_identification:_identify(src) by extensions ['ros']
[10.831s] Level 1:colcon.colcon_core.package_identification:_identify(src) by extension 'ros'
[10.831s] Level 1:colcon.colcon_core.package_identification:_identify(src) by extensions ['cmake', 'python']
[10.831s] Level 1:colcon.colcon_core.package_identification:_identify(src) by extension 'cmake'
[10.831s] Level 1:colcon.colcon_core.package_identification:_identify(src) by extension 'python'
[10.831s] Level 1:colcon.colcon_core.package_identification:_identify(src) by extensions ['python_setup_py']
[10.831s] Level 1:colcon.colcon_core.package_identification:_identify(src) by extension 'python_setup_py'
[10.832s] Level 1:colcon.colcon_core.package_identification:_identify(src/locobot_yicheng) by extensions ['ignore', 'ignore_ament_install']
[10.832s] Level 1:colcon.colcon_core.package_identification:_identify(src/locobot_yicheng) by extension 'ignore'
[10.833s] Level 1:colcon.colcon_core.package_identification:_identify(src/locobot_yicheng) by extension 'ignore_ament_install'
[10.833s] Level 1:colcon.colcon_core.package_identification:_identify(src/locobot_yicheng) by extensions ['colcon_pkg']
[10.833s] Level 1:colcon.colcon_core.package_identification:_identify(src/locobot_yicheng) by extension 'colcon_pkg'
[10.833s] Level 1:colcon.colcon_core.package_identification:_identify(src/locobot_yicheng) by extensions ['colcon_meta']
[10.833s] Level 1:colcon.colcon_core.package_identification:_identify(src/locobot_yicheng) by extension 'colcon_meta'
[10.833s] Level 1:colcon.colcon_core.package_identification:_identify(src/locobot_yicheng) by extensions ['ros']
[10.833s] Level 1:colcon.colcon_core.package_identification:_identify(src/locobot_yicheng) by extension 'ros'
[10.843s] DEBUG:colcon.colcon_core.package_identification:Package 'src/locobot_yicheng' with type 'ros.ament_cmake' and name 'locobot_yicheng'
[10.844s] Level 1:colcon.colcon_core.package_discovery:discover_packages(recursive) using defaults
[10.844s] Level 1:colcon.colcon_core.package_discovery:discover_packages(ignore) discover
[10.844s] Level 1:colcon.colcon_core.package_discovery:discover_packages(ignore) using defaults
[10.844s] Level 1:colcon.colcon_core.package_discovery:discover_packages(path) discover
[10.844s] Level 1:colcon.colcon_core.package_discovery:discover_packages(path) using defaults
[11.670s] Level 1:colcon.colcon_core.package_discovery:discover_packages(prefix_path) check parameters
[11.671s] Level 1:colcon.colcon_core.package_discovery:discover_packages(prefix_path) discover
[11.975s] DEBUG:colcon.colcon_installed_package_information.package_discovery:Found 1 installed packages in /home/yicheng/me326_ws/install
[12.139s] DEBUG:colcon.colcon_installed_package_information.package_discovery:Found 18 installed packages in /home/yicheng/interbotix_ws/install
[12.317s] DEBUG:colcon.colcon_installed_package_information.package_discovery:Found 335 installed packages in /opt/ros/galactic
[12.325s] Level 1:colcon.colcon_core.package_discovery:discover_packages(prefix_path) using defaults
[13.002s] Level 5:colcon.colcon_core.verb:set package 'locobot_yicheng' build argument 'cmake_args' from command line to 'None'
[13.002s] Level 5:colcon.colcon_core.verb:set package 'locobot_yicheng' build argument 'cmake_target' from command line to 'None'
[13.002s] Level 5:colcon.colcon_core.verb:set package 'locobot_yicheng' build argument 'cmake_target_skip_unavailable' from command line to 'False'
[13.002s] Level 5:colcon.colcon_core.verb:set package 'locobot_yicheng' build argument 'cmake_clean_cache' from command line to 'False'
[13.002s] Level 5:colcon.colcon_core.verb:set package 'locobot_yicheng' build argument 'cmake_clean_first' from command line to 'False'
[13.002s] Level 5:colcon.colcon_core.verb:set package 'locobot_yicheng' build argument 'cmake_force_configure' from command line to 'False'
[13.002s] Level 5:colcon.colcon_core.verb:set package 'locobot_yicheng' build argument 'ament_cmake_args' from command line to 'None'
[13.002s] Level 5:colcon.colcon_core.verb:set package 'locobot_yicheng' build argument 'catkin_cmake_args' from command line to 'None'
[13.003s] Level 5:colcon.colcon_core.verb:set package 'locobot_yicheng' build argument 'catkin_skip_building_tests' from command line to 'False'
[13.003s] DEBUG:colcon.colcon_core.verb:Building package 'locobot_yicheng' with the following arguments: {'ament_cmake_args': None, 'build_base': '/home/yicheng/me326_ws/build/locobot_yicheng', 'catkin_cmake_args': None, 'catkin_skip_building_tests': False, 'cmake_args': None, 'cmake_clean_cache': False, 'cmake_clean_first': False, 'cmake_force_configure': False, 'cmake_target': None, 'cmake_target_skip_unavailable': False, 'install_base': '/home/yicheng/me326_ws/install/locobot_yicheng', 'merge_install': False, 'path': '/home/yicheng/me326_ws/src/locobot_yicheng', 'symlink_install': False, 'test_result_base': None}
[13.140s] INFO:colcon.colcon_core.executor:Executing jobs using 'parallel' executor
[13.302s] DEBUG:colcon.colcon_parallel_executor.executor.parallel:run_until_complete
[13.303s] INFO:colcon.colcon_ros.task.ament_cmake.build:Building ROS package in '/home/yicheng/me326_ws/src/locobot_yicheng' with build type 'ament_cmake'
[13.303s] INFO:colcon.colcon_cmake.task.cmake.build:Building CMake package in '/home/yicheng/me326_ws/src/locobot_yicheng'
[13.470s] INFO:colcon.colcon_core.plugin_system:Skipping extension 'colcon_core.shell.bat': Not used on non-Windows systems
[13.471s] INFO:colcon.colcon_core.shell:Skip shell extension 'powershell' for command environment: Not usable outside of PowerShell
[13.471s] DEBUG:colcon.colcon_core.shell:Skip shell extension 'dsv' for command environment
[14.198s] DEBUG:colcon.colcon_core.event_handler.log_command:Invoking command in '/home/yicheng/me326_ws/build/locobot_yicheng': CMAKE_PREFIX_PATH=${CMAKE_PREFIX_PATH}:/home/yicheng/interbotix_ws/install/interbotix_xs_modules:/home/yicheng/interbotix_ws/install/interbotix_perception_modules:/home/yicheng/interbotix_ws/install/interbotix_common_modules:/opt/ros/galactic /usr/bin/cmake --build /home/yicheng/me326_ws/build/locobot_yicheng -- -j8 -l8
[14.365s] DEBUG:colcon.colcon_core.event_handler.log_command:Invoked command in '/home/yicheng/me326_ws/build/locobot_yicheng' returned '0': CMAKE_PREFIX_PATH=${CMAKE_PREFIX_PATH}:/home/yicheng/interbotix_ws/install/interbotix_xs_modules:/home/yicheng/interbotix_ws/install/interbotix_perception_modules:/home/yicheng/interbotix_ws/install/interbotix_common_modules:/opt/ros/galactic /usr/bin/cmake --build /home/yicheng/me326_ws/build/locobot_yicheng -- -j8 -l8
[14.502s] DEBUG:colcon.colcon_core.event_handler.log_command:Invoking command in '/home/yicheng/me326_ws/build/locobot_yicheng': CMAKE_PREFIX_PATH=${CMAKE_PREFIX_PATH}:/home/yicheng/interbotix_ws/install/interbotix_xs_modules:/home/yicheng/interbotix_ws/install/interbotix_perception_modules:/home/yicheng/interbotix_ws/install/interbotix_common_modules:/opt/ros/galactic /usr/bin/cmake --install /home/yicheng/me326_ws/build/locobot_yicheng
[14.537s] Level 1:colcon.colcon_core.environment:create_environment_scripts_only(locobot_yicheng)
[14.540s] DEBUG:colcon.colcon_core.event_handler.log_command:Invoked command in '/home/yicheng/me326_ws/build/locobot_yicheng' returned '0': CMAKE_PREFIX_PATH=${CMAKE_PREFIX_PATH}:/home/yicheng/interbotix_ws/install/interbotix_xs_modules:/home/yicheng/interbotix_ws/install/interbotix_perception_modules:/home/yicheng/interbotix_ws/install/interbotix_common_modules:/opt/ros/galactic /usr/bin/cmake --install /home/yicheng/me326_ws/build/locobot_yicheng
[14.713s] Level 1:colcon.colcon_core.environment:checking '/home/yicheng/me326_ws/install/locobot_yicheng' for CMake module files
[14.714s] Level 1:colcon.colcon_core.environment:checking '/home/yicheng/me326_ws/install/locobot_yicheng' for CMake config files
[14.715s] Level 1:colcon.colcon_core.shell:create_environment_hook('locobot_yicheng', 'cmake_prefix_path')
[14.877s] INFO:colcon.colcon_core.shell:Creating environment hook '/home/yicheng/me326_ws/install/locobot_yicheng/share/locobot_yicheng/hook/cmake_prefix_path.ps1'
[14.880s] INFO:colcon.colcon_core.shell:Creating environment descriptor '/home/yicheng/me326_ws/install/locobot_yicheng/share/locobot_yicheng/hook/cmake_prefix_path.dsv'
[14.882s] INFO:colcon.colcon_core.shell:Creating environment hook '/home/yicheng/me326_ws/install/locobot_yicheng/share/locobot_yicheng/hook/cmake_prefix_path.sh'
[14.885s] Level 1:colcon.colcon_core.environment:checking '/home/yicheng/me326_ws/install/locobot_yicheng/lib'
[14.886s] Level 1:colcon.colcon_core.environment:checking '/home/yicheng/me326_ws/install/locobot_yicheng/bin'
[14.887s] Level 1:colcon.colcon_core.environment:checking '/home/yicheng/me326_ws/install/locobot_yicheng/lib/pkgconfig/locobot_yicheng.pc'
[14.888s] Level 1:colcon.colcon_core.environment:checking '/home/yicheng/me326_ws/install/locobot_yicheng/lib/python3.8/site-packages'
[14.888s] Level 1:colcon.colcon_core.environment:checking '/home/yicheng/me326_ws/install/locobot_yicheng/bin'
[15.057s] INFO:colcon.colcon_core.shell:Creating package script '/home/yicheng/me326_ws/install/locobot_yicheng/share/locobot_yicheng/package.ps1'
[15.061s] INFO:colcon.colcon_core.shell:Creating package descriptor '/home/yicheng/me326_ws/install/locobot_yicheng/share/locobot_yicheng/package.dsv'
[15.063s] INFO:colcon.colcon_core.shell:Creating package script '/home/yicheng/me326_ws/install/locobot_yicheng/share/locobot_yicheng/package.sh'
[15.066s] INFO:colcon.colcon_core.shell:Creating package script '/home/yicheng/me326_ws/install/locobot_yicheng/share/locobot_yicheng/package.bash'
[15.070s] INFO:colcon.colcon_core.shell:Creating package script '/home/yicheng/me326_ws/install/locobot_yicheng/share/locobot_yicheng/package.zsh'
[15.073s] Level 1:colcon.colcon_core.environment:create_file_with_runtime_dependencies(/home/yicheng/me326_ws/install/locobot_yicheng/share/colcon-core/packages/locobot_yicheng)
[15.362s] Level 1:colcon.colcon_core.environment:create_environment_scripts_only(locobot_yicheng)
[15.517s] Level 1:colcon.colcon_core.environment:checking '/home/yicheng/me326_ws/install/locobot_yicheng' for CMake module files
[15.518s] Level 1:colcon.colcon_core.environment:checking '/home/yicheng/me326_ws/install/locobot_yicheng' for CMake config files
[15.519s] Level 1:colcon.colcon_core.shell:create_environment_hook('locobot_yicheng', 'cmake_prefix_path')
[15.679s] INFO:colcon.colcon_core.shell:Creating environment hook '/home/yicheng/me326_ws/install/locobot_yicheng/share/locobot_yicheng/hook/cmake_prefix_path.ps1'
[15.680s] INFO:colcon.colcon_core.shell:Creating environment descriptor '/home/yicheng/me326_ws/install/locobot_yicheng/share/locobot_yicheng/hook/cmake_prefix_path.dsv'
[15.681s] INFO:colcon.colcon_core.shell:Creating environment hook '/home/yicheng/me326_ws/install/locobot_yicheng/share/locobot_yicheng/hook/cmake_prefix_path.sh'
[15.684s] Level 1:colcon.colcon_core.environment:checking '/home/yicheng/me326_ws/install/locobot_yicheng/lib'
[15.684s] Level 1:colcon.colcon_core.environment:checking '/home/yicheng/me326_ws/install/locobot_yicheng/bin'
[15.684s] Level 1:colcon.colcon_core.environment:checking '/home/yicheng/me326_ws/install/locobot_yicheng/lib/pkgconfig/locobot_yicheng.pc'
[15.685s] Level 1:colcon.colcon_core.environment:checking '/home/yicheng/me326_ws/install/locobot_yicheng/lib/python3.8/site-packages'
[15.685s] Level 1:colcon.colcon_core.environment:checking '/home/yicheng/me326_ws/install/locobot_yicheng/bin'
[15.847s] INFO:colcon.colcon_core.shell:Creating package script '/home/yicheng/me326_ws/install/locobot_yicheng/share/locobot_yicheng/package.ps1'
[15.849s] INFO:colcon.colcon_core.shell:Creating package descriptor '/home/yicheng/me326_ws/install/locobot_yicheng/share/locobot_yicheng/package.dsv'
[15.851s] INFO:colcon.colcon_core.shell:Creating package script '/home/yicheng/me326_ws/install/locobot_yicheng/share/locobot_yicheng/package.sh'
[15.854s] INFO:colcon.colcon_core.shell:Creating package script '/home/yicheng/me326_ws/install/locobot_yicheng/share/locobot_yicheng/package.bash'
[15.856s] INFO:colcon.colcon_core.shell:Creating package script '/home/yicheng/me326_ws/install/locobot_yicheng/share/locobot_yicheng/package.zsh'
[15.858s] Level 1:colcon.colcon_core.environment:create_file_with_runtime_dependencies(/home/yicheng/me326_ws/install/locobot_yicheng/share/colcon-core/packages/locobot_yicheng)
[15.859s] DEBUG:colcon.colcon_parallel_executor.executor.parallel:closing loop
[15.861s] DEBUG:colcon.colcon_parallel_executor.executor.parallel:loop closed
[15.862s] DEBUG:colcon.colcon_parallel_executor.executor.parallel:run_until_complete finished with '0'
[15.862s] DEBUG:colcon.colcon_core.event_reactor:joining thread
[16.073s] INFO:colcon.colcon_core.plugin_system:Skipping extension 'colcon_notification.desktop_notification.terminal_notifier': Not used on non-Darwin systems
[16.074s] INFO:colcon.colcon_core.plugin_system:Skipping extension 'colcon_notification.desktop_notification.win32': Not used on non-Windows systems
[16.074s] INFO:colcon.colcon_notification.desktop_notification:Sending desktop notification using 'notify2'
[16.132s] DEBUG:colcon.colcon_core.event_reactor:joined thread
[16.340s] INFO:colcon.colcon_core.shell:Creating prefix script '/home/yicheng/me326_ws/install/local_setup.ps1'
[16.344s] INFO:colcon.colcon_core.shell:Creating prefix util module '/home/yicheng/me326_ws/install/_local_setup_util_ps1.py'
[16.350s] INFO:colcon.colcon_core.shell:Creating prefix chain script '/home/yicheng/me326_ws/install/setup.ps1'
[16.520s] INFO:colcon.colcon_core.shell:Creating prefix script '/home/yicheng/me326_ws/install/local_setup.sh'
[16.521s] INFO:colcon.colcon_core.shell:Creating prefix util module '/home/yicheng/me326_ws/install/_local_setup_util_sh.py'
[16.523s] INFO:colcon.colcon_core.shell:Creating prefix chain script '/home/yicheng/me326_ws/install/setup.sh'
[16.684s] INFO:colcon.colcon_core.shell:Creating prefix script '/home/yicheng/me326_ws/install/local_setup.bash'
[16.686s] INFO:colcon.colcon_core.shell:Creating prefix chain script '/home/yicheng/me326_ws/install/setup.bash'
[16.891s] INFO:colcon.colcon_core.shell:Creating prefix script '/home/yicheng/me326_ws/install/local_setup.zsh'
[16.893s] INFO:colcon.colcon_core.shell:Creating prefix chain script '/home/yicheng/me326_ws/install/setup.zsh'
