[11.757s] DEBUG:colcon:Command line arguments: ['/usr/bin/colcon', 'build']
[11.758s] DEBUG:colcon:Parsed command line arguments: Namespace(allow_overriding=[], ament_cmake_args=None, base_paths=['.'], build_base='build', catkin_cmake_args=None, catkin_skip_building_tests=False, cmake_args=None, cmake_clean_cache=False, cmake_clean_first=False, cmake_force_configure=False, cmake_target=None, cmake_target_skip_unavailable=False, continue_on_error=False, event_handlers=None, executor='parallel', ignore_user_meta=False, install_base='install', log_base=None, log_level=None, main=<bound method BuildVerb.main of <colcon_core.verb.build.BuildVerb object at 0x7fdccb34a970>>, merge_install=False, metas=['./colcon.meta'], packages_above=None, packages_above_and_dependencies=None, packages_above_depth=None, packages_end=None, packages_ignore=None, packages_ignore_regex=None, packages_select=None, packages_select_build_failed=False, packages_select_by_dep=None, packages_select_regex=None, packages_select_test_failures=False, packages_skip=None, packages_skip_build_finished=False, packages_skip_by_dep=None, packages_skip_regex=None, packages_skip_test_passed=False, packages_skip_up_to=None, packages_start=None, packages_up_to=None, packages_up_to_regex=None, parallel_workers=8, paths=None, symlink_install=False, test_result_base=None, verb_extension=<colcon_core.verb.build.BuildVerb object at 0x7fdccb34a970>, verb_name='build', verb_parser=<colcon_defaults.argument_parser.defaults.DefaultArgumentsDecorator object at 0x7fdccb00c400>)
[12.189s] Level 1:colcon.colcon_core.package_discovery:discover_packages(colcon_meta) check parameters
[12.189s] Level 1:colcon.colcon_core.package_discovery:discover_packages(recursive) check parameters
[12.189s] Level 1:colcon.colcon_core.package_discovery:discover_packages(ignore) check parameters
[12.189s] Level 1:colcon.colcon_core.package_discovery:discover_packages(path) check parameters
[12.190s] Level 1:colcon.colcon_core.package_discovery:discover_packages(colcon_meta) discover
[12.190s] Level 1:colcon.colcon_core.package_discovery:discover_packages(recursive) discover
[12.190s] INFO:colcon.colcon_core.package_discovery:Crawling recursively for packages in '/home/yicheng/me326_ws'
[12.190s] Level 1:colcon.colcon_core.package_identification:_identify(.) by extensions ['ignore', 'ignore_ament_install']
[12.190s] Level 1:colcon.colcon_core.package_identification:_identify(.) by extension 'ignore'
[12.191s] Level 1:colcon.colcon_core.package_identification:_identify(.) by extension 'ignore_ament_install'
[12.191s] Level 1:colcon.colcon_core.package_identification:_identify(.) by extensions ['colcon_pkg']
[12.191s] Level 1:colcon.colcon_core.package_identification:_identify(.) by extension 'colcon_pkg'
[12.191s] Level 1:colcon.colcon_core.package_identification:_identify(.) by extensions ['colcon_meta']
[12.191s] Level 1:colcon.colcon_core.package_identification:_identify(.) by extension 'colcon_meta'
[12.191s] Level 1:colcon.colcon_core.package_identification:_identify(.) by extensions ['ros']
[12.191s] Level 1:colcon.colcon_core.package_identification:_identify(.) by extension 'ros'
[12.225s] Level 1:colcon.colcon_core.package_identification:_identify(.) by extensions ['cmake', 'python']
[12.225s] Level 1:colcon.colcon_core.package_identification:_identify(.) by extension 'cmake'
[12.225s] Level 1:colcon.colcon_core.package_identification:_identify(.) by extension 'python'
[12.225s] Level 1:colcon.colcon_core.package_identification:_identify(.) by extensions ['python_setup_py']
[12.226s] Level 1:colcon.colcon_core.package_identification:_identify(.) by extension 'python_setup_py'
[12.226s] Level 1:colcon.colcon_core.package_identification:_identify(build) by extensions ['ignore', 'ignore_ament_install']
[12.226s] Level 1:colcon.colcon_core.package_identification:_identify(build) by extension 'ignore'
[12.226s] Level 1:colcon.colcon_core.package_identification:_identify(build) ignored
[12.226s] Level 1:colcon.colcon_core.package_identification:_identify(install) by extensions ['ignore', 'ignore_ament_install']
[12.227s] Level 1:colcon.colcon_core.package_identification:_identify(install) by extension 'ignore'
[12.227s] Level 1:colcon.colcon_core.package_identification:_identify(install) ignored
[12.227s] Level 1:colcon.colcon_core.package_identification:_identify(log) by extensions ['ignore', 'ignore_ament_install']
[12.227s] Level 1:colcon.colcon_core.package_identification:_identify(log) by extension 'ignore'
[12.228s] Level 1:colcon.colcon_core.package_identification:_identify(log) ignored
[12.228s] Level 1:colcon.colcon_core.package_identification:_identify(src) by extensions ['ignore', 'ignore_ament_install']
[12.228s] Level 1:colcon.colcon_core.package_identification:_identify(src) by extension 'ignore'
[12.228s] Level 1:colcon.colcon_core.package_identification:_identify(src) by extension 'ignore_ament_install'
[12.228s] Level 1:colcon.colcon_core.package_identification:_identify(src) by extensions ['colcon_pkg']
[12.228s] Level 1:colcon.colcon_core.package_identification:_identify(src) by extension 'colcon_pkg'
[12.228s] Level 1:colcon.colcon_core.package_identification:_identify(src) by extensions ['colcon_meta']
[12.228s] Level 1:colcon.colcon_core.package_identification:_identify(src) by extension 'colcon_meta'
[12.229s] Level 1:colcon.colcon_core.package_identification:_identify(src) by extensions ['ros']
[12.229s] Level 1:colcon.colcon_core.package_identification:_identify(src) by extension 'ros'
[12.229s] Level 1:colcon.colcon_core.package_identification:_identify(src) by extensions ['cmake', 'python']
[12.229s] Level 1:colcon.colcon_core.package_identification:_identify(src) by extension 'cmake'
[12.229s] Level 1:colcon.colcon_core.package_identification:_identify(src) by extension 'python'
[12.229s] Level 1:colcon.colcon_core.package_identification:_identify(src) by extensions ['python_setup_py']
[12.229s] Level 1:colcon.colcon_core.package_identification:_identify(src) by extension 'python_setup_py'
[12.229s] Level 1:colcon.colcon_core.package_identification:_identify(src/locobot_yicheng) by extensions ['ignore', 'ignore_ament_install']
[12.230s] Level 1:colcon.colcon_core.package_identification:_identify(src/locobot_yicheng) by extension 'ignore'
[12.230s] Level 1:colcon.colcon_core.package_identification:_identify(src/locobot_yicheng) by extension 'ignore_ament_install'
[12.230s] Level 1:colcon.colcon_core.package_identification:_identify(src/locobot_yicheng) by extensions ['colcon_pkg']
[12.230s] Level 1:colcon.colcon_core.package_identification:_identify(src/locobot_yicheng) by extension 'colcon_pkg'
[12.230s] Level 1:colcon.colcon_core.package_identification:_identify(src/locobot_yicheng) by extensions ['colcon_meta']
[12.230s] Level 1:colcon.colcon_core.package_identification:_identify(src/locobot_yicheng) by extension 'colcon_meta'
[12.230s] Level 1:colcon.colcon_core.package_identification:_identify(src/locobot_yicheng) by extensions ['ros']
[12.230s] Level 1:colcon.colcon_core.package_identification:_identify(src/locobot_yicheng) by extension 'ros'
[12.237s] DEBUG:colcon.colcon_core.package_identification:Package 'src/locobot_yicheng' with type 'ros.ament_cmake' and name 'locobot_yicheng'
[12.238s] Level 1:colcon.colcon_core.package_discovery:discover_packages(recursive) using defaults
[12.238s] Level 1:colcon.colcon_core.package_discovery:discover_packages(ignore) discover
[12.238s] Level 1:colcon.colcon_core.package_discovery:discover_packages(ignore) using defaults
[12.238s] Level 1:colcon.colcon_core.package_discovery:discover_packages(path) discover
[12.238s] Level 1:colcon.colcon_core.package_discovery:discover_packages(path) using defaults
[13.155s] Level 1:colcon.colcon_core.package_discovery:discover_packages(prefix_path) check parameters
[13.155s] Level 1:colcon.colcon_core.package_discovery:discover_packages(prefix_path) discover
[13.583s] DEBUG:colcon.colcon_installed_package_information.package_discovery:Found 1 installed packages in /home/yicheng/me326_ws/install
[13.923s] DEBUG:colcon.colcon_installed_package_information.package_discovery:Found 18 installed packages in /home/yicheng/interbotix_ws/install
[14.226s] DEBUG:colcon.colcon_installed_package_information.package_discovery:Found 335 installed packages in /opt/ros/galactic
[14.238s] Level 1:colcon.colcon_core.package_discovery:discover_packages(prefix_path) using defaults
[15.246s] Level 5:colcon.colcon_core.verb:set package 'locobot_yicheng' build argument 'cmake_args' from command line to 'None'
[15.249s] Level 5:colcon.colcon_core.verb:set package 'locobot_yicheng' build argument 'cmake_target' from command line to 'None'
[15.249s] Level 5:colcon.colcon_core.verb:set package 'locobot_yicheng' build argument 'cmake_target_skip_unavailable' from command line to 'False'
[15.250s] Level 5:colcon.colcon_core.verb:set package 'locobot_yicheng' build argument 'cmake_clean_cache' from command line to 'False'
[15.250s] Level 5:colcon.colcon_core.verb:set package 'locobot_yicheng' build argument 'cmake_clean_first' from command line to 'False'
[15.250s] Level 5:colcon.colcon_core.verb:set package 'locobot_yicheng' build argument 'cmake_force_configure' from command line to 'False'
[15.250s] Level 5:colcon.colcon_core.verb:set package 'locobot_yicheng' build argument 'ament_cmake_args' from command line to 'None'
[15.251s] Level 5:colcon.colcon_core.verb:set package 'locobot_yicheng' build argument 'catkin_cmake_args' from command line to 'None'
[15.251s] Level 5:colcon.colcon_core.verb:set package 'locobot_yicheng' build argument 'catkin_skip_building_tests' from command line to 'False'
[15.251s] DEBUG:colcon.colcon_core.verb:Building package 'locobot_yicheng' with the following arguments: {'ament_cmake_args': None, 'build_base': '/home/yicheng/me326_ws/build/locobot_yicheng', 'catkin_cmake_args': None, 'catkin_skip_building_tests': False, 'cmake_args': None, 'cmake_clean_cache': False, 'cmake_clean_first': False, 'cmake_force_configure': False, 'cmake_target': None, 'cmake_target_skip_unavailable': False, 'install_base': '/home/yicheng/me326_ws/install/locobot_yicheng', 'merge_install': False, 'path': '/home/yicheng/me326_ws/src/locobot_yicheng', 'symlink_install': False, 'test_result_base': None}
[15.534s] INFO:colcon.colcon_core.executor:Executing jobs using 'parallel' executor
[15.727s] DEBUG:colcon.colcon_parallel_executor.executor.parallel:run_until_complete
[15.728s] INFO:colcon.colcon_ros.task.ament_cmake.build:Building ROS package in '/home/yicheng/me326_ws/src/locobot_yicheng' with build type 'ament_cmake'
[15.735s] INFO:colcon.colcon_cmake.task.cmake.build:Building CMake package in '/home/yicheng/me326_ws/src/locobot_yicheng'
[16.018s] INFO:colcon.colcon_core.plugin_system:Skipping extension 'colcon_core.shell.bat': Not used on non-Windows systems
[16.019s] INFO:colcon.colcon_core.shell:Skip shell extension 'powershell' for command environment: Not usable outside of PowerShell
[16.019s] DEBUG:colcon.colcon_core.shell:Skip shell extension 'dsv' for command environment
[17.198s] DEBUG:colcon.colcon_core.event_handler.log_command:Invoking command in '/home/yicheng/me326_ws/build/locobot_yicheng': CMAKE_PREFIX_PATH=${CMAKE_PREFIX_PATH}:/home/yicheng/interbotix_ws/install/interbotix_xs_modules:/home/yicheng/interbotix_ws/install/interbotix_perception_modules:/home/yicheng/interbotix_ws/install/interbotix_common_modules:/opt/ros/galactic /usr/bin/cmake --build /home/yicheng/me326_ws/build/locobot_yicheng -- -j8 -l8
[17.469s] DEBUG:colcon.colcon_core.event_handler.log_command:Invoked command in '/home/yicheng/me326_ws/build/locobot_yicheng' returned '0': CMAKE_PREFIX_PATH=${CMAKE_PREFIX_PATH}:/home/yicheng/interbotix_ws/install/interbotix_xs_modules:/home/yicheng/interbotix_ws/install/interbotix_perception_modules:/home/yicheng/interbotix_ws/install/interbotix_common_modules:/opt/ros/galactic /usr/bin/cmake --build /home/yicheng/me326_ws/build/locobot_yicheng -- -j8 -l8
[17.761s] DEBUG:colcon.colcon_core.event_handler.log_command:Invoking command in '/home/yicheng/me326_ws/build/locobot_yicheng': CMAKE_PREFIX_PATH=${CMAKE_PREFIX_PATH}:/home/yicheng/interbotix_ws/install/interbotix_xs_modules:/home/yicheng/interbotix_ws/install/interbotix_perception_modules:/home/yicheng/interbotix_ws/install/interbotix_common_modules:/opt/ros/galactic /usr/bin/cmake --install /home/yicheng/me326_ws/build/locobot_yicheng
[17.823s] Level 1:colcon.colcon_core.environment:create_environment_scripts_only(locobot_yicheng)
[17.838s] DEBUG:colcon.colcon_core.event_handler.log_command:Invoked command in '/home/yicheng/me326_ws/build/locobot_yicheng' returned '0': CMAKE_PREFIX_PATH=${CMAKE_PREFIX_PATH}:/home/yicheng/interbotix_ws/install/interbotix_xs_modules:/home/yicheng/interbotix_ws/install/interbotix_perception_modules:/home/yicheng/interbotix_ws/install/interbotix_common_modules:/opt/ros/galactic /usr/bin/cmake --install /home/yicheng/me326_ws/build/locobot_yicheng
[18.037s] Level 1:colcon.colcon_core.environment:checking '/home/yicheng/me326_ws/install/locobot_yicheng' for CMake module files
[18.040s] Level 1:colcon.colcon_core.environment:checking '/home/yicheng/me326_ws/install/locobot_yicheng' for CMake config files
[18.041s] Level 1:colcon.colcon_core.shell:create_environment_hook('locobot_yicheng', 'cmake_prefix_path')
[18.224s] INFO:colcon.colcon_core.shell:Creating environment hook '/home/yicheng/me326_ws/install/locobot_yicheng/share/locobot_yicheng/hook/cmake_prefix_path.ps1'
[18.228s] INFO:colcon.colcon_core.shell:Creating environment descriptor '/home/yicheng/me326_ws/install/locobot_yicheng/share/locobot_yicheng/hook/cmake_prefix_path.dsv'
[18.230s] INFO:colcon.colcon_core.shell:Creating environment hook '/home/yicheng/me326_ws/install/locobot_yicheng/share/locobot_yicheng/hook/cmake_prefix_path.sh'
[18.233s] Level 1:colcon.colcon_core.environment:checking '/home/yicheng/me326_ws/install/locobot_yicheng/lib'
[18.234s] Level 1:colcon.colcon_core.environment:checking '/home/yicheng/me326_ws/install/locobot_yicheng/bin'
[18.234s] Level 1:colcon.colcon_core.environment:checking '/home/yicheng/me326_ws/install/locobot_yicheng/lib/pkgconfig/locobot_yicheng.pc'
[18.236s] Level 1:colcon.colcon_core.environment:checking '/home/yicheng/me326_ws/install/locobot_yicheng/lib/python3.8/site-packages'
[18.236s] Level 1:colcon.colcon_core.environment:checking '/home/yicheng/me326_ws/install/locobot_yicheng/bin'
[18.421s] INFO:colcon.colcon_core.shell:Creating package script '/home/yicheng/me326_ws/install/locobot_yicheng/share/locobot_yicheng/package.ps1'
[18.424s] INFO:colcon.colcon_core.shell:Creating package descriptor '/home/yicheng/me326_ws/install/locobot_yicheng/share/locobot_yicheng/package.dsv'
[18.426s] INFO:colcon.colcon_core.shell:Creating package script '/home/yicheng/me326_ws/install/locobot_yicheng/share/locobot_yicheng/package.sh'
[18.429s] INFO:colcon.colcon_core.shell:Creating package script '/home/yicheng/me326_ws/install/locobot_yicheng/share/locobot_yicheng/package.bash'
[18.432s] INFO:colcon.colcon_core.shell:Creating package script '/home/yicheng/me326_ws/install/locobot_yicheng/share/locobot_yicheng/package.zsh'
[18.435s] Level 1:colcon.colcon_core.environment:create_file_with_runtime_dependencies(/home/yicheng/me326_ws/install/locobot_yicheng/share/colcon-core/packages/locobot_yicheng)
[18.781s] Level 1:colcon.colcon_core.environment:create_environment_scripts_only(locobot_yicheng)
[18.987s] Level 1:colcon.colcon_core.environment:checking '/home/yicheng/me326_ws/install/locobot_yicheng' for CMake module files
[18.990s] Level 1:colcon.colcon_core.environment:checking '/home/yicheng/me326_ws/install/locobot_yicheng' for CMake config files
[18.991s] Level 1:colcon.colcon_core.shell:create_environment_hook('locobot_yicheng', 'cmake_prefix_path')
[19.169s] INFO:colcon.colcon_core.shell:Creating environment hook '/home/yicheng/me326_ws/install/locobot_yicheng/share/locobot_yicheng/hook/cmake_prefix_path.ps1'
[19.171s] INFO:colcon.colcon_core.shell:Creating environment descriptor '/home/yicheng/me326_ws/install/locobot_yicheng/share/locobot_yicheng/hook/cmake_prefix_path.dsv'
[19.172s] INFO:colcon.colcon_core.shell:Creating environment hook '/home/yicheng/me326_ws/install/locobot_yicheng/share/locobot_yicheng/hook/cmake_prefix_path.sh'
[19.175s] Level 1:colcon.colcon_core.environment:checking '/home/yicheng/me326_ws/install/locobot_yicheng/lib'
[19.175s] Level 1:colcon.colcon_core.environment:checking '/home/yicheng/me326_ws/install/locobot_yicheng/bin'
[19.175s] Level 1:colcon.colcon_core.environment:checking '/home/yicheng/me326_ws/install/locobot_yicheng/lib/pkgconfig/locobot_yicheng.pc'
[19.176s] Level 1:colcon.colcon_core.environment:checking '/home/yicheng/me326_ws/install/locobot_yicheng/lib/python3.8/site-packages'
[19.177s] Level 1:colcon.colcon_core.environment:checking '/home/yicheng/me326_ws/install/locobot_yicheng/bin'
[19.366s] INFO:colcon.colcon_core.shell:Creating package script '/home/yicheng/me326_ws/install/locobot_yicheng/share/locobot_yicheng/package.ps1'
[19.368s] INFO:colcon.colcon_core.shell:Creating package descriptor '/home/yicheng/me326_ws/install/locobot_yicheng/share/locobot_yicheng/package.dsv'
[19.371s] INFO:colcon.colcon_core.shell:Creating package script '/home/yicheng/me326_ws/install/locobot_yicheng/share/locobot_yicheng/package.sh'
[19.374s] INFO:colcon.colcon_core.shell:Creating package script '/home/yicheng/me326_ws/install/locobot_yicheng/share/locobot_yicheng/package.bash'
[19.375s] INFO:colcon.colcon_core.shell:Creating package script '/home/yicheng/me326_ws/install/locobot_yicheng/share/locobot_yicheng/package.zsh'
[19.376s] Level 1:colcon.colcon_core.environment:create_file_with_runtime_dependencies(/home/yicheng/me326_ws/install/locobot_yicheng/share/colcon-core/packages/locobot_yicheng)
[19.379s] DEBUG:colcon.colcon_parallel_executor.executor.parallel:closing loop
[19.380s] DEBUG:colcon.colcon_parallel_executor.executor.parallel:loop closed
[19.381s] DEBUG:colcon.colcon_parallel_executor.executor.parallel:run_until_complete finished with '0'
[19.381s] DEBUG:colcon.colcon_core.event_reactor:joining thread
[19.619s] INFO:colcon.colcon_core.plugin_system:Skipping extension 'colcon_notification.desktop_notification.terminal_notifier': Not used on non-Darwin systems
[19.620s] INFO:colcon.colcon_core.plugin_system:Skipping extension 'colcon_notification.desktop_notification.win32': Not used on non-Windows systems
[19.620s] INFO:colcon.colcon_notification.desktop_notification:Sending desktop notification using 'notify2'
[19.689s] DEBUG:colcon.colcon_core.event_reactor:joined thread
[19.910s] INFO:colcon.colcon_core.shell:Creating prefix script '/home/yicheng/me326_ws/install/local_setup.ps1'
[19.913s] INFO:colcon.colcon_core.shell:Creating prefix util module '/home/yicheng/me326_ws/install/_local_setup_util_ps1.py'
[19.919s] INFO:colcon.colcon_core.shell:Creating prefix chain script '/home/yicheng/me326_ws/install/setup.ps1'
[20.096s] INFO:colcon.colcon_core.shell:Creating prefix script '/home/yicheng/me326_ws/install/local_setup.sh'
[20.098s] INFO:colcon.colcon_core.shell:Creating prefix util module '/home/yicheng/me326_ws/install/_local_setup_util_sh.py'
[20.100s] INFO:colcon.colcon_core.shell:Creating prefix chain script '/home/yicheng/me326_ws/install/setup.sh'
[20.275s] INFO:colcon.colcon_core.shell:Creating prefix script '/home/yicheng/me326_ws/install/local_setup.bash'
[20.277s] INFO:colcon.colcon_core.shell:Creating prefix chain script '/home/yicheng/me326_ws/install/setup.bash'
[20.460s] INFO:colcon.colcon_core.shell:Creating prefix script '/home/yicheng/me326_ws/install/local_setup.zsh'
[20.462s] INFO:colcon.colcon_core.shell:Creating prefix chain script '/home/yicheng/me326_ws/install/setup.zsh'
