[7.149s] DEBUG:colcon:Command line arguments: ['/usr/bin/colcon', 'build']
[7.149s] DEBUG:colcon:Parsed command line arguments: Namespace(allow_overriding=[], ament_cmake_args=None, base_paths=['.'], build_base='build', catkin_cmake_args=None, catkin_skip_building_tests=False, cmake_args=None, cmake_clean_cache=False, cmake_clean_first=False, cmake_force_configure=False, cmake_target=None, cmake_target_skip_unavailable=False, continue_on_error=False, event_handlers=None, executor='parallel', ignore_user_meta=False, install_base='install', log_base=None, log_level=None, main=<bound method BuildVerb.main of <colcon_core.verb.build.BuildVerb object at 0xffffb6d4ebb0>>, merge_install=False, metas=['./colcon.meta'], packages_above=None, packages_above_and_dependencies=None, packages_above_depth=None, packages_end=None, packages_ignore=None, packages_ignore_regex=None, packages_select=None, packages_select_build_failed=False, packages_select_by_dep=None, packages_select_regex=None, packages_select_test_failures=False, packages_skip=None, packages_skip_build_finished=False, packages_skip_by_dep=None, packages_skip_regex=None, packages_skip_test_passed=False, packages_skip_up_to=None, packages_start=None, packages_up_to=None, packages_up_to_regex=None, parallel_workers=4, paths=None, symlink_install=False, test_result_base=None, verb_extension=<colcon_core.verb.build.BuildVerb object at 0xffffb6d4ebb0>, verb_name='build', verb_parser=<colcon_defaults.argument_parser.defaults.DefaultArgumentsDecorator object at 0xffffb625e6d0>)
[7.385s] Level 1:colcon.colcon_core.package_discovery:discover_packages(colcon_meta) check parameters
[7.386s] Level 1:colcon.colcon_core.package_discovery:discover_packages(recursive) check parameters
[7.386s] Level 1:colcon.colcon_core.package_discovery:discover_packages(ignore) check parameters
[7.386s] Level 1:colcon.colcon_core.package_discovery:discover_packages(path) check parameters
[7.386s] Level 1:colcon.colcon_core.package_discovery:discover_packages(colcon_meta) discover
[7.386s] Level 1:colcon.colcon_core.package_discovery:discover_packages(recursive) discover
[7.386s] INFO:colcon.colcon_core.package_discovery:Crawling recursively for packages in '/home/dihim/me326_ws'
[7.386s] Level 1:colcon.colcon_core.package_identification:_identify(.) by extensions ['ignore', 'ignore_ament_install']
[7.386s] Level 1:colcon.colcon_core.package_identification:_identify(.) by extension 'ignore'
[7.386s] Level 1:colcon.colcon_core.package_identification:_identify(.) by extension 'ignore_ament_install'
[7.386s] Level 1:colcon.colcon_core.package_identification:_identify(.) by extensions ['colcon_pkg']
[7.386s] Level 1:colcon.colcon_core.package_identification:_identify(.) by extension 'colcon_pkg'
[7.386s] Level 1:colcon.colcon_core.package_identification:_identify(.) by extensions ['colcon_meta']
[7.386s] Level 1:colcon.colcon_core.package_identification:_identify(.) by extension 'colcon_meta'
[7.386s] Level 1:colcon.colcon_core.package_identification:_identify(.) by extensions ['ros']
[7.386s] Level 1:colcon.colcon_core.package_identification:_identify(.) by extension 'ros'
[7.407s] Level 1:colcon.colcon_core.package_identification:_identify(.) by extensions ['cmake', 'python']
[7.407s] Level 1:colcon.colcon_core.package_identification:_identify(.) by extension 'cmake'
[7.407s] Level 1:colcon.colcon_core.package_identification:_identify(.) by extension 'python'
[7.408s] Level 1:colcon.colcon_core.package_identification:_identify(.) by extensions ['python_setup_py']
[7.408s] Level 1:colcon.colcon_core.package_identification:_identify(.) by extension 'python_setup_py'
[7.408s] Level 1:colcon.colcon_core.package_identification:_identify(build) by extensions ['ignore', 'ignore_ament_install']
[7.408s] Level 1:colcon.colcon_core.package_identification:_identify(build) by extension 'ignore'
[7.408s] Level 1:colcon.colcon_core.package_identification:_identify(build) ignored
[7.408s] Level 1:colcon.colcon_core.package_identification:_identify(install) by extensions ['ignore', 'ignore_ament_install']
[7.408s] Level 1:colcon.colcon_core.package_identification:_identify(install) by extension 'ignore'
[7.408s] Level 1:colcon.colcon_core.package_identification:_identify(install) ignored
[7.408s] Level 1:colcon.colcon_core.package_identification:_identify(log) by extensions ['ignore', 'ignore_ament_install']
[7.409s] Level 1:colcon.colcon_core.package_identification:_identify(log) by extension 'ignore'
[7.410s] Level 1:colcon.colcon_core.package_identification:_identify(log) ignored
[7.410s] Level 1:colcon.colcon_core.package_identification:_identify(src) by extensions ['ignore', 'ignore_ament_install']
[7.410s] Level 1:colcon.colcon_core.package_identification:_identify(src) by extension 'ignore'
[7.410s] Level 1:colcon.colcon_core.package_identification:_identify(src) by extension 'ignore_ament_install'
[7.410s] Level 1:colcon.colcon_core.package_identification:_identify(src) by extensions ['colcon_pkg']
[7.410s] Level 1:colcon.colcon_core.package_identification:_identify(src) by extension 'colcon_pkg'
[7.410s] Level 1:colcon.colcon_core.package_identification:_identify(src) by extensions ['colcon_meta']
[7.410s] Level 1:colcon.colcon_core.package_identification:_identify(src) by extension 'colcon_meta'
[7.410s] Level 1:colcon.colcon_core.package_identification:_identify(src) by extensions ['ros']
[7.410s] Level 1:colcon.colcon_core.package_identification:_identify(src) by extension 'ros'
[7.410s] Level 1:colcon.colcon_core.package_identification:_identify(src) by extensions ['cmake', 'python']
[7.410s] Level 1:colcon.colcon_core.package_identification:_identify(src) by extension 'cmake'
[7.410s] Level 1:colcon.colcon_core.package_identification:_identify(src) by extension 'python'
[7.410s] Level 1:colcon.colcon_core.package_identification:_identify(src) by extensions ['python_setup_py']
[7.410s] Level 1:colcon.colcon_core.package_identification:_identify(src) by extension 'python_setup_py'
[7.410s] Level 1:colcon.colcon_core.package_identification:_identify(src/apriltag_ros) by extensions ['ignore', 'ignore_ament_install']
[7.410s] Level 1:colcon.colcon_core.package_identification:_identify(src/apriltag_ros) by extension 'ignore'
[7.410s] Level 1:colcon.colcon_core.package_identification:_identify(src/apriltag_ros) by extension 'ignore_ament_install'
[7.410s] Level 1:colcon.colcon_core.package_identification:_identify(src/apriltag_ros) by extensions ['colcon_pkg']
[7.410s] Level 1:colcon.colcon_core.package_identification:_identify(src/apriltag_ros) by extension 'colcon_pkg'
[7.410s] Level 1:colcon.colcon_core.package_identification:_identify(src/apriltag_ros) by extensions ['colcon_meta']
[7.410s] Level 1:colcon.colcon_core.package_identification:_identify(src/apriltag_ros) by extension 'colcon_meta'
[7.410s] Level 1:colcon.colcon_core.package_identification:_identify(src/apriltag_ros) by extensions ['ros']
[7.410s] Level 1:colcon.colcon_core.package_identification:_identify(src/apriltag_ros) by extension 'ros'
[7.410s] Level 1:colcon.colcon_core.package_identification:_identify(src/apriltag_ros) by extensions ['cmake', 'python']
[7.410s] Level 1:colcon.colcon_core.package_identification:_identify(src/apriltag_ros) by extension 'cmake'
[7.410s] Level 1:colcon.colcon_core.package_identification:_identify(src/apriltag_ros) by extension 'python'
[7.410s] Level 1:colcon.colcon_core.package_identification:_identify(src/apriltag_ros) by extensions ['python_setup_py']
[7.411s] Level 1:colcon.colcon_core.package_identification:_identify(src/apriltag_ros) by extension 'python_setup_py'
[7.411s] Level 1:colcon.colcon_core.package_identification:_identify(src/arm_controller) by extensions ['ignore', 'ignore_ament_install']
[7.411s] Level 1:colcon.colcon_core.package_identification:_identify(src/arm_controller) by extension 'ignore'
[7.411s] Level 1:colcon.colcon_core.package_identification:_identify(src/arm_controller) by extension 'ignore_ament_install'
[7.411s] Level 1:colcon.colcon_core.package_identification:_identify(src/arm_controller) by extensions ['colcon_pkg']
[7.411s] Level 1:colcon.colcon_core.package_identification:_identify(src/arm_controller) by extension 'colcon_pkg'
[7.411s] Level 1:colcon.colcon_core.package_identification:_identify(src/arm_controller) by extensions ['colcon_meta']
[7.411s] Level 1:colcon.colcon_core.package_identification:_identify(src/arm_controller) by extension 'colcon_meta'
[7.411s] Level 1:colcon.colcon_core.package_identification:_identify(src/arm_controller) by extensions ['ros']
[7.411s] Level 1:colcon.colcon_core.package_identification:_identify(src/arm_controller) by extension 'ros'
[7.418s] DEBUG:colcon.colcon_core.package_identification:Package 'src/arm_controller' with type 'ros.ament_cmake' and name 'arm_controller'
[7.418s] Level 1:colcon.colcon_core.package_identification:_identify(src/la_msgs) by extensions ['ignore', 'ignore_ament_install']
[7.418s] Level 1:colcon.colcon_core.package_identification:_identify(src/la_msgs) by extension 'ignore'
[7.418s] Level 1:colcon.colcon_core.package_identification:_identify(src/la_msgs) by extension 'ignore_ament_install'
[7.418s] Level 1:colcon.colcon_core.package_identification:_identify(src/la_msgs) by extensions ['colcon_pkg']
[7.418s] Level 1:colcon.colcon_core.package_identification:_identify(src/la_msgs) by extension 'colcon_pkg'
[7.418s] Level 1:colcon.colcon_core.package_identification:_identify(src/la_msgs) by extensions ['colcon_meta']
[7.418s] Level 1:colcon.colcon_core.package_identification:_identify(src/la_msgs) by extension 'colcon_meta'
[7.418s] Level 1:colcon.colcon_core.package_identification:_identify(src/la_msgs) by extensions ['ros']
[7.418s] Level 1:colcon.colcon_core.package_identification:_identify(src/la_msgs) by extension 'ros'
[7.419s] DEBUG:colcon.colcon_core.package_identification:Package 'src/la_msgs' with type 'ros.ament_cmake' and name 'la_msgs'
[7.419s] Level 1:colcon.colcon_core.package_identification:_identify(src/locobot_controller) by extensions ['ignore', 'ignore_ament_install']
[7.419s] Level 1:colcon.colcon_core.package_identification:_identify(src/locobot_controller) by extension 'ignore'
[7.419s] Level 1:colcon.colcon_core.package_identification:_identify(src/locobot_controller) by extension 'ignore_ament_install'
[7.419s] Level 1:colcon.colcon_core.package_identification:_identify(src/locobot_controller) by extensions ['colcon_pkg']
[7.419s] Level 1:colcon.colcon_core.package_identification:_identify(src/locobot_controller) by extension 'colcon_pkg'
[7.419s] Level 1:colcon.colcon_core.package_identification:_identify(src/locobot_controller) by extensions ['colcon_meta']
[7.419s] Level 1:colcon.colcon_core.package_identification:_identify(src/locobot_controller) by extension 'colcon_meta'
[7.419s] Level 1:colcon.colcon_core.package_identification:_identify(src/locobot_controller) by extensions ['ros']
[7.419s] Level 1:colcon.colcon_core.package_identification:_identify(src/locobot_controller) by extension 'ros'
[7.419s] DEBUG:colcon.colcon_core.package_identification:Package 'src/locobot_controller' with type 'ros.ament_python' and name 'locobot_controller'
[7.419s] Level 1:colcon.colcon_core.package_identification:_identify(src/locobot_yicheng) by extensions ['ignore', 'ignore_ament_install']
[7.420s] Level 1:colcon.colcon_core.package_identification:_identify(src/locobot_yicheng) by extension 'ignore'
[7.420s] Level 1:colcon.colcon_core.package_identification:_identify(src/locobot_yicheng) by extension 'ignore_ament_install'
[7.420s] Level 1:colcon.colcon_core.package_identification:_identify(src/locobot_yicheng) by extensions ['colcon_pkg']
[7.420s] Level 1:colcon.colcon_core.package_identification:_identify(src/locobot_yicheng) by extension 'colcon_pkg'
[7.420s] Level 1:colcon.colcon_core.package_identification:_identify(src/locobot_yicheng) by extensions ['colcon_meta']
[7.420s] Level 1:colcon.colcon_core.package_identification:_identify(src/locobot_yicheng) by extension 'colcon_meta'
[7.420s] Level 1:colcon.colcon_core.package_identification:_identify(src/locobot_yicheng) by extensions ['ros']
[7.420s] Level 1:colcon.colcon_core.package_identification:_identify(src/locobot_yicheng) by extension 'ros'
[7.420s] DEBUG:colcon.colcon_core.package_identification:Package 'src/locobot_yicheng' with type 'ros.ament_cmake' and name 'locobot_yicheng'
[7.420s] Level 1:colcon.colcon_core.package_discovery:discover_packages(recursive) using defaults
[7.420s] Level 1:colcon.colcon_core.package_discovery:discover_packages(ignore) discover
[7.420s] Level 1:colcon.colcon_core.package_discovery:discover_packages(ignore) using defaults
[7.420s] Level 1:colcon.colcon_core.package_discovery:discover_packages(path) discover
[7.420s] Level 1:colcon.colcon_core.package_discovery:discover_packages(path) using defaults
[7.929s] Level 1:colcon.colcon_core.package_discovery:discover_packages(prefix_path) check parameters
[7.929s] Level 1:colcon.colcon_core.package_discovery:discover_packages(prefix_path) discover
[8.213s] DEBUG:colcon.colcon_installed_package_information.package_discovery:Found 4 installed packages in /home/dihim/me326_ws/install
[8.445s] DEBUG:colcon.colcon_installed_package_information.package_discovery:Found 21 installed packages in /home/dihim/interbotix_ws/install
[8.699s] DEBUG:colcon.colcon_installed_package_information.package_discovery:Found 348 installed packages in /opt/ros/galactic
[8.700s] Level 1:colcon.colcon_core.package_discovery:discover_packages(prefix_path) using defaults
[9.213s] Level 5:colcon.colcon_core.verb:set package 'arm_controller' build argument 'cmake_args' from command line to 'None'
[9.213s] Level 5:colcon.colcon_core.verb:set package 'arm_controller' build argument 'cmake_target' from command line to 'None'
[9.213s] Level 5:colcon.colcon_core.verb:set package 'arm_controller' build argument 'cmake_target_skip_unavailable' from command line to 'False'
[9.213s] Level 5:colcon.colcon_core.verb:set package 'arm_controller' build argument 'cmake_clean_cache' from command line to 'False'
[9.213s] Level 5:colcon.colcon_core.verb:set package 'arm_controller' build argument 'cmake_clean_first' from command line to 'False'
[9.213s] Level 5:colcon.colcon_core.verb:set package 'arm_controller' build argument 'cmake_force_configure' from command line to 'False'
[9.213s] Level 5:colcon.colcon_core.verb:set package 'arm_controller' build argument 'ament_cmake_args' from command line to 'None'
[9.213s] Level 5:colcon.colcon_core.verb:set package 'arm_controller' build argument 'catkin_cmake_args' from command line to 'None'
[9.213s] Level 5:colcon.colcon_core.verb:set package 'arm_controller' build argument 'catkin_skip_building_tests' from command line to 'False'
[9.213s] DEBUG:colcon.colcon_core.verb:Building package 'arm_controller' with the following arguments: {'ament_cmake_args': None, 'build_base': '/home/dihim/me326_ws/build/arm_controller', 'catkin_cmake_args': None, 'catkin_skip_building_tests': False, 'cmake_args': None, 'cmake_clean_cache': False, 'cmake_clean_first': False, 'cmake_force_configure': False, 'cmake_target': None, 'cmake_target_skip_unavailable': False, 'install_base': '/home/dihim/me326_ws/install/arm_controller', 'merge_install': False, 'path': '/home/dihim/me326_ws/src/arm_controller', 'symlink_install': False, 'test_result_base': None}
[9.388s] Level 5:colcon.colcon_core.verb:set package 'la_msgs' build argument 'cmake_args' from command line to 'None'
[9.388s] Level 5:colcon.colcon_core.verb:set package 'la_msgs' build argument 'cmake_target' from command line to 'None'
[9.388s] Level 5:colcon.colcon_core.verb:set package 'la_msgs' build argument 'cmake_target_skip_unavailable' from command line to 'False'
[9.389s] Level 5:colcon.colcon_core.verb:set package 'la_msgs' build argument 'cmake_clean_cache' from command line to 'False'
[9.389s] Level 5:colcon.colcon_core.verb:set package 'la_msgs' build argument 'cmake_clean_first' from command line to 'False'
[9.389s] Level 5:colcon.colcon_core.verb:set package 'la_msgs' build argument 'cmake_force_configure' from command line to 'False'
[9.389s] Level 5:colcon.colcon_core.verb:set package 'la_msgs' build argument 'ament_cmake_args' from command line to 'None'
[9.389s] Level 5:colcon.colcon_core.verb:set package 'la_msgs' build argument 'catkin_cmake_args' from command line to 'None'
[9.389s] Level 5:colcon.colcon_core.verb:set package 'la_msgs' build argument 'catkin_skip_building_tests' from command line to 'False'
[9.389s] DEBUG:colcon.colcon_core.verb:Building package 'la_msgs' with the following arguments: {'ament_cmake_args': None, 'build_base': '/home/dihim/me326_ws/build/la_msgs', 'catkin_cmake_args': None, 'catkin_skip_building_tests': False, 'cmake_args': None, 'cmake_clean_cache': False, 'cmake_clean_first': False, 'cmake_force_configure': False, 'cmake_target': None, 'cmake_target_skip_unavailable': False, 'install_base': '/home/dihim/me326_ws/install/la_msgs', 'merge_install': False, 'path': '/home/dihim/me326_ws/src/la_msgs', 'symlink_install': False, 'test_result_base': None}
[9.461s] Level 5:colcon.colcon_core.verb:set package 'locobot_controller' build argument 'cmake_args' from command line to 'None'
[9.472s] Level 5:colcon.colcon_core.verb:set package 'locobot_controller' build argument 'cmake_target' from command line to 'None'
[9.472s] Level 5:colcon.colcon_core.verb:set package 'locobot_controller' build argument 'cmake_target_skip_unavailable' from command line to 'False'
[9.473s] Level 5:colcon.colcon_core.verb:set package 'locobot_controller' build argument 'cmake_clean_cache' from command line to 'False'
[9.473s] Level 5:colcon.colcon_core.verb:set package 'locobot_controller' build argument 'cmake_clean_first' from command line to 'False'
[9.473s] Level 5:colcon.colcon_core.verb:set package 'locobot_controller' build argument 'cmake_force_configure' from command line to 'False'
[9.473s] Level 5:colcon.colcon_core.verb:set package 'locobot_controller' build argument 'ament_cmake_args' from command line to 'None'
[9.473s] Level 5:colcon.colcon_core.verb:set package 'locobot_controller' build argument 'catkin_cmake_args' from command line to 'None'
[9.473s] Level 5:colcon.colcon_core.verb:set package 'locobot_controller' build argument 'catkin_skip_building_tests' from command line to 'False'
[9.473s] DEBUG:colcon.colcon_core.verb:Building package 'locobot_controller' with the following arguments: {'ament_cmake_args': None, 'build_base': '/home/dihim/me326_ws/build/locobot_controller', 'catkin_cmake_args': None, 'catkin_skip_building_tests': False, 'cmake_args': None, 'cmake_clean_cache': False, 'cmake_clean_first': False, 'cmake_force_configure': False, 'cmake_target': None, 'cmake_target_skip_unavailable': False, 'install_base': '/home/dihim/me326_ws/install/locobot_controller', 'merge_install': False, 'path': '/home/dihim/me326_ws/src/locobot_controller', 'symlink_install': False, 'test_result_base': None}
[9.616s] Level 5:colcon.colcon_core.verb:set package 'locobot_yicheng' build argument 'cmake_args' from command line to 'None'
[9.617s] Level 5:colcon.colcon_core.verb:set package 'locobot_yicheng' build argument 'cmake_target' from command line to 'None'
[9.618s] Level 5:colcon.colcon_core.verb:set package 'locobot_yicheng' build argument 'cmake_target_skip_unavailable' from command line to 'False'
[9.618s] Level 5:colcon.colcon_core.verb:set package 'locobot_yicheng' build argument 'cmake_clean_cache' from command line to 'False'
[9.618s] Level 5:colcon.colcon_core.verb:set package 'locobot_yicheng' build argument 'cmake_clean_first' from command line to 'False'
[9.618s] Level 5:colcon.colcon_core.verb:set package 'locobot_yicheng' build argument 'cmake_force_configure' from command line to 'False'
[9.618s] Level 5:colcon.colcon_core.verb:set package 'locobot_yicheng' build argument 'ament_cmake_args' from command line to 'None'
[9.618s] Level 5:colcon.colcon_core.verb:set package 'locobot_yicheng' build argument 'catkin_cmake_args' from command line to 'None'
[9.618s] Level 5:colcon.colcon_core.verb:set package 'locobot_yicheng' build argument 'catkin_skip_building_tests' from command line to 'False'
[9.618s] DEBUG:colcon.colcon_core.verb:Building package 'locobot_yicheng' with the following arguments: {'ament_cmake_args': None, 'build_base': '/home/dihim/me326_ws/build/locobot_yicheng', 'catkin_cmake_args': None, 'catkin_skip_building_tests': False, 'cmake_args': None, 'cmake_clean_cache': False, 'cmake_clean_first': False, 'cmake_force_configure': False, 'cmake_target': None, 'cmake_target_skip_unavailable': False, 'install_base': '/home/dihim/me326_ws/install/locobot_yicheng', 'merge_install': False, 'path': '/home/dihim/me326_ws/src/locobot_yicheng', 'symlink_install': False, 'test_result_base': None}
[9.744s] INFO:colcon.colcon_core.executor:Executing jobs using 'parallel' executor
[9.877s] DEBUG:colcon.colcon_parallel_executor.executor.parallel:run_until_complete
[9.878s] INFO:colcon.colcon_ros.task.ament_cmake.build:Building ROS package in '/home/dihim/me326_ws/src/arm_controller' with build type 'ament_cmake'
[9.878s] INFO:colcon.colcon_cmake.task.cmake.build:Building CMake package in '/home/dihim/me326_ws/src/arm_controller'
[10.029s] INFO:colcon.colcon_core.plugin_system:Skipping extension 'colcon_core.shell.bat': Not used on non-Windows systems
[10.030s] INFO:colcon.colcon_core.shell:Skip shell extension 'powershell' for command environment: Not usable outside of PowerShell
[10.030s] DEBUG:colcon.colcon_core.shell:Skip shell extension 'dsv' for command environment
[10.548s] INFO:colcon.colcon_ros.task.ament_cmake.build:Building ROS package in '/home/dihim/me326_ws/src/la_msgs' with build type 'ament_cmake'
[10.548s] INFO:colcon.colcon_cmake.task.cmake.build:Building CMake package in '/home/dihim/me326_ws/src/la_msgs'
[10.744s] INFO:colcon.colcon_core.shell:Skip shell extension 'powershell' for command environment: Not usable outside of PowerShell
[10.744s] DEBUG:colcon.colcon_core.shell:Skip shell extension 'dsv' for command environment
[11.233s] INFO:colcon.colcon_ros.task.ament_python.build:Building ROS package in '/home/dihim/me326_ws/src/locobot_controller' with build type 'ament_python'
[11.233s] Level 1:colcon.colcon_core.shell:create_environment_hook('locobot_controller', 'ament_prefix_path')
[11.399s] INFO:colcon.colcon_core.shell:Creating environment hook '/home/dihim/me326_ws/install/locobot_controller/share/locobot_controller/hook/ament_prefix_path.ps1'
[11.401s] INFO:colcon.colcon_core.shell:Creating environment descriptor '/home/dihim/me326_ws/install/locobot_controller/share/locobot_controller/hook/ament_prefix_path.dsv'
[11.401s] INFO:colcon.colcon_core.shell:Creating environment hook '/home/dihim/me326_ws/install/locobot_controller/share/locobot_controller/hook/ament_prefix_path.sh'
[11.620s] INFO:colcon.colcon_core.shell:Skip shell extension 'powershell' for command environment: Not usable outside of PowerShell
[11.621s] DEBUG:colcon.colcon_core.shell:Skip shell extension 'dsv' for command environment
[12.575s] INFO:colcon.colcon_ros.task.ament_cmake.build:Building ROS package in '/home/dihim/me326_ws/src/locobot_yicheng' with build type 'ament_cmake'
[12.576s] INFO:colcon.colcon_cmake.task.cmake.build:Building CMake package in '/home/dihim/me326_ws/src/locobot_yicheng'
[12.745s] INFO:colcon.colcon_core.shell:Skip shell extension 'powershell' for command environment: Not usable outside of PowerShell
[12.747s] DEBUG:colcon.colcon_core.shell:Skip shell extension 'dsv' for command environment
[13.323s] DEBUG:colcon.colcon_core.event_handler.log_command:Invoking command in '/home/dihim/me326_ws/build/arm_controller': CMAKE_PREFIX_PATH=${CMAKE_PREFIX_PATH}:/home/dihim/me326_ws/install/locobot_controller:/home/dihim/interbotix_ws/install/interbotix_xs_modules:/home/dihim/interbotix_ws/install/interbotix_perception_modules:/home/dihim/interbotix_ws/install/interbotix_common_modules:/opt/ros/galactic /usr/bin/cmake --build /home/dihim/me326_ws/build/arm_controller -- -j4 -l4
[13.355s] DEBUG:colcon.colcon_core.event_handler.log_command:Invoking command in '/home/dihim/me326_ws/build/la_msgs': CMAKE_PREFIX_PATH=${CMAKE_PREFIX_PATH}:/home/dihim/me326_ws/install/locobot_controller:/home/dihim/interbotix_ws/install/interbotix_xs_modules:/home/dihim/interbotix_ws/install/interbotix_perception_modules:/home/dihim/interbotix_ws/install/interbotix_common_modules:/opt/ros/galactic /usr/bin/cmake --build /home/dihim/me326_ws/build/la_msgs -- -j4 -l4
[14.149s] INFO:colcon.colcon_core.task.python.build:Building Python package in '/home/dihim/me326_ws/src/locobot_controller'
[14.345s] INFO:colcon.colcon_core.shell:Skip shell extension 'powershell' for command environment: Not usable outside of PowerShell
[14.346s] DEBUG:colcon.colcon_core.shell:Skip shell extension 'dsv' for command environment
[15.296s] DEBUG:colcon.colcon_core.event_handler.log_command:Invoking command in '/home/dihim/me326_ws/build/locobot_yicheng': CMAKE_PREFIX_PATH=${CMAKE_PREFIX_PATH}:/home/dihim/me326_ws/install/locobot_controller:/home/dihim/interbotix_ws/install/interbotix_xs_modules:/home/dihim/interbotix_ws/install/interbotix_perception_modules:/home/dihim/interbotix_ws/install/interbotix_common_modules:/opt/ros/galactic /usr/bin/cmake --build /home/dihim/me326_ws/build/locobot_yicheng -- -j4 -l4
[15.436s] DEBUG:colcon.colcon_core.event_handler.log_command:Invoked command in '/home/dihim/me326_ws/build/locobot_yicheng' returned '0': CMAKE_PREFIX_PATH=${CMAKE_PREFIX_PATH}:/home/dihim/me326_ws/install/locobot_controller:/home/dihim/interbotix_ws/install/interbotix_xs_modules:/home/dihim/interbotix_ws/install/interbotix_perception_modules:/home/dihim/interbotix_ws/install/interbotix_common_modules:/opt/ros/galactic /usr/bin/cmake --build /home/dihim/me326_ws/build/locobot_yicheng -- -j4 -l4
[15.791s] DEBUG:colcon.colcon_core.event_handler.log_command:Invoking command in '/home/dihim/me326_ws/build/locobot_yicheng': CMAKE_PREFIX_PATH=${CMAKE_PREFIX_PATH}:/home/dihim/me326_ws/install/locobot_controller:/home/dihim/interbotix_ws/install/interbotix_xs_modules:/home/dihim/interbotix_ws/install/interbotix_perception_modules:/home/dihim/interbotix_ws/install/interbotix_common_modules:/opt/ros/galactic /usr/bin/cmake --install /home/dihim/me326_ws/build/locobot_yicheng
[15.884s] Level 1:colcon.colcon_core.environment:create_environment_scripts_only(locobot_yicheng)
[15.887s] DEBUG:colcon.colcon_core.event_handler.log_command:Invoked command in '/home/dihim/me326_ws/build/locobot_yicheng' returned '0': CMAKE_PREFIX_PATH=${CMAKE_PREFIX_PATH}:/home/dihim/me326_ws/install/locobot_controller:/home/dihim/interbotix_ws/install/interbotix_xs_modules:/home/dihim/interbotix_ws/install/interbotix_perception_modules:/home/dihim/interbotix_ws/install/interbotix_common_modules:/opt/ros/galactic /usr/bin/cmake --install /home/dihim/me326_ws/build/locobot_yicheng
[16.013s] Level 1:colcon.colcon_core.environment:checking '/home/dihim/me326_ws/install/locobot_yicheng' for CMake module files
[16.013s] Level 1:colcon.colcon_core.environment:checking '/home/dihim/me326_ws/install/locobot_yicheng' for CMake config files
[16.014s] Level 1:colcon.colcon_core.shell:create_environment_hook('locobot_yicheng', 'cmake_prefix_path')
[16.076s] INFO:colcon.colcon_core.shell:Creating environment hook '/home/dihim/me326_ws/install/locobot_yicheng/share/locobot_yicheng/hook/cmake_prefix_path.ps1'
[16.077s] INFO:colcon.colcon_core.shell:Creating environment descriptor '/home/dihim/me326_ws/install/locobot_yicheng/share/locobot_yicheng/hook/cmake_prefix_path.dsv'
[16.077s] INFO:colcon.colcon_core.shell:Creating environment hook '/home/dihim/me326_ws/install/locobot_yicheng/share/locobot_yicheng/hook/cmake_prefix_path.sh'
[16.078s] Level 1:colcon.colcon_core.environment:checking '/home/dihim/me326_ws/install/locobot_yicheng/lib'
[16.078s] Level 1:colcon.colcon_core.environment:checking '/home/dihim/me326_ws/install/locobot_yicheng/bin'
[16.078s] Level 1:colcon.colcon_core.environment:checking '/home/dihim/me326_ws/install/locobot_yicheng/lib/pkgconfig/locobot_yicheng.pc'
[16.078s] Level 1:colcon.colcon_core.environment:checking '/home/dihim/me326_ws/install/locobot_yicheng/lib/python3.8/site-packages'
[16.079s] Level 1:colcon.colcon_core.environment:checking '/home/dihim/me326_ws/install/locobot_yicheng/bin'
[16.356s] INFO:colcon.colcon_core.shell:Creating package script '/home/dihim/me326_ws/install/locobot_yicheng/share/locobot_yicheng/package.ps1'
[16.359s] INFO:colcon.colcon_core.shell:Creating package descriptor '/home/dihim/me326_ws/install/locobot_yicheng/share/locobot_yicheng/package.dsv'
[16.361s] INFO:colcon.colcon_core.shell:Creating package script '/home/dihim/me326_ws/install/locobot_yicheng/share/locobot_yicheng/package.sh'
[16.364s] INFO:colcon.colcon_core.shell:Creating package script '/home/dihim/me326_ws/install/locobot_yicheng/share/locobot_yicheng/package.bash'
[16.367s] INFO:colcon.colcon_core.shell:Creating package script '/home/dihim/me326_ws/install/locobot_yicheng/share/locobot_yicheng/package.zsh'
[16.369s] Level 1:colcon.colcon_core.environment:create_file_with_runtime_dependencies(/home/dihim/me326_ws/install/locobot_yicheng/share/colcon-core/packages/locobot_yicheng)
[16.472s] DEBUG:colcon.colcon_core.event_handler.log_command:Invoking command in '/home/dihim/me326_ws/src/locobot_controller': PYTHONPATH=/home/dihim/me326_ws/build/locobot_controller/prefix_override:/home/dihim/me326_ws/install/locobot_controller/lib/python3.8/site-packages:${PYTHONPATH} /usr/bin/python3 setup.py egg_info --egg-base ../../build/locobot_controller build --build-base /home/dihim/me326_ws/build/locobot_controller/build install --record /home/dihim/me326_ws/build/locobot_controller/install.log --single-version-externally-managed
[16.501s] DEBUG:colcon.colcon_core.event_handler.log_command:Invoked command in '/home/dihim/me326_ws/build/la_msgs' returned '0': CMAKE_PREFIX_PATH=${CMAKE_PREFIX_PATH}:/home/dihim/me326_ws/install/locobot_controller:/home/dihim/interbotix_ws/install/interbotix_xs_modules:/home/dihim/interbotix_ws/install/interbotix_perception_modules:/home/dihim/interbotix_ws/install/interbotix_common_modules:/opt/ros/galactic /usr/bin/cmake --build /home/dihim/me326_ws/build/la_msgs -- -j4 -l4
[16.894s] Level 1:colcon.colcon_core.environment:create_environment_scripts_only(locobot_yicheng)
[17.143s] Level 1:colcon.colcon_core.environment:checking '/home/dihim/me326_ws/install/locobot_yicheng' for CMake module files
[17.143s] Level 1:colcon.colcon_core.environment:checking '/home/dihim/me326_ws/install/locobot_yicheng' for CMake config files
[17.143s] Level 1:colcon.colcon_core.shell:create_environment_hook('locobot_yicheng', 'cmake_prefix_path')
[17.243s] INFO:colcon.colcon_core.shell:Creating environment hook '/home/dihim/me326_ws/install/locobot_yicheng/share/locobot_yicheng/hook/cmake_prefix_path.ps1'
[17.244s] INFO:colcon.colcon_core.shell:Creating environment descriptor '/home/dihim/me326_ws/install/locobot_yicheng/share/locobot_yicheng/hook/cmake_prefix_path.dsv'
[17.245s] INFO:colcon.colcon_core.shell:Creating environment hook '/home/dihim/me326_ws/install/locobot_yicheng/share/locobot_yicheng/hook/cmake_prefix_path.sh'
[17.247s] Level 1:colcon.colcon_core.environment:checking '/home/dihim/me326_ws/install/locobot_yicheng/lib'
[17.247s] Level 1:colcon.colcon_core.environment:checking '/home/dihim/me326_ws/install/locobot_yicheng/bin'
[17.247s] Level 1:colcon.colcon_core.environment:checking '/home/dihim/me326_ws/install/locobot_yicheng/lib/pkgconfig/locobot_yicheng.pc'
[17.247s] Level 1:colcon.colcon_core.environment:checking '/home/dihim/me326_ws/install/locobot_yicheng/lib/python3.8/site-packages'
[17.248s] Level 1:colcon.colcon_core.environment:checking '/home/dihim/me326_ws/install/locobot_yicheng/bin'
[17.440s] INFO:colcon.colcon_core.shell:Creating package script '/home/dihim/me326_ws/install/locobot_yicheng/share/locobot_yicheng/package.ps1'
[17.441s] INFO:colcon.colcon_core.shell:Creating package descriptor '/home/dihim/me326_ws/install/locobot_yicheng/share/locobot_yicheng/package.dsv'
[17.441s] INFO:colcon.colcon_core.shell:Creating package script '/home/dihim/me326_ws/install/locobot_yicheng/share/locobot_yicheng/package.sh'
[17.444s] INFO:colcon.colcon_core.shell:Creating package script '/home/dihim/me326_ws/install/locobot_yicheng/share/locobot_yicheng/package.bash'
[17.444s] INFO:colcon.colcon_core.shell:Creating package script '/home/dihim/me326_ws/install/locobot_yicheng/share/locobot_yicheng/package.zsh'
[17.444s] Level 1:colcon.colcon_core.environment:create_file_with_runtime_dependencies(/home/dihim/me326_ws/install/locobot_yicheng/share/colcon-core/packages/locobot_yicheng)
[17.452s] DEBUG:colcon.colcon_core.event_handler.log_command:Invoked command in '/home/dihim/me326_ws/src/locobot_controller' returned '0': PYTHONPATH=/home/dihim/me326_ws/build/locobot_controller/prefix_override:/home/dihim/me326_ws/install/locobot_controller/lib/python3.8/site-packages:${PYTHONPATH} /usr/bin/python3 setup.py egg_info --egg-base ../../build/locobot_controller build --build-base /home/dihim/me326_ws/build/locobot_controller/build install --record /home/dihim/me326_ws/build/locobot_controller/install.log --single-version-externally-managed
[17.755s] Level 1:colcon.colcon_core.environment:checking '/home/dihim/me326_ws/install/locobot_controller' for CMake module files
[17.755s] Level 1:colcon.colcon_core.environment:checking '/home/dihim/me326_ws/install/locobot_controller' for CMake config files
[17.756s] Level 1:colcon.colcon_core.environment:checking '/home/dihim/me326_ws/install/locobot_controller/lib'
[17.756s] Level 1:colcon.colcon_core.environment:checking '/home/dihim/me326_ws/install/locobot_controller/bin'
[17.756s] Level 1:colcon.colcon_core.environment:checking '/home/dihim/me326_ws/install/locobot_controller/lib/pkgconfig/locobot_controller.pc'
[17.756s] Level 1:colcon.colcon_core.environment:checking '/home/dihim/me326_ws/install/locobot_controller/lib/python3.8/site-packages'
[17.756s] Level 1:colcon.colcon_core.shell:create_environment_hook('locobot_controller', 'pythonpath')
[17.916s] INFO:colcon.colcon_core.shell:Creating environment hook '/home/dihim/me326_ws/install/locobot_controller/share/locobot_controller/hook/pythonpath.ps1'
[17.917s] INFO:colcon.colcon_core.shell:Creating environment descriptor '/home/dihim/me326_ws/install/locobot_controller/share/locobot_controller/hook/pythonpath.dsv'
[17.917s] INFO:colcon.colcon_core.shell:Creating environment hook '/home/dihim/me326_ws/install/locobot_controller/share/locobot_controller/hook/pythonpath.sh'
[17.917s] Level 1:colcon.colcon_core.environment:checking '/home/dihim/me326_ws/install/locobot_controller/bin'
[17.917s] Level 1:colcon.colcon_core.environment:create_environment_scripts_only(locobot_controller)
[18.100s] INFO:colcon.colcon_core.shell:Creating package script '/home/dihim/me326_ws/install/locobot_controller/share/locobot_controller/package.ps1'
[18.101s] INFO:colcon.colcon_core.shell:Creating package descriptor '/home/dihim/me326_ws/install/locobot_controller/share/locobot_controller/package.dsv'
[18.101s] INFO:colcon.colcon_core.shell:Creating package script '/home/dihim/me326_ws/install/locobot_controller/share/locobot_controller/package.sh'
[18.102s] INFO:colcon.colcon_core.shell:Creating package script '/home/dihim/me326_ws/install/locobot_controller/share/locobot_controller/package.bash'
[18.102s] INFO:colcon.colcon_core.shell:Creating package script '/home/dihim/me326_ws/install/locobot_controller/share/locobot_controller/package.zsh'
[18.102s] Level 1:colcon.colcon_core.environment:create_file_with_runtime_dependencies(/home/dihim/me326_ws/install/locobot_controller/share/colcon-core/packages/locobot_controller)
[18.112s] DEBUG:colcon.colcon_core.event_handler.log_command:Invoking command in '/home/dihim/me326_ws/build/la_msgs': CMAKE_PREFIX_PATH=${CMAKE_PREFIX_PATH}:/home/dihim/me326_ws/install/locobot_controller:/home/dihim/interbotix_ws/install/interbotix_xs_modules:/home/dihim/interbotix_ws/install/interbotix_perception_modules:/home/dihim/interbotix_ws/install/interbotix_common_modules:/opt/ros/galactic /usr/bin/cmake --install /home/dihim/me326_ws/build/la_msgs
[18.392s] Level 1:colcon.colcon_core.environment:create_environment_scripts_only(la_msgs)
[18.396s] DEBUG:colcon.colcon_core.event_handler.log_command:Invoked command in '/home/dihim/me326_ws/build/la_msgs' returned '0': CMAKE_PREFIX_PATH=${CMAKE_PREFIX_PATH}:/home/dihim/me326_ws/install/locobot_controller:/home/dihim/interbotix_ws/install/interbotix_xs_modules:/home/dihim/interbotix_ws/install/interbotix_perception_modules:/home/dihim/interbotix_ws/install/interbotix_common_modules:/opt/ros/galactic /usr/bin/cmake --install /home/dihim/me326_ws/build/la_msgs
[18.512s] Level 1:colcon.colcon_core.environment:checking '/home/dihim/me326_ws/install/la_msgs' for CMake module files
[18.512s] Level 1:colcon.colcon_core.environment:checking '/home/dihim/me326_ws/install/la_msgs' for CMake config files
[18.513s] Level 1:colcon.colcon_core.shell:create_environment_hook('la_msgs', 'cmake_prefix_path')
[18.729s] INFO:colcon.colcon_core.shell:Creating environment hook '/home/dihim/me326_ws/install/la_msgs/share/la_msgs/hook/cmake_prefix_path.ps1'
[18.730s] INFO:colcon.colcon_core.shell:Creating environment descriptor '/home/dihim/me326_ws/install/la_msgs/share/la_msgs/hook/cmake_prefix_path.dsv'
[18.730s] INFO:colcon.colcon_core.shell:Creating environment hook '/home/dihim/me326_ws/install/la_msgs/share/la_msgs/hook/cmake_prefix_path.sh'
[18.735s] Level 1:colcon.colcon_core.environment:checking '/home/dihim/me326_ws/install/la_msgs/lib'
[18.735s] Level 1:colcon.colcon_core.shell:create_environment_hook('la_msgs', 'ld_library_path_lib')
[18.921s] INFO:colcon.colcon_core.shell:Creating environment hook '/home/dihim/me326_ws/install/la_msgs/share/la_msgs/hook/ld_library_path_lib.ps1'
[18.927s] INFO:colcon.colcon_core.shell:Creating environment descriptor '/home/dihim/me326_ws/install/la_msgs/share/la_msgs/hook/ld_library_path_lib.dsv'
[18.927s] INFO:colcon.colcon_core.shell:Creating environment hook '/home/dihim/me326_ws/install/la_msgs/share/la_msgs/hook/ld_library_path_lib.sh'
[18.927s] Level 1:colcon.colcon_core.environment:checking '/home/dihim/me326_ws/install/la_msgs/bin'
[18.927s] Level 1:colcon.colcon_core.environment:checking '/home/dihim/me326_ws/install/la_msgs/lib/pkgconfig/la_msgs.pc'
[18.927s] Level 1:colcon.colcon_core.environment:checking '/home/dihim/me326_ws/install/la_msgs/lib/python3.8/site-packages'
[18.927s] Level 1:colcon.colcon_core.shell:create_environment_hook('la_msgs', 'pythonpath')
[19.079s] INFO:colcon.colcon_core.shell:Creating environment hook '/home/dihim/me326_ws/install/la_msgs/share/la_msgs/hook/pythonpath.ps1'
[19.079s] INFO:colcon.colcon_core.shell:Creating environment descriptor '/home/dihim/me326_ws/install/la_msgs/share/la_msgs/hook/pythonpath.dsv'
[19.079s] INFO:colcon.colcon_core.shell:Creating environment hook '/home/dihim/me326_ws/install/la_msgs/share/la_msgs/hook/pythonpath.sh'
[19.083s] Level 1:colcon.colcon_core.environment:checking '/home/dihim/me326_ws/install/la_msgs/bin'
[19.263s] INFO:colcon.colcon_core.shell:Creating package script '/home/dihim/me326_ws/install/la_msgs/share/la_msgs/package.ps1'
[19.264s] INFO:colcon.colcon_core.shell:Creating package descriptor '/home/dihim/me326_ws/install/la_msgs/share/la_msgs/package.dsv'
[19.266s] INFO:colcon.colcon_core.shell:Creating package script '/home/dihim/me326_ws/install/la_msgs/share/la_msgs/package.sh'
[19.267s] INFO:colcon.colcon_core.shell:Creating package script '/home/dihim/me326_ws/install/la_msgs/share/la_msgs/package.bash'
[19.267s] INFO:colcon.colcon_core.shell:Creating package script '/home/dihim/me326_ws/install/la_msgs/share/la_msgs/package.zsh'
[19.267s] Level 1:colcon.colcon_core.environment:create_file_with_runtime_dependencies(/home/dihim/me326_ws/install/la_msgs/share/colcon-core/packages/la_msgs)
[20.918s] Level 1:colcon.colcon_core.environment:create_environment_scripts_only(la_msgs)
[21.152s] Level 1:colcon.colcon_core.environment:checking '/home/dihim/me326_ws/install/la_msgs' for CMake module files
[21.180s] Level 1:colcon.colcon_core.environment:checking '/home/dihim/me326_ws/install/la_msgs' for CMake config files
[21.181s] Level 1:colcon.colcon_core.shell:create_environment_hook('la_msgs', 'cmake_prefix_path')
[21.468s] INFO:colcon.colcon_core.shell:Creating environment hook '/home/dihim/me326_ws/install/la_msgs/share/la_msgs/hook/cmake_prefix_path.ps1'
[21.468s] INFO:colcon.colcon_core.shell:Creating environment descriptor '/home/dihim/me326_ws/install/la_msgs/share/la_msgs/hook/cmake_prefix_path.dsv'
[21.469s] INFO:colcon.colcon_core.shell:Creating environment hook '/home/dihim/me326_ws/install/la_msgs/share/la_msgs/hook/cmake_prefix_path.sh'
[21.469s] Level 1:colcon.colcon_core.environment:checking '/home/dihim/me326_ws/install/la_msgs/lib'
[21.469s] Level 1:colcon.colcon_core.shell:create_environment_hook('la_msgs', 'ld_library_path_lib')
[21.680s] INFO:colcon.colcon_core.shell:Creating environment hook '/home/dihim/me326_ws/install/la_msgs/share/la_msgs/hook/ld_library_path_lib.ps1'
[21.680s] INFO:colcon.colcon_core.shell:Creating environment descriptor '/home/dihim/me326_ws/install/la_msgs/share/la_msgs/hook/ld_library_path_lib.dsv'
[21.680s] INFO:colcon.colcon_core.shell:Creating environment hook '/home/dihim/me326_ws/install/la_msgs/share/la_msgs/hook/ld_library_path_lib.sh'
[21.681s] Level 1:colcon.colcon_core.environment:checking '/home/dihim/me326_ws/install/la_msgs/bin'
[21.681s] Level 1:colcon.colcon_core.environment:checking '/home/dihim/me326_ws/install/la_msgs/lib/pkgconfig/la_msgs.pc'
[21.681s] Level 1:colcon.colcon_core.environment:checking '/home/dihim/me326_ws/install/la_msgs/lib/python3.8/site-packages'
[21.681s] Level 1:colcon.colcon_core.shell:create_environment_hook('la_msgs', 'pythonpath')
[21.912s] INFO:colcon.colcon_core.shell:Creating environment hook '/home/dihim/me326_ws/install/la_msgs/share/la_msgs/hook/pythonpath.ps1'
[21.912s] INFO:colcon.colcon_core.shell:Creating environment descriptor '/home/dihim/me326_ws/install/la_msgs/share/la_msgs/hook/pythonpath.dsv'
[21.912s] INFO:colcon.colcon_core.shell:Creating environment hook '/home/dihim/me326_ws/install/la_msgs/share/la_msgs/hook/pythonpath.sh'
[21.913s] Level 1:colcon.colcon_core.environment:checking '/home/dihim/me326_ws/install/la_msgs/bin'
[22.158s] INFO:colcon.colcon_core.shell:Creating package script '/home/dihim/me326_ws/install/la_msgs/share/la_msgs/package.ps1'
[22.159s] INFO:colcon.colcon_core.shell:Creating package descriptor '/home/dihim/me326_ws/install/la_msgs/share/la_msgs/package.dsv'
[22.159s] INFO:colcon.colcon_core.shell:Creating package script '/home/dihim/me326_ws/install/la_msgs/share/la_msgs/package.sh'
[22.163s] INFO:colcon.colcon_core.shell:Creating package script '/home/dihim/me326_ws/install/la_msgs/share/la_msgs/package.bash'
[22.163s] INFO:colcon.colcon_core.shell:Creating package script '/home/dihim/me326_ws/install/la_msgs/share/la_msgs/package.zsh'
[22.163s] Level 1:colcon.colcon_core.environment:create_file_with_runtime_dependencies(/home/dihim/me326_ws/install/la_msgs/share/colcon-core/packages/la_msgs)
[34.670s] DEBUG:colcon.colcon_core.event_handler.log_command:Invoked command in '/home/dihim/me326_ws/build/arm_controller' returned '2': CMAKE_PREFIX_PATH=${CMAKE_PREFIX_PATH}:/home/dihim/me326_ws/install/locobot_controller:/home/dihim/interbotix_ws/install/interbotix_xs_modules:/home/dihim/interbotix_ws/install/interbotix_perception_modules:/home/dihim/interbotix_ws/install/interbotix_common_modules:/opt/ros/galactic /usr/bin/cmake --build /home/dihim/me326_ws/build/arm_controller -- -j4 -l4
[35.240s] Level 1:colcon.colcon_core.environment:create_environment_scripts_only(arm_controller)
[35.420s] Level 1:colcon.colcon_core.environment:checking '/home/dihim/me326_ws/install/arm_controller' for CMake module files
[35.421s] Level 1:colcon.colcon_core.environment:checking '/home/dihim/me326_ws/install/arm_controller' for CMake config files
[35.421s] Level 1:colcon.colcon_core.shell:create_environment_hook('arm_controller', 'cmake_prefix_path')
[35.494s] INFO:colcon.colcon_core.shell:Creating environment hook '/home/dihim/me326_ws/install/arm_controller/share/arm_controller/hook/cmake_prefix_path.ps1'
[35.494s] INFO:colcon.colcon_core.shell:Creating environment descriptor '/home/dihim/me326_ws/install/arm_controller/share/arm_controller/hook/cmake_prefix_path.dsv'
[35.495s] INFO:colcon.colcon_core.shell:Creating environment hook '/home/dihim/me326_ws/install/arm_controller/share/arm_controller/hook/cmake_prefix_path.sh'
[35.495s] Level 1:colcon.colcon_core.environment:checking '/home/dihim/me326_ws/install/arm_controller/lib'
[35.495s] Level 1:colcon.colcon_core.environment:checking '/home/dihim/me326_ws/install/arm_controller/bin'
[35.496s] Level 1:colcon.colcon_core.environment:checking '/home/dihim/me326_ws/install/arm_controller/lib/pkgconfig/arm_controller.pc'
[35.496s] Level 1:colcon.colcon_core.environment:checking '/home/dihim/me326_ws/install/arm_controller/lib/python3.8/site-packages'
[35.496s] Level 1:colcon.colcon_core.environment:checking '/home/dihim/me326_ws/install/arm_controller/bin'
[35.564s] INFO:colcon.colcon_core.shell:Creating package script '/home/dihim/me326_ws/install/arm_controller/share/arm_controller/package.ps1'
[35.565s] INFO:colcon.colcon_core.shell:Creating package descriptor '/home/dihim/me326_ws/install/arm_controller/share/arm_controller/package.dsv'
[35.566s] INFO:colcon.colcon_core.shell:Creating package script '/home/dihim/me326_ws/install/arm_controller/share/arm_controller/package.sh'
[35.566s] INFO:colcon.colcon_core.shell:Creating package script '/home/dihim/me326_ws/install/arm_controller/share/arm_controller/package.bash'
[35.566s] INFO:colcon.colcon_core.shell:Creating package script '/home/dihim/me326_ws/install/arm_controller/share/arm_controller/package.zsh'
[35.566s] Level 1:colcon.colcon_core.environment:create_file_with_runtime_dependencies(/home/dihim/me326_ws/install/arm_controller/share/colcon-core/packages/arm_controller)
[35.567s] DEBUG:colcon.colcon_parallel_executor.executor.parallel:closing loop
[35.568s] DEBUG:colcon.colcon_parallel_executor.executor.parallel:loop closed
[35.568s] DEBUG:colcon.colcon_parallel_executor.executor.parallel:run_until_complete finished with '2'
[35.568s] DEBUG:colcon.colcon_core.event_reactor:joining thread
[35.702s] INFO:colcon.colcon_core.plugin_system:Skipping extension 'colcon_notification.desktop_notification.terminal_notifier': Not used on non-Darwin systems
[35.703s] INFO:colcon.colcon_core.plugin_system:Skipping extension 'colcon_notification.desktop_notification.win32': Not used on non-Windows systems
[35.703s] INFO:colcon.colcon_notification.desktop_notification:Sending desktop notification using 'notify2'
[35.721s] DEBUG:colcon.colcon_core.event_reactor:joined thread
[35.852s] INFO:colcon.colcon_core.shell:Creating prefix script '/home/dihim/me326_ws/install/local_setup.ps1'
[35.883s] INFO:colcon.colcon_core.shell:Creating prefix util module '/home/dihim/me326_ws/install/_local_setup_util_ps1.py'
[35.884s] INFO:colcon.colcon_core.shell:Creating prefix chain script '/home/dihim/me326_ws/install/setup.ps1'
[36.019s] INFO:colcon.colcon_core.shell:Creating prefix script '/home/dihim/me326_ws/install/local_setup.sh'
[36.022s] INFO:colcon.colcon_core.shell:Creating prefix util module '/home/dihim/me326_ws/install/_local_setup_util_sh.py'
[36.023s] INFO:colcon.colcon_core.shell:Creating prefix chain script '/home/dihim/me326_ws/install/setup.sh'
[36.127s] INFO:colcon.colcon_core.shell:Creating prefix script '/home/dihim/me326_ws/install/local_setup.bash'
[36.129s] INFO:colcon.colcon_core.shell:Creating prefix chain script '/home/dihim/me326_ws/install/setup.bash'
[36.274s] INFO:colcon.colcon_core.shell:Creating prefix script '/home/dihim/me326_ws/install/local_setup.zsh'
[36.276s] INFO:colcon.colcon_core.shell:Creating prefix chain script '/home/dihim/me326_ws/install/setup.zsh'
