[0.708s] Invoking command in '/home/dihim/me326_ws/build/gazebo_ros_link_attacher': CMAKE_PREFIX_PATH=${CMAKE_PREFIX_PATH}:/home/dihim/interbotix_ws/install/interbotix_xs_modules:/home/dihim/interbotix_ws/install/interbotix_perception_modules:/home/dihim/interbotix_ws/install/interbotix_common_modules:/opt/ros/galactic /usr/bin/cmake --build /home/dihim/me326_ws/build/gazebo_ros_link_attacher -- -j4 -l4
[1.026s] -- Found ament_cmake: 1.1.6 (/opt/ros/galactic/share/ament_cmake/cmake)
[1.026s] -- Found PythonInterp: /usr/bin/python3 (found suitable version "3.8.10", minimum required is "3") 
[1.026s] -- Using PYTHON_EXECUTABLE: /usr/bin/python3
[1.026s] -- Found rclcpp: 9.2.2 (/opt/ros/galactic/share/rclcpp/cmake)
[1.026s] -- Using all available rosidl_typesupport_c: rosidl_typesupport_fastrtps_c;rosidl_typesupport_introspection_c
[1.026s] -- Found rosidl_adapter: 2.2.3 (/opt/ros/galactic/share/rosidl_adapter/cmake)
[1.026s] -- Using all available rosidl_typesupport_cpp: rosidl_typesupport_fastrtps_cpp;rosidl_typesupport_introspection_cpp
[1.026s] -- Found rmw_implementation_cmake: 3.3.1 (/opt/ros/galactic/share/rmw_implementation_cmake/cmake)
[1.027s] -- Found rmw_cyclonedds_cpp: 0.22.6 (/opt/ros/galactic/share/rmw_cyclonedds_cpp/cmake)
[1.042s] -- Using RMW implementation 'rmw_cyclonedds_cpp' as default
[1.141s] -- Found gazebo_ros: 3.5.2 (/opt/ros/galactic/share/gazebo_ros/cmake)
[1.181s] -- Found DART: /usr/include (Required is at least version "6.6") found components: dart 
[1.207s] -- Found Protobuf: /usr/lib/aarch64-linux-gnu/libprotobuf.so;-lpthread (found version "3.6.1") 
[1.210s] -- Looking for ignition-math6 -- found version 6.15.1
[1.216s] -- Searching for dependencies of ignition-math6
[1.218s] -- Looking for OGRE...
[1.221s] -- Found Ogre Ghadamon (1.9.0)
[1.222s] -- Found OGRE: optimized;/usr/lib/aarch64-linux-gnu/libOgreMain.so;debug;/usr/lib/aarch64-linux-gnu/libOgreMain.so
[1.228s] -- Looking for OGRE_Paging...
[1.228s] -- Found OGRE_Paging: optimized;/usr/lib/aarch64-linux-gnu/libOgrePaging.so;debug;/usr/lib/aarch64-linux-gnu/libOgrePaging.so
[1.228s] -- Looking for OGRE_Terrain...
[1.228s] -- Found OGRE_Terrain: optimized;/usr/lib/aarch64-linux-gnu/libOgreTerrain.so;debug;/usr/lib/aarch64-linux-gnu/libOgreTerrain.so
[1.228s] -- Looking for OGRE_Property...
[1.228s] -- Found OGRE_Property: optimized;/usr/lib/aarch64-linux-gnu/libOgreProperty.so;debug;/usr/lib/aarch64-linux-gnu/libOgreProperty.so
[1.229s] -- Looking for OGRE_RTShaderSystem...
[1.229s] -- Found OGRE_RTShaderSystem: optimized;/usr/lib/aarch64-linux-gnu/libOgreRTShaderSystem.so;debug;/usr/lib/aarch64-linux-gnu/libOgreRTShaderSystem.so
[1.229s] -- Looking for OGRE_Volume...
[1.229s] -- Found OGRE_Volume: optimized;/usr/lib/aarch64-linux-gnu/libOgreVolume.so;debug;/usr/lib/aarch64-linux-gnu/libOgreVolume.so
[1.229s] -- Looking for OGRE_Overlay...
[1.229s] -- Found OGRE_Overlay: optimized;/usr/lib/aarch64-linux-gnu/libOgreOverlay.so;debug;/usr/lib/aarch64-linux-gnu/libOgreOverlay.so
[1.329s] -- Looking for ignition-math6 -- found version 6.15.1
[1.330s] -- Looking for ignition-transport8 -- found version 8.3.0
[1.331s] -- Searching for dependencies of ignition-transport8
[1.344s] -- Found Protobuf: /usr/lib/aarch64-linux-gnu/libprotobuf.so;-lpthread (found suitable version "3.6.1", minimum required is "3") 
[1.354s] -- Config-file not installed for ZeroMQ -- checking for pkg-config
[1.357s] -- Checking for module 'libzmq >= 4'
[1.373s] --   Found libzmq , version 4.3.2
[1.398s] -- Checking for module 'uuid'
[1.407s] --   Found uuid, version 2.34.0
[1.434s] -- Looking for ignition-msgs5 -- found version 5.10.0
[1.435s] -- Searching for dependencies of ignition-msgs5
[1.447s] -- Looking for ignition-math6 -- found version 6.15.1
[1.450s] -- Checking for module 'tinyxml2'
[1.458s] --   Found tinyxml2, version 6.2.0
[1.478s] -- Looking for ignition-msgs5 -- found version 5.10.0
[1.478s] -- Looking for ignition-common3 -- found version 3.14.2
[1.479s] -- Searching for dependencies of ignition-common3
[1.479s] -- Looking for dlfcn.h - found
[1.479s] -- Looking for libdl - found
[1.484s] -- Searching for <ignition-common3> component [graphics]
[1.486s] -- Looking for ignition-common3-graphics -- found version 3.14.2
[1.486s] -- Searching for dependencies of ignition-common3-graphics
[1.486s] -- Looking for ignition-math6 -- found version 6.15.1
[1.487s] -- Looking for ignition-fuel_tools4 -- found version 4.6.0
[1.487s] -- Searching for dependencies of ignition-fuel_tools4
[1.502s] -- Checking for module 'jsoncpp'
[1.511s] --   Found jsoncpp, version 1.7.4
[1.532s] -- Checking for module 'libzip'
[1.540s] --   Found libzip, version 1.5.1
[1.563s] -- Looking for ignition-common3 -- found version 3.14.2
[1.564s] -- Looking for ignition-math6 -- found version 6.15.1
[1.564s] -- Looking for ignition-msgs5 -- found version 5.10.0
[1.564s] -- Gazebo version: 11.11
[1.568s] -- Found rosidl_default_generators: 1.1.1 (/opt/ros/galactic/share/rosidl_default_generators/cmake)
[1.589s] -- Found PythonInterp: /usr/bin/python3 (found version "3.8.10") 
[1.675s] -- Found ament_cmake_ros: 0.9.2 (/opt/ros/galactic/share/ament_cmake_ros/cmake)
[1.784s] -- Using all available rosidl_typesupport_c: rosidl_typesupport_fastrtps_c;rosidl_typesupport_introspection_c
[1.816s] -- Using all available rosidl_typesupport_cpp: rosidl_typesupport_fastrtps_cpp;rosidl_typesupport_introspection_cpp
[1.831s] -- Found PythonInterp: /usr/bin/python3 (found suitable version "3.8.10", minimum required is "3.5") 
[1.831s] -- Found python_cmake_module: 0.8.1 (/opt/ros/galactic/share/python_cmake_module/cmake)
[1.845s] -- Using PYTHON_EXECUTABLE: /usr/bin/python3
[1.845s] -- Using PYTHON_INCLUDE_DIRS: /usr/include/python3.8
[1.845s] -- Using PYTHON_LIBRARIES: /usr/lib/aarch64-linux-gnu/libpython3.8.so
[1.870s] -- Found rmw_fastrtps_cpp: 5.0.2 (/opt/ros/galactic/share/rmw_fastrtps_cpp/cmake)
[1.951s] -- Configuring done
[2.088s] -- Generating done
[2.090s] -- Build files have been written to: /home/dihim/me326_ws/build/gazebo_ros_link_attacher
[2.114s] [  2%] Built target gazebo_ros_link_attacher__cpp
[2.117s] [ 11%] Built target gazebo_ros_link_attacher__rosidl_generator_c
[2.141s] [ 20%] Built target gazebo_ros_link_attacher__rosidl_typesupport_introspection_cpp
[2.142s] [ 28%] Built target gazebo_ros_link_attacher__rosidl_typesupport_introspection_c
[2.143s] [ 37%] Built target gazebo_ros_link_attacher__rosidl_typesupport_fastrtps_cpp
[2.144s] [ 45%] Built target gazebo_ros_link_attacher__rosidl_typesupport_cpp
[2.155s] [ 54%] Built target gazebo_ros_link_attacher__rosidl_typesupport_c
[2.163s] [ 62%] Built target gazebo_ros_link_attacher__rosidl_typesupport_fastrtps_c
[2.173s] [ 62%] Built target gazebo_ros_link_attacher
[2.184s] [ 65%] Built target gazebo_ros_link_attacher__py
[2.200s] [ 71%] Built target gazebo_ros_link_attacher__python
[2.211s] [ 77%] Built target gazebo_ros_link_attacher_plugin
[2.216s] [ 82%] Built target gazebo_ros_link_attacher__rosidl_typesupport_c__pyext
[2.216s] [ 88%] Built target gazebo_ros_link_attacher__rosidl_typesupport_introspection_c__pyext
[2.217s] [ 94%] Built target gazebo_ros_link_attacher__rosidl_typesupport_fastrtps_c__pyext
[2.221s] [35m[1mScanning dependencies of target gazebo_ros_link_attacher_node[0m
[2.411s] [ 97%] [32mBuilding CXX object CMakeFiles/gazebo_ros_link_attacher_node.dir/src/gazebo_ros_link_attacher.cpp.o[0m
[8.060s] [100%] [32m[1mLinking CXX executable gazebo_ros_link_attacher_node[0m
[8.745s] /usr/bin/ld: /usr/lib/gcc/aarch64-linux-gnu/9/../../../aarch64-linux-gnu/Scrt1.o: in function `_start':
[8.745s] (.text+0x18): undefined reference to `main'
[8.745s] /usr/bin/ld: (.text+0x1c): undefined reference to `main'
[8.745s] collect2: error: ld returned 1 exit status
[8.746s] make[2]: *** [CMakeFiles/gazebo_ros_link_attacher_node.dir/build.make:283: gazebo_ros_link_attacher_node] Error 1
[8.746s] make[1]: *** [CMakeFiles/Makefile2:424: CMakeFiles/gazebo_ros_link_attacher_node.dir/all] Error 2
[8.746s] make: *** [Makefile:141: all] Error 2
[8.748s] Invoked command in '/home/dihim/me326_ws/build/gazebo_ros_link_attacher' returned '2': CMAKE_PREFIX_PATH=${CMAKE_PREFIX_PATH}:/home/dihim/interbotix_ws/install/interbotix_xs_modules:/home/dihim/interbotix_ws/install/interbotix_perception_modules:/home/dihim/interbotix_ws/install/interbotix_common_modules:/opt/ros/galactic /usr/bin/cmake --build /home/dihim/me326_ws/build/gazebo_ros_link_attacher -- -j4 -l4
