[10.285s] DEBUG:colcon:Command line arguments: ['/usr/bin/colcon', 'build']
[10.285s] DEBUG:colcon:Parsed command line arguments: Namespace(allow_overriding=[], ament_cmake_args=None, base_paths=['.'], build_base='build', catkin_cmake_args=None, catkin_skip_building_tests=False, cmake_args=None, cmake_clean_cache=False, cmake_clean_first=False, cmake_force_configure=False, cmake_target=None, cmake_target_skip_unavailable=False, continue_on_error=False, event_handlers=None, executor='parallel', ignore_user_meta=False, install_base='install', log_base=None, log_level=None, main=<bound method BuildVerb.main of <colcon_core.verb.build.BuildVerb object at 0x7f91a968e970>>, merge_install=False, metas=['./colcon.meta'], packages_above=None, packages_above_and_dependencies=None, packages_above_depth=None, packages_end=None, packages_ignore=None, packages_ignore_regex=None, packages_select=None, packages_select_build_failed=False, packages_select_by_dep=None, packages_select_regex=None, packages_select_test_failures=False, packages_skip=None, packages_skip_build_finished=False, packages_skip_by_dep=None, packages_skip_regex=None, packages_skip_test_passed=False, packages_skip_up_to=None, packages_start=None, packages_up_to=None, packages_up_to_regex=None, parallel_workers=8, paths=None, symlink_install=False, test_result_base=None, verb_extension=<colcon_core.verb.build.BuildVerb object at 0x7f91a968e970>, verb_name='build', verb_parser=<colcon_defaults.argument_parser.defaults.DefaultArgumentsDecorator object at 0x7f91a9350970>)
[10.951s] Level 1:colcon.colcon_core.package_discovery:discover_packages(colcon_meta) check parameters
[10.952s] Level 1:colcon.colcon_core.package_discovery:discover_packages(recursive) check parameters
[10.952s] Level 1:colcon.colcon_core.package_discovery:discover_packages(ignore) check parameters
[10.952s] Level 1:colcon.colcon_core.package_discovery:discover_packages(path) check parameters
[10.952s] Level 1:colcon.colcon_core.package_discovery:discover_packages(colcon_meta) discover
[10.953s] Level 1:colcon.colcon_core.package_discovery:discover_packages(recursive) discover
[10.953s] INFO:colcon.colcon_core.package_discovery:Crawling recursively for packages in '/home/yicheng/me326_ws'
[10.953s] Level 1:colcon.colcon_core.package_identification:_identify(.) by extensions ['ignore', 'ignore_ament_install']
[10.954s] Level 1:colcon.colcon_core.package_identification:_identify(.) by extension 'ignore'
[10.954s] Level 1:colcon.colcon_core.package_identification:_identify(.) by extension 'ignore_ament_install'
[10.954s] Level 1:colcon.colcon_core.package_identification:_identify(.) by extensions ['colcon_pkg']
[10.954s] Level 1:colcon.colcon_core.package_identification:_identify(.) by extension 'colcon_pkg'
[10.955s] Level 1:colcon.colcon_core.package_identification:_identify(.) by extensions ['colcon_meta']
[10.955s] Level 1:colcon.colcon_core.package_identification:_identify(.) by extension 'colcon_meta'
[10.955s] Level 1:colcon.colcon_core.package_identification:_identify(.) by extensions ['ros']
[10.955s] Level 1:colcon.colcon_core.package_identification:_identify(.) by extension 'ros'
[11.006s] Level 1:colcon.colcon_core.package_identification:_identify(.) by extensions ['cmake', 'python']
[11.006s] Level 1:colcon.colcon_core.package_identification:_identify(.) by extension 'cmake'
[11.007s] Level 1:colcon.colcon_core.package_identification:_identify(.) by extension 'python'
[11.007s] Level 1:colcon.colcon_core.package_identification:_identify(.) by extensions ['python_setup_py']
[11.008s] Level 1:colcon.colcon_core.package_identification:_identify(.) by extension 'python_setup_py'
[11.009s] Level 1:colcon.colcon_core.package_identification:_identify(build) by extensions ['ignore', 'ignore_ament_install']
[11.010s] Level 1:colcon.colcon_core.package_identification:_identify(build) by extension 'ignore'
[11.011s] Level 1:colcon.colcon_core.package_identification:_identify(build) ignored
[11.013s] Level 1:colcon.colcon_core.package_identification:_identify(install) by extensions ['ignore', 'ignore_ament_install']
[11.014s] Level 1:colcon.colcon_core.package_identification:_identify(install) by extension 'ignore'
[11.015s] Level 1:colcon.colcon_core.package_identification:_identify(install) ignored
[11.016s] Level 1:colcon.colcon_core.package_identification:_identify(log) by extensions ['ignore', 'ignore_ament_install']
[11.017s] Level 1:colcon.colcon_core.package_identification:_identify(log) by extension 'ignore'
[11.017s] Level 1:colcon.colcon_core.package_identification:_identify(log) ignored
[11.017s] Level 1:colcon.colcon_core.package_identification:_identify(src) by extensions ['ignore', 'ignore_ament_install']
[11.018s] Level 1:colcon.colcon_core.package_identification:_identify(src) by extension 'ignore'
[11.018s] Level 1:colcon.colcon_core.package_identification:_identify(src) by extension 'ignore_ament_install'
[11.018s] Level 1:colcon.colcon_core.package_identification:_identify(src) by extensions ['colcon_pkg']
[11.018s] Level 1:colcon.colcon_core.package_identification:_identify(src) by extension 'colcon_pkg'
[11.019s] Level 1:colcon.colcon_core.package_identification:_identify(src) by extensions ['colcon_meta']
[11.019s] Level 1:colcon.colcon_core.package_identification:_identify(src) by extension 'colcon_meta'
[11.019s] Level 1:colcon.colcon_core.package_identification:_identify(src) by extensions ['ros']
[11.019s] Level 1:colcon.colcon_core.package_identification:_identify(src) by extension 'ros'
[11.020s] Level 1:colcon.colcon_core.package_identification:_identify(src) by extensions ['cmake', 'python']
[11.020s] Level 1:colcon.colcon_core.package_identification:_identify(src) by extension 'cmake'
[11.020s] Level 1:colcon.colcon_core.package_identification:_identify(src) by extension 'python'
[11.020s] Level 1:colcon.colcon_core.package_identification:_identify(src) by extensions ['python_setup_py']
[11.020s] Level 1:colcon.colcon_core.package_identification:_identify(src) by extension 'python_setup_py'
[11.021s] Level 1:colcon.colcon_core.package_identification:_identify(src/locobot_yicheng) by extensions ['ignore', 'ignore_ament_install']
[11.021s] Level 1:colcon.colcon_core.package_identification:_identify(src/locobot_yicheng) by extension 'ignore'
[11.022s] Level 1:colcon.colcon_core.package_identification:_identify(src/locobot_yicheng) by extension 'ignore_ament_install'
[11.022s] Level 1:colcon.colcon_core.package_identification:_identify(src/locobot_yicheng) by extensions ['colcon_pkg']
[11.022s] Level 1:colcon.colcon_core.package_identification:_identify(src/locobot_yicheng) by extension 'colcon_pkg'
[11.023s] Level 1:colcon.colcon_core.package_identification:_identify(src/locobot_yicheng) by extensions ['colcon_meta']
[11.023s] Level 1:colcon.colcon_core.package_identification:_identify(src/locobot_yicheng) by extension 'colcon_meta'
[11.023s] Level 1:colcon.colcon_core.package_identification:_identify(src/locobot_yicheng) by extensions ['ros']
[11.023s] Level 1:colcon.colcon_core.package_identification:_identify(src/locobot_yicheng) by extension 'ros'
[11.070s] DEBUG:colcon.colcon_core.package_identification:Package 'src/locobot_yicheng' with type 'ros.ament_cmake' and name 'locobot_yicheng'
[11.071s] Level 1:colcon.colcon_core.package_discovery:discover_packages(recursive) using defaults
[11.071s] Level 1:colcon.colcon_core.package_discovery:discover_packages(ignore) discover
[11.071s] Level 1:colcon.colcon_core.package_discovery:discover_packages(ignore) using defaults
[11.071s] Level 1:colcon.colcon_core.package_discovery:discover_packages(path) discover
[11.072s] Level 1:colcon.colcon_core.package_discovery:discover_packages(path) using defaults
[12.069s] Level 1:colcon.colcon_core.package_discovery:discover_packages(prefix_path) check parameters
[12.069s] Level 1:colcon.colcon_core.package_discovery:discover_packages(prefix_path) discover
[12.492s] DEBUG:colcon.colcon_installed_package_information.package_discovery:Found 1 installed packages in /home/yicheng/me326_ws/install
[12.814s] DEBUG:colcon.colcon_installed_package_information.package_discovery:Found 18 installed packages in /home/yicheng/interbotix_ws/install
[13.028s] DEBUG:colcon.colcon_installed_package_information.package_discovery:Found 335 installed packages in /opt/ros/galactic
[13.037s] Level 1:colcon.colcon_core.package_discovery:discover_packages(prefix_path) using defaults
[13.926s] Level 5:colcon.colcon_core.verb:set package 'locobot_yicheng' build argument 'cmake_args' from command line to 'None'
[13.926s] Level 5:colcon.colcon_core.verb:set package 'locobot_yicheng' build argument 'cmake_target' from command line to 'None'
[13.926s] Level 5:colcon.colcon_core.verb:set package 'locobot_yicheng' build argument 'cmake_target_skip_unavailable' from command line to 'False'
[13.926s] Level 5:colcon.colcon_core.verb:set package 'locobot_yicheng' build argument 'cmake_clean_cache' from command line to 'False'
[13.927s] Level 5:colcon.colcon_core.verb:set package 'locobot_yicheng' build argument 'cmake_clean_first' from command line to 'False'
[13.927s] Level 5:colcon.colcon_core.verb:set package 'locobot_yicheng' build argument 'cmake_force_configure' from command line to 'False'
[13.927s] Level 5:colcon.colcon_core.verb:set package 'locobot_yicheng' build argument 'ament_cmake_args' from command line to 'None'
[13.927s] Level 5:colcon.colcon_core.verb:set package 'locobot_yicheng' build argument 'catkin_cmake_args' from command line to 'None'
[13.927s] Level 5:colcon.colcon_core.verb:set package 'locobot_yicheng' build argument 'catkin_skip_building_tests' from command line to 'False'
[13.927s] DEBUG:colcon.colcon_core.verb:Building package 'locobot_yicheng' with the following arguments: {'ament_cmake_args': None, 'build_base': '/home/yicheng/me326_ws/build/locobot_yicheng', 'catkin_cmake_args': None, 'catkin_skip_building_tests': False, 'cmake_args': None, 'cmake_clean_cache': False, 'cmake_clean_first': False, 'cmake_force_configure': False, 'cmake_target': None, 'cmake_target_skip_unavailable': False, 'install_base': '/home/yicheng/me326_ws/install/locobot_yicheng', 'merge_install': False, 'path': '/home/yicheng/me326_ws/src/locobot_yicheng', 'symlink_install': False, 'test_result_base': None}
[14.099s] INFO:colcon.colcon_core.executor:Executing jobs using 'parallel' executor
[14.279s] DEBUG:colcon.colcon_parallel_executor.executor.parallel:run_until_complete
[14.280s] INFO:colcon.colcon_ros.task.ament_cmake.build:Building ROS package in '/home/yicheng/me326_ws/src/locobot_yicheng' with build type 'ament_cmake'
[14.280s] INFO:colcon.colcon_cmake.task.cmake.build:Building CMake package in '/home/yicheng/me326_ws/src/locobot_yicheng'
[14.486s] INFO:colcon.colcon_core.plugin_system:Skipping extension 'colcon_core.shell.bat': Not used on non-Windows systems
[14.488s] INFO:colcon.colcon_core.shell:Skip shell extension 'powershell' for command environment: Not usable outside of PowerShell
[14.488s] DEBUG:colcon.colcon_core.shell:Skip shell extension 'dsv' for command environment
[15.813s] DEBUG:colcon.colcon_core.event_handler.log_command:Invoking command in '/home/yicheng/me326_ws/build/locobot_yicheng': CMAKE_PREFIX_PATH=${CMAKE_PREFIX_PATH}:/home/yicheng/interbotix_ws/install/interbotix_xs_modules:/home/yicheng/interbotix_ws/install/interbotix_perception_modules:/home/yicheng/interbotix_ws/install/interbotix_common_modules:/opt/ros/galactic /usr/bin/cmake --build /home/yicheng/me326_ws/build/locobot_yicheng -- -j8 -l8
[16.185s] DEBUG:colcon.colcon_core.event_handler.log_command:Invoked command in '/home/yicheng/me326_ws/build/locobot_yicheng' returned '0': CMAKE_PREFIX_PATH=${CMAKE_PREFIX_PATH}:/home/yicheng/interbotix_ws/install/interbotix_xs_modules:/home/yicheng/interbotix_ws/install/interbotix_perception_modules:/home/yicheng/interbotix_ws/install/interbotix_common_modules:/opt/ros/galactic /usr/bin/cmake --build /home/yicheng/me326_ws/build/locobot_yicheng -- -j8 -l8
[16.521s] DEBUG:colcon.colcon_core.event_handler.log_command:Invoking command in '/home/yicheng/me326_ws/build/locobot_yicheng': CMAKE_PREFIX_PATH=${CMAKE_PREFIX_PATH}:/home/yicheng/interbotix_ws/install/interbotix_xs_modules:/home/yicheng/interbotix_ws/install/interbotix_perception_modules:/home/yicheng/interbotix_ws/install/interbotix_common_modules:/opt/ros/galactic /usr/bin/cmake --install /home/yicheng/me326_ws/build/locobot_yicheng
[16.623s] Level 1:colcon.colcon_core.environment:create_environment_scripts_only(locobot_yicheng)
[16.625s] DEBUG:colcon.colcon_core.event_handler.log_command:Invoked command in '/home/yicheng/me326_ws/build/locobot_yicheng' returned '0': CMAKE_PREFIX_PATH=${CMAKE_PREFIX_PATH}:/home/yicheng/interbotix_ws/install/interbotix_xs_modules:/home/yicheng/interbotix_ws/install/interbotix_perception_modules:/home/yicheng/interbotix_ws/install/interbotix_common_modules:/opt/ros/galactic /usr/bin/cmake --install /home/yicheng/me326_ws/build/locobot_yicheng
[16.923s] Level 1:colcon.colcon_core.environment:checking '/home/yicheng/me326_ws/install/locobot_yicheng' for CMake module files
[16.929s] Level 1:colcon.colcon_core.environment:checking '/home/yicheng/me326_ws/install/locobot_yicheng' for CMake config files
[16.930s] Level 1:colcon.colcon_core.shell:create_environment_hook('locobot_yicheng', 'cmake_prefix_path')
[17.170s] INFO:colcon.colcon_core.shell:Creating environment hook '/home/yicheng/me326_ws/install/locobot_yicheng/share/locobot_yicheng/hook/cmake_prefix_path.ps1'
[17.182s] INFO:colcon.colcon_core.shell:Creating environment descriptor '/home/yicheng/me326_ws/install/locobot_yicheng/share/locobot_yicheng/hook/cmake_prefix_path.dsv'
[17.186s] INFO:colcon.colcon_core.shell:Creating environment hook '/home/yicheng/me326_ws/install/locobot_yicheng/share/locobot_yicheng/hook/cmake_prefix_path.sh'
[17.191s] Level 1:colcon.colcon_core.environment:checking '/home/yicheng/me326_ws/install/locobot_yicheng/lib'
[17.191s] Level 1:colcon.colcon_core.environment:checking '/home/yicheng/me326_ws/install/locobot_yicheng/bin'
[17.192s] Level 1:colcon.colcon_core.environment:checking '/home/yicheng/me326_ws/install/locobot_yicheng/lib/pkgconfig/locobot_yicheng.pc'
[17.193s] Level 1:colcon.colcon_core.environment:checking '/home/yicheng/me326_ws/install/locobot_yicheng/lib/python3.8/site-packages'
[17.197s] Level 1:colcon.colcon_core.environment:checking '/home/yicheng/me326_ws/install/locobot_yicheng/bin'
[17.464s] INFO:colcon.colcon_core.shell:Creating package script '/home/yicheng/me326_ws/install/locobot_yicheng/share/locobot_yicheng/package.ps1'
[17.483s] INFO:colcon.colcon_core.shell:Creating package descriptor '/home/yicheng/me326_ws/install/locobot_yicheng/share/locobot_yicheng/package.dsv'
[17.490s] INFO:colcon.colcon_core.shell:Creating package script '/home/yicheng/me326_ws/install/locobot_yicheng/share/locobot_yicheng/package.sh'
[17.505s] INFO:colcon.colcon_core.shell:Creating package script '/home/yicheng/me326_ws/install/locobot_yicheng/share/locobot_yicheng/package.bash'
[17.515s] INFO:colcon.colcon_core.shell:Creating package script '/home/yicheng/me326_ws/install/locobot_yicheng/share/locobot_yicheng/package.zsh'
[17.520s] Level 1:colcon.colcon_core.environment:create_file_with_runtime_dependencies(/home/yicheng/me326_ws/install/locobot_yicheng/share/colcon-core/packages/locobot_yicheng)
[17.889s] Level 1:colcon.colcon_core.environment:create_environment_scripts_only(locobot_yicheng)
[18.052s] Level 1:colcon.colcon_core.environment:checking '/home/yicheng/me326_ws/install/locobot_yicheng' for CMake module files
[18.053s] Level 1:colcon.colcon_core.environment:checking '/home/yicheng/me326_ws/install/locobot_yicheng' for CMake config files
[18.054s] Level 1:colcon.colcon_core.shell:create_environment_hook('locobot_yicheng', 'cmake_prefix_path')
[18.220s] INFO:colcon.colcon_core.shell:Creating environment hook '/home/yicheng/me326_ws/install/locobot_yicheng/share/locobot_yicheng/hook/cmake_prefix_path.ps1'
[18.221s] INFO:colcon.colcon_core.shell:Creating environment descriptor '/home/yicheng/me326_ws/install/locobot_yicheng/share/locobot_yicheng/hook/cmake_prefix_path.dsv'
[18.222s] INFO:colcon.colcon_core.shell:Creating environment hook '/home/yicheng/me326_ws/install/locobot_yicheng/share/locobot_yicheng/hook/cmake_prefix_path.sh'
[18.223s] Level 1:colcon.colcon_core.environment:checking '/home/yicheng/me326_ws/install/locobot_yicheng/lib'
[18.224s] Level 1:colcon.colcon_core.environment:checking '/home/yicheng/me326_ws/install/locobot_yicheng/bin'
[18.224s] Level 1:colcon.colcon_core.environment:checking '/home/yicheng/me326_ws/install/locobot_yicheng/lib/pkgconfig/locobot_yicheng.pc'
[18.224s] Level 1:colcon.colcon_core.environment:checking '/home/yicheng/me326_ws/install/locobot_yicheng/lib/python3.8/site-packages'
[18.225s] Level 1:colcon.colcon_core.environment:checking '/home/yicheng/me326_ws/install/locobot_yicheng/bin'
[18.390s] INFO:colcon.colcon_core.shell:Creating package script '/home/yicheng/me326_ws/install/locobot_yicheng/share/locobot_yicheng/package.ps1'
[18.392s] INFO:colcon.colcon_core.shell:Creating package descriptor '/home/yicheng/me326_ws/install/locobot_yicheng/share/locobot_yicheng/package.dsv'
[18.394s] INFO:colcon.colcon_core.shell:Creating package script '/home/yicheng/me326_ws/install/locobot_yicheng/share/locobot_yicheng/package.sh'
[18.395s] INFO:colcon.colcon_core.shell:Creating package script '/home/yicheng/me326_ws/install/locobot_yicheng/share/locobot_yicheng/package.bash'
[18.396s] INFO:colcon.colcon_core.shell:Creating package script '/home/yicheng/me326_ws/install/locobot_yicheng/share/locobot_yicheng/package.zsh'
[18.398s] Level 1:colcon.colcon_core.environment:create_file_with_runtime_dependencies(/home/yicheng/me326_ws/install/locobot_yicheng/share/colcon-core/packages/locobot_yicheng)
[18.401s] DEBUG:colcon.colcon_parallel_executor.executor.parallel:closing loop
[18.402s] DEBUG:colcon.colcon_parallel_executor.executor.parallel:loop closed
[18.402s] DEBUG:colcon.colcon_parallel_executor.executor.parallel:run_until_complete finished with '0'
[18.402s] DEBUG:colcon.colcon_core.event_reactor:joining thread
[18.666s] INFO:colcon.colcon_core.plugin_system:Skipping extension 'colcon_notification.desktop_notification.terminal_notifier': Not used on non-Darwin systems
[18.667s] INFO:colcon.colcon_core.plugin_system:Skipping extension 'colcon_notification.desktop_notification.win32': Not used on non-Windows systems
[18.668s] INFO:colcon.colcon_notification.desktop_notification:Sending desktop notification using 'notify2'
[18.747s] DEBUG:colcon.colcon_core.event_reactor:joined thread
[18.992s] INFO:colcon.colcon_core.shell:Creating prefix script '/home/yicheng/me326_ws/install/local_setup.ps1'
[19.007s] INFO:colcon.colcon_core.shell:Creating prefix util module '/home/yicheng/me326_ws/install/_local_setup_util_ps1.py'
[19.013s] INFO:colcon.colcon_core.shell:Creating prefix chain script '/home/yicheng/me326_ws/install/setup.ps1'
[19.221s] INFO:colcon.colcon_core.shell:Creating prefix script '/home/yicheng/me326_ws/install/local_setup.sh'
[19.229s] INFO:colcon.colcon_core.shell:Creating prefix util module '/home/yicheng/me326_ws/install/_local_setup_util_sh.py'
[19.233s] INFO:colcon.colcon_core.shell:Creating prefix chain script '/home/yicheng/me326_ws/install/setup.sh'
[19.792s] INFO:colcon.colcon_core.shell:Creating prefix script '/home/yicheng/me326_ws/install/local_setup.bash'
[19.808s] INFO:colcon.colcon_core.shell:Creating prefix chain script '/home/yicheng/me326_ws/install/setup.bash'
[20.086s] INFO:colcon.colcon_core.shell:Creating prefix script '/home/yicheng/me326_ws/install/local_setup.zsh'
[20.090s] INFO:colcon.colcon_core.shell:Creating prefix chain script '/home/yicheng/me326_ws/install/setup.zsh'
