[1.321s] DEBUG:colcon:Command line arguments: ['/usr/bin/colcon', 'build']
[1.321s] DEBUG:colcon:Parsed command line arguments: Namespace(allow_overriding=[], ament_cmake_args=None, base_paths=['.'], build_base='build', catkin_cmake_args=None, catkin_skip_building_tests=False, cmake_args=None, cmake_clean_cache=False, cmake_clean_first=False, cmake_force_configure=False, cmake_target=None, cmake_target_skip_unavailable=False, continue_on_error=False, event_handlers=None, executor='parallel', ignore_user_meta=False, install_base='install', log_base=None, log_level=None, main=<bound method BuildVerb.main of <colcon_core.verb.build.BuildVerb object at 0x7fd0b2ec4130>>, merge_install=False, metas=['./colcon.meta'], packages_above=None, packages_above_and_dependencies=None, packages_above_depth=None, packages_end=None, packages_ignore=None, packages_ignore_regex=None, packages_select=None, packages_select_build_failed=False, packages_select_by_dep=None, packages_select_regex=None, packages_select_test_failures=False, packages_skip=None, packages_skip_build_finished=False, packages_skip_by_dep=None, packages_skip_regex=None, packages_skip_test_passed=False, packages_skip_up_to=None, packages_start=None, packages_up_to=None, packages_up_to_regex=None, parallel_workers=8, paths=None, symlink_install=False, test_result_base=None, verb_extension=<colcon_core.verb.build.BuildVerb object at 0x7fd0b2ec4130>, verb_name='build', verb_parser=<colcon_defaults.argument_parser.defaults.DefaultArgumentsDecorator object at 0x7fd0b2ebbb50>)
[1.383s] Level 1:colcon.colcon_core.package_discovery:discover_packages(colcon_meta) check parameters
[1.383s] Level 1:colcon.colcon_core.package_discovery:discover_packages(recursive) check parameters
[1.383s] Level 1:colcon.colcon_core.package_discovery:discover_packages(ignore) check parameters
[1.383s] Level 1:colcon.colcon_core.package_discovery:discover_packages(path) check parameters
[1.383s] Level 1:colcon.colcon_core.package_discovery:discover_packages(colcon_meta) discover
[1.383s] Level 1:colcon.colcon_core.package_discovery:discover_packages(recursive) discover
[1.383s] INFO:colcon.colcon_core.package_discovery:Crawling recursively for packages in '/home/yicheng/me326_ws'
[1.383s] Level 1:colcon.colcon_core.package_identification:_identify(.) by extensions ['ignore', 'ignore_ament_install']
[1.383s] Level 1:colcon.colcon_core.package_identification:_identify(.) by extension 'ignore'
[1.383s] Level 1:colcon.colcon_core.package_identification:_identify(.) by extension 'ignore_ament_install'
[1.383s] Level 1:colcon.colcon_core.package_identification:_identify(.) by extensions ['colcon_pkg']
[1.383s] Level 1:colcon.colcon_core.package_identification:_identify(.) by extension 'colcon_pkg'
[1.383s] Level 1:colcon.colcon_core.package_identification:_identify(.) by extensions ['colcon_meta']
[1.383s] Level 1:colcon.colcon_core.package_identification:_identify(.) by extension 'colcon_meta'
[1.384s] Level 1:colcon.colcon_core.package_identification:_identify(.) by extensions ['ros']
[1.384s] Level 1:colcon.colcon_core.package_identification:_identify(.) by extension 'ros'
[1.390s] Level 1:colcon.colcon_core.package_identification:_identify(.) by extensions ['cmake', 'python']
[1.390s] Level 1:colcon.colcon_core.package_identification:_identify(.) by extension 'cmake'
[1.390s] Level 1:colcon.colcon_core.package_identification:_identify(.) by extension 'python'
[1.390s] Level 1:colcon.colcon_core.package_identification:_identify(.) by extensions ['python_setup_py']
[1.390s] Level 1:colcon.colcon_core.package_identification:_identify(.) by extension 'python_setup_py'
[1.390s] Level 1:colcon.colcon_core.package_identification:_identify(build) by extensions ['ignore', 'ignore_ament_install']
[1.390s] Level 1:colcon.colcon_core.package_identification:_identify(build) by extension 'ignore'
[1.390s] Level 1:colcon.colcon_core.package_identification:_identify(build) ignored
[1.390s] Level 1:colcon.colcon_core.package_identification:_identify(install) by extensions ['ignore', 'ignore_ament_install']
[1.390s] Level 1:colcon.colcon_core.package_identification:_identify(install) by extension 'ignore'
[1.390s] Level 1:colcon.colcon_core.package_identification:_identify(install) ignored
[1.390s] Level 1:colcon.colcon_core.package_identification:_identify(locobot_autonomy) by extensions ['ignore', 'ignore_ament_install']
[1.390s] Level 1:colcon.colcon_core.package_identification:_identify(locobot_autonomy) by extension 'ignore'
[1.390s] Level 1:colcon.colcon_core.package_identification:_identify(locobot_autonomy) by extension 'ignore_ament_install'
[1.391s] Level 1:colcon.colcon_core.package_identification:_identify(locobot_autonomy) by extensions ['colcon_pkg']
[1.391s] Level 1:colcon.colcon_core.package_identification:_identify(locobot_autonomy) by extension 'colcon_pkg'
[1.391s] Level 1:colcon.colcon_core.package_identification:_identify(locobot_autonomy) by extensions ['colcon_meta']
[1.391s] Level 1:colcon.colcon_core.package_identification:_identify(locobot_autonomy) by extension 'colcon_meta'
[1.391s] Level 1:colcon.colcon_core.package_identification:_identify(locobot_autonomy) by extensions ['ros']
[1.391s] Level 1:colcon.colcon_core.package_identification:_identify(locobot_autonomy) by extension 'ros'
[1.393s] DEBUG:colcon.colcon_core.package_identification:Package 'locobot_autonomy' with type 'ros.ament_cmake' and name 'locobot_autonomy'
[1.393s] Level 1:colcon.colcon_core.package_identification:_identify(log) by extensions ['ignore', 'ignore_ament_install']
[1.393s] Level 1:colcon.colcon_core.package_identification:_identify(log) by extension 'ignore'
[1.393s] Level 1:colcon.colcon_core.package_identification:_identify(log) ignored
[1.393s] Level 1:colcon.colcon_core.package_identification:_identify(src) by extensions ['ignore', 'ignore_ament_install']
[1.393s] Level 1:colcon.colcon_core.package_identification:_identify(src) by extension 'ignore'
[1.393s] Level 1:colcon.colcon_core.package_identification:_identify(src) by extension 'ignore_ament_install'
[1.393s] Level 1:colcon.colcon_core.package_identification:_identify(src) by extensions ['colcon_pkg']
[1.393s] Level 1:colcon.colcon_core.package_identification:_identify(src) by extension 'colcon_pkg'
[1.393s] Level 1:colcon.colcon_core.package_identification:_identify(src) by extensions ['colcon_meta']
[1.393s] Level 1:colcon.colcon_core.package_identification:_identify(src) by extension 'colcon_meta'
[1.393s] Level 1:colcon.colcon_core.package_identification:_identify(src) by extensions ['ros']
[1.393s] Level 1:colcon.colcon_core.package_identification:_identify(src) by extension 'ros'
[1.394s] Level 1:colcon.colcon_core.package_identification:_identify(src) by extensions ['cmake', 'python']
[1.394s] Level 1:colcon.colcon_core.package_identification:_identify(src) by extension 'cmake'
[1.394s] Level 1:colcon.colcon_core.package_identification:_identify(src) by extension 'python'
[1.394s] Level 1:colcon.colcon_core.package_identification:_identify(src) by extensions ['python_setup_py']
[1.394s] Level 1:colcon.colcon_core.package_identification:_identify(src) by extension 'python_setup_py'
[1.394s] Level 1:colcon.colcon_core.package_identification:_identify(src/apriltag_ros) by extensions ['ignore', 'ignore_ament_install']
[1.394s] Level 1:colcon.colcon_core.package_identification:_identify(src/apriltag_ros) by extension 'ignore'
[1.394s] Level 1:colcon.colcon_core.package_identification:_identify(src/apriltag_ros) by extension 'ignore_ament_install'
[1.394s] Level 1:colcon.colcon_core.package_identification:_identify(src/apriltag_ros) by extensions ['colcon_pkg']
[1.394s] Level 1:colcon.colcon_core.package_identification:_identify(src/apriltag_ros) by extension 'colcon_pkg'
[1.394s] Level 1:colcon.colcon_core.package_identification:_identify(src/apriltag_ros) by extensions ['colcon_meta']
[1.394s] Level 1:colcon.colcon_core.package_identification:_identify(src/apriltag_ros) by extension 'colcon_meta'
[1.394s] Level 1:colcon.colcon_core.package_identification:_identify(src/apriltag_ros) by extensions ['ros']
[1.394s] Level 1:colcon.colcon_core.package_identification:_identify(src/apriltag_ros) by extension 'ros'
[1.394s] Level 1:colcon.colcon_core.package_identification:_identify(src/apriltag_ros) by extensions ['cmake', 'python']
[1.394s] Level 1:colcon.colcon_core.package_identification:_identify(src/apriltag_ros) by extension 'cmake'
[1.394s] Level 1:colcon.colcon_core.package_identification:_identify(src/apriltag_ros) by extension 'python'
[1.394s] Level 1:colcon.colcon_core.package_identification:_identify(src/apriltag_ros) by extensions ['python_setup_py']
[1.394s] Level 1:colcon.colcon_core.package_identification:_identify(src/apriltag_ros) by extension 'python_setup_py'
[1.394s] Level 1:colcon.colcon_core.package_identification:_identify(src/la_msgs) by extensions ['ignore', 'ignore_ament_install']
[1.394s] Level 1:colcon.colcon_core.package_identification:_identify(src/la_msgs) by extension 'ignore'
[1.394s] Level 1:colcon.colcon_core.package_identification:_identify(src/la_msgs) by extension 'ignore_ament_install'
[1.394s] Level 1:colcon.colcon_core.package_identification:_identify(src/la_msgs) by extensions ['colcon_pkg']
[1.394s] Level 1:colcon.colcon_core.package_identification:_identify(src/la_msgs) by extension 'colcon_pkg'
[1.394s] Level 1:colcon.colcon_core.package_identification:_identify(src/la_msgs) by extensions ['colcon_meta']
[1.394s] Level 1:colcon.colcon_core.package_identification:_identify(src/la_msgs) by extension 'colcon_meta'
[1.394s] Level 1:colcon.colcon_core.package_identification:_identify(src/la_msgs) by extensions ['ros']
[1.394s] Level 1:colcon.colcon_core.package_identification:_identify(src/la_msgs) by extension 'ros'
[1.395s] DEBUG:colcon.colcon_core.package_identification:Package 'src/la_msgs' with type 'ros.ament_cmake' and name 'la_msgs'
[1.395s] Level 1:colcon.colcon_core.package_identification:_identify(src/locobot_controller) by extensions ['ignore', 'ignore_ament_install']
[1.395s] Level 1:colcon.colcon_core.package_identification:_identify(src/locobot_controller) by extension 'ignore'
[1.395s] Level 1:colcon.colcon_core.package_identification:_identify(src/locobot_controller) by extension 'ignore_ament_install'
[1.395s] Level 1:colcon.colcon_core.package_identification:_identify(src/locobot_controller) by extensions ['colcon_pkg']
[1.395s] Level 1:colcon.colcon_core.package_identification:_identify(src/locobot_controller) by extension 'colcon_pkg'
[1.395s] Level 1:colcon.colcon_core.package_identification:_identify(src/locobot_controller) by extensions ['colcon_meta']
[1.395s] Level 1:colcon.colcon_core.package_identification:_identify(src/locobot_controller) by extension 'colcon_meta'
[1.395s] Level 1:colcon.colcon_core.package_identification:_identify(src/locobot_controller) by extensions ['ros']
[1.395s] Level 1:colcon.colcon_core.package_identification:_identify(src/locobot_controller) by extension 'ros'
[1.395s] DEBUG:colcon.colcon_core.package_identification:Package 'src/locobot_controller' with type 'ros.ament_python' and name 'locobot_controller'
[1.395s] Level 1:colcon.colcon_core.package_identification:_identify(src/locobot_yicheng) by extensions ['ignore', 'ignore_ament_install']
[1.395s] Level 1:colcon.colcon_core.package_identification:_identify(src/locobot_yicheng) by extension 'ignore'
[1.395s] Level 1:colcon.colcon_core.package_identification:_identify(src/locobot_yicheng) by extension 'ignore_ament_install'
[1.395s] Level 1:colcon.colcon_core.package_identification:_identify(src/locobot_yicheng) by extensions ['colcon_pkg']
[1.395s] Level 1:colcon.colcon_core.package_identification:_identify(src/locobot_yicheng) by extension 'colcon_pkg'
[1.395s] Level 1:colcon.colcon_core.package_identification:_identify(src/locobot_yicheng) by extensions ['colcon_meta']
[1.395s] Level 1:colcon.colcon_core.package_identification:_identify(src/locobot_yicheng) by extension 'colcon_meta'
[1.395s] Level 1:colcon.colcon_core.package_identification:_identify(src/locobot_yicheng) by extensions ['ros']
[1.395s] Level 1:colcon.colcon_core.package_identification:_identify(src/locobot_yicheng) by extension 'ros'
[1.396s] DEBUG:colcon.colcon_core.package_identification:Package 'src/locobot_yicheng' with type 'ros.ament_cmake' and name 'locobot_yicheng'
[1.396s] Level 1:colcon.colcon_core.package_discovery:discover_packages(recursive) using defaults
[1.396s] Level 1:colcon.colcon_core.package_discovery:discover_packages(ignore) discover
[1.396s] Level 1:colcon.colcon_core.package_discovery:discover_packages(ignore) using defaults
[1.396s] Level 1:colcon.colcon_core.package_discovery:discover_packages(path) discover
[1.396s] Level 1:colcon.colcon_core.package_discovery:discover_packages(path) using defaults
[1.517s] Level 1:colcon.colcon_core.package_discovery:discover_packages(prefix_path) check parameters
[1.517s] Level 1:colcon.colcon_core.package_discovery:discover_packages(prefix_path) discover
[1.562s] DEBUG:colcon.colcon_installed_package_information.package_discovery:Found 20 installed packages in /home/yicheng/interbotix_ws/install
[1.585s] DEBUG:colcon.colcon_installed_package_information.package_discovery:Found 349 installed packages in /opt/ros/galactic
[1.586s] Level 1:colcon.colcon_core.package_discovery:discover_packages(prefix_path) using defaults
[1.688s] Level 5:colcon.colcon_core.verb:set package 'la_msgs' build argument 'cmake_args' from command line to 'None'
[1.688s] Level 5:colcon.colcon_core.verb:set package 'la_msgs' build argument 'cmake_target' from command line to 'None'
[1.688s] Level 5:colcon.colcon_core.verb:set package 'la_msgs' build argument 'cmake_target_skip_unavailable' from command line to 'False'
[1.688s] Level 5:colcon.colcon_core.verb:set package 'la_msgs' build argument 'cmake_clean_cache' from command line to 'False'
[1.688s] Level 5:colcon.colcon_core.verb:set package 'la_msgs' build argument 'cmake_clean_first' from command line to 'False'
[1.688s] Level 5:colcon.colcon_core.verb:set package 'la_msgs' build argument 'cmake_force_configure' from command line to 'False'
[1.688s] Level 5:colcon.colcon_core.verb:set package 'la_msgs' build argument 'ament_cmake_args' from command line to 'None'
[1.688s] Level 5:colcon.colcon_core.verb:set package 'la_msgs' build argument 'catkin_cmake_args' from command line to 'None'
[1.688s] Level 5:colcon.colcon_core.verb:set package 'la_msgs' build argument 'catkin_skip_building_tests' from command line to 'False'
[1.688s] DEBUG:colcon.colcon_core.verb:Building package 'la_msgs' with the following arguments: {'ament_cmake_args': None, 'build_base': '/home/yicheng/me326_ws/build/la_msgs', 'catkin_cmake_args': None, 'catkin_skip_building_tests': False, 'cmake_args': None, 'cmake_clean_cache': False, 'cmake_clean_first': False, 'cmake_force_configure': False, 'cmake_target': None, 'cmake_target_skip_unavailable': False, 'install_base': '/home/yicheng/me326_ws/install/la_msgs', 'merge_install': False, 'path': '/home/yicheng/me326_ws/src/la_msgs', 'symlink_install': False, 'test_result_base': None}
[1.712s] Level 5:colcon.colcon_core.verb:set package 'locobot_controller' build argument 'cmake_args' from command line to 'None'
[1.712s] Level 5:colcon.colcon_core.verb:set package 'locobot_controller' build argument 'cmake_target' from command line to 'None'
[1.712s] Level 5:colcon.colcon_core.verb:set package 'locobot_controller' build argument 'cmake_target_skip_unavailable' from command line to 'False'
[1.712s] Level 5:colcon.colcon_core.verb:set package 'locobot_controller' build argument 'cmake_clean_cache' from command line to 'False'
[1.712s] Level 5:colcon.colcon_core.verb:set package 'locobot_controller' build argument 'cmake_clean_first' from command line to 'False'
[1.712s] Level 5:colcon.colcon_core.verb:set package 'locobot_controller' build argument 'cmake_force_configure' from command line to 'False'
[1.712s] Level 5:colcon.colcon_core.verb:set package 'locobot_controller' build argument 'ament_cmake_args' from command line to 'None'
[1.712s] Level 5:colcon.colcon_core.verb:set package 'locobot_controller' build argument 'catkin_cmake_args' from command line to 'None'
[1.712s] Level 5:colcon.colcon_core.verb:set package 'locobot_controller' build argument 'catkin_skip_building_tests' from command line to 'False'
[1.712s] DEBUG:colcon.colcon_core.verb:Building package 'locobot_controller' with the following arguments: {'ament_cmake_args': None, 'build_base': '/home/yicheng/me326_ws/build/locobot_controller', 'catkin_cmake_args': None, 'catkin_skip_building_tests': False, 'cmake_args': None, 'cmake_clean_cache': False, 'cmake_clean_first': False, 'cmake_force_configure': False, 'cmake_target': None, 'cmake_target_skip_unavailable': False, 'install_base': '/home/yicheng/me326_ws/install/locobot_controller', 'merge_install': False, 'path': '/home/yicheng/me326_ws/src/locobot_controller', 'symlink_install': False, 'test_result_base': None}
[1.734s] Level 5:colcon.colcon_core.verb:set package 'locobot_yicheng' build argument 'cmake_args' from command line to 'None'
[1.734s] Level 5:colcon.colcon_core.verb:set package 'locobot_yicheng' build argument 'cmake_target' from command line to 'None'
[1.734s] Level 5:colcon.colcon_core.verb:set package 'locobot_yicheng' build argument 'cmake_target_skip_unavailable' from command line to 'False'
[1.734s] Level 5:colcon.colcon_core.verb:set package 'locobot_yicheng' build argument 'cmake_clean_cache' from command line to 'False'
[1.734s] Level 5:colcon.colcon_core.verb:set package 'locobot_yicheng' build argument 'cmake_clean_first' from command line to 'False'
[1.735s] Level 5:colcon.colcon_core.verb:set package 'locobot_yicheng' build argument 'cmake_force_configure' from command line to 'False'
[1.735s] Level 5:colcon.colcon_core.verb:set package 'locobot_yicheng' build argument 'ament_cmake_args' from command line to 'None'
[1.735s] Level 5:colcon.colcon_core.verb:set package 'locobot_yicheng' build argument 'catkin_cmake_args' from command line to 'None'
[1.735s] Level 5:colcon.colcon_core.verb:set package 'locobot_yicheng' build argument 'catkin_skip_building_tests' from command line to 'False'
[1.735s] DEBUG:colcon.colcon_core.verb:Building package 'locobot_yicheng' with the following arguments: {'ament_cmake_args': None, 'build_base': '/home/yicheng/me326_ws/build/locobot_yicheng', 'catkin_cmake_args': None, 'catkin_skip_building_tests': False, 'cmake_args': None, 'cmake_clean_cache': False, 'cmake_clean_first': False, 'cmake_force_configure': False, 'cmake_target': None, 'cmake_target_skip_unavailable': False, 'install_base': '/home/yicheng/me326_ws/install/locobot_yicheng', 'merge_install': False, 'path': '/home/yicheng/me326_ws/src/locobot_yicheng', 'symlink_install': False, 'test_result_base': None}
[1.757s] Level 5:colcon.colcon_core.verb:set package 'locobot_autonomy' build argument 'cmake_args' from command line to 'None'
[1.757s] Level 5:colcon.colcon_core.verb:set package 'locobot_autonomy' build argument 'cmake_target' from command line to 'None'
[1.757s] Level 5:colcon.colcon_core.verb:set package 'locobot_autonomy' build argument 'cmake_target_skip_unavailable' from command line to 'False'
[1.757s] Level 5:colcon.colcon_core.verb:set package 'locobot_autonomy' build argument 'cmake_clean_cache' from command line to 'False'
[1.757s] Level 5:colcon.colcon_core.verb:set package 'locobot_autonomy' build argument 'cmake_clean_first' from command line to 'False'
[1.757s] Level 5:colcon.colcon_core.verb:set package 'locobot_autonomy' build argument 'cmake_force_configure' from command line to 'False'
[1.757s] Level 5:colcon.colcon_core.verb:set package 'locobot_autonomy' build argument 'ament_cmake_args' from command line to 'None'
[1.757s] Level 5:colcon.colcon_core.verb:set package 'locobot_autonomy' build argument 'catkin_cmake_args' from command line to 'None'
[1.757s] Level 5:colcon.colcon_core.verb:set package 'locobot_autonomy' build argument 'catkin_skip_building_tests' from command line to 'False'
[1.757s] DEBUG:colcon.colcon_core.verb:Building package 'locobot_autonomy' with the following arguments: {'ament_cmake_args': None, 'build_base': '/home/yicheng/me326_ws/build/locobot_autonomy', 'catkin_cmake_args': None, 'catkin_skip_building_tests': False, 'cmake_args': None, 'cmake_clean_cache': False, 'cmake_clean_first': False, 'cmake_force_configure': False, 'cmake_target': None, 'cmake_target_skip_unavailable': False, 'install_base': '/home/yicheng/me326_ws/install/locobot_autonomy', 'merge_install': False, 'path': '/home/yicheng/me326_ws/locobot_autonomy', 'symlink_install': False, 'test_result_base': None}
[1.779s] INFO:colcon.colcon_core.executor:Executing jobs using 'parallel' executor
[1.802s] DEBUG:colcon.colcon_parallel_executor.executor.parallel:run_until_complete
[1.802s] INFO:colcon.colcon_ros.task.ament_cmake.build:Building ROS package in '/home/yicheng/me326_ws/src/la_msgs' with build type 'ament_cmake'
[1.802s] INFO:colcon.colcon_cmake.task.cmake.build:Building CMake package in '/home/yicheng/me326_ws/src/la_msgs'
[1.835s] INFO:colcon.colcon_core.plugin_system:Skipping extension 'colcon_core.shell.bat': Not used on non-Windows systems
[1.835s] INFO:colcon.colcon_core.shell:Skip shell extension 'powershell' for command environment: Not usable outside of PowerShell
[1.835s] DEBUG:colcon.colcon_core.shell:Skip shell extension 'dsv' for command environment
[1.907s] INFO:colcon.colcon_ros.task.ament_python.build:Building ROS package in '/home/yicheng/me326_ws/src/locobot_controller' with build type 'ament_python'
[1.907s] Level 1:colcon.colcon_core.shell:create_environment_hook('locobot_controller', 'ament_prefix_path')
[1.933s] INFO:colcon.colcon_core.shell:Creating environment hook '/home/yicheng/me326_ws/install/locobot_controller/share/locobot_controller/hook/ament_prefix_path.ps1'
[1.934s] INFO:colcon.colcon_core.shell:Creating environment descriptor '/home/yicheng/me326_ws/install/locobot_controller/share/locobot_controller/hook/ament_prefix_path.dsv'
[1.934s] INFO:colcon.colcon_core.shell:Creating environment hook '/home/yicheng/me326_ws/install/locobot_controller/share/locobot_controller/hook/ament_prefix_path.sh'
[1.969s] INFO:colcon.colcon_core.shell:Skip shell extension 'powershell' for command environment: Not usable outside of PowerShell
[1.969s] DEBUG:colcon.colcon_core.shell:Skip shell extension 'dsv' for command environment
[2.042s] INFO:colcon.colcon_ros.task.ament_cmake.build:Building ROS package in '/home/yicheng/me326_ws/src/locobot_yicheng' with build type 'ament_cmake'
[2.043s] INFO:colcon.colcon_cmake.task.cmake.build:Building CMake package in '/home/yicheng/me326_ws/src/locobot_yicheng'
[2.068s] INFO:colcon.colcon_core.shell:Skip shell extension 'powershell' for command environment: Not usable outside of PowerShell
[2.068s] DEBUG:colcon.colcon_core.shell:Skip shell extension 'dsv' for command environment
[2.147s] DEBUG:colcon.colcon_core.event_handler.log_command:Invoking command in '/home/yicheng/me326_ws/build/la_msgs': CMAKE_PREFIX_PATH=${CMAKE_PREFIX_PATH}:/home/yicheng/interbotix_ws/install/interbotix_xs_modules:/home/yicheng/interbotix_ws/install/interbotix_perception_modules:/home/yicheng/interbotix_ws/install/interbotix_common_modules:/opt/ros/galactic /usr/bin/cmake /home/yicheng/me326_ws/src/la_msgs -DCMAKE_INSTALL_PREFIX=/home/yicheng/me326_ws/install/la_msgs
[2.293s] INFO:colcon.colcon_core.task.python.build:Building Python package in '/home/yicheng/me326_ws/src/locobot_controller'
[2.319s] INFO:colcon.colcon_core.shell:Skip shell extension 'powershell' for command environment: Not usable outside of PowerShell
[2.319s] DEBUG:colcon.colcon_core.shell:Skip shell extension 'dsv' for command environment
[2.404s] DEBUG:colcon.colcon_core.event_handler.log_command:Invoking command in '/home/yicheng/me326_ws/build/locobot_yicheng': CMAKE_PREFIX_PATH=${CMAKE_PREFIX_PATH}:/home/yicheng/interbotix_ws/install/interbotix_xs_modules:/home/yicheng/interbotix_ws/install/interbotix_perception_modules:/home/yicheng/interbotix_ws/install/interbotix_common_modules:/opt/ros/galactic /usr/bin/cmake --build /home/yicheng/me326_ws/build/locobot_yicheng -- -j8 -l8
[2.706s] DEBUG:colcon.colcon_core.event_handler.log_command:Invoking command in '/home/yicheng/me326_ws/src/locobot_controller': PYTHONPATH=/home/yicheng/me326_ws/build/locobot_controller/prefix_override:/home/yicheng/me326_ws/install/locobot_controller/lib/python3.8/site-packages:${PYTHONPATH} /usr/bin/python3 setup.py egg_info --egg-base ../../build/locobot_controller build --build-base /home/yicheng/me326_ws/build/locobot_controller/build install --record /home/yicheng/me326_ws/build/locobot_controller/install.log --single-version-externally-managed
[2.860s] DEBUG:colcon.colcon_core.event_handler.log_command:Invoked command in '/home/yicheng/me326_ws/build/locobot_yicheng' returned '0': CMAKE_PREFIX_PATH=${CMAKE_PREFIX_PATH}:/home/yicheng/interbotix_ws/install/interbotix_xs_modules:/home/yicheng/interbotix_ws/install/interbotix_perception_modules:/home/yicheng/interbotix_ws/install/interbotix_common_modules:/opt/ros/galactic /usr/bin/cmake --build /home/yicheng/me326_ws/build/locobot_yicheng -- -j8 -l8
[2.887s] DEBUG:colcon.colcon_core.event_handler.log_command:Invoking command in '/home/yicheng/me326_ws/build/locobot_yicheng': CMAKE_PREFIX_PATH=${CMAKE_PREFIX_PATH}:/home/yicheng/interbotix_ws/install/interbotix_xs_modules:/home/yicheng/interbotix_ws/install/interbotix_perception_modules:/home/yicheng/interbotix_ws/install/interbotix_common_modules:/opt/ros/galactic /usr/bin/cmake --install /home/yicheng/me326_ws/build/locobot_yicheng
[2.896s] Level 1:colcon.colcon_core.environment:create_environment_scripts_only(locobot_yicheng)
[2.896s] DEBUG:colcon.colcon_core.event_handler.log_command:Invoked command in '/home/yicheng/me326_ws/build/locobot_yicheng' returned '0': CMAKE_PREFIX_PATH=${CMAKE_PREFIX_PATH}:/home/yicheng/interbotix_ws/install/interbotix_xs_modules:/home/yicheng/interbotix_ws/install/interbotix_perception_modules:/home/yicheng/interbotix_ws/install/interbotix_common_modules:/opt/ros/galactic /usr/bin/cmake --install /home/yicheng/me326_ws/build/locobot_yicheng
[2.942s] Level 1:colcon.colcon_core.environment:checking '/home/yicheng/me326_ws/install/locobot_yicheng' for CMake module files
[2.943s] Level 1:colcon.colcon_core.environment:checking '/home/yicheng/me326_ws/install/locobot_yicheng' for CMake config files
[2.943s] Level 1:colcon.colcon_core.shell:create_environment_hook('locobot_yicheng', 'cmake_prefix_path')
[2.968s] INFO:colcon.colcon_core.shell:Creating environment hook '/home/yicheng/me326_ws/install/locobot_yicheng/share/locobot_yicheng/hook/cmake_prefix_path.ps1'
[2.969s] INFO:colcon.colcon_core.shell:Creating environment descriptor '/home/yicheng/me326_ws/install/locobot_yicheng/share/locobot_yicheng/hook/cmake_prefix_path.dsv'
[2.969s] INFO:colcon.colcon_core.shell:Creating environment hook '/home/yicheng/me326_ws/install/locobot_yicheng/share/locobot_yicheng/hook/cmake_prefix_path.sh'
[2.969s] Level 1:colcon.colcon_core.environment:checking '/home/yicheng/me326_ws/install/locobot_yicheng/lib'
[2.969s] Level 1:colcon.colcon_core.environment:checking '/home/yicheng/me326_ws/install/locobot_yicheng/bin'
[2.969s] Level 1:colcon.colcon_core.environment:checking '/home/yicheng/me326_ws/install/locobot_yicheng/lib/pkgconfig/locobot_yicheng.pc'
[2.970s] Level 1:colcon.colcon_core.environment:checking '/home/yicheng/me326_ws/install/locobot_yicheng/lib/python3.8/site-packages'
[2.970s] Level 1:colcon.colcon_core.environment:checking '/home/yicheng/me326_ws/install/locobot_yicheng/bin'
[2.996s] INFO:colcon.colcon_core.shell:Creating package script '/home/yicheng/me326_ws/install/locobot_yicheng/share/locobot_yicheng/package.ps1'
[2.996s] INFO:colcon.colcon_core.shell:Creating package descriptor '/home/yicheng/me326_ws/install/locobot_yicheng/share/locobot_yicheng/package.dsv'
[2.997s] INFO:colcon.colcon_core.shell:Creating package script '/home/yicheng/me326_ws/install/locobot_yicheng/share/locobot_yicheng/package.sh'
[2.997s] INFO:colcon.colcon_core.shell:Creating package script '/home/yicheng/me326_ws/install/locobot_yicheng/share/locobot_yicheng/package.bash'
[2.998s] INFO:colcon.colcon_core.shell:Creating package script '/home/yicheng/me326_ws/install/locobot_yicheng/share/locobot_yicheng/package.zsh'
[2.998s] Level 1:colcon.colcon_core.environment:create_file_with_runtime_dependencies(/home/yicheng/me326_ws/install/locobot_yicheng/share/colcon-core/packages/locobot_yicheng)
[3.001s] DEBUG:colcon.colcon_core.event_handler.log_command:Invoked command in '/home/yicheng/me326_ws/src/locobot_controller' returned '0': PYTHONPATH=/home/yicheng/me326_ws/build/locobot_controller/prefix_override:/home/yicheng/me326_ws/install/locobot_controller/lib/python3.8/site-packages:${PYTHONPATH} /usr/bin/python3 setup.py egg_info --egg-base ../../build/locobot_controller build --build-base /home/yicheng/me326_ws/build/locobot_controller/build install --record /home/yicheng/me326_ws/build/locobot_controller/install.log --single-version-externally-managed
[3.029s] Level 1:colcon.colcon_core.environment:checking '/home/yicheng/me326_ws/install/locobot_controller' for CMake module files
[3.029s] Level 1:colcon.colcon_core.environment:checking '/home/yicheng/me326_ws/install/locobot_controller' for CMake config files
[3.029s] Level 1:colcon.colcon_core.environment:checking '/home/yicheng/me326_ws/install/locobot_controller/lib'
[3.029s] Level 1:colcon.colcon_core.environment:checking '/home/yicheng/me326_ws/install/locobot_controller/bin'
[3.029s] Level 1:colcon.colcon_core.environment:checking '/home/yicheng/me326_ws/install/locobot_controller/lib/pkgconfig/locobot_controller.pc'
[3.030s] Level 1:colcon.colcon_core.environment:checking '/home/yicheng/me326_ws/install/locobot_controller/lib/python3.8/site-packages'
[3.030s] Level 1:colcon.colcon_core.shell:create_environment_hook('locobot_controller', 'pythonpath')
[3.058s] INFO:colcon.colcon_core.shell:Creating environment hook '/home/yicheng/me326_ws/install/locobot_controller/share/locobot_controller/hook/pythonpath.ps1'
[3.058s] INFO:colcon.colcon_core.shell:Creating environment descriptor '/home/yicheng/me326_ws/install/locobot_controller/share/locobot_controller/hook/pythonpath.dsv'
[3.059s] INFO:colcon.colcon_core.shell:Creating environment hook '/home/yicheng/me326_ws/install/locobot_controller/share/locobot_controller/hook/pythonpath.sh'
[3.059s] Level 1:colcon.colcon_core.environment:checking '/home/yicheng/me326_ws/install/locobot_controller/bin'
[3.059s] Level 1:colcon.colcon_core.environment:create_environment_scripts_only(locobot_controller)
[3.084s] INFO:colcon.colcon_core.shell:Creating package script '/home/yicheng/me326_ws/install/locobot_controller/share/locobot_controller/package.ps1'
[3.084s] INFO:colcon.colcon_core.shell:Creating package descriptor '/home/yicheng/me326_ws/install/locobot_controller/share/locobot_controller/package.dsv'
[3.084s] INFO:colcon.colcon_core.shell:Creating package script '/home/yicheng/me326_ws/install/locobot_controller/share/locobot_controller/package.sh'
[3.084s] INFO:colcon.colcon_core.shell:Creating package script '/home/yicheng/me326_ws/install/locobot_controller/share/locobot_controller/package.bash'
[3.084s] INFO:colcon.colcon_core.shell:Creating package script '/home/yicheng/me326_ws/install/locobot_controller/share/locobot_controller/package.zsh'
[3.085s] Level 1:colcon.colcon_core.environment:create_file_with_runtime_dependencies(/home/yicheng/me326_ws/install/locobot_controller/share/colcon-core/packages/locobot_controller)
[3.121s] Level 1:colcon.colcon_core.environment:create_environment_scripts_only(locobot_yicheng)
[3.145s] Level 1:colcon.colcon_core.environment:checking '/home/yicheng/me326_ws/install/locobot_yicheng' for CMake module files
[3.145s] Level 1:colcon.colcon_core.environment:checking '/home/yicheng/me326_ws/install/locobot_yicheng' for CMake config files
[3.145s] Level 1:colcon.colcon_core.shell:create_environment_hook('locobot_yicheng', 'cmake_prefix_path')
[3.169s] INFO:colcon.colcon_core.shell:Creating environment hook '/home/yicheng/me326_ws/install/locobot_yicheng/share/locobot_yicheng/hook/cmake_prefix_path.ps1'
[3.169s] INFO:colcon.colcon_core.shell:Creating environment descriptor '/home/yicheng/me326_ws/install/locobot_yicheng/share/locobot_yicheng/hook/cmake_prefix_path.dsv'
[3.169s] INFO:colcon.colcon_core.shell:Creating environment hook '/home/yicheng/me326_ws/install/locobot_yicheng/share/locobot_yicheng/hook/cmake_prefix_path.sh'
[3.169s] Level 1:colcon.colcon_core.environment:checking '/home/yicheng/me326_ws/install/locobot_yicheng/lib'
[3.170s] Level 1:colcon.colcon_core.environment:checking '/home/yicheng/me326_ws/install/locobot_yicheng/bin'
[3.170s] Level 1:colcon.colcon_core.environment:checking '/home/yicheng/me326_ws/install/locobot_yicheng/lib/pkgconfig/locobot_yicheng.pc'
[3.170s] Level 1:colcon.colcon_core.environment:checking '/home/yicheng/me326_ws/install/locobot_yicheng/lib/python3.8/site-packages'
[3.170s] Level 1:colcon.colcon_core.environment:checking '/home/yicheng/me326_ws/install/locobot_yicheng/bin'
[3.193s] INFO:colcon.colcon_core.shell:Creating package script '/home/yicheng/me326_ws/install/locobot_yicheng/share/locobot_yicheng/package.ps1'
[3.194s] INFO:colcon.colcon_core.shell:Creating package descriptor '/home/yicheng/me326_ws/install/locobot_yicheng/share/locobot_yicheng/package.dsv'
[3.194s] INFO:colcon.colcon_core.shell:Creating package script '/home/yicheng/me326_ws/install/locobot_yicheng/share/locobot_yicheng/package.sh'
[3.194s] INFO:colcon.colcon_core.shell:Creating package script '/home/yicheng/me326_ws/install/locobot_yicheng/share/locobot_yicheng/package.bash'
[3.194s] INFO:colcon.colcon_core.shell:Creating package script '/home/yicheng/me326_ws/install/locobot_yicheng/share/locobot_yicheng/package.zsh'
[3.194s] Level 1:colcon.colcon_core.environment:create_file_with_runtime_dependencies(/home/yicheng/me326_ws/install/locobot_yicheng/share/colcon-core/packages/locobot_yicheng)
[3.867s] DEBUG:colcon.colcon_core.event_handler.log_command:Invoked command in '/home/yicheng/me326_ws/build/la_msgs' returned '0': CMAKE_PREFIX_PATH=${CMAKE_PREFIX_PATH}:/home/yicheng/interbotix_ws/install/interbotix_xs_modules:/home/yicheng/interbotix_ws/install/interbotix_perception_modules:/home/yicheng/interbotix_ws/install/interbotix_common_modules:/opt/ros/galactic /usr/bin/cmake /home/yicheng/me326_ws/src/la_msgs -DCMAKE_INSTALL_PREFIX=/home/yicheng/me326_ws/install/la_msgs
[3.869s] DEBUG:colcon.colcon_core.event_handler.log_command:Invoking command in '/home/yicheng/me326_ws/build/la_msgs': CMAKE_PREFIX_PATH=${CMAKE_PREFIX_PATH}:/home/yicheng/interbotix_ws/install/interbotix_xs_modules:/home/yicheng/interbotix_ws/install/interbotix_perception_modules:/home/yicheng/interbotix_ws/install/interbotix_common_modules:/opt/ros/galactic /usr/bin/cmake --build /home/yicheng/me326_ws/build/la_msgs -- -j8 -l8
[6.723s] DEBUG:colcon.colcon_core.event_handler.log_command:Invoked command in '/home/yicheng/me326_ws/build/la_msgs' returned '0': CMAKE_PREFIX_PATH=${CMAKE_PREFIX_PATH}:/home/yicheng/interbotix_ws/install/interbotix_xs_modules:/home/yicheng/interbotix_ws/install/interbotix_perception_modules:/home/yicheng/interbotix_ws/install/interbotix_common_modules:/opt/ros/galactic /usr/bin/cmake --build /home/yicheng/me326_ws/build/la_msgs -- -j8 -l8
[6.781s] DEBUG:colcon.colcon_core.event_handler.log_command:Invoking command in '/home/yicheng/me326_ws/build/la_msgs': CMAKE_PREFIX_PATH=${CMAKE_PREFIX_PATH}:/home/yicheng/interbotix_ws/install/interbotix_xs_modules:/home/yicheng/interbotix_ws/install/interbotix_perception_modules:/home/yicheng/interbotix_ws/install/interbotix_common_modules:/opt/ros/galactic /usr/bin/cmake --install /home/yicheng/me326_ws/build/la_msgs
[6.822s] Level 1:colcon.colcon_core.environment:create_environment_scripts_only(la_msgs)
[6.823s] DEBUG:colcon.colcon_core.event_handler.log_command:Invoked command in '/home/yicheng/me326_ws/build/la_msgs' returned '0': CMAKE_PREFIX_PATH=${CMAKE_PREFIX_PATH}:/home/yicheng/interbotix_ws/install/interbotix_xs_modules:/home/yicheng/interbotix_ws/install/interbotix_perception_modules:/home/yicheng/interbotix_ws/install/interbotix_common_modules:/opt/ros/galactic /usr/bin/cmake --install /home/yicheng/me326_ws/build/la_msgs
[6.849s] Level 1:colcon.colcon_core.environment:checking '/home/yicheng/me326_ws/install/la_msgs' for CMake module files
[6.850s] Level 1:colcon.colcon_core.environment:checking '/home/yicheng/me326_ws/install/la_msgs' for CMake config files
[6.850s] Level 1:colcon.colcon_core.shell:create_environment_hook('la_msgs', 'cmake_prefix_path')
[6.883s] INFO:colcon.colcon_core.shell:Creating environment hook '/home/yicheng/me326_ws/install/la_msgs/share/la_msgs/hook/cmake_prefix_path.ps1'
[6.884s] INFO:colcon.colcon_core.shell:Creating environment descriptor '/home/yicheng/me326_ws/install/la_msgs/share/la_msgs/hook/cmake_prefix_path.dsv'
[6.884s] INFO:colcon.colcon_core.shell:Creating environment hook '/home/yicheng/me326_ws/install/la_msgs/share/la_msgs/hook/cmake_prefix_path.sh'
[6.884s] Level 1:colcon.colcon_core.environment:checking '/home/yicheng/me326_ws/install/la_msgs/lib'
[6.884s] Level 1:colcon.colcon_core.shell:create_environment_hook('la_msgs', 'ld_library_path_lib')
[6.908s] INFO:colcon.colcon_core.shell:Creating environment hook '/home/yicheng/me326_ws/install/la_msgs/share/la_msgs/hook/ld_library_path_lib.ps1'
[6.908s] INFO:colcon.colcon_core.shell:Creating environment descriptor '/home/yicheng/me326_ws/install/la_msgs/share/la_msgs/hook/ld_library_path_lib.dsv'
[6.908s] INFO:colcon.colcon_core.shell:Creating environment hook '/home/yicheng/me326_ws/install/la_msgs/share/la_msgs/hook/ld_library_path_lib.sh'
[6.909s] Level 1:colcon.colcon_core.environment:checking '/home/yicheng/me326_ws/install/la_msgs/bin'
[6.909s] Level 1:colcon.colcon_core.environment:checking '/home/yicheng/me326_ws/install/la_msgs/lib/pkgconfig/la_msgs.pc'
[6.909s] Level 1:colcon.colcon_core.environment:checking '/home/yicheng/me326_ws/install/la_msgs/lib/python3.8/site-packages'
[6.909s] Level 1:colcon.colcon_core.shell:create_environment_hook('la_msgs', 'pythonpath')
[6.933s] INFO:colcon.colcon_core.shell:Creating environment hook '/home/yicheng/me326_ws/install/la_msgs/share/la_msgs/hook/pythonpath.ps1'
[6.933s] INFO:colcon.colcon_core.shell:Creating environment descriptor '/home/yicheng/me326_ws/install/la_msgs/share/la_msgs/hook/pythonpath.dsv'
[6.934s] INFO:colcon.colcon_core.shell:Creating environment hook '/home/yicheng/me326_ws/install/la_msgs/share/la_msgs/hook/pythonpath.sh'
[6.934s] Level 1:colcon.colcon_core.environment:checking '/home/yicheng/me326_ws/install/la_msgs/bin'
[6.959s] INFO:colcon.colcon_core.shell:Creating package script '/home/yicheng/me326_ws/install/la_msgs/share/la_msgs/package.ps1'
[6.959s] INFO:colcon.colcon_core.shell:Creating package descriptor '/home/yicheng/me326_ws/install/la_msgs/share/la_msgs/package.dsv'
[6.959s] INFO:colcon.colcon_core.shell:Creating package script '/home/yicheng/me326_ws/install/la_msgs/share/la_msgs/package.sh'
[6.960s] INFO:colcon.colcon_core.shell:Creating package script '/home/yicheng/me326_ws/install/la_msgs/share/la_msgs/package.bash'
[6.960s] INFO:colcon.colcon_core.shell:Creating package script '/home/yicheng/me326_ws/install/la_msgs/share/la_msgs/package.zsh'
[6.960s] Level 1:colcon.colcon_core.environment:create_file_with_runtime_dependencies(/home/yicheng/me326_ws/install/la_msgs/share/colcon-core/packages/la_msgs)
[7.042s] Level 1:colcon.colcon_core.environment:create_environment_scripts_only(la_msgs)
[7.067s] Level 1:colcon.colcon_core.environment:checking '/home/yicheng/me326_ws/install/la_msgs' for CMake module files
[7.068s] Level 1:colcon.colcon_core.environment:checking '/home/yicheng/me326_ws/install/la_msgs' for CMake config files
[7.068s] Level 1:colcon.colcon_core.shell:create_environment_hook('la_msgs', 'cmake_prefix_path')
[7.092s] INFO:colcon.colcon_core.shell:Creating environment hook '/home/yicheng/me326_ws/install/la_msgs/share/la_msgs/hook/cmake_prefix_path.ps1'
[7.093s] INFO:colcon.colcon_core.shell:Creating environment descriptor '/home/yicheng/me326_ws/install/la_msgs/share/la_msgs/hook/cmake_prefix_path.dsv'
[7.093s] INFO:colcon.colcon_core.shell:Creating environment hook '/home/yicheng/me326_ws/install/la_msgs/share/la_msgs/hook/cmake_prefix_path.sh'
[7.093s] Level 1:colcon.colcon_core.environment:checking '/home/yicheng/me326_ws/install/la_msgs/lib'
[7.093s] Level 1:colcon.colcon_core.shell:create_environment_hook('la_msgs', 'ld_library_path_lib')
[7.118s] INFO:colcon.colcon_core.shell:Creating environment hook '/home/yicheng/me326_ws/install/la_msgs/share/la_msgs/hook/ld_library_path_lib.ps1'
[7.118s] INFO:colcon.colcon_core.shell:Creating environment descriptor '/home/yicheng/me326_ws/install/la_msgs/share/la_msgs/hook/ld_library_path_lib.dsv'
[7.118s] INFO:colcon.colcon_core.shell:Creating environment hook '/home/yicheng/me326_ws/install/la_msgs/share/la_msgs/hook/ld_library_path_lib.sh'
[7.118s] Level 1:colcon.colcon_core.environment:checking '/home/yicheng/me326_ws/install/la_msgs/bin'
[7.119s] Level 1:colcon.colcon_core.environment:checking '/home/yicheng/me326_ws/install/la_msgs/lib/pkgconfig/la_msgs.pc'
[7.119s] Level 1:colcon.colcon_core.environment:checking '/home/yicheng/me326_ws/install/la_msgs/lib/python3.8/site-packages'
[7.119s] Level 1:colcon.colcon_core.shell:create_environment_hook('la_msgs', 'pythonpath')
[7.143s] INFO:colcon.colcon_core.shell:Creating environment hook '/home/yicheng/me326_ws/install/la_msgs/share/la_msgs/hook/pythonpath.ps1'
[7.143s] INFO:colcon.colcon_core.shell:Creating environment descriptor '/home/yicheng/me326_ws/install/la_msgs/share/la_msgs/hook/pythonpath.dsv'
[7.144s] INFO:colcon.colcon_core.shell:Creating environment hook '/home/yicheng/me326_ws/install/la_msgs/share/la_msgs/hook/pythonpath.sh'
[7.144s] Level 1:colcon.colcon_core.environment:checking '/home/yicheng/me326_ws/install/la_msgs/bin'
[7.169s] INFO:colcon.colcon_core.shell:Creating package script '/home/yicheng/me326_ws/install/la_msgs/share/la_msgs/package.ps1'
[7.169s] INFO:colcon.colcon_core.shell:Creating package descriptor '/home/yicheng/me326_ws/install/la_msgs/share/la_msgs/package.dsv'
[7.169s] INFO:colcon.colcon_core.shell:Creating package script '/home/yicheng/me326_ws/install/la_msgs/share/la_msgs/package.sh'
[7.170s] INFO:colcon.colcon_core.shell:Creating package script '/home/yicheng/me326_ws/install/la_msgs/share/la_msgs/package.bash'
[7.170s] INFO:colcon.colcon_core.shell:Creating package script '/home/yicheng/me326_ws/install/la_msgs/share/la_msgs/package.zsh'
[7.170s] Level 1:colcon.colcon_core.environment:create_file_with_runtime_dependencies(/home/yicheng/me326_ws/install/la_msgs/share/colcon-core/packages/la_msgs)
[7.170s] INFO:colcon.colcon_ros.task.ament_cmake.build:Building ROS package in '/home/yicheng/me326_ws/locobot_autonomy' with build type 'ament_cmake'
[7.170s] INFO:colcon.colcon_cmake.task.cmake.build:Building CMake package in '/home/yicheng/me326_ws/locobot_autonomy'
[7.199s] INFO:colcon.colcon_core.shell:Skip shell extension 'powershell' for command environment: Not usable outside of PowerShell
[7.199s] DEBUG:colcon.colcon_core.shell:Skip shell extension 'dsv' for command environment
[7.286s] DEBUG:colcon.colcon_core.event_handler.log_command:Invoking command in '/home/yicheng/me326_ws/build/locobot_autonomy': AMENT_PREFIX_PATH=/home/yicheng/me326_ws/install/la_msgs:${AMENT_PREFIX_PATH} CMAKE_PREFIX_PATH=/home/yicheng/me326_ws/install/la_msgs:/home/yicheng/interbotix_ws/install/interbotix_moveit_interface:/home/yicheng/interbotix_ws/install/moveit_visual_tools:/home/yicheng/interbotix_ws/install/interbotix_xslocobot_moveit:/home/yicheng/interbotix_ws/install/interbotix_xslocobot_ros_control:/home/yicheng/interbotix_ws/install/interbotix_xslocobot_sim:/home/yicheng/interbotix_ws/install/interbotix_xslocobot_descriptions:/home/yicheng/interbotix_ws/install/interbotix_xs_toolbox:/home/yicheng/interbotix_ws/install/interbotix_xs_rviz:/home/yicheng/interbotix_ws/install/interbotix_xs_ros_control:/home/yicheng/interbotix_ws/install/interbotix_perception_toolbox:/home/yicheng/interbotix_ws/install/interbotix_perception_pipelines:/home/yicheng/interbotix_ws/install/interbotix_xs_msgs:/home/yicheng/interbotix_ws/install/interbotix_tf_tools:/home/yicheng/interbotix_ws/install/interbotix_perception_msgs:/home/yicheng/interbotix_ws/install/interbotix_moveit_interface_msgs:/home/yicheng/interbotix_ws/install/interbotix_common_toolbox:/home/yicheng/interbotix_ws/install/interbotix_common_sim:/home/yicheng/interbotix_ws/install/interbotix_xs_modules:/home/yicheng/interbotix_ws/install/interbotix_perception_modules:/home/yicheng/interbotix_ws/install/interbotix_common_modules:/opt/ros/galactic LD_LIBRARY_PATH=/home/yicheng/me326_ws/install/la_msgs/lib:/home/yicheng/interbotix_ws/install/moveit_visual_tools/lib:/home/yicheng/interbotix_ws/install/interbotix_xs_rviz/lib:/home/yicheng/interbotix_ws/install/interbotix_xs_ros_control/lib:/home/yicheng/interbotix_ws/install/interbotix_xs_msgs/lib:/home/yicheng/interbotix_ws/install/interbotix_tf_tools/lib:/home/yicheng/interbotix_ws/install/interbotix_perception_msgs/lib:/home/yicheng/interbotix_ws/install/interbotix_moveit_interface_msgs/lib:/usr/lib/x86_64-linux-gnu/gazebo-11/plugins:/opt/ros/galactic/opt/yaml_cpp_vendor/lib:/opt/ros/galactic/opt/rviz_ogre_vendor/lib:/opt/ros/galactic/lib/x86_64-linux-gnu:/opt/ros/galactic/lib:/usr/share/gazebo/../../lib/x86_64-linux-gnu/gazebo-11/plugins PYTHONPATH=/home/yicheng/me326_ws/install/la_msgs/lib/python3.8/site-packages:${PYTHONPATH} /usr/bin/cmake /home/yicheng/me326_ws/locobot_autonomy -DCMAKE_INSTALL_PREFIX=/home/yicheng/me326_ws/install/locobot_autonomy
[8.705s] DEBUG:colcon.colcon_core.event_handler.log_command:Invoked command in '/home/yicheng/me326_ws/build/locobot_autonomy' returned '1': AMENT_PREFIX_PATH=/home/yicheng/me326_ws/install/la_msgs:${AMENT_PREFIX_PATH} CMAKE_PREFIX_PATH=/home/yicheng/me326_ws/install/la_msgs:/home/yicheng/interbotix_ws/install/interbotix_moveit_interface:/home/yicheng/interbotix_ws/install/moveit_visual_tools:/home/yicheng/interbotix_ws/install/interbotix_xslocobot_moveit:/home/yicheng/interbotix_ws/install/interbotix_xslocobot_ros_control:/home/yicheng/interbotix_ws/install/interbotix_xslocobot_sim:/home/yicheng/interbotix_ws/install/interbotix_xslocobot_descriptions:/home/yicheng/interbotix_ws/install/interbotix_xs_toolbox:/home/yicheng/interbotix_ws/install/interbotix_xs_rviz:/home/yicheng/interbotix_ws/install/interbotix_xs_ros_control:/home/yicheng/interbotix_ws/install/interbotix_perception_toolbox:/home/yicheng/interbotix_ws/install/interbotix_perception_pipelines:/home/yicheng/interbotix_ws/install/interbotix_xs_msgs:/home/yicheng/interbotix_ws/install/interbotix_tf_tools:/home/yicheng/interbotix_ws/install/interbotix_perception_msgs:/home/yicheng/interbotix_ws/install/interbotix_moveit_interface_msgs:/home/yicheng/interbotix_ws/install/interbotix_common_toolbox:/home/yicheng/interbotix_ws/install/interbotix_common_sim:/home/yicheng/interbotix_ws/install/interbotix_xs_modules:/home/yicheng/interbotix_ws/install/interbotix_perception_modules:/home/yicheng/interbotix_ws/install/interbotix_common_modules:/opt/ros/galactic LD_LIBRARY_PATH=/home/yicheng/me326_ws/install/la_msgs/lib:/home/yicheng/interbotix_ws/install/moveit_visual_tools/lib:/home/yicheng/interbotix_ws/install/interbotix_xs_rviz/lib:/home/yicheng/interbotix_ws/install/interbotix_xs_ros_control/lib:/home/yicheng/interbotix_ws/install/interbotix_xs_msgs/lib:/home/yicheng/interbotix_ws/install/interbotix_tf_tools/lib:/home/yicheng/interbotix_ws/install/interbotix_perception_msgs/lib:/home/yicheng/interbotix_ws/install/interbotix_moveit_interface_msgs/lib:/usr/lib/x86_64-linux-gnu/gazebo-11/plugins:/opt/ros/galactic/opt/yaml_cpp_vendor/lib:/opt/ros/galactic/opt/rviz_ogre_vendor/lib:/opt/ros/galactic/lib/x86_64-linux-gnu:/opt/ros/galactic/lib:/usr/share/gazebo/../../lib/x86_64-linux-gnu/gazebo-11/plugins PYTHONPATH=/home/yicheng/me326_ws/install/la_msgs/lib/python3.8/site-packages:${PYTHONPATH} /usr/bin/cmake /home/yicheng/me326_ws/locobot_autonomy -DCMAKE_INSTALL_PREFIX=/home/yicheng/me326_ws/install/locobot_autonomy
[8.715s] Level 1:colcon.colcon_core.environment:create_environment_scripts_only(locobot_autonomy)
[8.739s] Level 1:colcon.colcon_core.environment:checking '/home/yicheng/me326_ws/install/locobot_autonomy' for CMake module files
[8.739s] Level 1:colcon.colcon_core.environment:checking '/home/yicheng/me326_ws/install/locobot_autonomy' for CMake config files
[8.740s] Level 1:colcon.colcon_core.environment:checking '/home/yicheng/me326_ws/install/locobot_autonomy/bin'
[8.740s] Level 1:colcon.colcon_core.environment:checking '/home/yicheng/me326_ws/install/locobot_autonomy/lib/pkgconfig/locobot_autonomy.pc'
[8.740s] Level 1:colcon.colcon_core.environment:checking '/home/yicheng/me326_ws/install/locobot_autonomy/lib/python3.8/site-packages'
[8.740s] Level 1:colcon.colcon_core.environment:checking '/home/yicheng/me326_ws/install/locobot_autonomy/bin'
[8.764s] INFO:colcon.colcon_core.shell:Creating package script '/home/yicheng/me326_ws/install/locobot_autonomy/share/locobot_autonomy/package.ps1'
[8.765s] INFO:colcon.colcon_core.shell:Creating package descriptor '/home/yicheng/me326_ws/install/locobot_autonomy/share/locobot_autonomy/package.dsv'
[8.765s] INFO:colcon.colcon_core.shell:Creating package script '/home/yicheng/me326_ws/install/locobot_autonomy/share/locobot_autonomy/package.sh'
[8.765s] INFO:colcon.colcon_core.shell:Creating package script '/home/yicheng/me326_ws/install/locobot_autonomy/share/locobot_autonomy/package.bash'
[8.765s] INFO:colcon.colcon_core.shell:Creating package script '/home/yicheng/me326_ws/install/locobot_autonomy/share/locobot_autonomy/package.zsh'
[8.765s] Level 1:colcon.colcon_core.environment:create_file_with_runtime_dependencies(/home/yicheng/me326_ws/install/locobot_autonomy/share/colcon-core/packages/locobot_autonomy)
[8.776s] DEBUG:colcon.colcon_parallel_executor.executor.parallel:closing loop
[8.776s] DEBUG:colcon.colcon_parallel_executor.executor.parallel:loop closed
[8.776s] DEBUG:colcon.colcon_parallel_executor.executor.parallel:run_until_complete finished with '1'
[8.776s] DEBUG:colcon.colcon_core.event_reactor:joining thread
[8.813s] INFO:colcon.colcon_core.plugin_system:Skipping extension 'colcon_notification.desktop_notification.terminal_notifier': Not used on non-Darwin systems
[8.813s] INFO:colcon.colcon_core.plugin_system:Skipping extension 'colcon_notification.desktop_notification.win32': Not used on non-Windows systems
[8.813s] INFO:colcon.colcon_notification.desktop_notification:Sending desktop notification using 'notify2'
[8.824s] DEBUG:colcon.colcon_core.event_reactor:joined thread
[8.852s] INFO:colcon.colcon_core.shell:Creating prefix script '/home/yicheng/me326_ws/install/local_setup.ps1'
[8.853s] INFO:colcon.colcon_core.shell:Creating prefix util module '/home/yicheng/me326_ws/install/_local_setup_util_ps1.py'
[8.854s] INFO:colcon.colcon_core.shell:Creating prefix chain script '/home/yicheng/me326_ws/install/setup.ps1'
[8.879s] INFO:colcon.colcon_core.shell:Creating prefix script '/home/yicheng/me326_ws/install/local_setup.sh'
[8.880s] INFO:colcon.colcon_core.shell:Creating prefix util module '/home/yicheng/me326_ws/install/_local_setup_util_sh.py'
[8.880s] INFO:colcon.colcon_core.shell:Creating prefix chain script '/home/yicheng/me326_ws/install/setup.sh'
[8.906s] INFO:colcon.colcon_core.shell:Creating prefix script '/home/yicheng/me326_ws/install/local_setup.bash'
[8.906s] INFO:colcon.colcon_core.shell:Creating prefix chain script '/home/yicheng/me326_ws/install/setup.bash'
[8.932s] INFO:colcon.colcon_core.shell:Creating prefix script '/home/yicheng/me326_ws/install/local_setup.zsh'
[8.933s] INFO:colcon.colcon_core.shell:Creating prefix chain script '/home/yicheng/me326_ws/install/setup.zsh'
