[0.229s] Invoking command in '/home/ian339/me326_ws/la_msgs/build/la_msgs': CMAKE_PREFIX_PATH=${CMAKE_PREFIX_PATH}:/home/ian339/me326_ws/src/locobot_controller/install/locobot_controller:/home/ian339/interbotix_ws/install/interbotix_xs_modules:/home/ian339/interbotix_ws/install/interbotix_perception_modules:/home/ian339/interbotix_ws/install/interbotix_common_modules:/opt/ros/galactic /usr/bin/cmake /home/ian339/me326_ws/la_msgs -DCMAKE_INSTALL_PREFIX=/home/ian339/me326_ws/la_msgs/install/la_msgs
[0.291s] -- The C compiler identification is GNU 9.4.0
[0.350s] -- The CXX compiler identification is GNU 9.4.0
[0.355s] -- Check for working C compiler: /usr/bin/cc
[0.430s] -- Check for working C compiler: /usr/bin/cc -- works
[0.431s] -- Detecting C compiler ABI info
[0.518s] -- Detecting C compiler ABI info - done
[0.530s] -- Detecting C compile features
[0.530s] -- Detecting C compile features - done
[0.533s] -- Check for working CXX compiler: /usr/bin/c++
[0.624s] -- Check for working CXX compiler: /usr/bin/c++ -- works
[0.625s] -- Detecting CXX compiler ABI info
[0.719s] -- Detecting CXX compiler ABI info - done
[0.732s] -- Detecting CXX compile features
[0.732s] -- Detecting CXX compile features - done
[0.735s] -- Found ament_cmake: 1.1.6 (/opt/ros/galactic/share/ament_cmake/cmake)
[0.765s] -- Found PythonInterp: /usr/bin/python3 (found suitable version "3.8.10", minimum required is "3") 
[0.766s] -- Using PYTHON_EXECUTABLE: /usr/bin/python3
[0.860s] -- Found rclcpp: 9.2.2 (/opt/ros/galactic/share/rclcpp/cmake)
[0.922s] -- Using all available rosidl_typesupport_c: rosidl_typesupport_fastrtps_c;rosidl_typesupport_introspection_c
[0.932s] -- Found rosidl_adapter: 2.2.3 (/opt/ros/galactic/share/rosidl_adapter/cmake)
[1.019s] -- Found OpenSSL: /usr/lib/x86_64-linux-gnu/libcrypto.so (found version "1.1.1f")  
[1.053s] -- Found FastRTPS: /opt/ros/galactic/include  
[1.150s] -- Using all available rosidl_typesupport_cpp: rosidl_typesupport_fastrtps_cpp;rosidl_typesupport_introspection_cpp
[1.220s] -- Found rmw_implementation_cmake: 3.3.1 (/opt/ros/galactic/share/rmw_implementation_cmake/cmake)
[1.225s] -- Found rmw_cyclonedds_cpp: 0.22.6 (/opt/ros/galactic/share/rmw_cyclonedds_cpp/cmake)
[1.250s] -- Using RMW implementation 'rmw_cyclonedds_cpp' as default
[1.251s] -- Looking for pthread.h
[1.326s] -- Looking for pthread.h - found
[1.326s] -- Performing Test CMAKE_HAVE_LIBC_PTHREAD
[1.406s] -- Performing Test CMAKE_HAVE_LIBC_PTHREAD - Failed
[1.406s] -- Looking for pthread_create in pthreads
[1.480s] -- Looking for pthread_create in pthreads - not found
[1.480s] -- Looking for pthread_create in pthread
[1.567s] -- Looking for pthread_create in pthread - found
[1.567s] -- Found Threads: TRUE  
[1.737s] -- Found geometry_msgs: 2.2.4 (/opt/ros/galactic/share/geometry_msgs/cmake)
[1.776s] -- Found sensor_msgs: 2.2.4 (/opt/ros/galactic/share/sensor_msgs/cmake)
[1.868s] -- Found rosidl_default_generators: 1.1.1 (/opt/ros/galactic/share/rosidl_default_generators/cmake)
[1.907s] -- Found PythonInterp: /usr/bin/python3 (found version "3.8.10") 
[2.154s] -- Found ament_cmake_ros: 0.9.2 (/opt/ros/galactic/share/ament_cmake_ros/cmake)
[2.440s] -- Using all available rosidl_typesupport_c: rosidl_typesupport_fastrtps_c;rosidl_typesupport_introspection_c
[2.571s] -- Using all available rosidl_typesupport_cpp: rosidl_typesupport_fastrtps_cpp;rosidl_typesupport_introspection_cpp
[2.604s] -- Found PythonInterp: /usr/bin/python3 (found suitable version "3.8.10", minimum required is "3.5") 
[2.607s] -- Found python_cmake_module: 0.8.1 (/opt/ros/galactic/share/python_cmake_module/cmake)
[2.634s] -- Found PythonLibs: /usr/lib/x86_64-linux-gnu/libpython3.8.so (found suitable version "3.8.10", minimum required is "3.5") 
[2.634s] -- Using PYTHON_EXECUTABLE: /usr/bin/python3
[2.634s] -- Using PYTHON_INCLUDE_DIRS: /usr/include/python3.8
[2.634s] -- Using PYTHON_LIBRARIES: /usr/lib/x86_64-linux-gnu/libpython3.8.so
[2.659s] -- Found PythonExtra: .so  
[2.767s] -- Configuring done
[2.828s] -- Generating done
[2.831s] -- Build files have been written to: /home/ian339/me326_ws/la_msgs/build/la_msgs
[2.839s] Invoked command in '/home/ian339/me326_ws/la_msgs/build/la_msgs' returned '0': CMAKE_PREFIX_PATH=${CMAKE_PREFIX_PATH}:/home/ian339/me326_ws/src/locobot_controller/install/locobot_controller:/home/ian339/interbotix_ws/install/interbotix_xs_modules:/home/ian339/interbotix_ws/install/interbotix_perception_modules:/home/ian339/interbotix_ws/install/interbotix_common_modules:/opt/ros/galactic /usr/bin/cmake /home/ian339/me326_ws/la_msgs -DCMAKE_INSTALL_PREFIX=/home/ian339/me326_ws/la_msgs/install/la_msgs
[2.847s] Invoking command in '/home/ian339/me326_ws/la_msgs/build/la_msgs': CMAKE_PREFIX_PATH=${CMAKE_PREFIX_PATH}:/home/ian339/me326_ws/src/locobot_controller/install/locobot_controller:/home/ian339/interbotix_ws/install/interbotix_xs_modules:/home/ian339/interbotix_ws/install/interbotix_perception_modules:/home/ian339/interbotix_ws/install/interbotix_common_modules:/opt/ros/galactic /usr/bin/cmake --build /home/ian339/me326_ws/la_msgs/build/la_msgs -- -j6 -l6
[2.901s] [35m[1mScanning dependencies of target la_msgs__cpp[0m
[2.901s] [  2%] [34m[1mGenerating C code for ROS interfaces[0m
[2.919s] [  5%] [34m[1mGenerating C++ code for ROS interfaces[0m
[3.409s] [  5%] Built target la_msgs__cpp
[3.428s] [  7%] [34m[1mGenerating C++ introspection for ROS interfaces[0m
[3.428s] [ 10%] [34m[1mGenerating C++ type support dispatch for ROS interfaces[0m
[3.428s] [ 12%] [34m[1mGenerating C++ type support for eProsima Fast-RTPS[0m
[3.436s] [35m[1mScanning dependencies of target la_msgs__rosidl_generator_c[0m
[3.466s] [ 17%] [32mBuilding C object CMakeFiles/la_msgs__rosidl_generator_c.dir/rosidl_generator_c/la_msgs/action/detail/move_base__functions.c.o[0m
[3.466s] [ 17%] [32mBuilding C object CMakeFiles/la_msgs__rosidl_generator_c.dir/rosidl_generator_c/la_msgs/srv/detail/ptps__functions.c.o[0m
[3.624s] [ 20%] [32m[1mLinking C shared library libla_msgs__rosidl_generator_c.so[0m
[3.679s] [ 20%] Built target la_msgs__rosidl_generator_c
[3.694s] [ 23%] [34m[1mGenerating C introspection for ROS interfaces[0m
[3.695s] [ 25%] [34m[1mGenerating C type support dispatch for ROS interfaces[0m
[3.801s] [35m[1mScanning dependencies of target la_msgs__rosidl_typesupport_cpp[0m
[3.823s] [ 28%] [32mBuilding CXX object CMakeFiles/la_msgs__rosidl_typesupport_cpp.dir/rosidl_typesupport_cpp/la_msgs/srv/ptps__type_support.cpp.o[0m
[3.825s] [ 30%] [32mBuilding CXX object CMakeFiles/la_msgs__rosidl_typesupport_cpp.dir/rosidl_typesupport_cpp/la_msgs/action/move_base__type_support.cpp.o[0m
[3.965s] [35m[1mScanning dependencies of target la_msgs__rosidl_typesupport_fastrtps_cpp[0m
[3.991s] [ 33%] [32mBuilding CXX object CMakeFiles/la_msgs__rosidl_typesupport_fastrtps_cpp.dir/rosidl_typesupport_fastrtps_cpp/la_msgs/action/detail/dds_fastrtps/move_base__type_support.cpp.o[0m
[4.018s] [35m[1mScanning dependencies of target la_msgs__rosidl_typesupport_introspection_cpp[0m
[4.039s] [ 35%] [32mBuilding CXX object CMakeFiles/la_msgs__rosidl_typesupport_introspection_cpp.dir/rosidl_typesupport_introspection_cpp/la_msgs/action/detail/move_base__type_support.cpp.o[0m
[4.144s] [35m[1mScanning dependencies of target la_msgs__rosidl_typesupport_c[0m
[4.180s] [ 38%] [32mBuilding CXX object CMakeFiles/la_msgs__rosidl_typesupport_c.dir/rosidl_typesupport_c/la_msgs/action/move_base__type_support.cpp.o[0m
[4.243s] [35m[1mScanning dependencies of target la_msgs__rosidl_typesupport_introspection_c[0m
[4.249s] [ 41%] [32mBuilding CXX object CMakeFiles/la_msgs__rosidl_typesupport_introspection_cpp.dir/rosidl_typesupport_introspection_cpp/la_msgs/srv/detail/ptps__type_support.cpp.o[0m
[4.270s] [ 43%] [32mBuilding C object CMakeFiles/la_msgs__rosidl_typesupport_introspection_c.dir/rosidl_typesupport_introspection_c/la_msgs/action/detail/move_base__type_support.c.o[0m
[4.272s] [ 46%] [32mBuilding CXX object CMakeFiles/la_msgs__rosidl_typesupport_c.dir/rosidl_typesupport_c/la_msgs/srv/ptps__type_support.cpp.o[0m
[4.328s] [ 48%] [32m[1mLinking CXX shared library libla_msgs__rosidl_typesupport_c.so[0m
[4.332s] [ 51%] [32mBuilding C object CMakeFiles/la_msgs__rosidl_typesupport_introspection_c.dir/rosidl_typesupport_introspection_c/la_msgs/srv/detail/ptps__type_support.c.o[0m
[4.400s] [ 51%] Built target la_msgs__rosidl_typesupport_c
[4.406s] [ 53%] [32m[1mLinking C shared library libla_msgs__rosidl_typesupport_introspection_c.so[0m
[4.414s] [ 56%] [32mBuilding CXX object CMakeFiles/la_msgs__rosidl_typesupport_fastrtps_cpp.dir/rosidl_typesupport_fastrtps_cpp/la_msgs/srv/detail/dds_fastrtps/ptps__type_support.cpp.o[0m
[4.478s] [ 58%] [32m[1mLinking CXX shared library libla_msgs__rosidl_typesupport_cpp.so[0m
[4.488s] [ 58%] Built target la_msgs__rosidl_typesupport_introspection_c
[4.548s] [ 58%] Built target la_msgs__rosidl_typesupport_cpp
[4.643s] [ 61%] [32m[1mLinking CXX shared library libla_msgs__rosidl_typesupport_introspection_cpp.so[0m
[4.744s] [ 61%] Built target la_msgs__rosidl_typesupport_introspection_cpp
[4.946s] [ 64%] [32m[1mLinking CXX shared library libla_msgs__rosidl_typesupport_fastrtps_cpp.so[0m
[5.041s] [ 64%] Built target la_msgs__rosidl_typesupport_fastrtps_cpp
[5.053s] [ 66%] [34m[1mGenerating C type support for eProsima Fast-RTPS[0m
[5.458s] [35m[1mScanning dependencies of target la_msgs__rosidl_typesupport_fastrtps_c[0m
[5.485s] [ 69%] [32mBuilding CXX object CMakeFiles/la_msgs__rosidl_typesupport_fastrtps_c.dir/rosidl_typesupport_fastrtps_c/la_msgs/action/detail/move_base__type_support_c.cpp.o[0m
[5.487s] [ 71%] [32mBuilding CXX object CMakeFiles/la_msgs__rosidl_typesupport_fastrtps_c.dir/rosidl_typesupport_fastrtps_c/la_msgs/srv/detail/ptps__type_support_c.cpp.o[0m
[5.878s] [ 74%] [32m[1mLinking CXX shared library libla_msgs__rosidl_typesupport_fastrtps_c.so[0m
[5.975s] [ 74%] Built target la_msgs__rosidl_typesupport_fastrtps_c
[5.987s] [35m[1mScanning dependencies of target la_msgs[0m
[5.999s] [ 74%] Built target la_msgs
[6.010s] [35m[1mScanning dependencies of target la_msgs__py[0m
[6.021s] [ 76%] [34m[1mGenerating Python code for ROS interfaces[0m
[6.978s] [ 76%] Built target la_msgs__py
[6.992s] [35m[1mScanning dependencies of target la_msgs__python[0m
[7.017s] [ 82%] [32mBuilding C object CMakeFiles/la_msgs__python.dir/rosidl_generator_py/la_msgs/action/_move_base_s.c.o[0m
[7.017s] [ 82%] [32mBuilding C object CMakeFiles/la_msgs__python.dir/rosidl_generator_py/la_msgs/srv/_ptps_s.c.o[0m
[7.152s] [ 84%] [32m[1mLinking C shared library rosidl_generator_py/la_msgs/libla_msgs__python.so[0m
[7.207s] [ 84%] Built target la_msgs__python
[7.219s] [35m[1mScanning dependencies of target la_msgs__rosidl_typesupport_introspection_c__pyext[0m
[7.219s] [35m[1mScanning dependencies of target la_msgs__rosidl_typesupport_c__pyext[0m
[7.219s] [35m[1mScanning dependencies of target la_msgs__rosidl_typesupport_fastrtps_c__pyext[0m
[7.242s] [ 87%] [32mBuilding C object CMakeFiles/la_msgs__rosidl_typesupport_fastrtps_c__pyext.dir/rosidl_generator_py/la_msgs/_la_msgs_s.ep.rosidl_typesupport_fastrtps_c.c.o[0m
[7.243s] [ 92%] [32mBuilding C object CMakeFiles/la_msgs__rosidl_typesupport_introspection_c__pyext.dir/rosidl_generator_py/la_msgs/_la_msgs_s.ep.rosidl_typesupport_introspection_c.c.o[0m
[7.243s] [ 92%] [32mBuilding C object CMakeFiles/la_msgs__rosidl_typesupport_c__pyext.dir/rosidl_generator_py/la_msgs/_la_msgs_s.ep.rosidl_typesupport_c.c.o[0m
[7.379s] [ 94%] [32m[1mLinking C shared library rosidl_generator_py/la_msgs/la_msgs_s__rosidl_typesupport_c.cpython-38-x86_64-linux-gnu.so[0m
[7.406s] [ 97%] [32m[1mLinking CXX shared library rosidl_generator_py/la_msgs/la_msgs_s__rosidl_typesupport_fastrtps_c.cpython-38-x86_64-linux-gnu.so[0m
[7.408s] [100%] [32m[1mLinking C shared library rosidl_generator_py/la_msgs/la_msgs_s__rosidl_typesupport_introspection_c.cpython-38-x86_64-linux-gnu.so[0m
[7.429s] [100%] Built target la_msgs__rosidl_typesupport_c__pyext
[7.456s] [100%] Built target la_msgs__rosidl_typesupport_introspection_c__pyext
[7.489s] [100%] Built target la_msgs__rosidl_typesupport_fastrtps_c__pyext
[7.503s] Invoked command in '/home/ian339/me326_ws/la_msgs/build/la_msgs' returned '0': CMAKE_PREFIX_PATH=${CMAKE_PREFIX_PATH}:/home/ian339/me326_ws/src/locobot_controller/install/locobot_controller:/home/ian339/interbotix_ws/install/interbotix_xs_modules:/home/ian339/interbotix_ws/install/interbotix_perception_modules:/home/ian339/interbotix_ws/install/interbotix_common_modules:/opt/ros/galactic /usr/bin/cmake --build /home/ian339/me326_ws/la_msgs/build/la_msgs -- -j6 -l6
[7.603s] Invoking command in '/home/ian339/me326_ws/la_msgs/build/la_msgs': CMAKE_PREFIX_PATH=${CMAKE_PREFIX_PATH}:/home/ian339/me326_ws/src/locobot_controller/install/locobot_controller:/home/ian339/interbotix_ws/install/interbotix_xs_modules:/home/ian339/interbotix_ws/install/interbotix_perception_modules:/home/ian339/interbotix_ws/install/interbotix_common_modules:/opt/ros/galactic /usr/bin/cmake --install /home/ian339/me326_ws/la_msgs/build/la_msgs
[7.615s] -- Install configuration: ""
[7.616s] -- Installing: /home/ian339/me326_ws/la_msgs/install/la_msgs/share/ament_index/resource_index/rosidl_interfaces/la_msgs
[7.616s] -- Installing: /home/ian339/me326_ws/la_msgs/install/la_msgs/include/la_msgs
[7.616s] -- Installing: /home/ian339/me326_ws/la_msgs/install/la_msgs/include/la_msgs/msg
[7.616s] -- Installing: /home/ian339/me326_ws/la_msgs/install/la_msgs/include/la_msgs/msg/rosidl_generator_c__visibility_control.h
[7.616s] -- Installing: /home/ian339/me326_ws/la_msgs/install/la_msgs/include/la_msgs/action
[7.616s] -- Installing: /home/ian339/me326_ws/la_msgs/install/la_msgs/include/la_msgs/action/move_base.h
[7.616s] -- Installing: /home/ian339/me326_ws/la_msgs/install/la_msgs/include/la_msgs/action/detail
[7.616s] -- Installing: /home/ian339/me326_ws/la_msgs/install/la_msgs/include/la_msgs/action/detail/move_base__functions.h
[7.616s] -- Installing: /home/ian339/me326_ws/la_msgs/install/la_msgs/include/la_msgs/action/detail/move_base__functions.c
[7.616s] -- Installing: /home/ian339/me326_ws/la_msgs/install/la_msgs/include/la_msgs/action/detail/move_base__struct.h
[7.616s] -- Installing: /home/ian339/me326_ws/la_msgs/install/la_msgs/include/la_msgs/action/detail/move_base__type_support.h
[7.617s] -- Installing: /home/ian339/me326_ws/la_msgs/install/la_msgs/include/la_msgs/srv
[7.617s] -- Installing: /home/ian339/me326_ws/la_msgs/install/la_msgs/include/la_msgs/srv/ptps.h
[7.617s] -- Installing: /home/ian339/me326_ws/la_msgs/install/la_msgs/include/la_msgs/srv/detail
[7.617s] -- Installing: /home/ian339/me326_ws/la_msgs/install/la_msgs/include/la_msgs/srv/detail/ptps__struct.h
[7.617s] -- Installing: /home/ian339/me326_ws/la_msgs/install/la_msgs/include/la_msgs/srv/detail/ptps__functions.c
[7.617s] -- Installing: /home/ian339/me326_ws/la_msgs/install/la_msgs/include/la_msgs/srv/detail/ptps__functions.h
[7.618s] -- Installing: /home/ian339/me326_ws/la_msgs/install/la_msgs/include/la_msgs/srv/detail/ptps__type_support.h
[7.618s] -- Installing: /home/ian339/me326_ws/la_msgs/install/la_msgs/share/la_msgs/environment/library_path.sh
[7.618s] -- Installing: /home/ian339/me326_ws/la_msgs/install/la_msgs/share/la_msgs/environment/library_path.dsv
[7.618s] -- Installing: /home/ian339/me326_ws/la_msgs/install/la_msgs/lib/libla_msgs__rosidl_generator_c.so
[7.619s] -- Set runtime path of "/home/ian339/me326_ws/la_msgs/install/la_msgs/lib/libla_msgs__rosidl_generator_c.so" to ""
[7.619s] -- Up-to-date: /home/ian339/me326_ws/la_msgs/install/la_msgs/include/la_msgs
[7.619s] -- Up-to-date: /home/ian339/me326_ws/la_msgs/install/la_msgs/include/la_msgs/msg
[7.619s] -- Installing: /home/ian339/me326_ws/la_msgs/install/la_msgs/include/la_msgs/msg/rosidl_typesupport_fastrtps_c__visibility_control.h
[7.619s] -- Up-to-date: /home/ian339/me326_ws/la_msgs/install/la_msgs/include/la_msgs/action
[7.619s] -- Up-to-date: /home/ian339/me326_ws/la_msgs/install/la_msgs/include/la_msgs/action/detail
[7.619s] -- Installing: /home/ian339/me326_ws/la_msgs/install/la_msgs/include/la_msgs/action/detail/move_base__rosidl_typesupport_fastrtps_c.h
[7.619s] -- Up-to-date: /home/ian339/me326_ws/la_msgs/install/la_msgs/include/la_msgs/srv
[7.619s] -- Up-to-date: /home/ian339/me326_ws/la_msgs/install/la_msgs/include/la_msgs/srv/detail
[7.619s] -- Installing: /home/ian339/me326_ws/la_msgs/install/la_msgs/include/la_msgs/srv/detail/ptps__rosidl_typesupport_fastrtps_c.h
[7.619s] -- Installing: /home/ian339/me326_ws/la_msgs/install/la_msgs/lib/libla_msgs__rosidl_typesupport_fastrtps_c.so
[7.620s] -- Set runtime path of "/home/ian339/me326_ws/la_msgs/install/la_msgs/lib/libla_msgs__rosidl_typesupport_fastrtps_c.so" to ""
[7.620s] -- Up-to-date: /home/ian339/me326_ws/la_msgs/install/la_msgs/include/la_msgs
[7.620s] -- Up-to-date: /home/ian339/me326_ws/la_msgs/install/la_msgs/include/la_msgs/msg
[7.620s] -- Installing: /home/ian339/me326_ws/la_msgs/install/la_msgs/include/la_msgs/msg/rosidl_typesupport_fastrtps_cpp__visibility_control.h
[7.620s] -- Up-to-date: /home/ian339/me326_ws/la_msgs/install/la_msgs/include/la_msgs/action
[7.620s] -- Up-to-date: /home/ian339/me326_ws/la_msgs/install/la_msgs/include/la_msgs/action/detail
[7.620s] -- Installing: /home/ian339/me326_ws/la_msgs/install/la_msgs/include/la_msgs/action/detail/move_base__rosidl_typesupport_fastrtps_cpp.hpp
[7.620s] -- Installing: /home/ian339/me326_ws/la_msgs/install/la_msgs/include/la_msgs/action/detail/dds_fastrtps
[7.620s] -- Up-to-date: /home/ian339/me326_ws/la_msgs/install/la_msgs/include/la_msgs/srv
[7.620s] -- Up-to-date: /home/ian339/me326_ws/la_msgs/install/la_msgs/include/la_msgs/srv/detail
[7.620s] -- Installing: /home/ian339/me326_ws/la_msgs/install/la_msgs/include/la_msgs/srv/detail/ptps__rosidl_typesupport_fastrtps_cpp.hpp
[7.621s] -- Installing: /home/ian339/me326_ws/la_msgs/install/la_msgs/include/la_msgs/srv/detail/dds_fastrtps
[7.621s] -- Installing: /home/ian339/me326_ws/la_msgs/install/la_msgs/lib/libla_msgs__rosidl_typesupport_fastrtps_cpp.so
[7.621s] -- Set runtime path of "/home/ian339/me326_ws/la_msgs/install/la_msgs/lib/libla_msgs__rosidl_typesupport_fastrtps_cpp.so" to ""
[7.621s] -- Up-to-date: /home/ian339/me326_ws/la_msgs/install/la_msgs/include/la_msgs
[7.621s] -- Up-to-date: /home/ian339/me326_ws/la_msgs/install/la_msgs/include/la_msgs/msg
[7.622s] -- Installing: /home/ian339/me326_ws/la_msgs/install/la_msgs/include/la_msgs/msg/rosidl_typesupport_introspection_c__visibility_control.h
[7.622s] -- Up-to-date: /home/ian339/me326_ws/la_msgs/install/la_msgs/include/la_msgs/action
[7.622s] -- Up-to-date: /home/ian339/me326_ws/la_msgs/install/la_msgs/include/la_msgs/action/detail
[7.622s] -- Installing: /home/ian339/me326_ws/la_msgs/install/la_msgs/include/la_msgs/action/detail/move_base__rosidl_typesupport_introspection_c.h
[7.622s] -- Installing: /home/ian339/me326_ws/la_msgs/install/la_msgs/include/la_msgs/action/detail/move_base__type_support.c
[7.622s] -- Up-to-date: /home/ian339/me326_ws/la_msgs/install/la_msgs/include/la_msgs/srv
[7.622s] -- Up-to-date: /home/ian339/me326_ws/la_msgs/install/la_msgs/include/la_msgs/srv/detail
[7.622s] -- Installing: /home/ian339/me326_ws/la_msgs/install/la_msgs/include/la_msgs/srv/detail/ptps__type_support.c
[7.622s] -- Installing: /home/ian339/me326_ws/la_msgs/install/la_msgs/include/la_msgs/srv/detail/ptps__rosidl_typesupport_introspection_c.h
[7.622s] -- Installing: /home/ian339/me326_ws/la_msgs/install/la_msgs/lib/libla_msgs__rosidl_typesupport_introspection_c.so
[7.622s] -- Set runtime path of "/home/ian339/me326_ws/la_msgs/install/la_msgs/lib/libla_msgs__rosidl_typesupport_introspection_c.so" to ""
[7.623s] -- Installing: /home/ian339/me326_ws/la_msgs/install/la_msgs/lib/libla_msgs__rosidl_typesupport_c.so
[7.623s] -- Set runtime path of "/home/ian339/me326_ws/la_msgs/install/la_msgs/lib/libla_msgs__rosidl_typesupport_c.so" to ""
[7.623s] -- Up-to-date: /home/ian339/me326_ws/la_msgs/install/la_msgs/include/la_msgs
[7.623s] -- Up-to-date: /home/ian339/me326_ws/la_msgs/install/la_msgs/include/la_msgs/action
[7.623s] -- Installing: /home/ian339/me326_ws/la_msgs/install/la_msgs/include/la_msgs/action/move_base.hpp
[7.623s] -- Up-to-date: /home/ian339/me326_ws/la_msgs/install/la_msgs/include/la_msgs/action/detail
[7.624s] -- Installing: /home/ian339/me326_ws/la_msgs/install/la_msgs/include/la_msgs/action/detail/move_base__builder.hpp
[7.624s] -- Installing: /home/ian339/me326_ws/la_msgs/install/la_msgs/include/la_msgs/action/detail/move_base__struct.hpp
[7.624s] -- Installing: /home/ian339/me326_ws/la_msgs/install/la_msgs/include/la_msgs/action/detail/move_base__traits.hpp
[7.624s] -- Up-to-date: /home/ian339/me326_ws/la_msgs/install/la_msgs/include/la_msgs/srv
[7.624s] -- Installing: /home/ian339/me326_ws/la_msgs/install/la_msgs/include/la_msgs/srv/ptps.hpp
[7.624s] -- Up-to-date: /home/ian339/me326_ws/la_msgs/install/la_msgs/include/la_msgs/srv/detail
[7.624s] -- Installing: /home/ian339/me326_ws/la_msgs/install/la_msgs/include/la_msgs/srv/detail/ptps__builder.hpp
[7.624s] -- Installing: /home/ian339/me326_ws/la_msgs/install/la_msgs/include/la_msgs/srv/detail/ptps__struct.hpp
[7.624s] -- Installing: /home/ian339/me326_ws/la_msgs/install/la_msgs/include/la_msgs/srv/detail/ptps__traits.hpp
[7.624s] -- Up-to-date: /home/ian339/me326_ws/la_msgs/install/la_msgs/include/la_msgs
[7.624s] -- Up-to-date: /home/ian339/me326_ws/la_msgs/install/la_msgs/include/la_msgs/action
[7.624s] -- Up-to-date: /home/ian339/me326_ws/la_msgs/install/la_msgs/include/la_msgs/action/detail
[7.625s] -- Installing: /home/ian339/me326_ws/la_msgs/install/la_msgs/include/la_msgs/action/detail/move_base__type_support.cpp
[7.625s] -- Installing: /home/ian339/me326_ws/la_msgs/install/la_msgs/include/la_msgs/action/detail/move_base__rosidl_typesupport_introspection_cpp.hpp
[7.625s] -- Up-to-date: /home/ian339/me326_ws/la_msgs/install/la_msgs/include/la_msgs/srv
[7.625s] -- Up-to-date: /home/ian339/me326_ws/la_msgs/install/la_msgs/include/la_msgs/srv/detail
[7.625s] -- Installing: /home/ian339/me326_ws/la_msgs/install/la_msgs/include/la_msgs/srv/detail/ptps__rosidl_typesupport_introspection_cpp.hpp
[7.625s] -- Installing: /home/ian339/me326_ws/la_msgs/install/la_msgs/include/la_msgs/srv/detail/ptps__type_support.cpp
[7.625s] -- Installing: /home/ian339/me326_ws/la_msgs/install/la_msgs/lib/libla_msgs__rosidl_typesupport_introspection_cpp.so
[7.626s] -- Set runtime path of "/home/ian339/me326_ws/la_msgs/install/la_msgs/lib/libla_msgs__rosidl_typesupport_introspection_cpp.so" to ""
[7.626s] -- Installing: /home/ian339/me326_ws/la_msgs/install/la_msgs/lib/libla_msgs__rosidl_typesupport_cpp.so
[7.626s] -- Set runtime path of "/home/ian339/me326_ws/la_msgs/install/la_msgs/lib/libla_msgs__rosidl_typesupport_cpp.so" to ""
[7.626s] -- Installing: /home/ian339/me326_ws/la_msgs/install/la_msgs/share/la_msgs/environment/pythonpath.sh
[7.626s] -- Installing: /home/ian339/me326_ws/la_msgs/install/la_msgs/share/la_msgs/environment/pythonpath.dsv
[7.626s] -- Installing: /home/ian339/me326_ws/la_msgs/install/la_msgs/lib/python3.8/site-packages/la_msgs/__init__.py
[7.656s] Compiling '/home/ian339/me326_ws/la_msgs/install/la_msgs/lib/python3.8/site-packages/la_msgs/__init__.py'...
[7.659s] -- Installing: /home/ian339/me326_ws/la_msgs/install/la_msgs/lib/python3.8/site-packages/la_msgs/action
[7.659s] -- Installing: /home/ian339/me326_ws/la_msgs/install/la_msgs/lib/python3.8/site-packages/la_msgs/action/__init__.py
[7.659s] -- Installing: /home/ian339/me326_ws/la_msgs/install/la_msgs/lib/python3.8/site-packages/la_msgs/action/_move_base_s.c
[7.659s] -- Installing: /home/ian339/me326_ws/la_msgs/install/la_msgs/lib/python3.8/site-packages/la_msgs/action/_move_base.py
[7.659s] -- Installing: /home/ian339/me326_ws/la_msgs/install/la_msgs/lib/python3.8/site-packages/la_msgs/srv
[7.659s] -- Installing: /home/ian339/me326_ws/la_msgs/install/la_msgs/lib/python3.8/site-packages/la_msgs/srv/__init__.py
[7.659s] -- Installing: /home/ian339/me326_ws/la_msgs/install/la_msgs/lib/python3.8/site-packages/la_msgs/srv/_ptps_s.c
[7.659s] -- Installing: /home/ian339/me326_ws/la_msgs/install/la_msgs/lib/python3.8/site-packages/la_msgs/srv/_ptps.py
[7.660s] -- Installing: /home/ian339/me326_ws/la_msgs/install/la_msgs/lib/python3.8/site-packages/la_msgs/la_msgs_s__rosidl_typesupport_fastrtps_c.cpython-38-x86_64-linux-gnu.so
[7.660s] -- Set runtime path of "/home/ian339/me326_ws/la_msgs/install/la_msgs/lib/python3.8/site-packages/la_msgs/la_msgs_s__rosidl_typesupport_fastrtps_c.cpython-38-x86_64-linux-gnu.so" to ""
[7.660s] -- Installing: /home/ian339/me326_ws/la_msgs/install/la_msgs/lib/python3.8/site-packages/la_msgs/la_msgs_s__rosidl_typesupport_introspection_c.cpython-38-x86_64-linux-gnu.so
[7.661s] -- Set runtime path of "/home/ian339/me326_ws/la_msgs/install/la_msgs/lib/python3.8/site-packages/la_msgs/la_msgs_s__rosidl_typesupport_introspection_c.cpython-38-x86_64-linux-gnu.so" to ""
[7.661s] -- Installing: /home/ian339/me326_ws/la_msgs/install/la_msgs/lib/python3.8/site-packages/la_msgs/la_msgs_s__rosidl_typesupport_c.cpython-38-x86_64-linux-gnu.so
[7.662s] -- Set runtime path of "/home/ian339/me326_ws/la_msgs/install/la_msgs/lib/python3.8/site-packages/la_msgs/la_msgs_s__rosidl_typesupport_c.cpython-38-x86_64-linux-gnu.so" to ""
[7.662s] -- Installing: /home/ian339/me326_ws/la_msgs/install/la_msgs/lib/libla_msgs__python.so
[7.662s] -- Set runtime path of "/home/ian339/me326_ws/la_msgs/install/la_msgs/lib/libla_msgs__python.so" to ""
[7.662s] -- Installing: /home/ian339/me326_ws/la_msgs/install/la_msgs/share/la_msgs/action/MoveBase.idl
[7.662s] -- Installing: /home/ian339/me326_ws/la_msgs/install/la_msgs/share/la_msgs/srv/Ptps.idl
[7.662s] -- Installing: /home/ian339/me326_ws/la_msgs/install/la_msgs/share/la_msgs/action/MoveBase.action
[7.662s] -- Installing: /home/ian339/me326_ws/la_msgs/install/la_msgs/share/la_msgs/srv/Ptps.srv
[7.662s] -- Installing: /home/ian339/me326_ws/la_msgs/install/la_msgs/share/la_msgs/srv/Ptps_Request.msg
[7.662s] -- Installing: /home/ian339/me326_ws/la_msgs/install/la_msgs/share/la_msgs/srv/Ptps_Response.msg
[7.663s] -- Installing: /home/ian339/me326_ws/la_msgs/install/la_msgs/share/ament_index/resource_index/package_run_dependencies/la_msgs
[7.663s] -- Installing: /home/ian339/me326_ws/la_msgs/install/la_msgs/share/ament_index/resource_index/parent_prefix_path/la_msgs
[7.663s] -- Installing: /home/ian339/me326_ws/la_msgs/install/la_msgs/share/la_msgs/environment/ament_prefix_path.sh
[7.663s] -- Installing: /home/ian339/me326_ws/la_msgs/install/la_msgs/share/la_msgs/environment/ament_prefix_path.dsv
[7.663s] -- Installing: /home/ian339/me326_ws/la_msgs/install/la_msgs/share/la_msgs/environment/path.sh
[7.663s] -- Installing: /home/ian339/me326_ws/la_msgs/install/la_msgs/share/la_msgs/environment/path.dsv
[7.663s] -- Installing: /home/ian339/me326_ws/la_msgs/install/la_msgs/share/la_msgs/local_setup.bash
[7.664s] -- Installing: /home/ian339/me326_ws/la_msgs/install/la_msgs/share/la_msgs/local_setup.sh
[7.664s] -- Installing: /home/ian339/me326_ws/la_msgs/install/la_msgs/share/la_msgs/local_setup.zsh
[7.664s] -- Installing: /home/ian339/me326_ws/la_msgs/install/la_msgs/share/la_msgs/local_setup.dsv
[7.664s] -- Installing: /home/ian339/me326_ws/la_msgs/install/la_msgs/share/la_msgs/package.dsv
[7.664s] -- Installing: /home/ian339/me326_ws/la_msgs/install/la_msgs/share/ament_index/resource_index/packages/la_msgs
[7.664s] -- Installing: /home/ian339/me326_ws/la_msgs/install/la_msgs/share/la_msgs/cmake/la_msgs__rosidl_generator_cExport.cmake
[7.664s] -- Installing: /home/ian339/me326_ws/la_msgs/install/la_msgs/share/la_msgs/cmake/la_msgs__rosidl_generator_cExport-noconfig.cmake
[7.665s] -- Installing: /home/ian339/me326_ws/la_msgs/install/la_msgs/share/la_msgs/cmake/la_msgs__rosidl_typesupport_introspection_cExport.cmake
[7.665s] -- Installing: /home/ian339/me326_ws/la_msgs/install/la_msgs/share/la_msgs/cmake/la_msgs__rosidl_typesupport_introspection_cExport-noconfig.cmake
[7.665s] -- Installing: /home/ian339/me326_ws/la_msgs/install/la_msgs/share/la_msgs/cmake/la_msgs__rosidl_typesupport_cExport.cmake
[7.665s] -- Installing: /home/ian339/me326_ws/la_msgs/install/la_msgs/share/la_msgs/cmake/la_msgs__rosidl_typesupport_cExport-noconfig.cmake
[7.665s] -- Installing: /home/ian339/me326_ws/la_msgs/install/la_msgs/share/la_msgs/cmake/la_msgs__rosidl_generator_cppExport.cmake
[7.666s] -- Installing: /home/ian339/me326_ws/la_msgs/install/la_msgs/share/la_msgs/cmake/la_msgs__rosidl_typesupport_introspection_cppExport.cmake
[7.666s] -- Installing: /home/ian339/me326_ws/la_msgs/install/la_msgs/share/la_msgs/cmake/la_msgs__rosidl_typesupport_introspection_cppExport-noconfig.cmake
[7.666s] -- Installing: /home/ian339/me326_ws/la_msgs/install/la_msgs/share/la_msgs/cmake/la_msgs__rosidl_typesupport_cppExport.cmake
[7.666s] -- Installing: /home/ian339/me326_ws/la_msgs/install/la_msgs/share/la_msgs/cmake/la_msgs__rosidl_typesupport_cppExport-noconfig.cmake
[7.666s] -- Installing: /home/ian339/me326_ws/la_msgs/install/la_msgs/share/la_msgs/cmake/rosidl_cmake-extras.cmake
[7.666s] -- Installing: /home/ian339/me326_ws/la_msgs/install/la_msgs/share/la_msgs/cmake/ament_cmake_export_dependencies-extras.cmake
[7.667s] -- Installing: /home/ian339/me326_ws/la_msgs/install/la_msgs/share/la_msgs/cmake/ament_cmake_export_libraries-extras.cmake
[7.667s] -- Installing: /home/ian339/me326_ws/la_msgs/install/la_msgs/share/la_msgs/cmake/ament_cmake_export_targets-extras.cmake
[7.667s] -- Installing: /home/ian339/me326_ws/la_msgs/install/la_msgs/share/la_msgs/cmake/ament_cmake_export_include_directories-extras.cmake
[7.667s] -- Installing: /home/ian339/me326_ws/la_msgs/install/la_msgs/share/la_msgs/cmake/rosidl_cmake_export_typesupport_libraries-extras.cmake
[7.667s] -- Installing: /home/ian339/me326_ws/la_msgs/install/la_msgs/share/la_msgs/cmake/rosidl_cmake_export_typesupport_targets-extras.cmake
[7.667s] -- Installing: /home/ian339/me326_ws/la_msgs/install/la_msgs/share/la_msgs/cmake/la_msgsConfig.cmake
[7.667s] -- Installing: /home/ian339/me326_ws/la_msgs/install/la_msgs/share/la_msgs/cmake/la_msgsConfig-version.cmake
[7.667s] -- Installing: /home/ian339/me326_ws/la_msgs/install/la_msgs/share/la_msgs/package.xml
[7.670s] Invoked command in '/home/ian339/me326_ws/la_msgs/build/la_msgs' returned '0': CMAKE_PREFIX_PATH=${CMAKE_PREFIX_PATH}:/home/ian339/me326_ws/src/locobot_controller/install/locobot_controller:/home/ian339/interbotix_ws/install/interbotix_xs_modules:/home/ian339/interbotix_ws/install/interbotix_perception_modules:/home/ian339/interbotix_ws/install/interbotix_common_modules:/opt/ros/galactic /usr/bin/cmake --install /home/ian339/me326_ws/la_msgs/build/la_msgs
