[5.531s] Invoking command in '/home/dihim/me326_ws/src/locobot_controller': PYTHONPATH=/home/dihim/me326_ws/build/locobot_controller/prefix_override:/home/dihim/me326_ws/install/locobot_controller/lib/python3.8/site-packages:${PYTHONPATH} /usr/bin/python3 setup.py egg_info --egg-base ../../build/locobot_controller build --build-base /home/dihim/me326_ws/build/locobot_controller/build install --record /home/dihim/me326_ws/build/locobot_controller/install.log --single-version-externally-managed
[6.275s] running egg_info
[6.275s] writing ../../build/locobot_controller/locobot_controller.egg-info/PKG-INFO
[6.276s] writing dependency_links to ../../build/locobot_controller/locobot_controller.egg-info/dependency_links.txt
[6.276s] writing entry points to ../../build/locobot_controller/locobot_controller.egg-info/entry_points.txt
[6.276s] writing requirements to ../../build/locobot_controller/locobot_controller.egg-info/requires.txt
[6.276s] writing top-level names to ../../build/locobot_controller/locobot_controller.egg-info/top_level.txt
[6.398s] reading manifest file '../../build/locobot_controller/locobot_controller.egg-info/SOURCES.txt'
[6.398s] writing manifest file '../../build/locobot_controller/locobot_controller.egg-info/SOURCES.txt'
[6.399s] running build
[6.399s] running build_py
[6.399s] running install
[6.399s] running install_lib
[6.402s] byte-compiling /home/dihim/me326_ws/install/locobot_controller/lib/python3.8/site-packages/locobot_controller/locobot_controller.py to locobot_controller.cpython-38.pyc
[6.409s] running install_data
[6.409s] running install_egg_info
[6.409s] removing '/home/dihim/me326_ws/install/locobot_controller/lib/python3.8/site-packages/locobot_controller-0.0.0-py3.8.egg-info' (and everything under it)
[6.409s]   File "/home/dihim/me326_ws/install/locobot_controller/lib/python3.8/site-packages/locobot_controller/locobot_controller.py", line 37
[6.409s]     cy = int(M["m01"]/M["mOO"})
[6.409s]                              ^
[6.409s] SyntaxError: closing parenthesis '}' does not match opening parenthesis '['
[6.409s] 
[6.410s] Copying ../../build/locobot_controller/locobot_controller.egg-info to /home/dihim/me326_ws/install/locobot_controller/lib/python3.8/site-packages/locobot_controller-0.0.0-py3.8.egg-info
[6.414s] running install_scripts
[6.481s] Installing locobot_controller script to /home/dihim/me326_ws/install/locobot_controller/lib/locobot_controller
[6.485s] writing list of installed files to '/home/dihim/me326_ws/build/locobot_controller/install.log'
[6.675s] Invoked command in '/home/dihim/me326_ws/src/locobot_controller' returned '0': PYTHONPATH=/home/dihim/me326_ws/build/locobot_controller/prefix_override:/home/dihim/me326_ws/install/locobot_controller/lib/python3.8/site-packages:${PYTHONPATH} /usr/bin/python3 setup.py egg_info --egg-base ../../build/locobot_controller build --build-base /home/dihim/me326_ws/build/locobot_controller/build install --record /home/dihim/me326_ws/build/locobot_controller/install.log --single-version-externally-managed
