[3.679s] Invoking command in '/home/dihim/me326_ws/build/arm_controller': CMAKE_PREFIX_PATH=${CMAKE_PREFIX_PATH}:/home/dihim/me326_ws/install/locobot_controller:/home/dihim/interbotix_ws/install/interbotix_xs_modules:/home/dihim/interbotix_ws/install/interbotix_perception_modules:/home/dihim/interbotix_ws/install/interbotix_common_modules:/opt/ros/galactic /usr/bin/cmake --build /home/dihim/me326_ws/build/arm_controller -- -j4 -l4
[5.735s] [35m[1mScanning dependencies of target arm_controller[0m
[5.736s] [ 33%] [32mBuilding CXX object CMakeFiles/arm_controller.dir/src/moveit_interface.cpp.o[0m
[18.149s] [01m[K/home/dihim/me326_ws/src/arm_controller/src/moveit_interface.cpp:[m[K In member function ‘[01m[Kvoid MyNode::pick_callback(geometry_msgs::msg::PoseStamped_<std::allocator<void> >::SharedPtr) const[m[K’:
[18.149s] [01m[K/home/dihim/me326_ws/src/arm_controller/src/moveit_interface.cpp:32:33:[m[K [01;31m[Kerror: [m[K‘[01m[Kconst SharedPtr[m[K’ {aka ‘[01m[Kconst class std::shared_ptr<geometry_msgs::msg::PoseStamped_<std::allocator<void> > >[m[K’} has no member named ‘[01m[Kpose[m[K’
[18.149s]    32 |         target_pose.pose = pose.[01;31m[Kpose[m[K;
[18.149s]       |                                 [01;31m[K^~~~[m[K
[18.149s] [01m[K/home/dihim/me326_ws/src/arm_controller/src/moveit_interface.cpp:34:20:[m[K [01;31m[Kerror: [m[Kbase operand of ‘[01m[K->[m[K’ has non-pointer type ‘[01m[Kgeometry_msgs::msg::PoseStamped[m[K’ {aka ‘[01m[Kgeometry_msgs::msg::PoseStamped_<std::allocator<void> >[m[K’}
[18.149s]    34 |         target_pose[01;31m[K->[m[Kpose.position.z = 0.02;
[18.149s]       |                    [01;31m[K^~[m[K
[18.164s] [01m[K/home/dihim/me326_ws/src/arm_controller/src/moveit_interface.cpp:41:20:[m[K [01;31m[Kerror: [m[Kbase operand of ‘[01m[K->[m[K’ has non-pointer type ‘[01m[Kgeometry_msgs::msg::PoseStamped[m[K’ {aka ‘[01m[Kgeometry_msgs::msg::PoseStamped_<std::allocator<void> >[m[K’}
[18.164s]    41 |         target_pose[01;31m[K->[m[Kpose.orientation.x = v(0) * std::sin(th / 2);
[18.164s]       |                    [01;31m[K^~[m[K
[18.165s] [01m[K/home/dihim/me326_ws/src/arm_controller/src/moveit_interface.cpp:42:20:[m[K [01;31m[Kerror: [m[Kbase operand of ‘[01m[K->[m[K’ has non-pointer type ‘[01m[Kgeometry_msgs::msg::PoseStamped[m[K’ {aka ‘[01m[Kgeometry_msgs::msg::PoseStamped_<std::allocator<void> >[m[K’}
[18.165s]    42 |         target_pose[01;31m[K->[m[Kpose.orientation.y = v(1) * std::sin(th / 2);
[18.165s]       |                    [01;31m[K^~[m[K
[18.166s] [01m[K/home/dihim/me326_ws/src/arm_controller/src/moveit_interface.cpp:43:20:[m[K [01;31m[Kerror: [m[Kbase operand of ‘[01m[K->[m[K’ has non-pointer type ‘[01m[Kgeometry_msgs::msg::PoseStamped[m[K’ {aka ‘[01m[Kgeometry_msgs::msg::PoseStamped_<std::allocator<void> >[m[K’}
[18.166s]    43 |         target_pose[01;31m[K->[m[Kpose.orientation.z = v(2) * std::sin(th / 2);
[18.166s]       |                    [01;31m[K^~[m[K
[18.167s] [01m[K/home/dihim/me326_ws/src/arm_controller/src/moveit_interface.cpp:44:20:[m[K [01;31m[Kerror: [m[Kbase operand of ‘[01m[K->[m[K’ has non-pointer type ‘[01m[Kgeometry_msgs::msg::PoseStamped[m[K’ {aka ‘[01m[Kgeometry_msgs::msg::PoseStamped_<std::allocator<void> >[m[K’}
[18.167s]    44 |         target_pose[01;31m[K->[m[Kpose.orientation.w = std::cos(th / 2);
[18.167s]       |                    [01;31m[K^~[m[K
[18.167s] [01m[K/home/dihim/me326_ws/src/arm_controller/src/moveit_interface.cpp:48:59:[m[K [01;31m[Kerror: [m[Kbase operand of ‘[01m[K->[m[K’ has non-pointer type ‘[01m[Kgeometry_msgs::msg::PoseStamped[m[K’ {aka ‘[01m[Kgeometry_msgs::msg::PoseStamped_<std::allocator<void> >[m[K’}
[18.167s]    48 |         moveit_interface_->moveit_plan_ee_pose(target_pose[01;31m[K->[m[Kpose);
[18.167s]       |                                                           [01;31m[K^~[m[K
[18.167s] [01m[K/home/dihim/me326_ws/src/arm_controller/src/moveit_interface.cpp:[m[K In member function ‘[01m[Kvoid MyNode::drop_callback(geometry_msgs::msg::PoseStamped_<std::allocator<void> >::SharedPtr) const[m[K’:
[18.167s] [01m[K/home/dihim/me326_ws/src/arm_controller/src/moveit_interface.cpp:55:41:[m[K [01;31m[Kerror: [m[Kdeclaration of ‘[01m[Kgeometry_msgs::msg::PoseStamped target_pose[m[K’ shadows a parameter
[18.167s]    55 |         geometry_msgs::msg::PoseStamped [01;31m[Ktarget_pose[m[K = pose;
[18.167s]       |                                         [01;31m[K^~~~~~~~~~~[m[K
[18.172s] [01m[K/home/dihim/me326_ws/src/arm_controller/src/moveit_interface.cpp:55:55:[m[K [01;31m[Kerror: [m[K‘[01m[Kpose[m[K’ was not declared in this scope
[18.172s]    55 |         geometry_msgs::msg::PoseStamped target_pose = [01;31m[Kpose[m[K;
[18.172s]       |                                                       [01;31m[K^~~~[m[K
[18.172s] [01m[K/home/dihim/me326_ws/src/arm_controller/src/moveit_interface.cpp:61:20:[m[K [01;31m[Kerror: [m[Kbase operand of ‘[01m[K->[m[K’ has non-pointer type ‘[01m[Kgeometry_msgs::msg::PoseStamped[m[K’ {aka ‘[01m[Kgeometry_msgs::msg::PoseStamped_<std::allocator<void> >[m[K’}
[18.173s]    61 |         target_pose[01;31m[K->[m[Kpose.position.z = 0.02; // Adjust the drop height as necessary.
[18.173s]       |                    [01;31m[K^~[m[K
[18.173s] [01m[K/home/dihim/me326_ws/src/arm_controller/src/moveit_interface.cpp:65:59:[m[K [01;31m[Kerror: [m[Kbase operand of ‘[01m[K->[m[K’ has non-pointer type ‘[01m[Kgeometry_msgs::msg::PoseStamped[m[K’ {aka ‘[01m[Kgeometry_msgs::msg::PoseStamped_<std::allocator<void> >[m[K’}
[18.173s]    65 |         moveit_interface_->moveit_plan_ee_pose(target_pose[01;31m[K->[m[Kpose);
[18.173s]       |                                                           [01;31m[K^~[m[K
[18.173s] [01m[K/home/dihim/me326_ws/src/arm_controller/src/moveit_interface.cpp:54:73:[m[K [01;35m[Kwarning: [m[Kunused parameter ‘[01m[Ktarget_pose[m[K’ [[01;35m[K-Wunused-parameter[m[K]
[18.173s]    54 | op_callback([01;35m[Kconst geometry_msgs::msg::PoseStamped::SharedPtr target_pose[m[K) const {
[18.173s]       |             [01;35m[K~~~~~~~~~~~~~~~~~~~~~~~~~~~~~~~~~~~~~~~~~~~~~~~~~^~~~~~~~~~~[m[K
[18.173s] 
[25.733s] make[2]: *** [CMakeFiles/arm_controller.dir/build.make:63: CMakeFiles/arm_controller.dir/src/moveit_interface.cpp.o] Error 1
[25.735s] make[1]: *** [CMakeFiles/Makefile2:78: CMakeFiles/arm_controller.dir/all] Error 2
[25.735s] make: *** [Makefile:141: all] Error 2
[25.762s] Invoked command in '/home/dihim/me326_ws/build/arm_controller' returned '2': CMAKE_PREFIX_PATH=${CMAKE_PREFIX_PATH}:/home/dihim/me326_ws/install/locobot_controller:/home/dihim/interbotix_ws/install/interbotix_xs_modules:/home/dihim/interbotix_ws/install/interbotix_perception_modules:/home/dihim/interbotix_ws/install/interbotix_common_modules:/opt/ros/galactic /usr/bin/cmake --build /home/dihim/me326_ws/build/arm_controller -- -j4 -l4
