[3.832s] Invoking command in '/home/dihim/me326_ws/build/arm_controller': CMAKE_PREFIX_PATH=/home/dihim/interbotix_ws/install/gazebo_ros_link_attacher:/home/dihim/me326_ws/install/locobot_yicheng:/home/dihim/me326_ws/install/la_msgs:/home/dihim/me326_ws/install/arm_controller:/home/dihim/me326_ws/install/locobot_controller:/home/dihim/interbotix_ws/install/interbotix_xs_modules:/home/dihim/interbotix_ws/install/interbotix_perception_modules:/home/dihim/interbotix_ws/install/interbotix_common_modules:/opt/ros/galactic:/home/dihim/me326_ws/install/gazebo_ros_link_attacher:/home/dihim/interbotix_ws/install/interbotix_moveit_interface:/home/dihim/interbotix_ws/install/arm_controller:/home/dihim/interbotix_ws/install/moveit_visual_tools:/home/dihim/interbotix_ws/install/interbotix_xslocobot_sim:/home/dihim/interbotix_ws/install/interbotix_xslocobot_moveit:/home/dihim/interbotix_ws/install/interbotix_xslocobot_descriptions:/home/dihim/interbotix_ws/install/interbotix_xs_toolbox:/home/dihim/interbotix_ws/install/interbotix_xs_rviz:/home/dihim/interbotix_ws/install/interbotix_xs_ros_control:/home/dihim/interbotix_ws/install/interbotix_perception_toolbox:/home/dihim/interbotix_ws/install/interbotix_perception_pipelines:/home/dihim/interbotix_ws/install/interbotix_xs_msgs:/home/dihim/interbotix_ws/install/interbotix_tf_tools:/home/dihim/interbotix_ws/install/interbotix_perception_msgs:/home/dihim/interbotix_ws/install/interbotix_moveit_interface_msgs:/home/dihim/interbotix_ws/install/interbotix_common_toolbox:/home/dihim/interbotix_ws/install/interbotix_common_sim /usr/bin/cmake --build /home/dihim/me326_ws/build/arm_controller -- -j4 -l4
[5.529s] [35m[1mScanning dependencies of target arm_controller[0m
[5.529s] [ 33%] [32mBuilding CXX object CMakeFiles/arm_controller.dir/src/moveit_interface.cpp.o[0m
[17.655s] [01m[K/home/dihim/me326_ws/src/arm_controller/src/moveit_interface.cpp:92:20:[m[K [01;31m[Kerror: [m[K‘[01m[Kgazebo_ros_link_attacher[m[K’ was not declared in this scope
[17.655s]    92 |     rclcpp::Client<[01;31m[Kgazebo_ros_link_attacher[m[K::srv::Attach>::SharedPtr attach_client_;
[17.655s]       |                    [01;31m[K^~~~~~~~~~~~~~~~~~~~~~~~[m[K
[17.655s] [01m[K/home/dihim/me326_ws/src/arm_controller/src/moveit_interface.cpp:92:57:[m[K [01;31m[Kerror: [m[Ktemplate argument 1 is invalid
[17.655s]    92 |     rclcpp::Client<gazebo_ros_link_attacher::srv::Attach[01;31m[K>[m[K::SharedPtr attach_client_;
[17.655s]       |                                                         [01;31m[K^[m[K
[17.656s] [01m[K/home/dihim/me326_ws/src/arm_controller/src/moveit_interface.cpp:92:60:[m[K [01;31m[Kerror: [m[Kexpected ‘[01m[K;[m[K’ at end of member declaration
[17.656s]    92 |     rclcpp::Client<gazebo_ros_link_attacher::srv::Attach>::[01;31m[KSharedPtr[m[K attach_client_;
[17.656s]       |                                                            [01;31m[K^~~~~~~~~[m[K
[17.656s]       |                                                                     [32m[K;[m[K
[17.692s] [01m[K/home/dihim/me326_ws/src/arm_controller/src/moveit_interface.cpp:92:70:[m[K [01;31m[Kerror: [m[K‘[01m[Kattach_client_[m[K’ does not name a type
[17.692s]    92 | clcpp::Client<gazebo_ros_link_attacher::srv::Attach>::SharedPtr [01;31m[Kattach_client_[m[K;
[17.692s]       |                                                                 [01;31m[K^~~~~~~~~~~~~~[m[K
[17.692s] 
[27.857s] make[2]: *** [CMakeFiles/arm_controller.dir/build.make:63: CMakeFiles/arm_controller.dir/src/moveit_interface.cpp.o] Error 1
[27.857s] make[1]: *** [CMakeFiles/Makefile2:78: CMakeFiles/arm_controller.dir/all] Error 2
[27.857s] make: *** [Makefile:141: all] Error 2
[27.893s] Invoked command in '/home/dihim/me326_ws/build/arm_controller' returned '2': CMAKE_PREFIX_PATH=/home/dihim/interbotix_ws/install/gazebo_ros_link_attacher:/home/dihim/me326_ws/install/locobot_yicheng:/home/dihim/me326_ws/install/la_msgs:/home/dihim/me326_ws/install/arm_controller:/home/dihim/me326_ws/install/locobot_controller:/home/dihim/interbotix_ws/install/interbotix_xs_modules:/home/dihim/interbotix_ws/install/interbotix_perception_modules:/home/dihim/interbotix_ws/install/interbotix_common_modules:/opt/ros/galactic:/home/dihim/me326_ws/install/gazebo_ros_link_attacher:/home/dihim/interbotix_ws/install/interbotix_moveit_interface:/home/dihim/interbotix_ws/install/arm_controller:/home/dihim/interbotix_ws/install/moveit_visual_tools:/home/dihim/interbotix_ws/install/interbotix_xslocobot_sim:/home/dihim/interbotix_ws/install/interbotix_xslocobot_moveit:/home/dihim/interbotix_ws/install/interbotix_xslocobot_descriptions:/home/dihim/interbotix_ws/install/interbotix_xs_toolbox:/home/dihim/interbotix_ws/install/interbotix_xs_rviz:/home/dihim/interbotix_ws/install/interbotix_xs_ros_control:/home/dihim/interbotix_ws/install/interbotix_perception_toolbox:/home/dihim/interbotix_ws/install/interbotix_perception_pipelines:/home/dihim/interbotix_ws/install/interbotix_xs_msgs:/home/dihim/interbotix_ws/install/interbotix_tf_tools:/home/dihim/interbotix_ws/install/interbotix_perception_msgs:/home/dihim/interbotix_ws/install/interbotix_moveit_interface_msgs:/home/dihim/interbotix_ws/install/interbotix_common_toolbox:/home/dihim/interbotix_ws/install/interbotix_common_sim /usr/bin/cmake --build /home/dihim/me326_ws/build/arm_controller -- -j4 -l4
