[0.706s] Invoking command in '/home/dihim/me326_ws/build/gazebo_ros_link_attacher': CMAKE_PREFIX_PATH=${CMAKE_PREFIX_PATH}:/home/dihim/interbotix_ws/install/interbotix_xs_modules:/home/dihim/interbotix_ws/install/interbotix_perception_modules:/home/dihim/interbotix_ws/install/interbotix_common_modules:/opt/ros/galactic /usr/bin/cmake --build /home/dihim/me326_ws/build/gazebo_ros_link_attacher -- -j4 -l4
[1.001s] -- Found ament_cmake: 1.1.6 (/opt/ros/galactic/share/ament_cmake/cmake)
[1.001s] -- Found PythonInterp: /usr/bin/python3 (found suitable version "3.8.10", minimum required is "3") 
[1.001s] -- Using PYTHON_EXECUTABLE: /usr/bin/python3
[1.001s] -- Found rclcpp: 9.2.2 (/opt/ros/galactic/share/rclcpp/cmake)
[1.001s] -- Using all available rosidl_typesupport_c: rosidl_typesupport_fastrtps_c;rosidl_typesupport_introspection_c
[1.001s] -- Found rosidl_adapter: 2.2.3 (/opt/ros/galactic/share/rosidl_adapter/cmake)
[1.001s] -- Using all available rosidl_typesupport_cpp: rosidl_typesupport_fastrtps_cpp;rosidl_typesupport_introspection_cpp
[1.001s] -- Found rmw_implementation_cmake: 3.3.1 (/opt/ros/galactic/share/rmw_implementation_cmake/cmake)
[1.001s] -- Found rmw_cyclonedds_cpp: 0.22.6 (/opt/ros/galactic/share/rmw_cyclonedds_cpp/cmake)
[1.001s] -- Using RMW implementation 'rmw_cyclonedds_cpp' as default
[1.001s] -- Found gazebo_ros: 3.5.2 (/opt/ros/galactic/share/gazebo_ros/cmake)
[1.021s] -- Found DART: /usr/include (Required is at least version "6.6") found components: dart 
[1.044s] -- Found Protobuf: /usr/lib/aarch64-linux-gnu/libprotobuf.so;-lpthread (found version "3.6.1") 
[1.045s] -- Looking for ignition-math6 -- found version 6.15.1
[1.048s] -- Searching for dependencies of ignition-math6
[1.049s] -- Looking for OGRE...
[1.052s] -- Found Ogre Ghadamon (1.9.0)
[1.053s] -- Found OGRE: optimized;/usr/lib/aarch64-linux-gnu/libOgreMain.so;debug;/usr/lib/aarch64-linux-gnu/libOgreMain.so
[1.058s] -- Looking for OGRE_Paging...
[1.059s] -- Found OGRE_Paging: optimized;/usr/lib/aarch64-linux-gnu/libOgrePaging.so;debug;/usr/lib/aarch64-linux-gnu/libOgrePaging.so
[1.059s] -- Looking for OGRE_Terrain...
[1.059s] -- Found OGRE_Terrain: optimized;/usr/lib/aarch64-linux-gnu/libOgreTerrain.so;debug;/usr/lib/aarch64-linux-gnu/libOgreTerrain.so
[1.059s] -- Looking for OGRE_Property...
[1.059s] -- Found OGRE_Property: optimized;/usr/lib/aarch64-linux-gnu/libOgreProperty.so;debug;/usr/lib/aarch64-linux-gnu/libOgreProperty.so
[1.059s] -- Looking for OGRE_RTShaderSystem...
[1.059s] -- Found OGRE_RTShaderSystem: optimized;/usr/lib/aarch64-linux-gnu/libOgreRTShaderSystem.so;debug;/usr/lib/aarch64-linux-gnu/libOgreRTShaderSystem.so
[1.059s] -- Looking for OGRE_Volume...
[1.059s] -- Found OGRE_Volume: optimized;/usr/lib/aarch64-linux-gnu/libOgreVolume.so;debug;/usr/lib/aarch64-linux-gnu/libOgreVolume.so
[1.059s] -- Looking for OGRE_Overlay...
[1.059s] -- Found OGRE_Overlay: optimized;/usr/lib/aarch64-linux-gnu/libOgreOverlay.so;debug;/usr/lib/aarch64-linux-gnu/libOgreOverlay.so
[1.153s] -- Looking for ignition-math6 -- found version 6.15.1
[1.154s] -- Looking for ignition-transport8 -- found version 8.3.0
[1.154s] -- Searching for dependencies of ignition-transport8
[1.167s] -- Found Protobuf: /usr/lib/aarch64-linux-gnu/libprotobuf.so;-lpthread (found suitable version "3.6.1", minimum required is "3") 
[1.177s] -- Config-file not installed for ZeroMQ -- checking for pkg-config
[1.179s] -- Checking for module 'libzmq >= 4'
[1.187s] --   Found libzmq , version 4.3.2
[1.212s] -- Checking for module 'uuid'
[1.221s] --   Found uuid, version 2.34.0
[1.238s] -- Looking for ignition-msgs5 -- found version 5.10.0
[1.238s] -- Searching for dependencies of ignition-msgs5
[1.252s] -- Looking for ignition-math6 -- found version 6.15.1
[1.255s] -- Checking for module 'tinyxml2'
[1.264s] --   Found tinyxml2, version 6.2.0
[1.286s] -- Looking for ignition-msgs5 -- found version 5.10.0
[1.286s] -- Looking for ignition-common3 -- found version 3.14.2
[1.286s] -- Searching for dependencies of ignition-common3
[1.286s] -- Looking for dlfcn.h - found
[1.287s] -- Looking for libdl - found
[1.290s] -- Searching for <ignition-common3> component [graphics]
[1.290s] -- Looking for ignition-common3-graphics -- found version 3.14.2
[1.290s] -- Searching for dependencies of ignition-common3-graphics
[1.290s] -- Looking for ignition-math6 -- found version 6.15.1
[1.291s] -- Looking for ignition-fuel_tools4 -- found version 4.6.0
[1.292s] -- Searching for dependencies of ignition-fuel_tools4
[1.306s] -- Checking for module 'jsoncpp'
[1.315s] --   Found jsoncpp, version 1.7.4
[1.337s] -- Checking for module 'libzip'
[1.345s] --   Found libzip, version 1.5.1
[1.364s] -- Looking for ignition-common3 -- found version 3.14.2
[1.364s] -- Looking for ignition-math6 -- found version 6.15.1
[1.364s] -- Looking for ignition-msgs5 -- found version 5.10.0
[1.364s] -- Gazebo version: 11.11
[1.368s] -- Found rosidl_default_generators: 1.1.1 (/opt/ros/galactic/share/rosidl_default_generators/cmake)
[1.385s] -- Found PythonInterp: /usr/bin/python3 (found version "3.8.10") 
[1.463s] -- Found ament_cmake_ros: 0.9.2 (/opt/ros/galactic/share/ament_cmake_ros/cmake)
[1.567s] -- Using all available rosidl_typesupport_c: rosidl_typesupport_fastrtps_c;rosidl_typesupport_introspection_c
[1.598s] -- Using all available rosidl_typesupport_cpp: rosidl_typesupport_fastrtps_cpp;rosidl_typesupport_introspection_cpp
[1.613s] -- Found PythonInterp: /usr/bin/python3 (found suitable version "3.8.10", minimum required is "3.5") 
[1.613s] -- Found python_cmake_module: 0.8.1 (/opt/ros/galactic/share/python_cmake_module/cmake)
[1.626s] -- Using PYTHON_EXECUTABLE: /usr/bin/python3
[1.626s] -- Using PYTHON_INCLUDE_DIRS: /usr/include/python3.8
[1.626s] -- Using PYTHON_LIBRARIES: /usr/lib/aarch64-linux-gnu/libpython3.8.so
[1.649s] -- Found rmw_fastrtps_cpp: 5.0.2 (/opt/ros/galactic/share/rmw_fastrtps_cpp/cmake)
[1.733s] -- Configuring done
[1.814s] -- Generating done
[1.817s] -- Build files have been written to: /home/dihim/me326_ws/build/gazebo_ros_link_attacher
[1.840s] [ 11%] Built target gazebo_ros_link_attacher__rosidl_generator_c
[1.840s] [ 11%] Built target gazebo_ros_link_attacher__cpp
[1.856s] [ 20%] Built target gazebo_ros_link_attacher__rosidl_typesupport_c
[1.856s] [ 28%] Built target gazebo_ros_link_attacher__rosidl_typesupport_introspection_c
[1.877s] [ 37%] Built target gazebo_ros_link_attacher__rosidl_typesupport_introspection_cpp
[1.879s] [ 45%] Built target gazebo_ros_link_attacher__rosidl_typesupport_fastrtps_cpp
[1.884s] [ 54%] Built target gazebo_ros_link_attacher__rosidl_typesupport_cpp
[1.897s] [ 62%] Built target gazebo_ros_link_attacher__rosidl_typesupport_fastrtps_c
[1.907s] [ 62%] Built target gazebo_ros_link_attacher
[1.917s] [ 65%] Built target gazebo_ros_link_attacher__py
[1.932s] [ 71%] Built target gazebo_ros_link_attacher__python
[1.933s] [ 77%] Built target gazebo_ros_link_attacher_plugin
[1.958s] [ 82%] Built target gazebo_ros_link_attacher__rosidl_typesupport_introspection_c__pyext
[1.966s] [ 88%] Built target gazebo_ros_link_attacher__rosidl_typesupport_fastrtps_c__pyext
[1.966s] [ 94%] Built target gazebo_ros_link_attacher__rosidl_typesupport_c__pyext
[1.971s] [ 97%] [32m[1mLinking CXX executable gazebo_ros_link_attacher_node[0m
[2.481s] /usr/bin/ld: /usr/lib/gcc/aarch64-linux-gnu/9/../../../aarch64-linux-gnu/Scrt1.o: in function `_start':
[2.481s] (.text+0x18): undefined reference to `main'
[2.481s] /usr/bin/ld: (.text+0x1c): undefined reference to `main'
[2.481s] collect2: error: ld returned 1 exit status
[2.482s] make[2]: *** [CMakeFiles/gazebo_ros_link_attacher_node.dir/build.make:283: gazebo_ros_link_attacher_node] Error 1
[2.482s] make[1]: *** [CMakeFiles/Makefile2:424: CMakeFiles/gazebo_ros_link_attacher_node.dir/all] Error 2
[2.482s] make: *** [Makefile:141: all] Error 2
[2.483s] Invoked command in '/home/dihim/me326_ws/build/gazebo_ros_link_attacher' returned '2': CMAKE_PREFIX_PATH=${CMAKE_PREFIX_PATH}:/home/dihim/interbotix_ws/install/interbotix_xs_modules:/home/dihim/interbotix_ws/install/interbotix_perception_modules:/home/dihim/interbotix_ws/install/interbotix_common_modules:/opt/ros/galactic /usr/bin/cmake --build /home/dihim/me326_ws/build/gazebo_ros_link_attacher -- -j4 -l4
