[0.179s] Invoking command in '/home/yicheng/me326_ws/build/locobot_yicheng': CMAKE_PREFIX_PATH=${CMAKE_PREFIX_PATH}:/home/yicheng/interbotix_ws/install/interbotix_xs_modules:/home/yicheng/interbotix_ws/install/interbotix_perception_modules:/home/yicheng/interbotix_ws/install/interbotix_common_modules:/opt/ros/galactic /usr/bin/cmake --build /home/yicheng/me326_ws/build/locobot_yicheng -- -j8 -l8
[0.225s] Invoked command in '/home/yicheng/me326_ws/build/locobot_yicheng' returned '0': CMAKE_PREFIX_PATH=${CMAKE_PREFIX_PATH}:/home/yicheng/interbotix_ws/install/interbotix_xs_modules:/home/yicheng/interbotix_ws/install/interbotix_perception_modules:/home/yicheng/interbotix_ws/install/interbotix_common_modules:/opt/ros/galactic /usr/bin/cmake --build /home/yicheng/me326_ws/build/locobot_yicheng -- -j8 -l8
[0.261s] Invoking command in '/home/yicheng/me326_ws/build/locobot_yicheng': CMAKE_PREFIX_PATH=${CMAKE_PREFIX_PATH}:/home/yicheng/interbotix_ws/install/interbotix_xs_modules:/home/yicheng/interbotix_ws/install/interbotix_perception_modules:/home/yicheng/interbotix_ws/install/interbotix_common_modules:/opt/ros/galactic /usr/bin/cmake --install /home/yicheng/me326_ws/build/locobot_yicheng
[0.270s] -- Install configuration: ""
[0.270s] -- Installing: /home/yicheng/me326_ws/install/locobot_yicheng/lib/locobot_yicheng/locobot_control.py
[0.270s] -- Up-to-date: /home/yicheng/me326_ws/install/locobot_yicheng/share/ament_index/resource_index/package_run_dependencies/locobot_yicheng
[0.270s] -- Up-to-date: /home/yicheng/me326_ws/install/locobot_yicheng/share/ament_index/resource_index/parent_prefix_path/locobot_yicheng
[0.270s] -- Up-to-date: /home/yicheng/me326_ws/install/locobot_yicheng/share/locobot_yicheng/environment/ament_prefix_path.sh
[0.271s] -- Up-to-date: /home/yicheng/me326_ws/install/locobot_yicheng/share/locobot_yicheng/environment/ament_prefix_path.dsv
[0.271s] -- Up-to-date: /home/yicheng/me326_ws/install/locobot_yicheng/share/locobot_yicheng/environment/path.sh
[0.271s] -- Up-to-date: /home/yicheng/me326_ws/install/locobot_yicheng/share/locobot_yicheng/environment/path.dsv
[0.271s] -- Up-to-date: /home/yicheng/me326_ws/install/locobot_yicheng/share/locobot_yicheng/local_setup.bash
[0.271s] -- Up-to-date: /home/yicheng/me326_ws/install/locobot_yicheng/share/locobot_yicheng/local_setup.sh
[0.271s] -- Up-to-date: /home/yicheng/me326_ws/install/locobot_yicheng/share/locobot_yicheng/local_setup.zsh
[0.271s] -- Up-to-date: /home/yicheng/me326_ws/install/locobot_yicheng/share/locobot_yicheng/local_setup.dsv
[0.271s] -- Installing: /home/yicheng/me326_ws/install/locobot_yicheng/share/locobot_yicheng/package.dsv
[0.271s] -- Up-to-date: /home/yicheng/me326_ws/install/locobot_yicheng/share/ament_index/resource_index/packages/locobot_yicheng
[0.271s] -- Up-to-date: /home/yicheng/me326_ws/install/locobot_yicheng/share/locobot_yicheng/cmake/locobot_yichengConfig.cmake
[0.271s] -- Up-to-date: /home/yicheng/me326_ws/install/locobot_yicheng/share/locobot_yicheng/cmake/locobot_yichengConfig-version.cmake
[0.272s] -- Up-to-date: /home/yicheng/me326_ws/install/locobot_yicheng/share/locobot_yicheng/package.xml
[0.272s] Invoked command in '/home/yicheng/me326_ws/build/locobot_yicheng' returned '0': CMAKE_PREFIX_PATH=${CMAKE_PREFIX_PATH}:/home/yicheng/interbotix_ws/install/interbotix_xs_modules:/home/yicheng/interbotix_ws/install/interbotix_perception_modules:/home/yicheng/interbotix_ws/install/interbotix_common_modules:/opt/ros/galactic /usr/bin/cmake --install /home/yicheng/me326_ws/build/locobot_yicheng
