[2.189s] DEBUG:colcon:Command line arguments: ['/usr/bin/colcon', 'build']
[2.189s] DEBUG:colcon:Parsed command line arguments: Namespace(allow_overriding=[], ament_cmake_args=None, base_paths=['.'], build_base='build', catkin_cmake_args=None, catkin_skip_building_tests=False, cmake_args=None, cmake_clean_cache=False, cmake_clean_first=False, cmake_force_configure=False, cmake_target=None, cmake_target_skip_unavailable=False, continue_on_error=False, event_handlers=None, executor='parallel', ignore_user_meta=False, install_base='install', log_base=None, log_level=None, main=<bound method BuildVerb.main of <colcon_core.verb.build.BuildVerb object at 0xffff9046e4c0>>, merge_install=False, metas=['./colcon.meta'], packages_above=None, packages_above_and_dependencies=None, packages_above_depth=None, packages_end=None, packages_ignore=None, packages_ignore_regex=None, packages_select=None, packages_select_build_failed=False, packages_select_by_dep=None, packages_select_regex=None, packages_select_test_failures=False, packages_skip=None, packages_skip_build_finished=False, packages_skip_by_dep=None, packages_skip_regex=None, packages_skip_test_passed=False, packages_skip_up_to=None, packages_start=None, packages_up_to=None, packages_up_to_regex=None, parallel_workers=4, paths=None, symlink_install=False, test_result_base=None, verb_extension=<colcon_core.verb.build.BuildVerb object at 0xffff9046e4c0>, verb_name='build', verb_parser=<colcon_defaults.argument_parser.defaults.DefaultArgumentsDecorator object at 0xffff904abd00>)
[2.276s] Level 1:colcon.colcon_core.package_discovery:discover_packages(colcon_meta) check parameters
[2.276s] Level 1:colcon.colcon_core.package_discovery:discover_packages(recursive) check parameters
[2.276s] Level 1:colcon.colcon_core.package_discovery:discover_packages(ignore) check parameters
[2.276s] Level 1:colcon.colcon_core.package_discovery:discover_packages(path) check parameters
[2.276s] Level 1:colcon.colcon_core.package_discovery:discover_packages(colcon_meta) discover
[2.276s] Level 1:colcon.colcon_core.package_discovery:discover_packages(recursive) discover
[2.276s] INFO:colcon.colcon_core.package_discovery:Crawling recursively for packages in '/home/dihim/me326_ws'
[2.276s] Level 1:colcon.colcon_core.package_identification:_identify(.) by extensions ['ignore', 'ignore_ament_install']
[2.276s] Level 1:colcon.colcon_core.package_identification:_identify(.) by extension 'ignore'
[2.276s] Level 1:colcon.colcon_core.package_identification:_identify(.) by extension 'ignore_ament_install'
[2.276s] Level 1:colcon.colcon_core.package_identification:_identify(.) by extensions ['colcon_pkg']
[2.276s] Level 1:colcon.colcon_core.package_identification:_identify(.) by extension 'colcon_pkg'
[2.276s] Level 1:colcon.colcon_core.package_identification:_identify(.) by extensions ['colcon_meta']
[2.276s] Level 1:colcon.colcon_core.package_identification:_identify(.) by extension 'colcon_meta'
[2.276s] Level 1:colcon.colcon_core.package_identification:_identify(.) by extensions ['ros']
[2.276s] Level 1:colcon.colcon_core.package_identification:_identify(.) by extension 'ros'
[2.282s] Level 1:colcon.colcon_core.package_identification:_identify(.) by extensions ['cmake', 'python']
[2.282s] Level 1:colcon.colcon_core.package_identification:_identify(.) by extension 'cmake'
[2.282s] Level 1:colcon.colcon_core.package_identification:_identify(.) by extension 'python'
[2.282s] Level 1:colcon.colcon_core.package_identification:_identify(.) by extensions ['python_setup_py']
[2.282s] Level 1:colcon.colcon_core.package_identification:_identify(.) by extension 'python_setup_py'
[2.282s] Level 1:colcon.colcon_core.package_identification:_identify(build) by extensions ['ignore', 'ignore_ament_install']
[2.282s] Level 1:colcon.colcon_core.package_identification:_identify(build) by extension 'ignore'
[2.282s] Level 1:colcon.colcon_core.package_identification:_identify(build) ignored
[2.282s] Level 1:colcon.colcon_core.package_identification:_identify(install) by extensions ['ignore', 'ignore_ament_install']
[2.282s] Level 1:colcon.colcon_core.package_identification:_identify(install) by extension 'ignore'
[2.282s] Level 1:colcon.colcon_core.package_identification:_identify(install) ignored
[2.282s] Level 1:colcon.colcon_core.package_identification:_identify(log) by extensions ['ignore', 'ignore_ament_install']
[2.282s] Level 1:colcon.colcon_core.package_identification:_identify(log) by extension 'ignore'
[2.282s] Level 1:colcon.colcon_core.package_identification:_identify(log) ignored
[2.282s] Level 1:colcon.colcon_core.package_identification:_identify(src) by extensions ['ignore', 'ignore_ament_install']
[2.282s] Level 1:colcon.colcon_core.package_identification:_identify(src) by extension 'ignore'
[2.282s] Level 1:colcon.colcon_core.package_identification:_identify(src) by extension 'ignore_ament_install'
[2.282s] Level 1:colcon.colcon_core.package_identification:_identify(src) by extensions ['colcon_pkg']
[2.282s] Level 1:colcon.colcon_core.package_identification:_identify(src) by extension 'colcon_pkg'
[2.282s] Level 1:colcon.colcon_core.package_identification:_identify(src) by extensions ['colcon_meta']
[2.282s] Level 1:colcon.colcon_core.package_identification:_identify(src) by extension 'colcon_meta'
[2.282s] Level 1:colcon.colcon_core.package_identification:_identify(src) by extensions ['ros']
[2.282s] Level 1:colcon.colcon_core.package_identification:_identify(src) by extension 'ros'
[2.282s] Level 1:colcon.colcon_core.package_identification:_identify(src) by extensions ['cmake', 'python']
[2.282s] Level 1:colcon.colcon_core.package_identification:_identify(src) by extension 'cmake'
[2.282s] Level 1:colcon.colcon_core.package_identification:_identify(src) by extension 'python'
[2.282s] Level 1:colcon.colcon_core.package_identification:_identify(src) by extensions ['python_setup_py']
[2.282s] Level 1:colcon.colcon_core.package_identification:_identify(src) by extension 'python_setup_py'
[2.282s] Level 1:colcon.colcon_core.package_identification:_identify(src/apriltag_ros) by extensions ['ignore', 'ignore_ament_install']
[2.282s] Level 1:colcon.colcon_core.package_identification:_identify(src/apriltag_ros) by extension 'ignore'
[2.282s] Level 1:colcon.colcon_core.package_identification:_identify(src/apriltag_ros) by extension 'ignore_ament_install'
[2.283s] Level 1:colcon.colcon_core.package_identification:_identify(src/apriltag_ros) by extensions ['colcon_pkg']
[2.283s] Level 1:colcon.colcon_core.package_identification:_identify(src/apriltag_ros) by extension 'colcon_pkg'
[2.283s] Level 1:colcon.colcon_core.package_identification:_identify(src/apriltag_ros) by extensions ['colcon_meta']
[2.283s] Level 1:colcon.colcon_core.package_identification:_identify(src/apriltag_ros) by extension 'colcon_meta'
[2.283s] Level 1:colcon.colcon_core.package_identification:_identify(src/apriltag_ros) by extensions ['ros']
[2.283s] Level 1:colcon.colcon_core.package_identification:_identify(src/apriltag_ros) by extension 'ros'
[2.283s] Level 1:colcon.colcon_core.package_identification:_identify(src/apriltag_ros) by extensions ['cmake', 'python']
[2.283s] Level 1:colcon.colcon_core.package_identification:_identify(src/apriltag_ros) by extension 'cmake'
[2.283s] Level 1:colcon.colcon_core.package_identification:_identify(src/apriltag_ros) by extension 'python'
[2.283s] Level 1:colcon.colcon_core.package_identification:_identify(src/apriltag_ros) by extensions ['python_setup_py']
[2.283s] Level 1:colcon.colcon_core.package_identification:_identify(src/apriltag_ros) by extension 'python_setup_py'
[2.283s] Level 1:colcon.colcon_core.package_identification:_identify(src/arm_controller) by extensions ['ignore', 'ignore_ament_install']
[2.283s] Level 1:colcon.colcon_core.package_identification:_identify(src/arm_controller) by extension 'ignore'
[2.283s] Level 1:colcon.colcon_core.package_identification:_identify(src/arm_controller) by extension 'ignore_ament_install'
[2.283s] Level 1:colcon.colcon_core.package_identification:_identify(src/arm_controller) by extensions ['colcon_pkg']
[2.283s] Level 1:colcon.colcon_core.package_identification:_identify(src/arm_controller) by extension 'colcon_pkg'
[2.283s] Level 1:colcon.colcon_core.package_identification:_identify(src/arm_controller) by extensions ['colcon_meta']
[2.283s] Level 1:colcon.colcon_core.package_identification:_identify(src/arm_controller) by extension 'colcon_meta'
[2.283s] Level 1:colcon.colcon_core.package_identification:_identify(src/arm_controller) by extensions ['ros']
[2.283s] Level 1:colcon.colcon_core.package_identification:_identify(src/arm_controller) by extension 'ros'
[2.284s] DEBUG:colcon.colcon_core.package_identification:Package 'src/arm_controller' with type 'ros.ament_cmake' and name 'arm_controller'
[2.284s] Level 1:colcon.colcon_core.package_identification:_identify(src/la_msgs) by extensions ['ignore', 'ignore_ament_install']
[2.284s] Level 1:colcon.colcon_core.package_identification:_identify(src/la_msgs) by extension 'ignore'
[2.284s] Level 1:colcon.colcon_core.package_identification:_identify(src/la_msgs) by extension 'ignore_ament_install'
[2.284s] Level 1:colcon.colcon_core.package_identification:_identify(src/la_msgs) by extensions ['colcon_pkg']
[2.284s] Level 1:colcon.colcon_core.package_identification:_identify(src/la_msgs) by extension 'colcon_pkg'
[2.284s] Level 1:colcon.colcon_core.package_identification:_identify(src/la_msgs) by extensions ['colcon_meta']
[2.284s] Level 1:colcon.colcon_core.package_identification:_identify(src/la_msgs) by extension 'colcon_meta'
[2.284s] Level 1:colcon.colcon_core.package_identification:_identify(src/la_msgs) by extensions ['ros']
[2.284s] Level 1:colcon.colcon_core.package_identification:_identify(src/la_msgs) by extension 'ros'
[2.285s] DEBUG:colcon.colcon_core.package_identification:Package 'src/la_msgs' with type 'ros.ament_cmake' and name 'la_msgs'
[2.285s] Level 1:colcon.colcon_core.package_identification:_identify(src/locobot_controller) by extensions ['ignore', 'ignore_ament_install']
[2.285s] Level 1:colcon.colcon_core.package_identification:_identify(src/locobot_controller) by extension 'ignore'
[2.285s] Level 1:colcon.colcon_core.package_identification:_identify(src/locobot_controller) by extension 'ignore_ament_install'
[2.285s] Level 1:colcon.colcon_core.package_identification:_identify(src/locobot_controller) by extensions ['colcon_pkg']
[2.285s] Level 1:colcon.colcon_core.package_identification:_identify(src/locobot_controller) by extension 'colcon_pkg'
[2.285s] Level 1:colcon.colcon_core.package_identification:_identify(src/locobot_controller) by extensions ['colcon_meta']
[2.285s] Level 1:colcon.colcon_core.package_identification:_identify(src/locobot_controller) by extension 'colcon_meta'
[2.285s] Level 1:colcon.colcon_core.package_identification:_identify(src/locobot_controller) by extensions ['ros']
[2.285s] Level 1:colcon.colcon_core.package_identification:_identify(src/locobot_controller) by extension 'ros'
[2.285s] DEBUG:colcon.colcon_core.package_identification:Package 'src/locobot_controller' with type 'ros.ament_python' and name 'locobot_controller'
[2.285s] Level 1:colcon.colcon_core.package_identification:_identify(src/locobot_yicheng) by extensions ['ignore', 'ignore_ament_install']
[2.285s] Level 1:colcon.colcon_core.package_identification:_identify(src/locobot_yicheng) by extension 'ignore'
[2.285s] Level 1:colcon.colcon_core.package_identification:_identify(src/locobot_yicheng) by extension 'ignore_ament_install'
[2.285s] Level 1:colcon.colcon_core.package_identification:_identify(src/locobot_yicheng) by extensions ['colcon_pkg']
[2.285s] Level 1:colcon.colcon_core.package_identification:_identify(src/locobot_yicheng) by extension 'colcon_pkg'
[2.285s] Level 1:colcon.colcon_core.package_identification:_identify(src/locobot_yicheng) by extensions ['colcon_meta']
[2.285s] Level 1:colcon.colcon_core.package_identification:_identify(src/locobot_yicheng) by extension 'colcon_meta'
[2.286s] Level 1:colcon.colcon_core.package_identification:_identify(src/locobot_yicheng) by extensions ['ros']
[2.286s] Level 1:colcon.colcon_core.package_identification:_identify(src/locobot_yicheng) by extension 'ros'
[2.286s] DEBUG:colcon.colcon_core.package_identification:Package 'src/locobot_yicheng' with type 'ros.ament_cmake' and name 'locobot_yicheng'
[2.286s] Level 1:colcon.colcon_core.package_discovery:discover_packages(recursive) using defaults
[2.286s] Level 1:colcon.colcon_core.package_discovery:discover_packages(ignore) discover
[2.286s] Level 1:colcon.colcon_core.package_discovery:discover_packages(ignore) using defaults
[2.286s] Level 1:colcon.colcon_core.package_discovery:discover_packages(path) discover
[2.286s] Level 1:colcon.colcon_core.package_discovery:discover_packages(path) using defaults
[2.498s] Level 1:colcon.colcon_core.package_discovery:discover_packages(prefix_path) check parameters
[2.498s] Level 1:colcon.colcon_core.package_discovery:discover_packages(prefix_path) discover
[2.577s] DEBUG:colcon.colcon_installed_package_information.package_discovery:Found 21 installed packages in /home/dihim/interbotix_ws/install
[2.618s] DEBUG:colcon.colcon_installed_package_information.package_discovery:Found 348 installed packages in /opt/ros/galactic
[2.619s] Level 1:colcon.colcon_core.package_discovery:discover_packages(prefix_path) using defaults
[2.738s] Level 5:colcon.colcon_core.verb:set package 'arm_controller' build argument 'cmake_args' from command line to 'None'
[2.738s] Level 5:colcon.colcon_core.verb:set package 'arm_controller' build argument 'cmake_target' from command line to 'None'
[2.738s] Level 5:colcon.colcon_core.verb:set package 'arm_controller' build argument 'cmake_target_skip_unavailable' from command line to 'False'
[2.738s] Level 5:colcon.colcon_core.verb:set package 'arm_controller' build argument 'cmake_clean_cache' from command line to 'False'
[2.738s] Level 5:colcon.colcon_core.verb:set package 'arm_controller' build argument 'cmake_clean_first' from command line to 'False'
[2.738s] Level 5:colcon.colcon_core.verb:set package 'arm_controller' build argument 'cmake_force_configure' from command line to 'False'
[2.738s] Level 5:colcon.colcon_core.verb:set package 'arm_controller' build argument 'ament_cmake_args' from command line to 'None'
[2.739s] Level 5:colcon.colcon_core.verb:set package 'arm_controller' build argument 'catkin_cmake_args' from command line to 'None'
[2.739s] Level 5:colcon.colcon_core.verb:set package 'arm_controller' build argument 'catkin_skip_building_tests' from command line to 'False'
[2.739s] DEBUG:colcon.colcon_core.verb:Building package 'arm_controller' with the following arguments: {'ament_cmake_args': None, 'build_base': '/home/dihim/me326_ws/build/arm_controller', 'catkin_cmake_args': None, 'catkin_skip_building_tests': False, 'cmake_args': None, 'cmake_clean_cache': False, 'cmake_clean_first': False, 'cmake_force_configure': False, 'cmake_target': None, 'cmake_target_skip_unavailable': False, 'install_base': '/home/dihim/me326_ws/install/arm_controller', 'merge_install': False, 'path': '/home/dihim/me326_ws/src/arm_controller', 'symlink_install': False, 'test_result_base': None}
[2.778s] Level 5:colcon.colcon_core.verb:set package 'la_msgs' build argument 'cmake_args' from command line to 'None'
[2.778s] Level 5:colcon.colcon_core.verb:set package 'la_msgs' build argument 'cmake_target' from command line to 'None'
[2.778s] Level 5:colcon.colcon_core.verb:set package 'la_msgs' build argument 'cmake_target_skip_unavailable' from command line to 'False'
[2.778s] Level 5:colcon.colcon_core.verb:set package 'la_msgs' build argument 'cmake_clean_cache' from command line to 'False'
[2.778s] Level 5:colcon.colcon_core.verb:set package 'la_msgs' build argument 'cmake_clean_first' from command line to 'False'
[2.778s] Level 5:colcon.colcon_core.verb:set package 'la_msgs' build argument 'cmake_force_configure' from command line to 'False'
[2.778s] Level 5:colcon.colcon_core.verb:set package 'la_msgs' build argument 'ament_cmake_args' from command line to 'None'
[2.778s] Level 5:colcon.colcon_core.verb:set package 'la_msgs' build argument 'catkin_cmake_args' from command line to 'None'
[2.778s] Level 5:colcon.colcon_core.verb:set package 'la_msgs' build argument 'catkin_skip_building_tests' from command line to 'False'
[2.778s] DEBUG:colcon.colcon_core.verb:Building package 'la_msgs' with the following arguments: {'ament_cmake_args': None, 'build_base': '/home/dihim/me326_ws/build/la_msgs', 'catkin_cmake_args': None, 'catkin_skip_building_tests': False, 'cmake_args': None, 'cmake_clean_cache': False, 'cmake_clean_first': False, 'cmake_force_configure': False, 'cmake_target': None, 'cmake_target_skip_unavailable': False, 'install_base': '/home/dihim/me326_ws/install/la_msgs', 'merge_install': False, 'path': '/home/dihim/me326_ws/src/la_msgs', 'symlink_install': False, 'test_result_base': None}
[2.820s] Level 5:colcon.colcon_core.verb:set package 'locobot_controller' build argument 'cmake_args' from command line to 'None'
[2.820s] Level 5:colcon.colcon_core.verb:set package 'locobot_controller' build argument 'cmake_target' from command line to 'None'
[2.820s] Level 5:colcon.colcon_core.verb:set package 'locobot_controller' build argument 'cmake_target_skip_unavailable' from command line to 'False'
[2.820s] Level 5:colcon.colcon_core.verb:set package 'locobot_controller' build argument 'cmake_clean_cache' from command line to 'False'
[2.820s] Level 5:colcon.colcon_core.verb:set package 'locobot_controller' build argument 'cmake_clean_first' from command line to 'False'
[2.820s] Level 5:colcon.colcon_core.verb:set package 'locobot_controller' build argument 'cmake_force_configure' from command line to 'False'
[2.820s] Level 5:colcon.colcon_core.verb:set package 'locobot_controller' build argument 'ament_cmake_args' from command line to 'None'
[2.820s] Level 5:colcon.colcon_core.verb:set package 'locobot_controller' build argument 'catkin_cmake_args' from command line to 'None'
[2.820s] Level 5:colcon.colcon_core.verb:set package 'locobot_controller' build argument 'catkin_skip_building_tests' from command line to 'False'
[2.820s] DEBUG:colcon.colcon_core.verb:Building package 'locobot_controller' with the following arguments: {'ament_cmake_args': None, 'build_base': '/home/dihim/me326_ws/build/locobot_controller', 'catkin_cmake_args': None, 'catkin_skip_building_tests': False, 'cmake_args': None, 'cmake_clean_cache': False, 'cmake_clean_first': False, 'cmake_force_configure': False, 'cmake_target': None, 'cmake_target_skip_unavailable': False, 'install_base': '/home/dihim/me326_ws/install/locobot_controller', 'merge_install': False, 'path': '/home/dihim/me326_ws/src/locobot_controller', 'symlink_install': False, 'test_result_base': None}
[2.862s] Level 5:colcon.colcon_core.verb:set package 'locobot_yicheng' build argument 'cmake_args' from command line to 'None'
[2.862s] Level 5:colcon.colcon_core.verb:set package 'locobot_yicheng' build argument 'cmake_target' from command line to 'None'
[2.862s] Level 5:colcon.colcon_core.verb:set package 'locobot_yicheng' build argument 'cmake_target_skip_unavailable' from command line to 'False'
[2.862s] Level 5:colcon.colcon_core.verb:set package 'locobot_yicheng' build argument 'cmake_clean_cache' from command line to 'False'
[2.862s] Level 5:colcon.colcon_core.verb:set package 'locobot_yicheng' build argument 'cmake_clean_first' from command line to 'False'
[2.862s] Level 5:colcon.colcon_core.verb:set package 'locobot_yicheng' build argument 'cmake_force_configure' from command line to 'False'
[2.862s] Level 5:colcon.colcon_core.verb:set package 'locobot_yicheng' build argument 'ament_cmake_args' from command line to 'None'
[2.862s] Level 5:colcon.colcon_core.verb:set package 'locobot_yicheng' build argument 'catkin_cmake_args' from command line to 'None'
[2.862s] Level 5:colcon.colcon_core.verb:set package 'locobot_yicheng' build argument 'catkin_skip_building_tests' from command line to 'False'
[2.862s] DEBUG:colcon.colcon_core.verb:Building package 'locobot_yicheng' with the following arguments: {'ament_cmake_args': None, 'build_base': '/home/dihim/me326_ws/build/locobot_yicheng', 'catkin_cmake_args': None, 'catkin_skip_building_tests': False, 'cmake_args': None, 'cmake_clean_cache': False, 'cmake_clean_first': False, 'cmake_force_configure': False, 'cmake_target': None, 'cmake_target_skip_unavailable': False, 'install_base': '/home/dihim/me326_ws/install/locobot_yicheng', 'merge_install': False, 'path': '/home/dihim/me326_ws/src/locobot_yicheng', 'symlink_install': False, 'test_result_base': None}
[2.903s] INFO:colcon.colcon_core.executor:Executing jobs using 'parallel' executor
[2.943s] DEBUG:colcon.colcon_parallel_executor.executor.parallel:run_until_complete
[2.944s] INFO:colcon.colcon_ros.task.ament_cmake.build:Building ROS package in '/home/dihim/me326_ws/src/arm_controller' with build type 'ament_cmake'
[2.944s] INFO:colcon.colcon_cmake.task.cmake.build:Building CMake package in '/home/dihim/me326_ws/src/arm_controller'
[2.988s] INFO:colcon.colcon_core.plugin_system:Skipping extension 'colcon_core.shell.bat': Not used on non-Windows systems
[2.988s] INFO:colcon.colcon_core.shell:Skip shell extension 'powershell' for command environment: Not usable outside of PowerShell
[2.988s] DEBUG:colcon.colcon_core.shell:Skip shell extension 'dsv' for command environment
[3.116s] INFO:colcon.colcon_ros.task.ament_cmake.build:Building ROS package in '/home/dihim/me326_ws/src/la_msgs' with build type 'ament_cmake'
[3.116s] INFO:colcon.colcon_cmake.task.cmake.build:Building CMake package in '/home/dihim/me326_ws/src/la_msgs'
[3.162s] INFO:colcon.colcon_core.shell:Skip shell extension 'powershell' for command environment: Not usable outside of PowerShell
[3.163s] DEBUG:colcon.colcon_core.shell:Skip shell extension 'dsv' for command environment
[3.296s] INFO:colcon.colcon_ros.task.ament_python.build:Building ROS package in '/home/dihim/me326_ws/src/locobot_controller' with build type 'ament_python'
[3.296s] Level 1:colcon.colcon_core.shell:create_environment_hook('locobot_controller', 'ament_prefix_path')
[3.340s] INFO:colcon.colcon_core.shell:Creating environment hook '/home/dihim/me326_ws/install/locobot_controller/share/locobot_controller/hook/ament_prefix_path.ps1'
[3.341s] INFO:colcon.colcon_core.shell:Creating environment descriptor '/home/dihim/me326_ws/install/locobot_controller/share/locobot_controller/hook/ament_prefix_path.dsv'
[3.341s] INFO:colcon.colcon_core.shell:Creating environment hook '/home/dihim/me326_ws/install/locobot_controller/share/locobot_controller/hook/ament_prefix_path.sh'
[3.387s] INFO:colcon.colcon_core.shell:Skip shell extension 'powershell' for command environment: Not usable outside of PowerShell
[3.387s] DEBUG:colcon.colcon_core.shell:Skip shell extension 'dsv' for command environment
[3.518s] INFO:colcon.colcon_ros.task.ament_cmake.build:Building ROS package in '/home/dihim/me326_ws/src/locobot_yicheng' with build type 'ament_cmake'
[3.518s] INFO:colcon.colcon_cmake.task.cmake.build:Building CMake package in '/home/dihim/me326_ws/src/locobot_yicheng'
[3.562s] INFO:colcon.colcon_core.shell:Skip shell extension 'powershell' for command environment: Not usable outside of PowerShell
[3.562s] DEBUG:colcon.colcon_core.shell:Skip shell extension 'dsv' for command environment
[3.696s] DEBUG:colcon.colcon_core.event_handler.log_command:Invoking command in '/home/dihim/me326_ws/build/arm_controller': CMAKE_PREFIX_PATH=${CMAKE_PREFIX_PATH}:/home/dihim/interbotix_ws/install/interbotix_xs_modules:/home/dihim/interbotix_ws/install/interbotix_perception_modules:/home/dihim/interbotix_ws/install/interbotix_common_modules:/opt/ros/galactic /usr/bin/cmake --build /home/dihim/me326_ws/build/arm_controller -- -j4 -l4
[3.700s] DEBUG:colcon.colcon_core.event_handler.log_command:Invoking command in '/home/dihim/me326_ws/build/la_msgs': CMAKE_PREFIX_PATH=${CMAKE_PREFIX_PATH}:/home/dihim/interbotix_ws/install/interbotix_xs_modules:/home/dihim/interbotix_ws/install/interbotix_perception_modules:/home/dihim/interbotix_ws/install/interbotix_common_modules:/opt/ros/galactic /usr/bin/cmake --build /home/dihim/me326_ws/build/la_msgs -- -j4 -l4
[3.830s] INFO:colcon.colcon_core.task.python.build:Building Python package in '/home/dihim/me326_ws/src/locobot_controller'
[3.874s] INFO:colcon.colcon_core.shell:Skip shell extension 'powershell' for command environment: Not usable outside of PowerShell
[3.874s] DEBUG:colcon.colcon_core.shell:Skip shell extension 'dsv' for command environment
[4.032s] DEBUG:colcon.colcon_core.event_handler.log_command:Invoking command in '/home/dihim/me326_ws/build/locobot_yicheng': CMAKE_PREFIX_PATH=${CMAKE_PREFIX_PATH}:/home/dihim/interbotix_ws/install/interbotix_xs_modules:/home/dihim/interbotix_ws/install/interbotix_perception_modules:/home/dihim/interbotix_ws/install/interbotix_common_modules:/opt/ros/galactic /usr/bin/cmake --build /home/dihim/me326_ws/build/locobot_yicheng -- -j4 -l4
[4.034s] DEBUG:colcon.colcon_core.event_handler.log_command:Invoked command in '/home/dihim/me326_ws/build/la_msgs' returned '0': CMAKE_PREFIX_PATH=${CMAKE_PREFIX_PATH}:/home/dihim/interbotix_ws/install/interbotix_xs_modules:/home/dihim/interbotix_ws/install/interbotix_perception_modules:/home/dihim/interbotix_ws/install/interbotix_common_modules:/opt/ros/galactic /usr/bin/cmake --build /home/dihim/me326_ws/build/la_msgs -- -j4 -l4
[4.073s] DEBUG:colcon.colcon_core.event_handler.log_command:Invoked command in '/home/dihim/me326_ws/build/locobot_yicheng' returned '0': CMAKE_PREFIX_PATH=${CMAKE_PREFIX_PATH}:/home/dihim/interbotix_ws/install/interbotix_xs_modules:/home/dihim/interbotix_ws/install/interbotix_perception_modules:/home/dihim/interbotix_ws/install/interbotix_common_modules:/opt/ros/galactic /usr/bin/cmake --build /home/dihim/me326_ws/build/locobot_yicheng -- -j4 -l4
[4.149s] DEBUG:colcon.colcon_core.event_handler.log_command:Invoking command in '/home/dihim/me326_ws/build/locobot_yicheng': CMAKE_PREFIX_PATH=${CMAKE_PREFIX_PATH}:/home/dihim/interbotix_ws/install/interbotix_xs_modules:/home/dihim/interbotix_ws/install/interbotix_perception_modules:/home/dihim/interbotix_ws/install/interbotix_common_modules:/opt/ros/galactic /usr/bin/cmake --install /home/dihim/me326_ws/build/locobot_yicheng
[4.159s] Level 1:colcon.colcon_core.environment:create_environment_scripts_only(locobot_yicheng)
[4.164s] DEBUG:colcon.colcon_core.event_handler.log_command:Invoked command in '/home/dihim/me326_ws/build/locobot_yicheng' returned '0': CMAKE_PREFIX_PATH=${CMAKE_PREFIX_PATH}:/home/dihim/interbotix_ws/install/interbotix_xs_modules:/home/dihim/interbotix_ws/install/interbotix_perception_modules:/home/dihim/interbotix_ws/install/interbotix_common_modules:/opt/ros/galactic /usr/bin/cmake --install /home/dihim/me326_ws/build/locobot_yicheng
[4.208s] Level 1:colcon.colcon_core.environment:checking '/home/dihim/me326_ws/install/locobot_yicheng' for CMake module files
[4.208s] Level 1:colcon.colcon_core.environment:checking '/home/dihim/me326_ws/install/locobot_yicheng' for CMake config files
[4.208s] Level 1:colcon.colcon_core.shell:create_environment_hook('locobot_yicheng', 'cmake_prefix_path')
[4.254s] INFO:colcon.colcon_core.shell:Creating environment hook '/home/dihim/me326_ws/install/locobot_yicheng/share/locobot_yicheng/hook/cmake_prefix_path.ps1'
[4.255s] INFO:colcon.colcon_core.shell:Creating environment descriptor '/home/dihim/me326_ws/install/locobot_yicheng/share/locobot_yicheng/hook/cmake_prefix_path.dsv'
[4.255s] INFO:colcon.colcon_core.shell:Creating environment hook '/home/dihim/me326_ws/install/locobot_yicheng/share/locobot_yicheng/hook/cmake_prefix_path.sh'
[4.256s] Level 1:colcon.colcon_core.environment:checking '/home/dihim/me326_ws/install/locobot_yicheng/lib'
[4.256s] Level 1:colcon.colcon_core.environment:checking '/home/dihim/me326_ws/install/locobot_yicheng/bin'
[4.256s] Level 1:colcon.colcon_core.environment:checking '/home/dihim/me326_ws/install/locobot_yicheng/lib/pkgconfig/locobot_yicheng.pc'
[4.256s] Level 1:colcon.colcon_core.environment:checking '/home/dihim/me326_ws/install/locobot_yicheng/lib/python3.8/site-packages'
[4.256s] Level 1:colcon.colcon_core.environment:checking '/home/dihim/me326_ws/install/locobot_yicheng/bin'
[4.299s] INFO:colcon.colcon_core.shell:Creating package script '/home/dihim/me326_ws/install/locobot_yicheng/share/locobot_yicheng/package.ps1'
[4.299s] INFO:colcon.colcon_core.shell:Creating package descriptor '/home/dihim/me326_ws/install/locobot_yicheng/share/locobot_yicheng/package.dsv'
[4.300s] INFO:colcon.colcon_core.shell:Creating package script '/home/dihim/me326_ws/install/locobot_yicheng/share/locobot_yicheng/package.sh'
[4.300s] INFO:colcon.colcon_core.shell:Creating package script '/home/dihim/me326_ws/install/locobot_yicheng/share/locobot_yicheng/package.bash'
[4.300s] INFO:colcon.colcon_core.shell:Creating package script '/home/dihim/me326_ws/install/locobot_yicheng/share/locobot_yicheng/package.zsh'
[4.301s] Level 1:colcon.colcon_core.environment:create_file_with_runtime_dependencies(/home/dihim/me326_ws/install/locobot_yicheng/share/colcon-core/packages/locobot_yicheng)
[4.305s] DEBUG:colcon.colcon_core.event_handler.log_command:Invoking command in '/home/dihim/me326_ws/build/la_msgs': CMAKE_PREFIX_PATH=${CMAKE_PREFIX_PATH}:/home/dihim/interbotix_ws/install/interbotix_xs_modules:/home/dihim/interbotix_ws/install/interbotix_perception_modules:/home/dihim/interbotix_ws/install/interbotix_common_modules:/opt/ros/galactic /usr/bin/cmake --install /home/dihim/me326_ws/build/la_msgs
[4.314s] DEBUG:colcon.colcon_core.event_handler.log_command:Invoking command in '/home/dihim/me326_ws/src/locobot_controller': PYTHONPATH=/home/dihim/me326_ws/build/locobot_controller/prefix_override:/home/dihim/me326_ws/install/locobot_controller/lib/python3.8/site-packages:${PYTHONPATH} /usr/bin/python3 setup.py egg_info --egg-base ../../build/locobot_controller build --build-base /home/dihim/me326_ws/build/locobot_controller/build install --record /home/dihim/me326_ws/build/locobot_controller/install.log --single-version-externally-managed
[4.357s] Level 1:colcon.colcon_core.environment:create_environment_scripts_only(la_msgs)
[4.364s] DEBUG:colcon.colcon_core.event_handler.log_command:Invoked command in '/home/dihim/me326_ws/build/la_msgs' returned '0': CMAKE_PREFIX_PATH=${CMAKE_PREFIX_PATH}:/home/dihim/interbotix_ws/install/interbotix_xs_modules:/home/dihim/interbotix_ws/install/interbotix_perception_modules:/home/dihim/interbotix_ws/install/interbotix_common_modules:/opt/ros/galactic /usr/bin/cmake --install /home/dihim/me326_ws/build/la_msgs
[4.403s] Level 1:colcon.colcon_core.environment:checking '/home/dihim/me326_ws/install/la_msgs' for CMake module files
[4.404s] Level 1:colcon.colcon_core.environment:checking '/home/dihim/me326_ws/install/la_msgs' for CMake config files
[4.404s] Level 1:colcon.colcon_core.shell:create_environment_hook('la_msgs', 'cmake_prefix_path')
[4.450s] INFO:colcon.colcon_core.shell:Creating environment hook '/home/dihim/me326_ws/install/la_msgs/share/la_msgs/hook/cmake_prefix_path.ps1'
[4.450s] INFO:colcon.colcon_core.shell:Creating environment descriptor '/home/dihim/me326_ws/install/la_msgs/share/la_msgs/hook/cmake_prefix_path.dsv'
[4.450s] INFO:colcon.colcon_core.shell:Creating environment hook '/home/dihim/me326_ws/install/la_msgs/share/la_msgs/hook/cmake_prefix_path.sh'
[4.451s] Level 1:colcon.colcon_core.environment:checking '/home/dihim/me326_ws/install/la_msgs/lib'
[4.451s] Level 1:colcon.colcon_core.shell:create_environment_hook('la_msgs', 'ld_library_path_lib')
[4.498s] INFO:colcon.colcon_core.shell:Creating environment hook '/home/dihim/me326_ws/install/la_msgs/share/la_msgs/hook/ld_library_path_lib.ps1'
[4.498s] INFO:colcon.colcon_core.shell:Creating environment descriptor '/home/dihim/me326_ws/install/la_msgs/share/la_msgs/hook/ld_library_path_lib.dsv'
[4.498s] INFO:colcon.colcon_core.shell:Creating environment hook '/home/dihim/me326_ws/install/la_msgs/share/la_msgs/hook/ld_library_path_lib.sh'
[4.499s] Level 1:colcon.colcon_core.environment:checking '/home/dihim/me326_ws/install/la_msgs/bin'
[4.499s] Level 1:colcon.colcon_core.environment:checking '/home/dihim/me326_ws/install/la_msgs/lib/pkgconfig/la_msgs.pc'
[4.499s] Level 1:colcon.colcon_core.environment:checking '/home/dihim/me326_ws/install/la_msgs/lib/python3.8/site-packages'
[4.499s] Level 1:colcon.colcon_core.shell:create_environment_hook('la_msgs', 'pythonpath')
[4.542s] INFO:colcon.colcon_core.shell:Creating environment hook '/home/dihim/me326_ws/install/la_msgs/share/la_msgs/hook/pythonpath.ps1'
[4.543s] INFO:colcon.colcon_core.shell:Creating environment descriptor '/home/dihim/me326_ws/install/la_msgs/share/la_msgs/hook/pythonpath.dsv'
[4.543s] INFO:colcon.colcon_core.shell:Creating environment hook '/home/dihim/me326_ws/install/la_msgs/share/la_msgs/hook/pythonpath.sh'
[4.543s] Level 1:colcon.colcon_core.environment:checking '/home/dihim/me326_ws/install/la_msgs/bin'
[4.588s] INFO:colcon.colcon_core.shell:Creating package script '/home/dihim/me326_ws/install/la_msgs/share/la_msgs/package.ps1'
[4.589s] INFO:colcon.colcon_core.shell:Creating package descriptor '/home/dihim/me326_ws/install/la_msgs/share/la_msgs/package.dsv'
[4.589s] INFO:colcon.colcon_core.shell:Creating package script '/home/dihim/me326_ws/install/la_msgs/share/la_msgs/package.sh'
[4.589s] INFO:colcon.colcon_core.shell:Creating package script '/home/dihim/me326_ws/install/la_msgs/share/la_msgs/package.bash'
[4.590s] INFO:colcon.colcon_core.shell:Creating package script '/home/dihim/me326_ws/install/la_msgs/share/la_msgs/package.zsh'
[4.590s] Level 1:colcon.colcon_core.environment:create_file_with_runtime_dependencies(/home/dihim/me326_ws/install/la_msgs/share/colcon-core/packages/la_msgs)
[4.643s] Level 1:colcon.colcon_core.environment:create_environment_scripts_only(locobot_yicheng)
[4.686s] Level 1:colcon.colcon_core.environment:checking '/home/dihim/me326_ws/install/locobot_yicheng' for CMake module files
[4.687s] Level 1:colcon.colcon_core.environment:checking '/home/dihim/me326_ws/install/locobot_yicheng' for CMake config files
[4.687s] Level 1:colcon.colcon_core.shell:create_environment_hook('locobot_yicheng', 'cmake_prefix_path')
[4.730s] INFO:colcon.colcon_core.shell:Creating environment hook '/home/dihim/me326_ws/install/locobot_yicheng/share/locobot_yicheng/hook/cmake_prefix_path.ps1'
[4.731s] INFO:colcon.colcon_core.shell:Creating environment descriptor '/home/dihim/me326_ws/install/locobot_yicheng/share/locobot_yicheng/hook/cmake_prefix_path.dsv'
[4.731s] INFO:colcon.colcon_core.shell:Creating environment hook '/home/dihim/me326_ws/install/locobot_yicheng/share/locobot_yicheng/hook/cmake_prefix_path.sh'
[4.731s] Level 1:colcon.colcon_core.environment:checking '/home/dihim/me326_ws/install/locobot_yicheng/lib'
[4.731s] Level 1:colcon.colcon_core.environment:checking '/home/dihim/me326_ws/install/locobot_yicheng/bin'
[4.731s] Level 1:colcon.colcon_core.environment:checking '/home/dihim/me326_ws/install/locobot_yicheng/lib/pkgconfig/locobot_yicheng.pc'
[4.731s] Level 1:colcon.colcon_core.environment:checking '/home/dihim/me326_ws/install/locobot_yicheng/lib/python3.8/site-packages'
[4.731s] Level 1:colcon.colcon_core.environment:checking '/home/dihim/me326_ws/install/locobot_yicheng/bin'
[4.773s] INFO:colcon.colcon_core.shell:Creating package script '/home/dihim/me326_ws/install/locobot_yicheng/share/locobot_yicheng/package.ps1'
[4.774s] INFO:colcon.colcon_core.shell:Creating package descriptor '/home/dihim/me326_ws/install/locobot_yicheng/share/locobot_yicheng/package.dsv'
[4.774s] INFO:colcon.colcon_core.shell:Creating package script '/home/dihim/me326_ws/install/locobot_yicheng/share/locobot_yicheng/package.sh'
[4.774s] INFO:colcon.colcon_core.shell:Creating package script '/home/dihim/me326_ws/install/locobot_yicheng/share/locobot_yicheng/package.bash'
[4.774s] INFO:colcon.colcon_core.shell:Creating package script '/home/dihim/me326_ws/install/locobot_yicheng/share/locobot_yicheng/package.zsh'
[4.775s] Level 1:colcon.colcon_core.environment:create_file_with_runtime_dependencies(/home/dihim/me326_ws/install/locobot_yicheng/share/colcon-core/packages/locobot_yicheng)
[4.776s] DEBUG:colcon.colcon_core.event_handler.log_command:Invoked command in '/home/dihim/me326_ws/src/locobot_controller' returned '0': PYTHONPATH=/home/dihim/me326_ws/build/locobot_controller/prefix_override:/home/dihim/me326_ws/install/locobot_controller/lib/python3.8/site-packages:${PYTHONPATH} /usr/bin/python3 setup.py egg_info --egg-base ../../build/locobot_controller build --build-base /home/dihim/me326_ws/build/locobot_controller/build install --record /home/dihim/me326_ws/build/locobot_controller/install.log --single-version-externally-managed
[4.819s] Level 1:colcon.colcon_core.environment:checking '/home/dihim/me326_ws/install/locobot_controller' for CMake module files
[4.819s] Level 1:colcon.colcon_core.environment:checking '/home/dihim/me326_ws/install/locobot_controller' for CMake config files
[4.819s] Level 1:colcon.colcon_core.environment:checking '/home/dihim/me326_ws/install/locobot_controller/lib'
[4.819s] Level 1:colcon.colcon_core.environment:checking '/home/dihim/me326_ws/install/locobot_controller/bin'
[4.819s] Level 1:colcon.colcon_core.environment:checking '/home/dihim/me326_ws/install/locobot_controller/lib/pkgconfig/locobot_controller.pc'
[4.819s] Level 1:colcon.colcon_core.environment:checking '/home/dihim/me326_ws/install/locobot_controller/lib/python3.8/site-packages'
[4.819s] Level 1:colcon.colcon_core.shell:create_environment_hook('locobot_controller', 'pythonpath')
[4.863s] INFO:colcon.colcon_core.shell:Creating environment hook '/home/dihim/me326_ws/install/locobot_controller/share/locobot_controller/hook/pythonpath.ps1'
[4.863s] INFO:colcon.colcon_core.shell:Creating environment descriptor '/home/dihim/me326_ws/install/locobot_controller/share/locobot_controller/hook/pythonpath.dsv'
[4.864s] INFO:colcon.colcon_core.shell:Creating environment hook '/home/dihim/me326_ws/install/locobot_controller/share/locobot_controller/hook/pythonpath.sh'
[4.864s] Level 1:colcon.colcon_core.environment:checking '/home/dihim/me326_ws/install/locobot_controller/bin'
[4.864s] Level 1:colcon.colcon_core.environment:create_environment_scripts_only(locobot_controller)
[4.908s] INFO:colcon.colcon_core.shell:Creating package script '/home/dihim/me326_ws/install/locobot_controller/share/locobot_controller/package.ps1'
[4.909s] INFO:colcon.colcon_core.shell:Creating package descriptor '/home/dihim/me326_ws/install/locobot_controller/share/locobot_controller/package.dsv'
[4.910s] INFO:colcon.colcon_core.shell:Creating package script '/home/dihim/me326_ws/install/locobot_controller/share/locobot_controller/package.sh'
[4.910s] INFO:colcon.colcon_core.shell:Creating package script '/home/dihim/me326_ws/install/locobot_controller/share/locobot_controller/package.bash'
[4.910s] INFO:colcon.colcon_core.shell:Creating package script '/home/dihim/me326_ws/install/locobot_controller/share/locobot_controller/package.zsh'
[4.910s] Level 1:colcon.colcon_core.environment:create_file_with_runtime_dependencies(/home/dihim/me326_ws/install/locobot_controller/share/colcon-core/packages/locobot_controller)
[4.955s] Level 1:colcon.colcon_core.environment:create_environment_scripts_only(la_msgs)
[5.000s] Level 1:colcon.colcon_core.environment:checking '/home/dihim/me326_ws/install/la_msgs' for CMake module files
[5.000s] Level 1:colcon.colcon_core.environment:checking '/home/dihim/me326_ws/install/la_msgs' for CMake config files
[5.000s] Level 1:colcon.colcon_core.shell:create_environment_hook('la_msgs', 'cmake_prefix_path')
[5.046s] INFO:colcon.colcon_core.shell:Creating environment hook '/home/dihim/me326_ws/install/la_msgs/share/la_msgs/hook/cmake_prefix_path.ps1'
[5.047s] INFO:colcon.colcon_core.shell:Creating environment descriptor '/home/dihim/me326_ws/install/la_msgs/share/la_msgs/hook/cmake_prefix_path.dsv'
[5.047s] INFO:colcon.colcon_core.shell:Creating environment hook '/home/dihim/me326_ws/install/la_msgs/share/la_msgs/hook/cmake_prefix_path.sh'
[5.047s] Level 1:colcon.colcon_core.environment:checking '/home/dihim/me326_ws/install/la_msgs/lib'
[5.048s] Level 1:colcon.colcon_core.shell:create_environment_hook('la_msgs', 'ld_library_path_lib')
[5.091s] INFO:colcon.colcon_core.shell:Creating environment hook '/home/dihim/me326_ws/install/la_msgs/share/la_msgs/hook/ld_library_path_lib.ps1'
[5.092s] INFO:colcon.colcon_core.shell:Creating environment descriptor '/home/dihim/me326_ws/install/la_msgs/share/la_msgs/hook/ld_library_path_lib.dsv'
[5.092s] INFO:colcon.colcon_core.shell:Creating environment hook '/home/dihim/me326_ws/install/la_msgs/share/la_msgs/hook/ld_library_path_lib.sh'
[5.092s] Level 1:colcon.colcon_core.environment:checking '/home/dihim/me326_ws/install/la_msgs/bin'
[5.092s] Level 1:colcon.colcon_core.environment:checking '/home/dihim/me326_ws/install/la_msgs/lib/pkgconfig/la_msgs.pc'
[5.092s] Level 1:colcon.colcon_core.environment:checking '/home/dihim/me326_ws/install/la_msgs/lib/python3.8/site-packages'
[5.092s] Level 1:colcon.colcon_core.shell:create_environment_hook('la_msgs', 'pythonpath')
[5.150s] INFO:colcon.colcon_core.shell:Creating environment hook '/home/dihim/me326_ws/install/la_msgs/share/la_msgs/hook/pythonpath.ps1'
[5.151s] INFO:colcon.colcon_core.shell:Creating environment descriptor '/home/dihim/me326_ws/install/la_msgs/share/la_msgs/hook/pythonpath.dsv'
[5.151s] INFO:colcon.colcon_core.shell:Creating environment hook '/home/dihim/me326_ws/install/la_msgs/share/la_msgs/hook/pythonpath.sh'
[5.152s] Level 1:colcon.colcon_core.environment:checking '/home/dihim/me326_ws/install/la_msgs/bin'
[5.199s] INFO:colcon.colcon_core.shell:Creating package script '/home/dihim/me326_ws/install/la_msgs/share/la_msgs/package.ps1'
[5.200s] INFO:colcon.colcon_core.shell:Creating package descriptor '/home/dihim/me326_ws/install/la_msgs/share/la_msgs/package.dsv'
[5.200s] INFO:colcon.colcon_core.shell:Creating package script '/home/dihim/me326_ws/install/la_msgs/share/la_msgs/package.sh'
[5.200s] INFO:colcon.colcon_core.shell:Creating package script '/home/dihim/me326_ws/install/la_msgs/share/la_msgs/package.bash'
[5.201s] INFO:colcon.colcon_core.shell:Creating package script '/home/dihim/me326_ws/install/la_msgs/share/la_msgs/package.zsh'
[5.201s] Level 1:colcon.colcon_core.environment:create_file_with_runtime_dependencies(/home/dihim/me326_ws/install/la_msgs/share/colcon-core/packages/la_msgs)
[8.748s] DEBUG:colcon.colcon_core.event_handler.log_command:Invoked command in '/home/dihim/me326_ws/build/arm_controller' returned '2': CMAKE_PREFIX_PATH=${CMAKE_PREFIX_PATH}:/home/dihim/interbotix_ws/install/interbotix_xs_modules:/home/dihim/interbotix_ws/install/interbotix_perception_modules:/home/dihim/interbotix_ws/install/interbotix_common_modules:/opt/ros/galactic /usr/bin/cmake --build /home/dihim/me326_ws/build/arm_controller -- -j4 -l4
[8.817s] Level 1:colcon.colcon_core.environment:create_environment_scripts_only(arm_controller)
[8.863s] Level 1:colcon.colcon_core.environment:checking '/home/dihim/me326_ws/install/arm_controller' for CMake module files
[8.863s] Level 1:colcon.colcon_core.environment:checking '/home/dihim/me326_ws/install/arm_controller' for CMake config files
[8.863s] Level 1:colcon.colcon_core.shell:create_environment_hook('arm_controller', 'cmake_prefix_path')
[8.910s] INFO:colcon.colcon_core.shell:Creating environment hook '/home/dihim/me326_ws/install/arm_controller/share/arm_controller/hook/cmake_prefix_path.ps1'
[8.910s] INFO:colcon.colcon_core.shell:Creating environment descriptor '/home/dihim/me326_ws/install/arm_controller/share/arm_controller/hook/cmake_prefix_path.dsv'
[8.911s] INFO:colcon.colcon_core.shell:Creating environment hook '/home/dihim/me326_ws/install/arm_controller/share/arm_controller/hook/cmake_prefix_path.sh'
[8.911s] Level 1:colcon.colcon_core.environment:checking '/home/dihim/me326_ws/install/arm_controller/lib'
[8.911s] Level 1:colcon.colcon_core.environment:checking '/home/dihim/me326_ws/install/arm_controller/bin'
[8.911s] Level 1:colcon.colcon_core.environment:checking '/home/dihim/me326_ws/install/arm_controller/lib/pkgconfig/arm_controller.pc'
[8.911s] Level 1:colcon.colcon_core.environment:checking '/home/dihim/me326_ws/install/arm_controller/lib/python3.8/site-packages'
[8.912s] Level 1:colcon.colcon_core.environment:checking '/home/dihim/me326_ws/install/arm_controller/bin'
[8.957s] INFO:colcon.colcon_core.shell:Creating package script '/home/dihim/me326_ws/install/arm_controller/share/arm_controller/package.ps1'
[8.958s] INFO:colcon.colcon_core.shell:Creating package descriptor '/home/dihim/me326_ws/install/arm_controller/share/arm_controller/package.dsv'
[8.958s] INFO:colcon.colcon_core.shell:Creating package script '/home/dihim/me326_ws/install/arm_controller/share/arm_controller/package.sh'
[8.959s] INFO:colcon.colcon_core.shell:Creating package script '/home/dihim/me326_ws/install/arm_controller/share/arm_controller/package.bash'
[8.959s] INFO:colcon.colcon_core.shell:Creating package script '/home/dihim/me326_ws/install/arm_controller/share/arm_controller/package.zsh'
[8.960s] Level 1:colcon.colcon_core.environment:create_file_with_runtime_dependencies(/home/dihim/me326_ws/install/arm_controller/share/colcon-core/packages/arm_controller)
[8.972s] DEBUG:colcon.colcon_parallel_executor.executor.parallel:closing loop
[8.972s] DEBUG:colcon.colcon_parallel_executor.executor.parallel:loop closed
[8.972s] DEBUG:colcon.colcon_parallel_executor.executor.parallel:run_until_complete finished with '2'
[8.972s] DEBUG:colcon.colcon_core.event_reactor:joining thread
[9.023s] INFO:colcon.colcon_core.plugin_system:Skipping extension 'colcon_notification.desktop_notification.terminal_notifier': Not used on non-Darwin systems
[9.023s] INFO:colcon.colcon_core.plugin_system:Skipping extension 'colcon_notification.desktop_notification.win32': Not used on non-Windows systems
[9.023s] INFO:colcon.colcon_notification.desktop_notification:Sending desktop notification using 'notify2'
[9.037s] DEBUG:colcon.colcon_core.event_reactor:joined thread
[9.085s] INFO:colcon.colcon_core.shell:Creating prefix script '/home/dihim/me326_ws/install/local_setup.ps1'
[9.085s] INFO:colcon.colcon_core.shell:Creating prefix util module '/home/dihim/me326_ws/install/_local_setup_util_ps1.py'
[9.086s] INFO:colcon.colcon_core.shell:Creating prefix chain script '/home/dihim/me326_ws/install/setup.ps1'
[9.133s] INFO:colcon.colcon_core.shell:Creating prefix script '/home/dihim/me326_ws/install/local_setup.sh'
[9.133s] INFO:colcon.colcon_core.shell:Creating prefix util module '/home/dihim/me326_ws/install/_local_setup_util_sh.py'
[9.134s] INFO:colcon.colcon_core.shell:Creating prefix chain script '/home/dihim/me326_ws/install/setup.sh'
[9.180s] INFO:colcon.colcon_core.shell:Creating prefix script '/home/dihim/me326_ws/install/local_setup.bash'
[9.180s] INFO:colcon.colcon_core.shell:Creating prefix chain script '/home/dihim/me326_ws/install/setup.bash'
[9.226s] INFO:colcon.colcon_core.shell:Creating prefix script '/home/dihim/me326_ws/install/local_setup.zsh'
[9.227s] INFO:colcon.colcon_core.shell:Creating prefix chain script '/home/dihim/me326_ws/install/setup.zsh'
