[0.184s] Invoking command in '/home/yicheng/me326_ws/build/locobot_autonomy': AMENT_PREFIX_PATH=/home/yicheng/me326_ws/install/la_msgs:${AMENT_PREFIX_PATH} CMAKE_PREFIX_PATH=/home/yicheng/me326_ws/install/la_msgs:/home/yicheng/interbotix_ws/install/interbotix_moveit_interface:/home/yicheng/interbotix_ws/install/moveit_visual_tools:/home/yicheng/interbotix_ws/install/interbotix_xslocobot_moveit:/home/yicheng/interbotix_ws/install/interbotix_xslocobot_ros_control:/home/yicheng/interbotix_ws/install/interbotix_xslocobot_sim:/home/yicheng/interbotix_ws/install/interbotix_xslocobot_descriptions:/home/yicheng/interbotix_ws/install/interbotix_xs_toolbox:/home/yicheng/interbotix_ws/install/interbotix_xs_rviz:/home/yicheng/interbotix_ws/install/interbotix_xs_ros_control:/home/yicheng/interbotix_ws/install/interbotix_perception_toolbox:/home/yicheng/interbotix_ws/install/interbotix_perception_pipelines:/home/yicheng/interbotix_ws/install/interbotix_xs_msgs:/home/yicheng/interbotix_ws/install/interbotix_tf_tools:/home/yicheng/interbotix_ws/install/interbotix_perception_msgs:/home/yicheng/interbotix_ws/install/interbotix_moveit_interface_msgs:/home/yicheng/interbotix_ws/install/interbotix_common_toolbox:/home/yicheng/interbotix_ws/install/interbotix_common_sim:/home/yicheng/interbotix_ws/install/interbotix_xs_modules:/home/yicheng/interbotix_ws/install/interbotix_perception_modules:/home/yicheng/interbotix_ws/install/interbotix_common_modules:/opt/ros/galactic LD_LIBRARY_PATH=/home/yicheng/me326_ws/install/la_msgs/lib:/home/yicheng/interbotix_ws/install/moveit_visual_tools/lib:/home/yicheng/interbotix_ws/install/interbotix_xs_rviz/lib:/home/yicheng/interbotix_ws/install/interbotix_xs_ros_control/lib:/home/yicheng/interbotix_ws/install/interbotix_xs_msgs/lib:/home/yicheng/interbotix_ws/install/interbotix_tf_tools/lib:/home/yicheng/interbotix_ws/install/interbotix_perception_msgs/lib:/home/yicheng/interbotix_ws/install/interbotix_moveit_interface_msgs/lib:/usr/lib/x86_64-linux-gnu/gazebo-11/plugins:/opt/ros/galactic/opt/yaml_cpp_vendor/lib:/opt/ros/galactic/opt/rviz_ogre_vendor/lib:/opt/ros/galactic/lib/x86_64-linux-gnu:/opt/ros/galactic/lib:/usr/share/gazebo/../../lib/x86_64-linux-gnu/gazebo-11/plugins PYTHONPATH=/home/yicheng/me326_ws/install/la_msgs/lib/python3.8/site-packages:${PYTHONPATH} /usr/bin/cmake /home/yicheng/me326_ws/locobot_autonomy -DCMAKE_INSTALL_PREFIX=/home/yicheng/me326_ws/install/locobot_autonomy
[0.194s] -- Found ament_cmake: 1.1.6 (/opt/ros/galactic/share/ament_cmake/cmake)
[0.211s] -- Using PYTHON_EXECUTABLE: /usr/bin/python3
[0.251s] -- Found rclcpp: 9.2.2 (/opt/ros/galactic/share/rclcpp/cmake)
[0.274s] -- Using all available rosidl_typesupport_c: rosidl_typesupport_fastrtps_c;rosidl_typesupport_introspection_c
[0.276s] -- Found rosidl_adapter: 2.2.3 (/opt/ros/galactic/share/rosidl_adapter/cmake)
[0.356s] -- Using all available rosidl_typesupport_cpp: rosidl_typesupport_fastrtps_cpp;rosidl_typesupport_introspection_cpp
[0.388s] -- Found rmw_implementation_cmake: 3.3.1 (/opt/ros/galactic/share/rmw_implementation_cmake/cmake)
[0.389s] -- Found rmw_cyclonedds_cpp: 0.22.6 (/opt/ros/galactic/share/rmw_cyclonedds_cpp/cmake)
[0.401s] -- Using RMW implementation 'rmw_cyclonedds_cpp' as default
[0.489s] -- Found rclpy: 1.9.3 (/opt/ros/galactic/share/rclpy/cmake)
[0.489s] -- Found geometry_msgs: 2.2.4 (/opt/ros/galactic/share/geometry_msgs/cmake)
[0.509s] -- Found nav_msgs: 2.2.4 (/opt/ros/galactic/share/nav_msgs/cmake)
[0.553s] -- Found visualization_msgs: 2.2.4 (/opt/ros/galactic/share/visualization_msgs/cmake)
[0.596s] -- Found sensor_msgs: 2.2.4 (/opt/ros/galactic/share/sensor_msgs/cmake)
[0.639s] -- Found rosidl_default_generators: 1.1.1 (/opt/ros/galactic/share/rosidl_default_generators/cmake)
[0.646s] -- Found action_msgs: 1.0.3 (/opt/ros/galactic/share/action_msgs/cmake)
[0.669s] -- Found tf2: 0.17.5 (/opt/ros/galactic/share/tf2/cmake)
[0.675s] -- Found tf2_ros: 0.17.5 (/opt/ros/galactic/share/tf2_ros/cmake)
[0.846s] -- Found tf2_eigen: 0.17.5 (/opt/ros/galactic/share/tf2_eigen/cmake)
[0.849s] -- Found tf2_geometry_msgs: 0.17.5 (/opt/ros/galactic/share/tf2_geometry_msgs/cmake)
[0.875s] CMake Error at CMakeLists.txt:33 (find_package):
[0.875s]   By not providing "Findtf_transformations.cmake" in CMAKE_MODULE_PATH this
[0.875s]   project has asked CMake to find a package configuration file provided by
[0.875s]   "tf_transformations", but CMake did not find one.
[0.875s] 
[0.875s]   Could not find a package configuration file provided by
[0.875s]   "tf_transformations" with any of the following names:
[0.875s] 
[0.875s]     tf_transformationsConfig.cmake
[0.875s]     tf_transformations-config.cmake
[0.875s] 
[0.875s]   Add the installation prefix of "tf_transformations" to CMAKE_PREFIX_PATH or
[0.875s]   set "tf_transformations_DIR" to a directory containing one of the above
[0.875s]   files.  If "tf_transformations" provides a separate development package or
[0.875s]   SDK, be sure it has been installed.
[0.875s] 
[0.875s] 
[0.876s] -- Configuring incomplete, errors occurred!
[0.876s] See also "/home/yicheng/me326_ws/build/locobot_autonomy/CMakeFiles/CMakeOutput.log".
[0.876s] See also "/home/yicheng/me326_ws/build/locobot_autonomy/CMakeFiles/CMakeError.log".
[0.882s] Invoked command in '/home/yicheng/me326_ws/build/locobot_autonomy' returned '1': AMENT_PREFIX_PATH=/home/yicheng/me326_ws/install/la_msgs:${AMENT_PREFIX_PATH} CMAKE_PREFIX_PATH=/home/yicheng/me326_ws/install/la_msgs:/home/yicheng/interbotix_ws/install/interbotix_moveit_interface:/home/yicheng/interbotix_ws/install/moveit_visual_tools:/home/yicheng/interbotix_ws/install/interbotix_xslocobot_moveit:/home/yicheng/interbotix_ws/install/interbotix_xslocobot_ros_control:/home/yicheng/interbotix_ws/install/interbotix_xslocobot_sim:/home/yicheng/interbotix_ws/install/interbotix_xslocobot_descriptions:/home/yicheng/interbotix_ws/install/interbotix_xs_toolbox:/home/yicheng/interbotix_ws/install/interbotix_xs_rviz:/home/yicheng/interbotix_ws/install/interbotix_xs_ros_control:/home/yicheng/interbotix_ws/install/interbotix_perception_toolbox:/home/yicheng/interbotix_ws/install/interbotix_perception_pipelines:/home/yicheng/interbotix_ws/install/interbotix_xs_msgs:/home/yicheng/interbotix_ws/install/interbotix_tf_tools:/home/yicheng/interbotix_ws/install/interbotix_perception_msgs:/home/yicheng/interbotix_ws/install/interbotix_moveit_interface_msgs:/home/yicheng/interbotix_ws/install/interbotix_common_toolbox:/home/yicheng/interbotix_ws/install/interbotix_common_sim:/home/yicheng/interbotix_ws/install/interbotix_xs_modules:/home/yicheng/interbotix_ws/install/interbotix_perception_modules:/home/yicheng/interbotix_ws/install/interbotix_common_modules:/opt/ros/galactic LD_LIBRARY_PATH=/home/yicheng/me326_ws/install/la_msgs/lib:/home/yicheng/interbotix_ws/install/moveit_visual_tools/lib:/home/yicheng/interbotix_ws/install/interbotix_xs_rviz/lib:/home/yicheng/interbotix_ws/install/interbotix_xs_ros_control/lib:/home/yicheng/interbotix_ws/install/interbotix_xs_msgs/lib:/home/yicheng/interbotix_ws/install/interbotix_tf_tools/lib:/home/yicheng/interbotix_ws/install/interbotix_perception_msgs/lib:/home/yicheng/interbotix_ws/install/interbotix_moveit_interface_msgs/lib:/usr/lib/x86_64-linux-gnu/gazebo-11/plugins:/opt/ros/galactic/opt/yaml_cpp_vendor/lib:/opt/ros/galactic/opt/rviz_ogre_vendor/lib:/opt/ros/galactic/lib/x86_64-linux-gnu:/opt/ros/galactic/lib:/usr/share/gazebo/../../lib/x86_64-linux-gnu/gazebo-11/plugins PYTHONPATH=/home/yicheng/me326_ws/install/la_msgs/lib/python3.8/site-packages:${PYTHONPATH} /usr/bin/cmake /home/yicheng/me326_ws/locobot_autonomy -DCMAKE_INSTALL_PREFIX=/home/yicheng/me326_ws/install/locobot_autonomy
