[0.204s] Invoking command in '/home/yicheng/me326_ws/build/locobot_autonomy': AMENT_PREFIX_PATH=/home/yicheng/me326_ws/install/la_msgs:${AMENT_PREFIX_PATH} CMAKE_PREFIX_PATH=/home/yicheng/me326_ws/install/la_msgs:/home/yicheng/interbotix_ws/install/interbotix_moveit_interface:/home/yicheng/interbotix_ws/install/moveit_visual_tools:/home/yicheng/interbotix_ws/install/interbotix_xslocobot_moveit:/home/yicheng/interbotix_ws/install/interbotix_xslocobot_ros_control:/home/yicheng/interbotix_ws/install/interbotix_xslocobot_sim:/home/yicheng/interbotix_ws/install/interbotix_xslocobot_descriptions:/home/yicheng/interbotix_ws/install/interbotix_xs_toolbox:/home/yicheng/interbotix_ws/install/interbotix_xs_rviz:/home/yicheng/interbotix_ws/install/interbotix_xs_ros_control:/home/yicheng/interbotix_ws/install/interbotix_perception_toolbox:/home/yicheng/interbotix_ws/install/interbotix_perception_pipelines:/home/yicheng/interbotix_ws/install/interbotix_xs_msgs:/home/yicheng/interbotix_ws/install/interbotix_tf_tools:/home/yicheng/interbotix_ws/install/interbotix_perception_msgs:/home/yicheng/interbotix_ws/install/interbotix_moveit_interface_msgs:/home/yicheng/interbotix_ws/install/interbotix_common_toolbox:/home/yicheng/interbotix_ws/install/interbotix_common_sim:/home/yicheng/interbotix_ws/install/interbotix_xs_modules:/home/yicheng/interbotix_ws/install/interbotix_perception_modules:/home/yicheng/interbotix_ws/install/interbotix_common_modules:/opt/ros/galactic LD_LIBRARY_PATH=/home/yicheng/me326_ws/install/la_msgs/lib:/home/yicheng/interbotix_ws/install/moveit_visual_tools/lib:/home/yicheng/interbotix_ws/install/interbotix_xs_rviz/lib:/home/yicheng/interbotix_ws/install/interbotix_xs_ros_control/lib:/home/yicheng/interbotix_ws/install/interbotix_xs_msgs/lib:/home/yicheng/interbotix_ws/install/interbotix_tf_tools/lib:/home/yicheng/interbotix_ws/install/interbotix_perception_msgs/lib:/home/yicheng/interbotix_ws/install/interbotix_moveit_interface_msgs/lib:/usr/lib/x86_64-linux-gnu/gazebo-11/plugins:/opt/ros/galactic/opt/yaml_cpp_vendor/lib:/opt/ros/galactic/opt/rviz_ogre_vendor/lib:/opt/ros/galactic/lib/x86_64-linux-gnu:/opt/ros/galactic/lib:/usr/share/gazebo/../../lib/x86_64-linux-gnu/gazebo-11/plugins PYTHONPATH=/home/yicheng/me326_ws/install/la_msgs/lib/python3.8/site-packages:${PYTHONPATH} /usr/bin/cmake /home/yicheng/me326_ws/locobot_autonomy -DCMAKE_INSTALL_PREFIX=/home/yicheng/me326_ws/install/locobot_autonomy
[0.214s] -- Found ament_cmake: 1.1.6 (/opt/ros/galactic/share/ament_cmake/cmake)
[0.231s] -- Using PYTHON_EXECUTABLE: /usr/bin/python3
[0.275s] -- Found rclcpp: 9.2.2 (/opt/ros/galactic/share/rclcpp/cmake)
[0.299s] -- Using all available rosidl_typesupport_c: rosidl_typesupport_fastrtps_c;rosidl_typesupport_introspection_c
[0.301s] -- Found rosidl_adapter: 2.2.3 (/opt/ros/galactic/share/rosidl_adapter/cmake)
[0.385s] -- Using all available rosidl_typesupport_cpp: rosidl_typesupport_fastrtps_cpp;rosidl_typesupport_introspection_cpp
[0.416s] -- Found rmw_implementation_cmake: 3.3.1 (/opt/ros/galactic/share/rmw_implementation_cmake/cmake)
[0.417s] -- Found rmw_cyclonedds_cpp: 0.22.6 (/opt/ros/galactic/share/rmw_cyclonedds_cpp/cmake)
[0.429s] -- Using RMW implementation 'rmw_cyclonedds_cpp' as default
[0.521s] -- Found rclpy: 1.9.3 (/opt/ros/galactic/share/rclpy/cmake)
[0.522s] -- Found geometry_msgs: 2.2.4 (/opt/ros/galactic/share/geometry_msgs/cmake)
[0.546s] -- Found nav_msgs: 2.2.4 (/opt/ros/galactic/share/nav_msgs/cmake)
[0.598s] -- Found visualization_msgs: 2.2.4 (/opt/ros/galactic/share/visualization_msgs/cmake)
[0.647s] -- Found sensor_msgs: 2.2.4 (/opt/ros/galactic/share/sensor_msgs/cmake)
[0.694s] -- Found rosidl_default_generators: 1.1.1 (/opt/ros/galactic/share/rosidl_default_generators/cmake)
[0.701s] -- Found action_msgs: 1.0.3 (/opt/ros/galactic/share/action_msgs/cmake)
[0.724s] -- Found tf2: 0.17.5 (/opt/ros/galactic/share/tf2/cmake)
[0.729s] -- Found tf2_ros: 0.17.5 (/opt/ros/galactic/share/tf2_ros/cmake)
[0.907s] -- Found tf2_eigen: 0.17.5 (/opt/ros/galactic/share/tf2_eigen/cmake)
[0.911s] -- Found tf2_geometry_msgs: 0.17.5 (/opt/ros/galactic/share/tf2_geometry_msgs/cmake)
[0.943s] CMake Error at CMakeLists.txt:33 (find_package):
[0.943s]   By not providing "Findtf_transformation.cmake" in CMAKE_MODULE_PATH this
[0.944s]   project has asked CMake to find a package configuration file provided by
[0.944s]   "tf_transformation", but CMake did not find one.
[0.944s] 
[0.944s]   Could not find a package configuration file provided by "tf_transformation"
[0.944s]   with any of the following names:
[0.944s] 
[0.944s]     tf_transformationConfig.cmake
[0.944s]     tf_transformation-config.cmake
[0.944s] 
[0.944s]   Add the installation prefix of "tf_transformation" to CMAKE_PREFIX_PATH or
[0.944s]   set "tf_transformation_DIR" to a directory containing one of the above
[0.944s]   files.  If "tf_transformation" provides a separate development package or
[0.944s]   SDK, be sure it has been installed.
[0.944s] 
[0.944s] 
[0.945s] -- Configuring incomplete, errors occurred!
[0.945s] See also "/home/yicheng/me326_ws/build/locobot_autonomy/CMakeFiles/CMakeOutput.log".
[0.945s] See also "/home/yicheng/me326_ws/build/locobot_autonomy/CMakeFiles/CMakeError.log".
[0.951s] Invoked command in '/home/yicheng/me326_ws/build/locobot_autonomy' returned '1': AMENT_PREFIX_PATH=/home/yicheng/me326_ws/install/la_msgs:${AMENT_PREFIX_PATH} CMAKE_PREFIX_PATH=/home/yicheng/me326_ws/install/la_msgs:/home/yicheng/interbotix_ws/install/interbotix_moveit_interface:/home/yicheng/interbotix_ws/install/moveit_visual_tools:/home/yicheng/interbotix_ws/install/interbotix_xslocobot_moveit:/home/yicheng/interbotix_ws/install/interbotix_xslocobot_ros_control:/home/yicheng/interbotix_ws/install/interbotix_xslocobot_sim:/home/yicheng/interbotix_ws/install/interbotix_xslocobot_descriptions:/home/yicheng/interbotix_ws/install/interbotix_xs_toolbox:/home/yicheng/interbotix_ws/install/interbotix_xs_rviz:/home/yicheng/interbotix_ws/install/interbotix_xs_ros_control:/home/yicheng/interbotix_ws/install/interbotix_perception_toolbox:/home/yicheng/interbotix_ws/install/interbotix_perception_pipelines:/home/yicheng/interbotix_ws/install/interbotix_xs_msgs:/home/yicheng/interbotix_ws/install/interbotix_tf_tools:/home/yicheng/interbotix_ws/install/interbotix_perception_msgs:/home/yicheng/interbotix_ws/install/interbotix_moveit_interface_msgs:/home/yicheng/interbotix_ws/install/interbotix_common_toolbox:/home/yicheng/interbotix_ws/install/interbotix_common_sim:/home/yicheng/interbotix_ws/install/interbotix_xs_modules:/home/yicheng/interbotix_ws/install/interbotix_perception_modules:/home/yicheng/interbotix_ws/install/interbotix_common_modules:/opt/ros/galactic LD_LIBRARY_PATH=/home/yicheng/me326_ws/install/la_msgs/lib:/home/yicheng/interbotix_ws/install/moveit_visual_tools/lib:/home/yicheng/interbotix_ws/install/interbotix_xs_rviz/lib:/home/yicheng/interbotix_ws/install/interbotix_xs_ros_control/lib:/home/yicheng/interbotix_ws/install/interbotix_xs_msgs/lib:/home/yicheng/interbotix_ws/install/interbotix_tf_tools/lib:/home/yicheng/interbotix_ws/install/interbotix_perception_msgs/lib:/home/yicheng/interbotix_ws/install/interbotix_moveit_interface_msgs/lib:/usr/lib/x86_64-linux-gnu/gazebo-11/plugins:/opt/ros/galactic/opt/yaml_cpp_vendor/lib:/opt/ros/galactic/opt/rviz_ogre_vendor/lib:/opt/ros/galactic/lib/x86_64-linux-gnu:/opt/ros/galactic/lib:/usr/share/gazebo/../../lib/x86_64-linux-gnu/gazebo-11/plugins PYTHONPATH=/home/yicheng/me326_ws/install/la_msgs/lib/python3.8/site-packages:${PYTHONPATH} /usr/bin/cmake /home/yicheng/me326_ws/locobot_autonomy -DCMAKE_INSTALL_PREFIX=/home/yicheng/me326_ws/install/locobot_autonomy
