[0.683s] Invoking command in '/home/dihim/me326_ws/build/arm_controller': CMAKE_PREFIX_PATH=${CMAKE_PREFIX_PATH}:/home/dihim/interbotix_ws/install/interbotix_xs_modules:/home/dihim/interbotix_ws/install/interbotix_perception_modules:/home/dihim/interbotix_ws/install/interbotix_common_modules:/opt/ros/galactic /usr/bin/cmake --build /home/dihim/me326_ws/build/arm_controller -- -j4 -l4
[0.998s] -- Found ament_cmake: 1.1.6 (/opt/ros/galactic/share/ament_cmake/cmake)
[0.998s] -- Using PYTHON_EXECUTABLE: /usr/bin/python3
[0.998s] -- Found interbotix_moveit_interface_msgs: 0.0.0 (/home/dihim/interbotix_ws/install/interbotix_moveit_interface_msgs/share/interbotix_moveit_interface_msgs/cmake)
[0.998s] -- Using all available rosidl_typesupport_c: rosidl_typesupport_fastrtps_c;rosidl_typesupport_introspection_c
[0.998s] -- Found rosidl_adapter: 2.2.3 (/opt/ros/galactic/share/rosidl_adapter/cmake)
[0.998s] -- Using all available rosidl_typesupport_cpp: rosidl_typesupport_fastrtps_cpp;rosidl_typesupport_introspection_cpp
[1.016s] -- Found moveit_msgs: 2.2.0 (/opt/ros/galactic/share/moveit_msgs/cmake)
[1.798s] -- Found moveit_ros_planning_interface: 2.3.4 (/opt/ros/galactic/share/moveit_ros_planning_interface/cmake)
[1.810s] -- Found Boost: /usr/lib/aarch64-linux-gnu/cmake/Boost-1.71.0/BoostConfig.cmake (found version "1.71.0") found components: date_time filesystem program_options system thread 
[1.850s] -- Found Boost: /usr/lib/aarch64-linux-gnu/cmake/Boost-1.71.0/BoostConfig.cmake (found version "1.71.0") found components: chrono date_time filesystem iostreams program_options regex serialization system thread 
[1.860s] -- Found Boost: /usr/lib/aarch64-linux-gnu/cmake/Boost-1.71.0/BoostConfig.cmake (found version "1.71.0") found components: filesystem 
[1.914s] -- Found rmw_implementation_cmake: 3.3.1 (/opt/ros/galactic/share/rmw_implementation_cmake/cmake)
[1.916s] -- Found rmw_cyclonedds_cpp: 0.22.6 (/opt/ros/galactic/share/rmw_cyclonedds_cpp/cmake)
[1.930s] -- Using RMW implementation 'rmw_cyclonedds_cpp' as default
[2.028s] -- library: /usr/lib/aarch64-linux-gnu/libcurl.so
[2.550s] -- Found Boost: /usr/lib/aarch64-linux-gnu/cmake/Boost-1.71.0/BoostConfig.cmake (found version "1.71.0") found components: system filesystem date_time program_options thread chrono 
[2.714s] -- Found Boost: /usr/lib/aarch64-linux-gnu/cmake/Boost-1.71.0/BoostConfig.cmake (found version "1.71.0") found components: thread 
[3.143s] -- Found Boost: /usr/lib/aarch64-linux-gnu/cmake/Boost-1.71.0/BoostConfig.cmake (found version "1.71.0") found components: thread system filesystem regex date_time program_options 
[3.360s] -- Found Boost: /usr/lib/aarch64-linux-gnu/cmake/Boost-1.71.0/BoostConfig.cmake (found version "1.71.0") found components: system filesystem date_time program_options thread 
[3.705s] -- Found moveit_visual_tools: 4.1.0 (/home/dihim/interbotix_ws/install/moveit_visual_tools/share/moveit_visual_tools/cmake)
[4.015s] -- Setting OGRE_DIR to: '/opt/ros/galactic/share/rviz_ogre_vendor/cmake/../../../opt/rviz_ogre_vendor/lib/OGRE/cmake'
[4.017s] -- Found OGRE
[4.017s] --   static     : OFF
[4.017s] --   components : HLMS;MeshLodGenerator;Overlay;Paging;Property;RTShaderSystem;Terrain;Volume
[4.017s] --   plugins    : Plugin_BSPSceneManager;Plugin_OctreeSceneManager;Plugin_PCZSceneManager;Plugin_ParticleFX;RenderSystem_GL;RenderSystem_GL3Plus;Codec_STBI
[4.017s] --   media      : /opt/ros/galactic/opt/rviz_ogre_vendor/share/OGRE/Media
[4.017s] -- OGRE_LIBRARIES: OgreHLMS;OgreMeshLodGenerator;OgreOverlay;OgrePaging;OgreProperty;OgreRTShaderSystem;OgreTerrain;OgreVolume;OgreMain
[4.017s] -- OGRE_LIBRARY_DIRS: /opt/ros/galactic/opt/rviz_ogre_vendor/lib
[4.017s] -- OGRE_PLUGINS: Plugin_BSPSceneManager;Plugin_OctreeSceneManager;Plugin_PCZSceneManager;Plugin_ParticleFX;RenderSystem_GL;RenderSystem_GL3Plus;Codec_STBI
[4.017s] -- OGRE_PLUGIN_DIR: /opt/ros/galactic/opt/rviz_ogre_vendor/lib/OGRE
[4.017s] -- rviz_ogre_vendor::OgreOverlay for IMPORTED_LOCATION_RELEASE: /opt/ros/galactic/opt/rviz_ogre_vendor/lib/libOgreOverlay.so
[4.017s] -- rviz_ogre_vendor::OgreOverlay for IMPORTED_LOCATION_DEBUG: /opt/ros/galactic/opt/rviz_ogre_vendor/lib/libOgreOverlay.so
[4.018s] -- rviz_ogre_vendor::OgreMain for IMPORTED_LOCATION_RELEASE: /opt/ros/galactic/opt/rviz_ogre_vendor/lib/libOgreMain.so
[4.018s] -- rviz_ogre_vendor::OgreMain for IMPORTED_LOCATION_DEBUG: /opt/ros/galactic/opt/rviz_ogre_vendor/lib/libOgreMain.so
[4.043s] -- rviz_ogre_vendor::RenderSystem_GL for IMPORTED_LOCATION_RELEASE: _render_system_gl_static_library_abs-NOTFOUND
[4.043s] -- rviz_ogre_vendor::RenderSystem_GL for IMPORTED_LOCATION_DEBUG: _render_system_gl_static_library_abs-NOTFOUND
[4.045s] -- library: libassimp.so.5
[4.460s] CMake Error at CMakeLists.txt:22 (find_package):
[4.460s]   By not providing "Findgazebo_ros_link_attacher.cmake" in CMAKE_MODULE_PATH
[4.460s]   this project has asked CMake to find a package configuration file provided
[4.460s]   by "gazebo_ros_link_attacher", but CMake did not find one.
[4.460s] 
[4.460s]   Could not find a package configuration file provided by
[4.460s]   "gazebo_ros_link_attacher" with any of the following names:
[4.460s] 
[4.460s]     gazebo_ros_link_attacherConfig.cmake
[4.460s]     gazebo_ros_link_attacher-config.cmake
[4.460s] 
[4.460s]   Add the installation prefix of "gazebo_ros_link_attacher" to
[4.460s]   CMAKE_PREFIX_PATH or set "gazebo_ros_link_attacher_DIR" to a directory
[4.460s]   containing one of the above files.  If "gazebo_ros_link_attacher" provides
[4.460s]   a separate development package or SDK, be sure it has been installed.
[4.460s] 
[4.460s] 
[4.462s] -- Configuring incomplete, errors occurred!
[4.462s] See also "/home/dihim/me326_ws/build/arm_controller/CMakeFiles/CMakeOutput.log".
[4.462s] See also "/home/dihim/me326_ws/build/arm_controller/CMakeFiles/CMakeError.log".
[4.467s] make: *** [Makefile:296: cmake_check_build_system] Error 1
[4.469s] Invoked command in '/home/dihim/me326_ws/build/arm_controller' returned '2': CMAKE_PREFIX_PATH=${CMAKE_PREFIX_PATH}:/home/dihim/interbotix_ws/install/interbotix_xs_modules:/home/dihim/interbotix_ws/install/interbotix_perception_modules:/home/dihim/interbotix_ws/install/interbotix_common_modules:/opt/ros/galactic /usr/bin/cmake --build /home/dihim/me326_ws/build/arm_controller -- -j4 -l4
