[2.257s] DEBUG:colcon:Command line arguments: ['/usr/bin/colcon', 'build']
[2.257s] DEBUG:colcon:Parsed command line arguments: Namespace(allow_overriding=[], ament_cmake_args=None, base_paths=['.'], build_base='build', catkin_cmake_args=None, catkin_skip_building_tests=False, cmake_args=None, cmake_clean_cache=False, cmake_clean_first=False, cmake_force_configure=False, cmake_target=None, cmake_target_skip_unavailable=False, continue_on_error=False, event_handlers=None, executor='parallel', ignore_user_meta=False, install_base='install', log_base=None, log_level=None, main=<bound method BuildVerb.main of <colcon_core.verb.build.BuildVerb object at 0xffffad20f700>>, merge_install=False, metas=['./colcon.meta'], packages_above=None, packages_above_and_dependencies=None, packages_above_depth=None, packages_end=None, packages_ignore=None, packages_ignore_regex=None, packages_select=None, packages_select_build_failed=False, packages_select_by_dep=None, packages_select_regex=None, packages_select_test_failures=False, packages_skip=None, packages_skip_build_finished=False, packages_skip_by_dep=None, packages_skip_regex=None, packages_skip_test_passed=False, packages_skip_up_to=None, packages_start=None, packages_up_to=None, packages_up_to_regex=None, parallel_workers=4, paths=None, symlink_install=False, test_result_base=None, verb_extension=<colcon_core.verb.build.BuildVerb object at 0xffffad20f700>, verb_name='build', verb_parser=<colcon_defaults.argument_parser.defaults.DefaultArgumentsDecorator object at 0xffffad20f130>)
[2.350s] Level 1:colcon.colcon_core.package_discovery:discover_packages(colcon_meta) check parameters
[2.350s] Level 1:colcon.colcon_core.package_discovery:discover_packages(recursive) check parameters
[2.350s] Level 1:colcon.colcon_core.package_discovery:discover_packages(ignore) check parameters
[2.350s] Level 1:colcon.colcon_core.package_discovery:discover_packages(path) check parameters
[2.350s] Level 1:colcon.colcon_core.package_discovery:discover_packages(colcon_meta) discover
[2.350s] Level 1:colcon.colcon_core.package_discovery:discover_packages(recursive) discover
[2.350s] INFO:colcon.colcon_core.package_discovery:Crawling recursively for packages in '/home/dihim/me326_ws'
[2.350s] Level 1:colcon.colcon_core.package_identification:_identify(.) by extensions ['ignore', 'ignore_ament_install']
[2.350s] Level 1:colcon.colcon_core.package_identification:_identify(.) by extension 'ignore'
[2.350s] Level 1:colcon.colcon_core.package_identification:_identify(.) by extension 'ignore_ament_install'
[2.350s] Level 1:colcon.colcon_core.package_identification:_identify(.) by extensions ['colcon_pkg']
[2.350s] Level 1:colcon.colcon_core.package_identification:_identify(.) by extension 'colcon_pkg'
[2.350s] Level 1:colcon.colcon_core.package_identification:_identify(.) by extensions ['colcon_meta']
[2.350s] Level 1:colcon.colcon_core.package_identification:_identify(.) by extension 'colcon_meta'
[2.350s] Level 1:colcon.colcon_core.package_identification:_identify(.) by extensions ['ros']
[2.350s] Level 1:colcon.colcon_core.package_identification:_identify(.) by extension 'ros'
[2.356s] Level 1:colcon.colcon_core.package_identification:_identify(.) by extensions ['cmake', 'python']
[2.356s] Level 1:colcon.colcon_core.package_identification:_identify(.) by extension 'cmake'
[2.356s] Level 1:colcon.colcon_core.package_identification:_identify(.) by extension 'python'
[2.356s] Level 1:colcon.colcon_core.package_identification:_identify(.) by extensions ['python_setup_py']
[2.356s] Level 1:colcon.colcon_core.package_identification:_identify(.) by extension 'python_setup_py'
[2.356s] Level 1:colcon.colcon_core.package_identification:_identify(build) by extensions ['ignore', 'ignore_ament_install']
[2.356s] Level 1:colcon.colcon_core.package_identification:_identify(build) by extension 'ignore'
[2.356s] Level 1:colcon.colcon_core.package_identification:_identify(build) ignored
[2.356s] Level 1:colcon.colcon_core.package_identification:_identify(install) by extensions ['ignore', 'ignore_ament_install']
[2.356s] Level 1:colcon.colcon_core.package_identification:_identify(install) by extension 'ignore'
[2.356s] Level 1:colcon.colcon_core.package_identification:_identify(install) ignored
[2.356s] Level 1:colcon.colcon_core.package_identification:_identify(log) by extensions ['ignore', 'ignore_ament_install']
[2.356s] Level 1:colcon.colcon_core.package_identification:_identify(log) by extension 'ignore'
[2.356s] Level 1:colcon.colcon_core.package_identification:_identify(log) ignored
[2.356s] Level 1:colcon.colcon_core.package_identification:_identify(src) by extensions ['ignore', 'ignore_ament_install']
[2.356s] Level 1:colcon.colcon_core.package_identification:_identify(src) by extension 'ignore'
[2.356s] Level 1:colcon.colcon_core.package_identification:_identify(src) by extension 'ignore_ament_install'
[2.356s] Level 1:colcon.colcon_core.package_identification:_identify(src) by extensions ['colcon_pkg']
[2.356s] Level 1:colcon.colcon_core.package_identification:_identify(src) by extension 'colcon_pkg'
[2.356s] Level 1:colcon.colcon_core.package_identification:_identify(src) by extensions ['colcon_meta']
[2.356s] Level 1:colcon.colcon_core.package_identification:_identify(src) by extension 'colcon_meta'
[2.356s] Level 1:colcon.colcon_core.package_identification:_identify(src) by extensions ['ros']
[2.356s] Level 1:colcon.colcon_core.package_identification:_identify(src) by extension 'ros'
[2.356s] Level 1:colcon.colcon_core.package_identification:_identify(src) by extensions ['cmake', 'python']
[2.356s] Level 1:colcon.colcon_core.package_identification:_identify(src) by extension 'cmake'
[2.356s] Level 1:colcon.colcon_core.package_identification:_identify(src) by extension 'python'
[2.356s] Level 1:colcon.colcon_core.package_identification:_identify(src) by extensions ['python_setup_py']
[2.356s] Level 1:colcon.colcon_core.package_identification:_identify(src) by extension 'python_setup_py'
[2.357s] Level 1:colcon.colcon_core.package_identification:_identify(src/apriltag_ros) by extensions ['ignore', 'ignore_ament_install']
[2.357s] Level 1:colcon.colcon_core.package_identification:_identify(src/apriltag_ros) by extension 'ignore'
[2.357s] Level 1:colcon.colcon_core.package_identification:_identify(src/apriltag_ros) by extension 'ignore_ament_install'
[2.357s] Level 1:colcon.colcon_core.package_identification:_identify(src/apriltag_ros) by extensions ['colcon_pkg']
[2.357s] Level 1:colcon.colcon_core.package_identification:_identify(src/apriltag_ros) by extension 'colcon_pkg'
[2.357s] Level 1:colcon.colcon_core.package_identification:_identify(src/apriltag_ros) by extensions ['colcon_meta']
[2.357s] Level 1:colcon.colcon_core.package_identification:_identify(src/apriltag_ros) by extension 'colcon_meta'
[2.357s] Level 1:colcon.colcon_core.package_identification:_identify(src/apriltag_ros) by extensions ['ros']
[2.357s] Level 1:colcon.colcon_core.package_identification:_identify(src/apriltag_ros) by extension 'ros'
[2.357s] Level 1:colcon.colcon_core.package_identification:_identify(src/apriltag_ros) by extensions ['cmake', 'python']
[2.357s] Level 1:colcon.colcon_core.package_identification:_identify(src/apriltag_ros) by extension 'cmake'
[2.357s] Level 1:colcon.colcon_core.package_identification:_identify(src/apriltag_ros) by extension 'python'
[2.357s] Level 1:colcon.colcon_core.package_identification:_identify(src/apriltag_ros) by extensions ['python_setup_py']
[2.357s] Level 1:colcon.colcon_core.package_identification:_identify(src/apriltag_ros) by extension 'python_setup_py'
[2.357s] Level 1:colcon.colcon_core.package_identification:_identify(src/arm_controller) by extensions ['ignore', 'ignore_ament_install']
[2.357s] Level 1:colcon.colcon_core.package_identification:_identify(src/arm_controller) by extension 'ignore'
[2.357s] Level 1:colcon.colcon_core.package_identification:_identify(src/arm_controller) by extension 'ignore_ament_install'
[2.357s] Level 1:colcon.colcon_core.package_identification:_identify(src/arm_controller) by extensions ['colcon_pkg']
[2.357s] Level 1:colcon.colcon_core.package_identification:_identify(src/arm_controller) by extension 'colcon_pkg'
[2.357s] Level 1:colcon.colcon_core.package_identification:_identify(src/arm_controller) by extensions ['colcon_meta']
[2.357s] Level 1:colcon.colcon_core.package_identification:_identify(src/arm_controller) by extension 'colcon_meta'
[2.357s] Level 1:colcon.colcon_core.package_identification:_identify(src/arm_controller) by extensions ['ros']
[2.357s] Level 1:colcon.colcon_core.package_identification:_identify(src/arm_controller) by extension 'ros'
[2.358s] DEBUG:colcon.colcon_core.package_identification:Package 'src/arm_controller' with type 'ros.ament_cmake' and name 'arm_controller'
[2.358s] Level 1:colcon.colcon_core.package_identification:_identify(src/gazebo_ros_link_attacher) by extensions ['ignore', 'ignore_ament_install']
[2.358s] Level 1:colcon.colcon_core.package_identification:_identify(src/gazebo_ros_link_attacher) by extension 'ignore'
[2.358s] Level 1:colcon.colcon_core.package_identification:_identify(src/gazebo_ros_link_attacher) by extension 'ignore_ament_install'
[2.358s] Level 1:colcon.colcon_core.package_identification:_identify(src/gazebo_ros_link_attacher) by extensions ['colcon_pkg']
[2.359s] Level 1:colcon.colcon_core.package_identification:_identify(src/gazebo_ros_link_attacher) by extension 'colcon_pkg'
[2.359s] Level 1:colcon.colcon_core.package_identification:_identify(src/gazebo_ros_link_attacher) by extensions ['colcon_meta']
[2.359s] Level 1:colcon.colcon_core.package_identification:_identify(src/gazebo_ros_link_attacher) by extension 'colcon_meta'
[2.359s] Level 1:colcon.colcon_core.package_identification:_identify(src/gazebo_ros_link_attacher) by extensions ['ros']
[2.359s] Level 1:colcon.colcon_core.package_identification:_identify(src/gazebo_ros_link_attacher) by extension 'ros'
[2.359s] DEBUG:colcon.colcon_core.package_identification:Package 'src/gazebo_ros_link_attacher' with type 'ros.ament_cmake' and name 'gazebo_ros_link_attacher'
[2.359s] Level 1:colcon.colcon_core.package_identification:_identify(src/la_msgs) by extensions ['ignore', 'ignore_ament_install']
[2.359s] Level 1:colcon.colcon_core.package_identification:_identify(src/la_msgs) by extension 'ignore'
[2.359s] Level 1:colcon.colcon_core.package_identification:_identify(src/la_msgs) by extension 'ignore_ament_install'
[2.359s] Level 1:colcon.colcon_core.package_identification:_identify(src/la_msgs) by extensions ['colcon_pkg']
[2.359s] Level 1:colcon.colcon_core.package_identification:_identify(src/la_msgs) by extension 'colcon_pkg'
[2.359s] Level 1:colcon.colcon_core.package_identification:_identify(src/la_msgs) by extensions ['colcon_meta']
[2.359s] Level 1:colcon.colcon_core.package_identification:_identify(src/la_msgs) by extension 'colcon_meta'
[2.359s] Level 1:colcon.colcon_core.package_identification:_identify(src/la_msgs) by extensions ['ros']
[2.359s] Level 1:colcon.colcon_core.package_identification:_identify(src/la_msgs) by extension 'ros'
[2.359s] DEBUG:colcon.colcon_core.package_identification:Package 'src/la_msgs' with type 'ros.ament_cmake' and name 'la_msgs'
[2.359s] Level 1:colcon.colcon_core.package_identification:_identify(src/locobot_controller) by extensions ['ignore', 'ignore_ament_install']
[2.359s] Level 1:colcon.colcon_core.package_identification:_identify(src/locobot_controller) by extension 'ignore'
[2.359s] Level 1:colcon.colcon_core.package_identification:_identify(src/locobot_controller) by extension 'ignore_ament_install'
[2.360s] Level 1:colcon.colcon_core.package_identification:_identify(src/locobot_controller) by extensions ['colcon_pkg']
[2.360s] Level 1:colcon.colcon_core.package_identification:_identify(src/locobot_controller) by extension 'colcon_pkg'
[2.360s] Level 1:colcon.colcon_core.package_identification:_identify(src/locobot_controller) by extensions ['colcon_meta']
[2.360s] Level 1:colcon.colcon_core.package_identification:_identify(src/locobot_controller) by extension 'colcon_meta'
[2.360s] Level 1:colcon.colcon_core.package_identification:_identify(src/locobot_controller) by extensions ['ros']
[2.360s] Level 1:colcon.colcon_core.package_identification:_identify(src/locobot_controller) by extension 'ros'
[2.360s] DEBUG:colcon.colcon_core.package_identification:Package 'src/locobot_controller' with type 'ros.ament_python' and name 'locobot_controller'
[2.360s] Level 1:colcon.colcon_core.package_identification:_identify(src/locobot_yicheng) by extensions ['ignore', 'ignore_ament_install']
[2.360s] Level 1:colcon.colcon_core.package_identification:_identify(src/locobot_yicheng) by extension 'ignore'
[2.360s] Level 1:colcon.colcon_core.package_identification:_identify(src/locobot_yicheng) by extension 'ignore_ament_install'
[2.360s] Level 1:colcon.colcon_core.package_identification:_identify(src/locobot_yicheng) by extensions ['colcon_pkg']
[2.360s] Level 1:colcon.colcon_core.package_identification:_identify(src/locobot_yicheng) by extension 'colcon_pkg'
[2.360s] Level 1:colcon.colcon_core.package_identification:_identify(src/locobot_yicheng) by extensions ['colcon_meta']
[2.360s] Level 1:colcon.colcon_core.package_identification:_identify(src/locobot_yicheng) by extension 'colcon_meta'
[2.360s] Level 1:colcon.colcon_core.package_identification:_identify(src/locobot_yicheng) by extensions ['ros']
[2.360s] Level 1:colcon.colcon_core.package_identification:_identify(src/locobot_yicheng) by extension 'ros'
[2.360s] DEBUG:colcon.colcon_core.package_identification:Package 'src/locobot_yicheng' with type 'ros.ament_cmake' and name 'locobot_yicheng'
[2.360s] Level 1:colcon.colcon_core.package_discovery:discover_packages(recursive) using defaults
[2.360s] Level 1:colcon.colcon_core.package_discovery:discover_packages(ignore) discover
[2.360s] Level 1:colcon.colcon_core.package_discovery:discover_packages(ignore) using defaults
[2.360s] Level 1:colcon.colcon_core.package_discovery:discover_packages(path) discover
[2.360s] Level 1:colcon.colcon_core.package_discovery:discover_packages(path) using defaults
[2.582s] Level 1:colcon.colcon_core.package_discovery:discover_packages(prefix_path) check parameters
[2.582s] Level 1:colcon.colcon_core.package_discovery:discover_packages(prefix_path) discover
[2.666s] DEBUG:colcon.colcon_installed_package_information.package_discovery:Found 5 installed packages in /home/dihim/me326_ws/install
[2.708s] DEBUG:colcon.colcon_installed_package_information.package_discovery:Found 21 installed packages in /home/dihim/interbotix_ws/install
[2.750s] DEBUG:colcon.colcon_installed_package_information.package_discovery:Found 348 installed packages in /opt/ros/galactic
[2.751s] Level 1:colcon.colcon_core.package_discovery:discover_packages(prefix_path) using defaults
[2.877s] Level 5:colcon.colcon_core.verb:set package 'gazebo_ros_link_attacher' build argument 'cmake_args' from command line to 'None'
[2.877s] Level 5:colcon.colcon_core.verb:set package 'gazebo_ros_link_attacher' build argument 'cmake_target' from command line to 'None'
[2.877s] Level 5:colcon.colcon_core.verb:set package 'gazebo_ros_link_attacher' build argument 'cmake_target_skip_unavailable' from command line to 'False'
[2.877s] Level 5:colcon.colcon_core.verb:set package 'gazebo_ros_link_attacher' build argument 'cmake_clean_cache' from command line to 'False'
[2.877s] Level 5:colcon.colcon_core.verb:set package 'gazebo_ros_link_attacher' build argument 'cmake_clean_first' from command line to 'False'
[2.877s] Level 5:colcon.colcon_core.verb:set package 'gazebo_ros_link_attacher' build argument 'cmake_force_configure' from command line to 'False'
[2.878s] Level 5:colcon.colcon_core.verb:set package 'gazebo_ros_link_attacher' build argument 'ament_cmake_args' from command line to 'None'
[2.878s] Level 5:colcon.colcon_core.verb:set package 'gazebo_ros_link_attacher' build argument 'catkin_cmake_args' from command line to 'None'
[2.878s] Level 5:colcon.colcon_core.verb:set package 'gazebo_ros_link_attacher' build argument 'catkin_skip_building_tests' from command line to 'False'
[2.878s] DEBUG:colcon.colcon_core.verb:Building package 'gazebo_ros_link_attacher' with the following arguments: {'ament_cmake_args': None, 'build_base': '/home/dihim/me326_ws/build/gazebo_ros_link_attacher', 'catkin_cmake_args': None, 'catkin_skip_building_tests': False, 'cmake_args': None, 'cmake_clean_cache': False, 'cmake_clean_first': False, 'cmake_force_configure': False, 'cmake_target': None, 'cmake_target_skip_unavailable': False, 'install_base': '/home/dihim/me326_ws/install/gazebo_ros_link_attacher', 'merge_install': False, 'path': '/home/dihim/me326_ws/src/gazebo_ros_link_attacher', 'symlink_install': False, 'test_result_base': None}
[2.922s] Level 5:colcon.colcon_core.verb:set package 'la_msgs' build argument 'cmake_args' from command line to 'None'
[2.922s] Level 5:colcon.colcon_core.verb:set package 'la_msgs' build argument 'cmake_target' from command line to 'None'
[2.922s] Level 5:colcon.colcon_core.verb:set package 'la_msgs' build argument 'cmake_target_skip_unavailable' from command line to 'False'
[2.922s] Level 5:colcon.colcon_core.verb:set package 'la_msgs' build argument 'cmake_clean_cache' from command line to 'False'
[2.922s] Level 5:colcon.colcon_core.verb:set package 'la_msgs' build argument 'cmake_clean_first' from command line to 'False'
[2.922s] Level 5:colcon.colcon_core.verb:set package 'la_msgs' build argument 'cmake_force_configure' from command line to 'False'
[2.922s] Level 5:colcon.colcon_core.verb:set package 'la_msgs' build argument 'ament_cmake_args' from command line to 'None'
[2.922s] Level 5:colcon.colcon_core.verb:set package 'la_msgs' build argument 'catkin_cmake_args' from command line to 'None'
[2.922s] Level 5:colcon.colcon_core.verb:set package 'la_msgs' build argument 'catkin_skip_building_tests' from command line to 'False'
[2.922s] DEBUG:colcon.colcon_core.verb:Building package 'la_msgs' with the following arguments: {'ament_cmake_args': None, 'build_base': '/home/dihim/me326_ws/build/la_msgs', 'catkin_cmake_args': None, 'catkin_skip_building_tests': False, 'cmake_args': None, 'cmake_clean_cache': False, 'cmake_clean_first': False, 'cmake_force_configure': False, 'cmake_target': None, 'cmake_target_skip_unavailable': False, 'install_base': '/home/dihim/me326_ws/install/la_msgs', 'merge_install': False, 'path': '/home/dihim/me326_ws/src/la_msgs', 'symlink_install': False, 'test_result_base': None}
[2.964s] Level 5:colcon.colcon_core.verb:set package 'locobot_controller' build argument 'cmake_args' from command line to 'None'
[2.964s] Level 5:colcon.colcon_core.verb:set package 'locobot_controller' build argument 'cmake_target' from command line to 'None'
[2.964s] Level 5:colcon.colcon_core.verb:set package 'locobot_controller' build argument 'cmake_target_skip_unavailable' from command line to 'False'
[2.964s] Level 5:colcon.colcon_core.verb:set package 'locobot_controller' build argument 'cmake_clean_cache' from command line to 'False'
[2.964s] Level 5:colcon.colcon_core.verb:set package 'locobot_controller' build argument 'cmake_clean_first' from command line to 'False'
[2.964s] Level 5:colcon.colcon_core.verb:set package 'locobot_controller' build argument 'cmake_force_configure' from command line to 'False'
[2.964s] Level 5:colcon.colcon_core.verb:set package 'locobot_controller' build argument 'ament_cmake_args' from command line to 'None'
[2.964s] Level 5:colcon.colcon_core.verb:set package 'locobot_controller' build argument 'catkin_cmake_args' from command line to 'None'
[2.964s] Level 5:colcon.colcon_core.verb:set package 'locobot_controller' build argument 'catkin_skip_building_tests' from command line to 'False'
[2.964s] DEBUG:colcon.colcon_core.verb:Building package 'locobot_controller' with the following arguments: {'ament_cmake_args': None, 'build_base': '/home/dihim/me326_ws/build/locobot_controller', 'catkin_cmake_args': None, 'catkin_skip_building_tests': False, 'cmake_args': None, 'cmake_clean_cache': False, 'cmake_clean_first': False, 'cmake_force_configure': False, 'cmake_target': None, 'cmake_target_skip_unavailable': False, 'install_base': '/home/dihim/me326_ws/install/locobot_controller', 'merge_install': False, 'path': '/home/dihim/me326_ws/src/locobot_controller', 'symlink_install': False, 'test_result_base': None}
[3.008s] Level 5:colcon.colcon_core.verb:set package 'locobot_yicheng' build argument 'cmake_args' from command line to 'None'
[3.008s] Level 5:colcon.colcon_core.verb:set package 'locobot_yicheng' build argument 'cmake_target' from command line to 'None'
[3.008s] Level 5:colcon.colcon_core.verb:set package 'locobot_yicheng' build argument 'cmake_target_skip_unavailable' from command line to 'False'
[3.008s] Level 5:colcon.colcon_core.verb:set package 'locobot_yicheng' build argument 'cmake_clean_cache' from command line to 'False'
[3.008s] Level 5:colcon.colcon_core.verb:set package 'locobot_yicheng' build argument 'cmake_clean_first' from command line to 'False'
[3.008s] Level 5:colcon.colcon_core.verb:set package 'locobot_yicheng' build argument 'cmake_force_configure' from command line to 'False'
[3.008s] Level 5:colcon.colcon_core.verb:set package 'locobot_yicheng' build argument 'ament_cmake_args' from command line to 'None'
[3.008s] Level 5:colcon.colcon_core.verb:set package 'locobot_yicheng' build argument 'catkin_cmake_args' from command line to 'None'
[3.008s] Level 5:colcon.colcon_core.verb:set package 'locobot_yicheng' build argument 'catkin_skip_building_tests' from command line to 'False'
[3.008s] DEBUG:colcon.colcon_core.verb:Building package 'locobot_yicheng' with the following arguments: {'ament_cmake_args': None, 'build_base': '/home/dihim/me326_ws/build/locobot_yicheng', 'catkin_cmake_args': None, 'catkin_skip_building_tests': False, 'cmake_args': None, 'cmake_clean_cache': False, 'cmake_clean_first': False, 'cmake_force_configure': False, 'cmake_target': None, 'cmake_target_skip_unavailable': False, 'install_base': '/home/dihim/me326_ws/install/locobot_yicheng', 'merge_install': False, 'path': '/home/dihim/me326_ws/src/locobot_yicheng', 'symlink_install': False, 'test_result_base': None}
[3.049s] Level 5:colcon.colcon_core.verb:set package 'arm_controller' build argument 'cmake_args' from command line to 'None'
[3.050s] Level 5:colcon.colcon_core.verb:set package 'arm_controller' build argument 'cmake_target' from command line to 'None'
[3.050s] Level 5:colcon.colcon_core.verb:set package 'arm_controller' build argument 'cmake_target_skip_unavailable' from command line to 'False'
[3.050s] Level 5:colcon.colcon_core.verb:set package 'arm_controller' build argument 'cmake_clean_cache' from command line to 'False'
[3.050s] Level 5:colcon.colcon_core.verb:set package 'arm_controller' build argument 'cmake_clean_first' from command line to 'False'
[3.050s] Level 5:colcon.colcon_core.verb:set package 'arm_controller' build argument 'cmake_force_configure' from command line to 'False'
[3.050s] Level 5:colcon.colcon_core.verb:set package 'arm_controller' build argument 'ament_cmake_args' from command line to 'None'
[3.050s] Level 5:colcon.colcon_core.verb:set package 'arm_controller' build argument 'catkin_cmake_args' from command line to 'None'
[3.050s] Level 5:colcon.colcon_core.verb:set package 'arm_controller' build argument 'catkin_skip_building_tests' from command line to 'False'
[3.050s] DEBUG:colcon.colcon_core.verb:Building package 'arm_controller' with the following arguments: {'ament_cmake_args': None, 'build_base': '/home/dihim/me326_ws/build/arm_controller', 'catkin_cmake_args': None, 'catkin_skip_building_tests': False, 'cmake_args': None, 'cmake_clean_cache': False, 'cmake_clean_first': False, 'cmake_force_configure': False, 'cmake_target': None, 'cmake_target_skip_unavailable': False, 'install_base': '/home/dihim/me326_ws/install/arm_controller', 'merge_install': False, 'path': '/home/dihim/me326_ws/src/arm_controller', 'symlink_install': False, 'test_result_base': None}
[3.092s] INFO:colcon.colcon_core.executor:Executing jobs using 'parallel' executor
[3.134s] DEBUG:colcon.colcon_parallel_executor.executor.parallel:run_until_complete
[3.134s] INFO:colcon.colcon_ros.task.ament_cmake.build:Building ROS package in '/home/dihim/me326_ws/src/gazebo_ros_link_attacher' with build type 'ament_cmake'
[3.134s] INFO:colcon.colcon_cmake.task.cmake.build:Building CMake package in '/home/dihim/me326_ws/src/gazebo_ros_link_attacher'
[3.177s] INFO:colcon.colcon_core.plugin_system:Skipping extension 'colcon_core.shell.bat': Not used on non-Windows systems
[3.177s] INFO:colcon.colcon_core.shell:Skip shell extension 'powershell' for command environment: Not usable outside of PowerShell
[3.177s] DEBUG:colcon.colcon_core.shell:Skip shell extension 'dsv' for command environment
[3.354s] INFO:colcon.colcon_ros.task.ament_cmake.build:Building ROS package in '/home/dihim/me326_ws/src/la_msgs' with build type 'ament_cmake'
[3.354s] INFO:colcon.colcon_cmake.task.cmake.build:Building CMake package in '/home/dihim/me326_ws/src/la_msgs'
[3.399s] INFO:colcon.colcon_core.shell:Skip shell extension 'powershell' for command environment: Not usable outside of PowerShell
[3.399s] DEBUG:colcon.colcon_core.shell:Skip shell extension 'dsv' for command environment
[3.572s] INFO:colcon.colcon_ros.task.ament_python.build:Building ROS package in '/home/dihim/me326_ws/src/locobot_controller' with build type 'ament_python'
[3.573s] Level 1:colcon.colcon_core.shell:create_environment_hook('locobot_controller', 'ament_prefix_path')
[3.618s] INFO:colcon.colcon_core.shell:Creating environment hook '/home/dihim/me326_ws/install/locobot_controller/share/locobot_controller/hook/ament_prefix_path.ps1'
[3.618s] INFO:colcon.colcon_core.shell:Creating environment descriptor '/home/dihim/me326_ws/install/locobot_controller/share/locobot_controller/hook/ament_prefix_path.dsv'
[3.619s] INFO:colcon.colcon_core.shell:Creating environment hook '/home/dihim/me326_ws/install/locobot_controller/share/locobot_controller/hook/ament_prefix_path.sh'
[3.662s] INFO:colcon.colcon_core.shell:Skip shell extension 'powershell' for command environment: Not usable outside of PowerShell
[3.662s] DEBUG:colcon.colcon_core.shell:Skip shell extension 'dsv' for command environment
[3.838s] INFO:colcon.colcon_ros.task.ament_cmake.build:Building ROS package in '/home/dihim/me326_ws/src/locobot_yicheng' with build type 'ament_cmake'
[3.838s] INFO:colcon.colcon_cmake.task.cmake.build:Building CMake package in '/home/dihim/me326_ws/src/locobot_yicheng'
[3.882s] INFO:colcon.colcon_core.shell:Skip shell extension 'powershell' for command environment: Not usable outside of PowerShell
[3.882s] DEBUG:colcon.colcon_core.shell:Skip shell extension 'dsv' for command environment
[4.063s] DEBUG:colcon.colcon_core.event_handler.log_command:Invoking command in '/home/dihim/me326_ws/build/gazebo_ros_link_attacher': CMAKE_PREFIX_PATH=/home/dihim/me326_ws/install/locobot_yicheng:/home/dihim/me326_ws/install/la_msgs:/home/dihim/me326_ws/install/arm_controller:/home/dihim/me326_ws/install/locobot_controller:/home/dihim/interbotix_ws/install/interbotix_xs_modules:/home/dihim/interbotix_ws/install/interbotix_perception_modules:/home/dihim/interbotix_ws/install/interbotix_common_modules:/opt/ros/galactic:/home/dihim/me326_ws/install/gazebo_ros_link_attacher:/home/dihim/interbotix_ws/install/interbotix_moveit_interface:/home/dihim/interbotix_ws/install/arm_controller:/home/dihim/interbotix_ws/install/moveit_visual_tools:/home/dihim/interbotix_ws/install/interbotix_xslocobot_sim:/home/dihim/interbotix_ws/install/interbotix_xslocobot_moveit:/home/dihim/interbotix_ws/install/interbotix_xslocobot_descriptions:/home/dihim/interbotix_ws/install/interbotix_xs_toolbox:/home/dihim/interbotix_ws/install/interbotix_xs_rviz:/home/dihim/interbotix_ws/install/interbotix_xs_ros_control:/home/dihim/interbotix_ws/install/interbotix_perception_toolbox:/home/dihim/interbotix_ws/install/interbotix_perception_pipelines:/home/dihim/interbotix_ws/install/interbotix_xs_msgs:/home/dihim/interbotix_ws/install/interbotix_tf_tools:/home/dihim/interbotix_ws/install/interbotix_perception_msgs:/home/dihim/interbotix_ws/install/interbotix_moveit_interface_msgs:/home/dihim/interbotix_ws/install/interbotix_common_toolbox:/home/dihim/interbotix_ws/install/interbotix_common_sim /usr/bin/cmake --build /home/dihim/me326_ws/build/gazebo_ros_link_attacher -- -j4 -l4
[4.066s] DEBUG:colcon.colcon_core.event_handler.log_command:Invoking command in '/home/dihim/me326_ws/build/la_msgs': CMAKE_PREFIX_PATH=/home/dihim/me326_ws/install/locobot_yicheng:/home/dihim/me326_ws/install/la_msgs:/home/dihim/me326_ws/install/arm_controller:/home/dihim/me326_ws/install/locobot_controller:/home/dihim/interbotix_ws/install/interbotix_xs_modules:/home/dihim/interbotix_ws/install/interbotix_perception_modules:/home/dihim/interbotix_ws/install/interbotix_common_modules:/opt/ros/galactic:/home/dihim/me326_ws/install/gazebo_ros_link_attacher:/home/dihim/interbotix_ws/install/interbotix_moveit_interface:/home/dihim/interbotix_ws/install/arm_controller:/home/dihim/interbotix_ws/install/moveit_visual_tools:/home/dihim/interbotix_ws/install/interbotix_xslocobot_sim:/home/dihim/interbotix_ws/install/interbotix_xslocobot_moveit:/home/dihim/interbotix_ws/install/interbotix_xslocobot_descriptions:/home/dihim/interbotix_ws/install/interbotix_xs_toolbox:/home/dihim/interbotix_ws/install/interbotix_xs_rviz:/home/dihim/interbotix_ws/install/interbotix_xs_ros_control:/home/dihim/interbotix_ws/install/interbotix_perception_toolbox:/home/dihim/interbotix_ws/install/interbotix_perception_pipelines:/home/dihim/interbotix_ws/install/interbotix_xs_msgs:/home/dihim/interbotix_ws/install/interbotix_tf_tools:/home/dihim/interbotix_ws/install/interbotix_perception_msgs:/home/dihim/interbotix_ws/install/interbotix_moveit_interface_msgs:/home/dihim/interbotix_ws/install/interbotix_common_toolbox:/home/dihim/interbotix_ws/install/interbotix_common_sim /usr/bin/cmake --build /home/dihim/me326_ws/build/la_msgs -- -j4 -l4
[4.192s] INFO:colcon.colcon_core.task.python.build:Building Python package in '/home/dihim/me326_ws/src/locobot_controller'
[4.242s] INFO:colcon.colcon_core.shell:Skip shell extension 'powershell' for command environment: Not usable outside of PowerShell
[4.242s] DEBUG:colcon.colcon_core.shell:Skip shell extension 'dsv' for command environment
[4.435s] DEBUG:colcon.colcon_core.event_handler.log_command:Invoking command in '/home/dihim/me326_ws/build/locobot_yicheng': CMAKE_PREFIX_PATH=/home/dihim/me326_ws/install/locobot_yicheng:/home/dihim/me326_ws/install/la_msgs:/home/dihim/me326_ws/install/arm_controller:/home/dihim/me326_ws/install/locobot_controller:/home/dihim/interbotix_ws/install/interbotix_xs_modules:/home/dihim/interbotix_ws/install/interbotix_perception_modules:/home/dihim/interbotix_ws/install/interbotix_common_modules:/opt/ros/galactic:/home/dihim/me326_ws/install/gazebo_ros_link_attacher:/home/dihim/interbotix_ws/install/interbotix_moveit_interface:/home/dihim/interbotix_ws/install/arm_controller:/home/dihim/interbotix_ws/install/moveit_visual_tools:/home/dihim/interbotix_ws/install/interbotix_xslocobot_sim:/home/dihim/interbotix_ws/install/interbotix_xslocobot_moveit:/home/dihim/interbotix_ws/install/interbotix_xslocobot_descriptions:/home/dihim/interbotix_ws/install/interbotix_xs_toolbox:/home/dihim/interbotix_ws/install/interbotix_xs_rviz:/home/dihim/interbotix_ws/install/interbotix_xs_ros_control:/home/dihim/interbotix_ws/install/interbotix_perception_toolbox:/home/dihim/interbotix_ws/install/interbotix_perception_pipelines:/home/dihim/interbotix_ws/install/interbotix_xs_msgs:/home/dihim/interbotix_ws/install/interbotix_tf_tools:/home/dihim/interbotix_ws/install/interbotix_perception_msgs:/home/dihim/interbotix_ws/install/interbotix_moveit_interface_msgs:/home/dihim/interbotix_ws/install/interbotix_common_toolbox:/home/dihim/interbotix_ws/install/interbotix_common_sim /usr/bin/cmake --build /home/dihim/me326_ws/build/locobot_yicheng -- -j4 -l4
[4.438s] DEBUG:colcon.colcon_core.event_handler.log_command:Invoked command in '/home/dihim/me326_ws/build/la_msgs' returned '0': CMAKE_PREFIX_PATH=/home/dihim/me326_ws/install/locobot_yicheng:/home/dihim/me326_ws/install/la_msgs:/home/dihim/me326_ws/install/arm_controller:/home/dihim/me326_ws/install/locobot_controller:/home/dihim/interbotix_ws/install/interbotix_xs_modules:/home/dihim/interbotix_ws/install/interbotix_perception_modules:/home/dihim/interbotix_ws/install/interbotix_common_modules:/opt/ros/galactic:/home/dihim/me326_ws/install/gazebo_ros_link_attacher:/home/dihim/interbotix_ws/install/interbotix_moveit_interface:/home/dihim/interbotix_ws/install/arm_controller:/home/dihim/interbotix_ws/install/moveit_visual_tools:/home/dihim/interbotix_ws/install/interbotix_xslocobot_sim:/home/dihim/interbotix_ws/install/interbotix_xslocobot_moveit:/home/dihim/interbotix_ws/install/interbotix_xslocobot_descriptions:/home/dihim/interbotix_ws/install/interbotix_xs_toolbox:/home/dihim/interbotix_ws/install/interbotix_xs_rviz:/home/dihim/interbotix_ws/install/interbotix_xs_ros_control:/home/dihim/interbotix_ws/install/interbotix_perception_toolbox:/home/dihim/interbotix_ws/install/interbotix_perception_pipelines:/home/dihim/interbotix_ws/install/interbotix_xs_msgs:/home/dihim/interbotix_ws/install/interbotix_tf_tools:/home/dihim/interbotix_ws/install/interbotix_perception_msgs:/home/dihim/interbotix_ws/install/interbotix_moveit_interface_msgs:/home/dihim/interbotix_ws/install/interbotix_common_toolbox:/home/dihim/interbotix_ws/install/interbotix_common_sim /usr/bin/cmake --build /home/dihim/me326_ws/build/la_msgs -- -j4 -l4
[4.439s] DEBUG:colcon.colcon_core.event_handler.log_command:Invoked command in '/home/dihim/me326_ws/build/gazebo_ros_link_attacher' returned '0': CMAKE_PREFIX_PATH=/home/dihim/me326_ws/install/locobot_yicheng:/home/dihim/me326_ws/install/la_msgs:/home/dihim/me326_ws/install/arm_controller:/home/dihim/me326_ws/install/locobot_controller:/home/dihim/interbotix_ws/install/interbotix_xs_modules:/home/dihim/interbotix_ws/install/interbotix_perception_modules:/home/dihim/interbotix_ws/install/interbotix_common_modules:/opt/ros/galactic:/home/dihim/me326_ws/install/gazebo_ros_link_attacher:/home/dihim/interbotix_ws/install/interbotix_moveit_interface:/home/dihim/interbotix_ws/install/arm_controller:/home/dihim/interbotix_ws/install/moveit_visual_tools:/home/dihim/interbotix_ws/install/interbotix_xslocobot_sim:/home/dihim/interbotix_ws/install/interbotix_xslocobot_moveit:/home/dihim/interbotix_ws/install/interbotix_xslocobot_descriptions:/home/dihim/interbotix_ws/install/interbotix_xs_toolbox:/home/dihim/interbotix_ws/install/interbotix_xs_rviz:/home/dihim/interbotix_ws/install/interbotix_xs_ros_control:/home/dihim/interbotix_ws/install/interbotix_perception_toolbox:/home/dihim/interbotix_ws/install/interbotix_perception_pipelines:/home/dihim/interbotix_ws/install/interbotix_xs_msgs:/home/dihim/interbotix_ws/install/interbotix_tf_tools:/home/dihim/interbotix_ws/install/interbotix_perception_msgs:/home/dihim/interbotix_ws/install/interbotix_moveit_interface_msgs:/home/dihim/interbotix_ws/install/interbotix_common_toolbox:/home/dihim/interbotix_ws/install/interbotix_common_sim /usr/bin/cmake --build /home/dihim/me326_ws/build/gazebo_ros_link_attacher -- -j4 -l4
[4.461s] DEBUG:colcon.colcon_core.event_handler.log_command:Invoked command in '/home/dihim/me326_ws/build/locobot_yicheng' returned '0': CMAKE_PREFIX_PATH=/home/dihim/me326_ws/install/locobot_yicheng:/home/dihim/me326_ws/install/la_msgs:/home/dihim/me326_ws/install/arm_controller:/home/dihim/me326_ws/install/locobot_controller:/home/dihim/interbotix_ws/install/interbotix_xs_modules:/home/dihim/interbotix_ws/install/interbotix_perception_modules:/home/dihim/interbotix_ws/install/interbotix_common_modules:/opt/ros/galactic:/home/dihim/me326_ws/install/gazebo_ros_link_attacher:/home/dihim/interbotix_ws/install/interbotix_moveit_interface:/home/dihim/interbotix_ws/install/arm_controller:/home/dihim/interbotix_ws/install/moveit_visual_tools:/home/dihim/interbotix_ws/install/interbotix_xslocobot_sim:/home/dihim/interbotix_ws/install/interbotix_xslocobot_moveit:/home/dihim/interbotix_ws/install/interbotix_xslocobot_descriptions:/home/dihim/interbotix_ws/install/interbotix_xs_toolbox:/home/dihim/interbotix_ws/install/interbotix_xs_rviz:/home/dihim/interbotix_ws/install/interbotix_xs_ros_control:/home/dihim/interbotix_ws/install/interbotix_perception_toolbox:/home/dihim/interbotix_ws/install/interbotix_perception_pipelines:/home/dihim/interbotix_ws/install/interbotix_xs_msgs:/home/dihim/interbotix_ws/install/interbotix_tf_tools:/home/dihim/interbotix_ws/install/interbotix_perception_msgs:/home/dihim/interbotix_ws/install/interbotix_moveit_interface_msgs:/home/dihim/interbotix_ws/install/interbotix_common_toolbox:/home/dihim/interbotix_ws/install/interbotix_common_sim /usr/bin/cmake --build /home/dihim/me326_ws/build/locobot_yicheng -- -j4 -l4
[4.514s] DEBUG:colcon.colcon_core.event_handler.log_command:Invoking command in '/home/dihim/me326_ws/build/locobot_yicheng': CMAKE_PREFIX_PATH=/home/dihim/me326_ws/install/locobot_yicheng:/home/dihim/me326_ws/install/la_msgs:/home/dihim/me326_ws/install/arm_controller:/home/dihim/me326_ws/install/locobot_controller:/home/dihim/interbotix_ws/install/interbotix_xs_modules:/home/dihim/interbotix_ws/install/interbotix_perception_modules:/home/dihim/interbotix_ws/install/interbotix_common_modules:/opt/ros/galactic:/home/dihim/me326_ws/install/gazebo_ros_link_attacher:/home/dihim/interbotix_ws/install/interbotix_moveit_interface:/home/dihim/interbotix_ws/install/arm_controller:/home/dihim/interbotix_ws/install/moveit_visual_tools:/home/dihim/interbotix_ws/install/interbotix_xslocobot_sim:/home/dihim/interbotix_ws/install/interbotix_xslocobot_moveit:/home/dihim/interbotix_ws/install/interbotix_xslocobot_descriptions:/home/dihim/interbotix_ws/install/interbotix_xs_toolbox:/home/dihim/interbotix_ws/install/interbotix_xs_rviz:/home/dihim/interbotix_ws/install/interbotix_xs_ros_control:/home/dihim/interbotix_ws/install/interbotix_perception_toolbox:/home/dihim/interbotix_ws/install/interbotix_perception_pipelines:/home/dihim/interbotix_ws/install/interbotix_xs_msgs:/home/dihim/interbotix_ws/install/interbotix_tf_tools:/home/dihim/interbotix_ws/install/interbotix_perception_msgs:/home/dihim/interbotix_ws/install/interbotix_moveit_interface_msgs:/home/dihim/interbotix_ws/install/interbotix_common_toolbox:/home/dihim/interbotix_ws/install/interbotix_common_sim /usr/bin/cmake --install /home/dihim/me326_ws/build/locobot_yicheng
[4.524s] Level 1:colcon.colcon_core.environment:create_environment_scripts_only(locobot_yicheng)
[4.525s] DEBUG:colcon.colcon_core.event_handler.log_command:Invoked command in '/home/dihim/me326_ws/build/locobot_yicheng' returned '0': CMAKE_PREFIX_PATH=/home/dihim/me326_ws/install/locobot_yicheng:/home/dihim/me326_ws/install/la_msgs:/home/dihim/me326_ws/install/arm_controller:/home/dihim/me326_ws/install/locobot_controller:/home/dihim/interbotix_ws/install/interbotix_xs_modules:/home/dihim/interbotix_ws/install/interbotix_perception_modules:/home/dihim/interbotix_ws/install/interbotix_common_modules:/opt/ros/galactic:/home/dihim/me326_ws/install/gazebo_ros_link_attacher:/home/dihim/interbotix_ws/install/interbotix_moveit_interface:/home/dihim/interbotix_ws/install/arm_controller:/home/dihim/interbotix_ws/install/moveit_visual_tools:/home/dihim/interbotix_ws/install/interbotix_xslocobot_sim:/home/dihim/interbotix_ws/install/interbotix_xslocobot_moveit:/home/dihim/interbotix_ws/install/interbotix_xslocobot_descriptions:/home/dihim/interbotix_ws/install/interbotix_xs_toolbox:/home/dihim/interbotix_ws/install/interbotix_xs_rviz:/home/dihim/interbotix_ws/install/interbotix_xs_ros_control:/home/dihim/interbotix_ws/install/interbotix_perception_toolbox:/home/dihim/interbotix_ws/install/interbotix_perception_pipelines:/home/dihim/interbotix_ws/install/interbotix_xs_msgs:/home/dihim/interbotix_ws/install/interbotix_tf_tools:/home/dihim/interbotix_ws/install/interbotix_perception_msgs:/home/dihim/interbotix_ws/install/interbotix_moveit_interface_msgs:/home/dihim/interbotix_ws/install/interbotix_common_toolbox:/home/dihim/interbotix_ws/install/interbotix_common_sim /usr/bin/cmake --install /home/dihim/me326_ws/build/locobot_yicheng
[4.574s] Level 1:colcon.colcon_core.environment:checking '/home/dihim/me326_ws/install/locobot_yicheng' for CMake module files
[4.574s] Level 1:colcon.colcon_core.environment:checking '/home/dihim/me326_ws/install/locobot_yicheng' for CMake config files
[4.574s] Level 1:colcon.colcon_core.shell:create_environment_hook('locobot_yicheng', 'cmake_prefix_path')
[4.620s] INFO:colcon.colcon_core.shell:Creating environment hook '/home/dihim/me326_ws/install/locobot_yicheng/share/locobot_yicheng/hook/cmake_prefix_path.ps1'
[4.620s] INFO:colcon.colcon_core.shell:Creating environment descriptor '/home/dihim/me326_ws/install/locobot_yicheng/share/locobot_yicheng/hook/cmake_prefix_path.dsv'
[4.620s] INFO:colcon.colcon_core.shell:Creating environment hook '/home/dihim/me326_ws/install/locobot_yicheng/share/locobot_yicheng/hook/cmake_prefix_path.sh'
[4.621s] Level 1:colcon.colcon_core.environment:checking '/home/dihim/me326_ws/install/locobot_yicheng/lib'
[4.621s] Level 1:colcon.colcon_core.environment:checking '/home/dihim/me326_ws/install/locobot_yicheng/bin'
[4.621s] Level 1:colcon.colcon_core.environment:checking '/home/dihim/me326_ws/install/locobot_yicheng/lib/pkgconfig/locobot_yicheng.pc'
[4.621s] Level 1:colcon.colcon_core.environment:checking '/home/dihim/me326_ws/install/locobot_yicheng/lib/python3.8/site-packages'
[4.621s] Level 1:colcon.colcon_core.environment:checking '/home/dihim/me326_ws/install/locobot_yicheng/bin'
[4.666s] INFO:colcon.colcon_core.shell:Creating package script '/home/dihim/me326_ws/install/locobot_yicheng/share/locobot_yicheng/package.ps1'
[4.666s] INFO:colcon.colcon_core.shell:Creating package descriptor '/home/dihim/me326_ws/install/locobot_yicheng/share/locobot_yicheng/package.dsv'
[4.667s] INFO:colcon.colcon_core.shell:Creating package script '/home/dihim/me326_ws/install/locobot_yicheng/share/locobot_yicheng/package.sh'
[4.667s] INFO:colcon.colcon_core.shell:Creating package script '/home/dihim/me326_ws/install/locobot_yicheng/share/locobot_yicheng/package.bash'
[4.667s] INFO:colcon.colcon_core.shell:Creating package script '/home/dihim/me326_ws/install/locobot_yicheng/share/locobot_yicheng/package.zsh'
[4.668s] Level 1:colcon.colcon_core.environment:create_file_with_runtime_dependencies(/home/dihim/me326_ws/install/locobot_yicheng/share/colcon-core/packages/locobot_yicheng)
[4.672s] DEBUG:colcon.colcon_core.event_handler.log_command:Invoking command in '/home/dihim/me326_ws/build/gazebo_ros_link_attacher': CMAKE_PREFIX_PATH=/home/dihim/me326_ws/install/locobot_yicheng:/home/dihim/me326_ws/install/la_msgs:/home/dihim/me326_ws/install/arm_controller:/home/dihim/me326_ws/install/locobot_controller:/home/dihim/interbotix_ws/install/interbotix_xs_modules:/home/dihim/interbotix_ws/install/interbotix_perception_modules:/home/dihim/interbotix_ws/install/interbotix_common_modules:/opt/ros/galactic:/home/dihim/me326_ws/install/gazebo_ros_link_attacher:/home/dihim/interbotix_ws/install/interbotix_moveit_interface:/home/dihim/interbotix_ws/install/arm_controller:/home/dihim/interbotix_ws/install/moveit_visual_tools:/home/dihim/interbotix_ws/install/interbotix_xslocobot_sim:/home/dihim/interbotix_ws/install/interbotix_xslocobot_moveit:/home/dihim/interbotix_ws/install/interbotix_xslocobot_descriptions:/home/dihim/interbotix_ws/install/interbotix_xs_toolbox:/home/dihim/interbotix_ws/install/interbotix_xs_rviz:/home/dihim/interbotix_ws/install/interbotix_xs_ros_control:/home/dihim/interbotix_ws/install/interbotix_perception_toolbox:/home/dihim/interbotix_ws/install/interbotix_perception_pipelines:/home/dihim/interbotix_ws/install/interbotix_xs_msgs:/home/dihim/interbotix_ws/install/interbotix_tf_tools:/home/dihim/interbotix_ws/install/interbotix_perception_msgs:/home/dihim/interbotix_ws/install/interbotix_moveit_interface_msgs:/home/dihim/interbotix_ws/install/interbotix_common_toolbox:/home/dihim/interbotix_ws/install/interbotix_common_sim /usr/bin/cmake --install /home/dihim/me326_ws/build/gazebo_ros_link_attacher
[4.675s] DEBUG:colcon.colcon_core.event_handler.log_command:Invoking command in '/home/dihim/me326_ws/build/la_msgs': CMAKE_PREFIX_PATH=/home/dihim/me326_ws/install/locobot_yicheng:/home/dihim/me326_ws/install/la_msgs:/home/dihim/me326_ws/install/arm_controller:/home/dihim/me326_ws/install/locobot_controller:/home/dihim/interbotix_ws/install/interbotix_xs_modules:/home/dihim/interbotix_ws/install/interbotix_perception_modules:/home/dihim/interbotix_ws/install/interbotix_common_modules:/opt/ros/galactic:/home/dihim/me326_ws/install/gazebo_ros_link_attacher:/home/dihim/interbotix_ws/install/interbotix_moveit_interface:/home/dihim/interbotix_ws/install/arm_controller:/home/dihim/interbotix_ws/install/moveit_visual_tools:/home/dihim/interbotix_ws/install/interbotix_xslocobot_sim:/home/dihim/interbotix_ws/install/interbotix_xslocobot_moveit:/home/dihim/interbotix_ws/install/interbotix_xslocobot_descriptions:/home/dihim/interbotix_ws/install/interbotix_xs_toolbox:/home/dihim/interbotix_ws/install/interbotix_xs_rviz:/home/dihim/interbotix_ws/install/interbotix_xs_ros_control:/home/dihim/interbotix_ws/install/interbotix_perception_toolbox:/home/dihim/interbotix_ws/install/interbotix_perception_pipelines:/home/dihim/interbotix_ws/install/interbotix_xs_msgs:/home/dihim/interbotix_ws/install/interbotix_tf_tools:/home/dihim/interbotix_ws/install/interbotix_perception_msgs:/home/dihim/interbotix_ws/install/interbotix_moveit_interface_msgs:/home/dihim/interbotix_ws/install/interbotix_common_toolbox:/home/dihim/interbotix_ws/install/interbotix_common_sim /usr/bin/cmake --install /home/dihim/me326_ws/build/la_msgs
[4.677s] DEBUG:colcon.colcon_core.event_handler.log_command:Invoking command in '/home/dihim/me326_ws/src/locobot_controller': PYTHONPATH=/home/dihim/me326_ws/build/locobot_controller/prefix_override:/home/dihim/me326_ws/install/locobot_controller/lib/python3.8/site-packages:${PYTHONPATH} /usr/bin/python3 setup.py egg_info --egg-base ../../build/locobot_controller build --build-base /home/dihim/me326_ws/build/locobot_controller/build install --record /home/dihim/me326_ws/build/locobot_controller/install.log --single-version-externally-managed
[4.715s] Level 1:colcon.colcon_core.environment:create_environment_scripts_only(la_msgs)
[4.719s] DEBUG:colcon.colcon_core.event_handler.log_command:Invoked command in '/home/dihim/me326_ws/build/la_msgs' returned '0': CMAKE_PREFIX_PATH=/home/dihim/me326_ws/install/locobot_yicheng:/home/dihim/me326_ws/install/la_msgs:/home/dihim/me326_ws/install/arm_controller:/home/dihim/me326_ws/install/locobot_controller:/home/dihim/interbotix_ws/install/interbotix_xs_modules:/home/dihim/interbotix_ws/install/interbotix_perception_modules:/home/dihim/interbotix_ws/install/interbotix_common_modules:/opt/ros/galactic:/home/dihim/me326_ws/install/gazebo_ros_link_attacher:/home/dihim/interbotix_ws/install/interbotix_moveit_interface:/home/dihim/interbotix_ws/install/arm_controller:/home/dihim/interbotix_ws/install/moveit_visual_tools:/home/dihim/interbotix_ws/install/interbotix_xslocobot_sim:/home/dihim/interbotix_ws/install/interbotix_xslocobot_moveit:/home/dihim/interbotix_ws/install/interbotix_xslocobot_descriptions:/home/dihim/interbotix_ws/install/interbotix_xs_toolbox:/home/dihim/interbotix_ws/install/interbotix_xs_rviz:/home/dihim/interbotix_ws/install/interbotix_xs_ros_control:/home/dihim/interbotix_ws/install/interbotix_perception_toolbox:/home/dihim/interbotix_ws/install/interbotix_perception_pipelines:/home/dihim/interbotix_ws/install/interbotix_xs_msgs:/home/dihim/interbotix_ws/install/interbotix_tf_tools:/home/dihim/interbotix_ws/install/interbotix_perception_msgs:/home/dihim/interbotix_ws/install/interbotix_moveit_interface_msgs:/home/dihim/interbotix_ws/install/interbotix_common_toolbox:/home/dihim/interbotix_ws/install/interbotix_common_sim /usr/bin/cmake --install /home/dihim/me326_ws/build/la_msgs
[4.772s] Level 1:colcon.colcon_core.environment:checking '/home/dihim/me326_ws/install/la_msgs' for CMake module files
[4.773s] Level 1:colcon.colcon_core.environment:checking '/home/dihim/me326_ws/install/la_msgs' for CMake config files
[4.773s] Level 1:colcon.colcon_core.shell:create_environment_hook('la_msgs', 'cmake_prefix_path')
[4.820s] INFO:colcon.colcon_core.shell:Creating environment hook '/home/dihim/me326_ws/install/la_msgs/share/la_msgs/hook/cmake_prefix_path.ps1'
[4.822s] INFO:colcon.colcon_core.shell:Creating environment descriptor '/home/dihim/me326_ws/install/la_msgs/share/la_msgs/hook/cmake_prefix_path.dsv'
[4.823s] INFO:colcon.colcon_core.shell:Creating environment hook '/home/dihim/me326_ws/install/la_msgs/share/la_msgs/hook/cmake_prefix_path.sh'
[4.823s] Level 1:colcon.colcon_core.environment:checking '/home/dihim/me326_ws/install/la_msgs/lib'
[4.823s] Level 1:colcon.colcon_core.shell:create_environment_hook('la_msgs', 'ld_library_path_lib')
[4.870s] INFO:colcon.colcon_core.shell:Creating environment hook '/home/dihim/me326_ws/install/la_msgs/share/la_msgs/hook/ld_library_path_lib.ps1'
[4.870s] INFO:colcon.colcon_core.shell:Creating environment descriptor '/home/dihim/me326_ws/install/la_msgs/share/la_msgs/hook/ld_library_path_lib.dsv'
[4.870s] INFO:colcon.colcon_core.shell:Creating environment hook '/home/dihim/me326_ws/install/la_msgs/share/la_msgs/hook/ld_library_path_lib.sh'
[4.870s] Level 1:colcon.colcon_core.environment:checking '/home/dihim/me326_ws/install/la_msgs/bin'
[4.870s] Level 1:colcon.colcon_core.environment:checking '/home/dihim/me326_ws/install/la_msgs/lib/pkgconfig/la_msgs.pc'
[4.871s] Level 1:colcon.colcon_core.environment:checking '/home/dihim/me326_ws/install/la_msgs/lib/python3.8/site-packages'
[4.871s] Level 1:colcon.colcon_core.shell:create_environment_hook('la_msgs', 'pythonpath')
[4.914s] INFO:colcon.colcon_core.shell:Creating environment hook '/home/dihim/me326_ws/install/la_msgs/share/la_msgs/hook/pythonpath.ps1'
[4.914s] INFO:colcon.colcon_core.shell:Creating environment descriptor '/home/dihim/me326_ws/install/la_msgs/share/la_msgs/hook/pythonpath.dsv'
[4.914s] INFO:colcon.colcon_core.shell:Creating environment hook '/home/dihim/me326_ws/install/la_msgs/share/la_msgs/hook/pythonpath.sh'
[4.915s] Level 1:colcon.colcon_core.environment:checking '/home/dihim/me326_ws/install/la_msgs/bin'
[4.957s] INFO:colcon.colcon_core.shell:Creating package script '/home/dihim/me326_ws/install/la_msgs/share/la_msgs/package.ps1'
[4.957s] INFO:colcon.colcon_core.shell:Creating package descriptor '/home/dihim/me326_ws/install/la_msgs/share/la_msgs/package.dsv'
[4.957s] INFO:colcon.colcon_core.shell:Creating package script '/home/dihim/me326_ws/install/la_msgs/share/la_msgs/package.sh'
[4.957s] INFO:colcon.colcon_core.shell:Creating package script '/home/dihim/me326_ws/install/la_msgs/share/la_msgs/package.bash'
[4.958s] INFO:colcon.colcon_core.shell:Creating package script '/home/dihim/me326_ws/install/la_msgs/share/la_msgs/package.zsh'
[4.958s] Level 1:colcon.colcon_core.environment:create_file_with_runtime_dependencies(/home/dihim/me326_ws/install/la_msgs/share/colcon-core/packages/la_msgs)
[4.960s] Level 1:colcon.colcon_core.environment:create_environment_scripts_only(gazebo_ros_link_attacher)
[4.961s] DEBUG:colcon.colcon_core.event_handler.log_command:Invoked command in '/home/dihim/me326_ws/build/gazebo_ros_link_attacher' returned '0': CMAKE_PREFIX_PATH=/home/dihim/me326_ws/install/locobot_yicheng:/home/dihim/me326_ws/install/la_msgs:/home/dihim/me326_ws/install/arm_controller:/home/dihim/me326_ws/install/locobot_controller:/home/dihim/interbotix_ws/install/interbotix_xs_modules:/home/dihim/interbotix_ws/install/interbotix_perception_modules:/home/dihim/interbotix_ws/install/interbotix_common_modules:/opt/ros/galactic:/home/dihim/me326_ws/install/gazebo_ros_link_attacher:/home/dihim/interbotix_ws/install/interbotix_moveit_interface:/home/dihim/interbotix_ws/install/arm_controller:/home/dihim/interbotix_ws/install/moveit_visual_tools:/home/dihim/interbotix_ws/install/interbotix_xslocobot_sim:/home/dihim/interbotix_ws/install/interbotix_xslocobot_moveit:/home/dihim/interbotix_ws/install/interbotix_xslocobot_descriptions:/home/dihim/interbotix_ws/install/interbotix_xs_toolbox:/home/dihim/interbotix_ws/install/interbotix_xs_rviz:/home/dihim/interbotix_ws/install/interbotix_xs_ros_control:/home/dihim/interbotix_ws/install/interbotix_perception_toolbox:/home/dihim/interbotix_ws/install/interbotix_perception_pipelines:/home/dihim/interbotix_ws/install/interbotix_xs_msgs:/home/dihim/interbotix_ws/install/interbotix_tf_tools:/home/dihim/interbotix_ws/install/interbotix_perception_msgs:/home/dihim/interbotix_ws/install/interbotix_moveit_interface_msgs:/home/dihim/interbotix_ws/install/interbotix_common_toolbox:/home/dihim/interbotix_ws/install/interbotix_common_sim /usr/bin/cmake --install /home/dihim/me326_ws/build/gazebo_ros_link_attacher
[5.009s] Level 1:colcon.colcon_core.environment:checking '/home/dihim/me326_ws/install/gazebo_ros_link_attacher' for CMake module files
[5.010s] Level 1:colcon.colcon_core.environment:checking '/home/dihim/me326_ws/install/gazebo_ros_link_attacher' for CMake config files
[5.010s] Level 1:colcon.colcon_core.shell:create_environment_hook('gazebo_ros_link_attacher', 'cmake_prefix_path')
[5.055s] INFO:colcon.colcon_core.shell:Creating environment hook '/home/dihim/me326_ws/install/gazebo_ros_link_attacher/share/gazebo_ros_link_attacher/hook/cmake_prefix_path.ps1'
[5.056s] INFO:colcon.colcon_core.shell:Creating environment descriptor '/home/dihim/me326_ws/install/gazebo_ros_link_attacher/share/gazebo_ros_link_attacher/hook/cmake_prefix_path.dsv'
[5.056s] INFO:colcon.colcon_core.shell:Creating environment hook '/home/dihim/me326_ws/install/gazebo_ros_link_attacher/share/gazebo_ros_link_attacher/hook/cmake_prefix_path.sh'
[5.056s] Level 1:colcon.colcon_core.environment:checking '/home/dihim/me326_ws/install/gazebo_ros_link_attacher/lib'
[5.056s] Level 1:colcon.colcon_core.shell:create_environment_hook('gazebo_ros_link_attacher', 'ld_library_path_lib')
[5.100s] INFO:colcon.colcon_core.shell:Creating environment hook '/home/dihim/me326_ws/install/gazebo_ros_link_attacher/share/gazebo_ros_link_attacher/hook/ld_library_path_lib.ps1'
[5.100s] INFO:colcon.colcon_core.shell:Creating environment descriptor '/home/dihim/me326_ws/install/gazebo_ros_link_attacher/share/gazebo_ros_link_attacher/hook/ld_library_path_lib.dsv'
[5.100s] INFO:colcon.colcon_core.shell:Creating environment hook '/home/dihim/me326_ws/install/gazebo_ros_link_attacher/share/gazebo_ros_link_attacher/hook/ld_library_path_lib.sh'
[5.100s] Level 1:colcon.colcon_core.environment:checking '/home/dihim/me326_ws/install/gazebo_ros_link_attacher/bin'
[5.100s] Level 1:colcon.colcon_core.environment:checking '/home/dihim/me326_ws/install/gazebo_ros_link_attacher/lib/pkgconfig/gazebo_ros_link_attacher.pc'
[5.100s] Level 1:colcon.colcon_core.environment:checking '/home/dihim/me326_ws/install/gazebo_ros_link_attacher/lib/python3.8/site-packages'
[5.100s] Level 1:colcon.colcon_core.shell:create_environment_hook('gazebo_ros_link_attacher', 'pythonpath')
[5.142s] INFO:colcon.colcon_core.shell:Creating environment hook '/home/dihim/me326_ws/install/gazebo_ros_link_attacher/share/gazebo_ros_link_attacher/hook/pythonpath.ps1'
[5.142s] INFO:colcon.colcon_core.shell:Creating environment descriptor '/home/dihim/me326_ws/install/gazebo_ros_link_attacher/share/gazebo_ros_link_attacher/hook/pythonpath.dsv'
[5.142s] INFO:colcon.colcon_core.shell:Creating environment hook '/home/dihim/me326_ws/install/gazebo_ros_link_attacher/share/gazebo_ros_link_attacher/hook/pythonpath.sh'
[5.142s] Level 1:colcon.colcon_core.environment:checking '/home/dihim/me326_ws/install/gazebo_ros_link_attacher/bin'
[5.184s] INFO:colcon.colcon_core.shell:Creating package script '/home/dihim/me326_ws/install/gazebo_ros_link_attacher/share/gazebo_ros_link_attacher/package.ps1'
[5.184s] INFO:colcon.colcon_core.shell:Creating package descriptor '/home/dihim/me326_ws/install/gazebo_ros_link_attacher/share/gazebo_ros_link_attacher/package.dsv'
[5.184s] INFO:colcon.colcon_core.shell:Creating package script '/home/dihim/me326_ws/install/gazebo_ros_link_attacher/share/gazebo_ros_link_attacher/package.sh'
[5.184s] INFO:colcon.colcon_core.shell:Creating package script '/home/dihim/me326_ws/install/gazebo_ros_link_attacher/share/gazebo_ros_link_attacher/package.bash'
[5.185s] INFO:colcon.colcon_core.shell:Creating package script '/home/dihim/me326_ws/install/gazebo_ros_link_attacher/share/gazebo_ros_link_attacher/package.zsh'
[5.185s] Level 1:colcon.colcon_core.environment:create_file_with_runtime_dependencies(/home/dihim/me326_ws/install/gazebo_ros_link_attacher/share/colcon-core/packages/gazebo_ros_link_attacher)
[5.233s] Level 1:colcon.colcon_core.environment:create_environment_scripts_only(locobot_yicheng)
[5.280s] Level 1:colcon.colcon_core.environment:checking '/home/dihim/me326_ws/install/locobot_yicheng' for CMake module files
[5.280s] Level 1:colcon.colcon_core.environment:checking '/home/dihim/me326_ws/install/locobot_yicheng' for CMake config files
[5.280s] Level 1:colcon.colcon_core.shell:create_environment_hook('locobot_yicheng', 'cmake_prefix_path')
[5.324s] INFO:colcon.colcon_core.shell:Creating environment hook '/home/dihim/me326_ws/install/locobot_yicheng/share/locobot_yicheng/hook/cmake_prefix_path.ps1'
[5.325s] INFO:colcon.colcon_core.shell:Creating environment descriptor '/home/dihim/me326_ws/install/locobot_yicheng/share/locobot_yicheng/hook/cmake_prefix_path.dsv'
[5.325s] INFO:colcon.colcon_core.shell:Creating environment hook '/home/dihim/me326_ws/install/locobot_yicheng/share/locobot_yicheng/hook/cmake_prefix_path.sh'
[5.325s] Level 1:colcon.colcon_core.environment:checking '/home/dihim/me326_ws/install/locobot_yicheng/lib'
[5.325s] Level 1:colcon.colcon_core.environment:checking '/home/dihim/me326_ws/install/locobot_yicheng/bin'
[5.325s] Level 1:colcon.colcon_core.environment:checking '/home/dihim/me326_ws/install/locobot_yicheng/lib/pkgconfig/locobot_yicheng.pc'
[5.326s] Level 1:colcon.colcon_core.environment:checking '/home/dihim/me326_ws/install/locobot_yicheng/lib/python3.8/site-packages'
[5.326s] Level 1:colcon.colcon_core.environment:checking '/home/dihim/me326_ws/install/locobot_yicheng/bin'
[5.370s] INFO:colcon.colcon_core.shell:Creating package script '/home/dihim/me326_ws/install/locobot_yicheng/share/locobot_yicheng/package.ps1'
[5.370s] INFO:colcon.colcon_core.shell:Creating package descriptor '/home/dihim/me326_ws/install/locobot_yicheng/share/locobot_yicheng/package.dsv'
[5.370s] INFO:colcon.colcon_core.shell:Creating package script '/home/dihim/me326_ws/install/locobot_yicheng/share/locobot_yicheng/package.sh'
[5.370s] INFO:colcon.colcon_core.shell:Creating package script '/home/dihim/me326_ws/install/locobot_yicheng/share/locobot_yicheng/package.bash'
[5.371s] INFO:colcon.colcon_core.shell:Creating package script '/home/dihim/me326_ws/install/locobot_yicheng/share/locobot_yicheng/package.zsh'
[5.371s] Level 1:colcon.colcon_core.environment:create_file_with_runtime_dependencies(/home/dihim/me326_ws/install/locobot_yicheng/share/colcon-core/packages/locobot_yicheng)
[5.372s] DEBUG:colcon.colcon_core.event_handler.log_command:Invoked command in '/home/dihim/me326_ws/src/locobot_controller' returned '0': PYTHONPATH=/home/dihim/me326_ws/build/locobot_controller/prefix_override:/home/dihim/me326_ws/install/locobot_controller/lib/python3.8/site-packages:${PYTHONPATH} /usr/bin/python3 setup.py egg_info --egg-base ../../build/locobot_controller build --build-base /home/dihim/me326_ws/build/locobot_controller/build install --record /home/dihim/me326_ws/build/locobot_controller/install.log --single-version-externally-managed
[5.415s] Level 1:colcon.colcon_core.environment:checking '/home/dihim/me326_ws/install/locobot_controller' for CMake module files
[5.415s] Level 1:colcon.colcon_core.environment:checking '/home/dihim/me326_ws/install/locobot_controller' for CMake config files
[5.415s] Level 1:colcon.colcon_core.environment:checking '/home/dihim/me326_ws/install/locobot_controller/lib'
[5.415s] Level 1:colcon.colcon_core.environment:checking '/home/dihim/me326_ws/install/locobot_controller/bin'
[5.415s] Level 1:colcon.colcon_core.environment:checking '/home/dihim/me326_ws/install/locobot_controller/lib/pkgconfig/locobot_controller.pc'
[5.415s] Level 1:colcon.colcon_core.environment:checking '/home/dihim/me326_ws/install/locobot_controller/lib/python3.8/site-packages'
[5.415s] Level 1:colcon.colcon_core.shell:create_environment_hook('locobot_controller', 'pythonpath')
[5.458s] INFO:colcon.colcon_core.shell:Creating environment hook '/home/dihim/me326_ws/install/locobot_controller/share/locobot_controller/hook/pythonpath.ps1'
[5.459s] INFO:colcon.colcon_core.shell:Creating environment descriptor '/home/dihim/me326_ws/install/locobot_controller/share/locobot_controller/hook/pythonpath.dsv'
[5.459s] INFO:colcon.colcon_core.shell:Creating environment hook '/home/dihim/me326_ws/install/locobot_controller/share/locobot_controller/hook/pythonpath.sh'
[5.459s] Level 1:colcon.colcon_core.environment:checking '/home/dihim/me326_ws/install/locobot_controller/bin'
[5.459s] Level 1:colcon.colcon_core.environment:create_environment_scripts_only(locobot_controller)
[5.504s] INFO:colcon.colcon_core.shell:Creating package script '/home/dihim/me326_ws/install/locobot_controller/share/locobot_controller/package.ps1'
[5.504s] INFO:colcon.colcon_core.shell:Creating package descriptor '/home/dihim/me326_ws/install/locobot_controller/share/locobot_controller/package.dsv'
[5.505s] INFO:colcon.colcon_core.shell:Creating package script '/home/dihim/me326_ws/install/locobot_controller/share/locobot_controller/package.sh'
[5.505s] INFO:colcon.colcon_core.shell:Creating package script '/home/dihim/me326_ws/install/locobot_controller/share/locobot_controller/package.bash'
[5.505s] INFO:colcon.colcon_core.shell:Creating package script '/home/dihim/me326_ws/install/locobot_controller/share/locobot_controller/package.zsh'
[5.505s] Level 1:colcon.colcon_core.environment:create_file_with_runtime_dependencies(/home/dihim/me326_ws/install/locobot_controller/share/colcon-core/packages/locobot_controller)
[5.549s] Level 1:colcon.colcon_core.environment:create_environment_scripts_only(la_msgs)
[5.593s] Level 1:colcon.colcon_core.environment:checking '/home/dihim/me326_ws/install/la_msgs' for CMake module files
[5.594s] Level 1:colcon.colcon_core.environment:checking '/home/dihim/me326_ws/install/la_msgs' for CMake config files
[5.594s] Level 1:colcon.colcon_core.shell:create_environment_hook('la_msgs', 'cmake_prefix_path')
[5.637s] INFO:colcon.colcon_core.shell:Creating environment hook '/home/dihim/me326_ws/install/la_msgs/share/la_msgs/hook/cmake_prefix_path.ps1'
[5.637s] INFO:colcon.colcon_core.shell:Creating environment descriptor '/home/dihim/me326_ws/install/la_msgs/share/la_msgs/hook/cmake_prefix_path.dsv'
[5.637s] INFO:colcon.colcon_core.shell:Creating environment hook '/home/dihim/me326_ws/install/la_msgs/share/la_msgs/hook/cmake_prefix_path.sh'
[5.637s] Level 1:colcon.colcon_core.environment:checking '/home/dihim/me326_ws/install/la_msgs/lib'
[5.637s] Level 1:colcon.colcon_core.shell:create_environment_hook('la_msgs', 'ld_library_path_lib')
[5.680s] INFO:colcon.colcon_core.shell:Creating environment hook '/home/dihim/me326_ws/install/la_msgs/share/la_msgs/hook/ld_library_path_lib.ps1'
[5.680s] INFO:colcon.colcon_core.shell:Creating environment descriptor '/home/dihim/me326_ws/install/la_msgs/share/la_msgs/hook/ld_library_path_lib.dsv'
[5.681s] INFO:colcon.colcon_core.shell:Creating environment hook '/home/dihim/me326_ws/install/la_msgs/share/la_msgs/hook/ld_library_path_lib.sh'
[5.681s] Level 1:colcon.colcon_core.environment:checking '/home/dihim/me326_ws/install/la_msgs/bin'
[5.681s] Level 1:colcon.colcon_core.environment:checking '/home/dihim/me326_ws/install/la_msgs/lib/pkgconfig/la_msgs.pc'
[5.681s] Level 1:colcon.colcon_core.environment:checking '/home/dihim/me326_ws/install/la_msgs/lib/python3.8/site-packages'
[5.681s] Level 1:colcon.colcon_core.shell:create_environment_hook('la_msgs', 'pythonpath')
[5.723s] INFO:colcon.colcon_core.shell:Creating environment hook '/home/dihim/me326_ws/install/la_msgs/share/la_msgs/hook/pythonpath.ps1'
[5.724s] INFO:colcon.colcon_core.shell:Creating environment descriptor '/home/dihim/me326_ws/install/la_msgs/share/la_msgs/hook/pythonpath.dsv'
[5.724s] INFO:colcon.colcon_core.shell:Creating environment hook '/home/dihim/me326_ws/install/la_msgs/share/la_msgs/hook/pythonpath.sh'
[5.724s] Level 1:colcon.colcon_core.environment:checking '/home/dihim/me326_ws/install/la_msgs/bin'
[5.767s] INFO:colcon.colcon_core.shell:Creating package script '/home/dihim/me326_ws/install/la_msgs/share/la_msgs/package.ps1'
[5.767s] INFO:colcon.colcon_core.shell:Creating package descriptor '/home/dihim/me326_ws/install/la_msgs/share/la_msgs/package.dsv'
[5.768s] INFO:colcon.colcon_core.shell:Creating package script '/home/dihim/me326_ws/install/la_msgs/share/la_msgs/package.sh'
[5.768s] INFO:colcon.colcon_core.shell:Creating package script '/home/dihim/me326_ws/install/la_msgs/share/la_msgs/package.bash'
[5.768s] INFO:colcon.colcon_core.shell:Creating package script '/home/dihim/me326_ws/install/la_msgs/share/la_msgs/package.zsh'
[5.768s] Level 1:colcon.colcon_core.environment:create_file_with_runtime_dependencies(/home/dihim/me326_ws/install/la_msgs/share/colcon-core/packages/la_msgs)
[5.813s] Level 1:colcon.colcon_core.environment:create_environment_scripts_only(gazebo_ros_link_attacher)
[5.854s] Level 1:colcon.colcon_core.environment:checking '/home/dihim/me326_ws/install/gazebo_ros_link_attacher' for CMake module files
[5.855s] Level 1:colcon.colcon_core.environment:checking '/home/dihim/me326_ws/install/gazebo_ros_link_attacher' for CMake config files
[5.855s] Level 1:colcon.colcon_core.shell:create_environment_hook('gazebo_ros_link_attacher', 'cmake_prefix_path')
[5.897s] INFO:colcon.colcon_core.shell:Creating environment hook '/home/dihim/me326_ws/install/gazebo_ros_link_attacher/share/gazebo_ros_link_attacher/hook/cmake_prefix_path.ps1'
[5.897s] INFO:colcon.colcon_core.shell:Creating environment descriptor '/home/dihim/me326_ws/install/gazebo_ros_link_attacher/share/gazebo_ros_link_attacher/hook/cmake_prefix_path.dsv'
[5.897s] INFO:colcon.colcon_core.shell:Creating environment hook '/home/dihim/me326_ws/install/gazebo_ros_link_attacher/share/gazebo_ros_link_attacher/hook/cmake_prefix_path.sh'
[5.898s] Level 1:colcon.colcon_core.environment:checking '/home/dihim/me326_ws/install/gazebo_ros_link_attacher/lib'
[5.898s] Level 1:colcon.colcon_core.shell:create_environment_hook('gazebo_ros_link_attacher', 'ld_library_path_lib')
[5.940s] INFO:colcon.colcon_core.shell:Creating environment hook '/home/dihim/me326_ws/install/gazebo_ros_link_attacher/share/gazebo_ros_link_attacher/hook/ld_library_path_lib.ps1'
[5.941s] INFO:colcon.colcon_core.shell:Creating environment descriptor '/home/dihim/me326_ws/install/gazebo_ros_link_attacher/share/gazebo_ros_link_attacher/hook/ld_library_path_lib.dsv'
[5.941s] INFO:colcon.colcon_core.shell:Creating environment hook '/home/dihim/me326_ws/install/gazebo_ros_link_attacher/share/gazebo_ros_link_attacher/hook/ld_library_path_lib.sh'
[5.941s] Level 1:colcon.colcon_core.environment:checking '/home/dihim/me326_ws/install/gazebo_ros_link_attacher/bin'
[5.941s] Level 1:colcon.colcon_core.environment:checking '/home/dihim/me326_ws/install/gazebo_ros_link_attacher/lib/pkgconfig/gazebo_ros_link_attacher.pc'
[5.941s] Level 1:colcon.colcon_core.environment:checking '/home/dihim/me326_ws/install/gazebo_ros_link_attacher/lib/python3.8/site-packages'
[5.941s] Level 1:colcon.colcon_core.shell:create_environment_hook('gazebo_ros_link_attacher', 'pythonpath')
[5.984s] INFO:colcon.colcon_core.shell:Creating environment hook '/home/dihim/me326_ws/install/gazebo_ros_link_attacher/share/gazebo_ros_link_attacher/hook/pythonpath.ps1'
[5.984s] INFO:colcon.colcon_core.shell:Creating environment descriptor '/home/dihim/me326_ws/install/gazebo_ros_link_attacher/share/gazebo_ros_link_attacher/hook/pythonpath.dsv'
[5.984s] INFO:colcon.colcon_core.shell:Creating environment hook '/home/dihim/me326_ws/install/gazebo_ros_link_attacher/share/gazebo_ros_link_attacher/hook/pythonpath.sh'
[5.985s] Level 1:colcon.colcon_core.environment:checking '/home/dihim/me326_ws/install/gazebo_ros_link_attacher/bin'
[6.027s] INFO:colcon.colcon_core.shell:Creating package script '/home/dihim/me326_ws/install/gazebo_ros_link_attacher/share/gazebo_ros_link_attacher/package.ps1'
[6.027s] INFO:colcon.colcon_core.shell:Creating package descriptor '/home/dihim/me326_ws/install/gazebo_ros_link_attacher/share/gazebo_ros_link_attacher/package.dsv'
[6.028s] INFO:colcon.colcon_core.shell:Creating package script '/home/dihim/me326_ws/install/gazebo_ros_link_attacher/share/gazebo_ros_link_attacher/package.sh'
[6.028s] INFO:colcon.colcon_core.shell:Creating package script '/home/dihim/me326_ws/install/gazebo_ros_link_attacher/share/gazebo_ros_link_attacher/package.bash'
[6.028s] INFO:colcon.colcon_core.shell:Creating package script '/home/dihim/me326_ws/install/gazebo_ros_link_attacher/share/gazebo_ros_link_attacher/package.zsh'
[6.028s] Level 1:colcon.colcon_core.environment:create_file_with_runtime_dependencies(/home/dihim/me326_ws/install/gazebo_ros_link_attacher/share/colcon-core/packages/gazebo_ros_link_attacher)
[6.029s] INFO:colcon.colcon_ros.task.ament_cmake.build:Building ROS package in '/home/dihim/me326_ws/src/arm_controller' with build type 'ament_cmake'
[6.029s] INFO:colcon.colcon_cmake.task.cmake.build:Building CMake package in '/home/dihim/me326_ws/src/arm_controller'
[6.071s] INFO:colcon.colcon_core.shell:Skip shell extension 'powershell' for command environment: Not usable outside of PowerShell
[6.071s] DEBUG:colcon.colcon_core.shell:Skip shell extension 'dsv' for command environment
[6.251s] DEBUG:colcon.colcon_core.event_handler.log_command:Invoking command in '/home/dihim/me326_ws/build/arm_controller': CMAKE_PREFIX_PATH=/home/dihim/me326_ws/install/locobot_controller:/home/dihim/interbotix_ws/install/interbotix_xs_modules:/home/dihim/interbotix_ws/install/interbotix_perception_modules:/home/dihim/interbotix_ws/install/interbotix_common_modules:/opt/ros/galactic:/home/dihim/me326_ws/install/gazebo_ros_link_attacher:/home/dihim/me326_ws/install/locobot_yicheng:/home/dihim/me326_ws/install/la_msgs:/home/dihim/me326_ws/install/arm_controller:/home/dihim/interbotix_ws/install/interbotix_moveit_interface:/home/dihim/interbotix_ws/install/arm_controller:/home/dihim/interbotix_ws/install/moveit_visual_tools:/home/dihim/interbotix_ws/install/interbotix_xslocobot_sim:/home/dihim/interbotix_ws/install/interbotix_xslocobot_moveit:/home/dihim/interbotix_ws/install/interbotix_xslocobot_descriptions:/home/dihim/interbotix_ws/install/interbotix_xs_toolbox:/home/dihim/interbotix_ws/install/interbotix_xs_rviz:/home/dihim/interbotix_ws/install/interbotix_xs_ros_control:/home/dihim/interbotix_ws/install/interbotix_perception_toolbox:/home/dihim/interbotix_ws/install/interbotix_perception_pipelines:/home/dihim/interbotix_ws/install/interbotix_xs_msgs:/home/dihim/interbotix_ws/install/interbotix_tf_tools:/home/dihim/interbotix_ws/install/interbotix_perception_msgs:/home/dihim/interbotix_ws/install/interbotix_moveit_interface_msgs:/home/dihim/interbotix_ws/install/interbotix_common_toolbox:/home/dihim/interbotix_ws/install/interbotix_common_sim LD_LIBRARY_PATH=/home/dihim/me326_ws/install/gazebo_ros_link_attacher/lib:/home/dihim/me326_ws/install/la_msgs/lib:/home/dihim/interbotix_ws/install/moveit_visual_tools/lib:/home/dihim/interbotix_ws/install/interbotix_xs_rviz/lib:/home/dihim/interbotix_ws/install/interbotix_xs_ros_control/lib:/home/dihim/interbotix_ws/install/interbotix_xs_msgs/lib:/home/dihim/interbotix_ws/install/interbotix_tf_tools/lib:/home/dihim/interbotix_ws/install/interbotix_perception_msgs/lib:/home/dihim/interbotix_ws/install/interbotix_moveit_interface_msgs/lib:/usr/lib/aarch64-linux-gnu/gazebo-11/plugins:/opt/ros/galactic/opt/yaml_cpp_vendor/lib:/opt/ros/galactic/opt/rviz_ogre_vendor/lib:/opt/ros/galactic/lib/aarch64-linux-gnu:/opt/ros/galactic/lib:/usr/share/gazebo/../../lib/aarch64-linux-gnu/gazebo-11/plugins PYTHONPATH=/home/dihim/me326_ws/install/gazebo_ros_link_attacher/lib/python3.8/site-packages:/home/dihim/me326_ws/install/locobot_controller/lib/python3.8/site-packages:/home/dihim/me326_ws/install/la_msgs/lib/python3.8/site-packages:/home/dihim/interbotix_ws/install/interbotix_xs_modules/lib/python3.8/site-packages:/home/dihim/interbotix_ws/install/interbotix_perception_modules/lib/python3.8/site-packages:/home/dihim/interbotix_ws/install/interbotix_xs_msgs/lib/python3.8/site-packages:/home/dihim/interbotix_ws/install/interbotix_perception_msgs/lib/python3.8/site-packages:/home/dihim/interbotix_ws/install/interbotix_moveit_interface_msgs/lib/python3.8/site-packages:/home/dihim/interbotix_ws/install/interbotix_common_modules/lib/python3.8/site-packages:/opt/ros/galactic/lib/python3.8/site-packages /usr/bin/cmake --build /home/dihim/me326_ws/build/arm_controller -- -j4 -l4
[13.996s] DEBUG:colcon.colcon_core.event_handler.log_command:Invoked command in '/home/dihim/me326_ws/build/arm_controller' returned '0': CMAKE_PREFIX_PATH=/home/dihim/me326_ws/install/locobot_controller:/home/dihim/interbotix_ws/install/interbotix_xs_modules:/home/dihim/interbotix_ws/install/interbotix_perception_modules:/home/dihim/interbotix_ws/install/interbotix_common_modules:/opt/ros/galactic:/home/dihim/me326_ws/install/gazebo_ros_link_attacher:/home/dihim/me326_ws/install/locobot_yicheng:/home/dihim/me326_ws/install/la_msgs:/home/dihim/me326_ws/install/arm_controller:/home/dihim/interbotix_ws/install/interbotix_moveit_interface:/home/dihim/interbotix_ws/install/arm_controller:/home/dihim/interbotix_ws/install/moveit_visual_tools:/home/dihim/interbotix_ws/install/interbotix_xslocobot_sim:/home/dihim/interbotix_ws/install/interbotix_xslocobot_moveit:/home/dihim/interbotix_ws/install/interbotix_xslocobot_descriptions:/home/dihim/interbotix_ws/install/interbotix_xs_toolbox:/home/dihim/interbotix_ws/install/interbotix_xs_rviz:/home/dihim/interbotix_ws/install/interbotix_xs_ros_control:/home/dihim/interbotix_ws/install/interbotix_perception_toolbox:/home/dihim/interbotix_ws/install/interbotix_perception_pipelines:/home/dihim/interbotix_ws/install/interbotix_xs_msgs:/home/dihim/interbotix_ws/install/interbotix_tf_tools:/home/dihim/interbotix_ws/install/interbotix_perception_msgs:/home/dihim/interbotix_ws/install/interbotix_moveit_interface_msgs:/home/dihim/interbotix_ws/install/interbotix_common_toolbox:/home/dihim/interbotix_ws/install/interbotix_common_sim LD_LIBRARY_PATH=/home/dihim/me326_ws/install/gazebo_ros_link_attacher/lib:/home/dihim/me326_ws/install/la_msgs/lib:/home/dihim/interbotix_ws/install/moveit_visual_tools/lib:/home/dihim/interbotix_ws/install/interbotix_xs_rviz/lib:/home/dihim/interbotix_ws/install/interbotix_xs_ros_control/lib:/home/dihim/interbotix_ws/install/interbotix_xs_msgs/lib:/home/dihim/interbotix_ws/install/interbotix_tf_tools/lib:/home/dihim/interbotix_ws/install/interbotix_perception_msgs/lib:/home/dihim/interbotix_ws/install/interbotix_moveit_interface_msgs/lib:/usr/lib/aarch64-linux-gnu/gazebo-11/plugins:/opt/ros/galactic/opt/yaml_cpp_vendor/lib:/opt/ros/galactic/opt/rviz_ogre_vendor/lib:/opt/ros/galactic/lib/aarch64-linux-gnu:/opt/ros/galactic/lib:/usr/share/gazebo/../../lib/aarch64-linux-gnu/gazebo-11/plugins PYTHONPATH=/home/dihim/me326_ws/install/gazebo_ros_link_attacher/lib/python3.8/site-packages:/home/dihim/me326_ws/install/locobot_controller/lib/python3.8/site-packages:/home/dihim/me326_ws/install/la_msgs/lib/python3.8/site-packages:/home/dihim/interbotix_ws/install/interbotix_xs_modules/lib/python3.8/site-packages:/home/dihim/interbotix_ws/install/interbotix_perception_modules/lib/python3.8/site-packages:/home/dihim/interbotix_ws/install/interbotix_xs_msgs/lib/python3.8/site-packages:/home/dihim/interbotix_ws/install/interbotix_perception_msgs/lib/python3.8/site-packages:/home/dihim/interbotix_ws/install/interbotix_moveit_interface_msgs/lib/python3.8/site-packages:/home/dihim/interbotix_ws/install/interbotix_common_modules/lib/python3.8/site-packages:/opt/ros/galactic/lib/python3.8/site-packages /usr/bin/cmake --build /home/dihim/me326_ws/build/arm_controller -- -j4 -l4
[14.013s] DEBUG:colcon.colcon_core.event_handler.log_command:Invoking command in '/home/dihim/me326_ws/build/arm_controller': CMAKE_PREFIX_PATH=/home/dihim/me326_ws/install/locobot_controller:/home/dihim/interbotix_ws/install/interbotix_xs_modules:/home/dihim/interbotix_ws/install/interbotix_perception_modules:/home/dihim/interbotix_ws/install/interbotix_common_modules:/opt/ros/galactic:/home/dihim/me326_ws/install/gazebo_ros_link_attacher:/home/dihim/me326_ws/install/locobot_yicheng:/home/dihim/me326_ws/install/la_msgs:/home/dihim/me326_ws/install/arm_controller:/home/dihim/interbotix_ws/install/interbotix_moveit_interface:/home/dihim/interbotix_ws/install/arm_controller:/home/dihim/interbotix_ws/install/moveit_visual_tools:/home/dihim/interbotix_ws/install/interbotix_xslocobot_sim:/home/dihim/interbotix_ws/install/interbotix_xslocobot_moveit:/home/dihim/interbotix_ws/install/interbotix_xslocobot_descriptions:/home/dihim/interbotix_ws/install/interbotix_xs_toolbox:/home/dihim/interbotix_ws/install/interbotix_xs_rviz:/home/dihim/interbotix_ws/install/interbotix_xs_ros_control:/home/dihim/interbotix_ws/install/interbotix_perception_toolbox:/home/dihim/interbotix_ws/install/interbotix_perception_pipelines:/home/dihim/interbotix_ws/install/interbotix_xs_msgs:/home/dihim/interbotix_ws/install/interbotix_tf_tools:/home/dihim/interbotix_ws/install/interbotix_perception_msgs:/home/dihim/interbotix_ws/install/interbotix_moveit_interface_msgs:/home/dihim/interbotix_ws/install/interbotix_common_toolbox:/home/dihim/interbotix_ws/install/interbotix_common_sim LD_LIBRARY_PATH=/home/dihim/me326_ws/install/gazebo_ros_link_attacher/lib:/home/dihim/me326_ws/install/la_msgs/lib:/home/dihim/interbotix_ws/install/moveit_visual_tools/lib:/home/dihim/interbotix_ws/install/interbotix_xs_rviz/lib:/home/dihim/interbotix_ws/install/interbotix_xs_ros_control/lib:/home/dihim/interbotix_ws/install/interbotix_xs_msgs/lib:/home/dihim/interbotix_ws/install/interbotix_tf_tools/lib:/home/dihim/interbotix_ws/install/interbotix_perception_msgs/lib:/home/dihim/interbotix_ws/install/interbotix_moveit_interface_msgs/lib:/usr/lib/aarch64-linux-gnu/gazebo-11/plugins:/opt/ros/galactic/opt/yaml_cpp_vendor/lib:/opt/ros/galactic/opt/rviz_ogre_vendor/lib:/opt/ros/galactic/lib/aarch64-linux-gnu:/opt/ros/galactic/lib:/usr/share/gazebo/../../lib/aarch64-linux-gnu/gazebo-11/plugins PYTHONPATH=/home/dihim/me326_ws/install/gazebo_ros_link_attacher/lib/python3.8/site-packages:/home/dihim/me326_ws/install/locobot_controller/lib/python3.8/site-packages:/home/dihim/me326_ws/install/la_msgs/lib/python3.8/site-packages:/home/dihim/interbotix_ws/install/interbotix_xs_modules/lib/python3.8/site-packages:/home/dihim/interbotix_ws/install/interbotix_perception_modules/lib/python3.8/site-packages:/home/dihim/interbotix_ws/install/interbotix_xs_msgs/lib/python3.8/site-packages:/home/dihim/interbotix_ws/install/interbotix_perception_msgs/lib/python3.8/site-packages:/home/dihim/interbotix_ws/install/interbotix_moveit_interface_msgs/lib/python3.8/site-packages:/home/dihim/interbotix_ws/install/interbotix_common_modules/lib/python3.8/site-packages:/opt/ros/galactic/lib/python3.8/site-packages /usr/bin/cmake --install /home/dihim/me326_ws/build/arm_controller
[14.021s] Level 1:colcon.colcon_core.environment:create_environment_scripts_only(arm_controller)
[14.021s] DEBUG:colcon.colcon_core.event_handler.log_command:Invoked command in '/home/dihim/me326_ws/build/arm_controller' returned '0': CMAKE_PREFIX_PATH=/home/dihim/me326_ws/install/locobot_controller:/home/dihim/interbotix_ws/install/interbotix_xs_modules:/home/dihim/interbotix_ws/install/interbotix_perception_modules:/home/dihim/interbotix_ws/install/interbotix_common_modules:/opt/ros/galactic:/home/dihim/me326_ws/install/gazebo_ros_link_attacher:/home/dihim/me326_ws/install/locobot_yicheng:/home/dihim/me326_ws/install/la_msgs:/home/dihim/me326_ws/install/arm_controller:/home/dihim/interbotix_ws/install/interbotix_moveit_interface:/home/dihim/interbotix_ws/install/arm_controller:/home/dihim/interbotix_ws/install/moveit_visual_tools:/home/dihim/interbotix_ws/install/interbotix_xslocobot_sim:/home/dihim/interbotix_ws/install/interbotix_xslocobot_moveit:/home/dihim/interbotix_ws/install/interbotix_xslocobot_descriptions:/home/dihim/interbotix_ws/install/interbotix_xs_toolbox:/home/dihim/interbotix_ws/install/interbotix_xs_rviz:/home/dihim/interbotix_ws/install/interbotix_xs_ros_control:/home/dihim/interbotix_ws/install/interbotix_perception_toolbox:/home/dihim/interbotix_ws/install/interbotix_perception_pipelines:/home/dihim/interbotix_ws/install/interbotix_xs_msgs:/home/dihim/interbotix_ws/install/interbotix_tf_tools:/home/dihim/interbotix_ws/install/interbotix_perception_msgs:/home/dihim/interbotix_ws/install/interbotix_moveit_interface_msgs:/home/dihim/interbotix_ws/install/interbotix_common_toolbox:/home/dihim/interbotix_ws/install/interbotix_common_sim LD_LIBRARY_PATH=/home/dihim/me326_ws/install/gazebo_ros_link_attacher/lib:/home/dihim/me326_ws/install/la_msgs/lib:/home/dihim/interbotix_ws/install/moveit_visual_tools/lib:/home/dihim/interbotix_ws/install/interbotix_xs_rviz/lib:/home/dihim/interbotix_ws/install/interbotix_xs_ros_control/lib:/home/dihim/interbotix_ws/install/interbotix_xs_msgs/lib:/home/dihim/interbotix_ws/install/interbotix_tf_tools/lib:/home/dihim/interbotix_ws/install/interbotix_perception_msgs/lib:/home/dihim/interbotix_ws/install/interbotix_moveit_interface_msgs/lib:/usr/lib/aarch64-linux-gnu/gazebo-11/plugins:/opt/ros/galactic/opt/yaml_cpp_vendor/lib:/opt/ros/galactic/opt/rviz_ogre_vendor/lib:/opt/ros/galactic/lib/aarch64-linux-gnu:/opt/ros/galactic/lib:/usr/share/gazebo/../../lib/aarch64-linux-gnu/gazebo-11/plugins PYTHONPATH=/home/dihim/me326_ws/install/gazebo_ros_link_attacher/lib/python3.8/site-packages:/home/dihim/me326_ws/install/locobot_controller/lib/python3.8/site-packages:/home/dihim/me326_ws/install/la_msgs/lib/python3.8/site-packages:/home/dihim/interbotix_ws/install/interbotix_xs_modules/lib/python3.8/site-packages:/home/dihim/interbotix_ws/install/interbotix_perception_modules/lib/python3.8/site-packages:/home/dihim/interbotix_ws/install/interbotix_xs_msgs/lib/python3.8/site-packages:/home/dihim/interbotix_ws/install/interbotix_perception_msgs/lib/python3.8/site-packages:/home/dihim/interbotix_ws/install/interbotix_moveit_interface_msgs/lib/python3.8/site-packages:/home/dihim/interbotix_ws/install/interbotix_common_modules/lib/python3.8/site-packages:/opt/ros/galactic/lib/python3.8/site-packages /usr/bin/cmake --install /home/dihim/me326_ws/build/arm_controller
[14.066s] Level 1:colcon.colcon_core.environment:checking '/home/dihim/me326_ws/install/arm_controller' for CMake module files
[14.067s] Level 1:colcon.colcon_core.environment:checking '/home/dihim/me326_ws/install/arm_controller' for CMake config files
[14.067s] Level 1:colcon.colcon_core.shell:create_environment_hook('arm_controller', 'cmake_prefix_path')
[14.110s] INFO:colcon.colcon_core.shell:Creating environment hook '/home/dihim/me326_ws/install/arm_controller/share/arm_controller/hook/cmake_prefix_path.ps1'
[14.111s] INFO:colcon.colcon_core.shell:Creating environment descriptor '/home/dihim/me326_ws/install/arm_controller/share/arm_controller/hook/cmake_prefix_path.dsv'
[14.111s] INFO:colcon.colcon_core.shell:Creating environment hook '/home/dihim/me326_ws/install/arm_controller/share/arm_controller/hook/cmake_prefix_path.sh'
[14.111s] Level 1:colcon.colcon_core.environment:checking '/home/dihim/me326_ws/install/arm_controller/lib'
[14.111s] Level 1:colcon.colcon_core.environment:checking '/home/dihim/me326_ws/install/arm_controller/bin'
[14.111s] Level 1:colcon.colcon_core.environment:checking '/home/dihim/me326_ws/install/arm_controller/lib/pkgconfig/arm_controller.pc'
[14.111s] Level 1:colcon.colcon_core.environment:checking '/home/dihim/me326_ws/install/arm_controller/lib/python3.8/site-packages'
[14.111s] Level 1:colcon.colcon_core.environment:checking '/home/dihim/me326_ws/install/arm_controller/bin'
[14.156s] INFO:colcon.colcon_core.shell:Creating package script '/home/dihim/me326_ws/install/arm_controller/share/arm_controller/package.ps1'
[14.156s] INFO:colcon.colcon_core.shell:Creating package descriptor '/home/dihim/me326_ws/install/arm_controller/share/arm_controller/package.dsv'
[14.156s] INFO:colcon.colcon_core.shell:Creating package script '/home/dihim/me326_ws/install/arm_controller/share/arm_controller/package.sh'
[14.157s] INFO:colcon.colcon_core.shell:Creating package script '/home/dihim/me326_ws/install/arm_controller/share/arm_controller/package.bash'
[14.157s] INFO:colcon.colcon_core.shell:Creating package script '/home/dihim/me326_ws/install/arm_controller/share/arm_controller/package.zsh'
[14.157s] Level 1:colcon.colcon_core.environment:create_file_with_runtime_dependencies(/home/dihim/me326_ws/install/arm_controller/share/colcon-core/packages/arm_controller)
[14.218s] Level 1:colcon.colcon_core.environment:create_environment_scripts_only(arm_controller)
[14.261s] Level 1:colcon.colcon_core.environment:checking '/home/dihim/me326_ws/install/arm_controller' for CMake module files
[14.261s] Level 1:colcon.colcon_core.environment:checking '/home/dihim/me326_ws/install/arm_controller' for CMake config files
[14.261s] Level 1:colcon.colcon_core.shell:create_environment_hook('arm_controller', 'cmake_prefix_path')
[14.305s] INFO:colcon.colcon_core.shell:Creating environment hook '/home/dihim/me326_ws/install/arm_controller/share/arm_controller/hook/cmake_prefix_path.ps1'
[14.305s] INFO:colcon.colcon_core.shell:Creating environment descriptor '/home/dihim/me326_ws/install/arm_controller/share/arm_controller/hook/cmake_prefix_path.dsv'
[14.306s] INFO:colcon.colcon_core.shell:Creating environment hook '/home/dihim/me326_ws/install/arm_controller/share/arm_controller/hook/cmake_prefix_path.sh'
[14.306s] Level 1:colcon.colcon_core.environment:checking '/home/dihim/me326_ws/install/arm_controller/lib'
[14.306s] Level 1:colcon.colcon_core.environment:checking '/home/dihim/me326_ws/install/arm_controller/bin'
[14.306s] Level 1:colcon.colcon_core.environment:checking '/home/dihim/me326_ws/install/arm_controller/lib/pkgconfig/arm_controller.pc'
[14.306s] Level 1:colcon.colcon_core.environment:checking '/home/dihim/me326_ws/install/arm_controller/lib/python3.8/site-packages'
[14.306s] Level 1:colcon.colcon_core.environment:checking '/home/dihim/me326_ws/install/arm_controller/bin'
[14.350s] INFO:colcon.colcon_core.shell:Creating package script '/home/dihim/me326_ws/install/arm_controller/share/arm_controller/package.ps1'
[14.350s] INFO:colcon.colcon_core.shell:Creating package descriptor '/home/dihim/me326_ws/install/arm_controller/share/arm_controller/package.dsv'
[14.350s] INFO:colcon.colcon_core.shell:Creating package script '/home/dihim/me326_ws/install/arm_controller/share/arm_controller/package.sh'
[14.351s] INFO:colcon.colcon_core.shell:Creating package script '/home/dihim/me326_ws/install/arm_controller/share/arm_controller/package.bash'
[14.351s] INFO:colcon.colcon_core.shell:Creating package script '/home/dihim/me326_ws/install/arm_controller/share/arm_controller/package.zsh'
[14.351s] Level 1:colcon.colcon_core.environment:create_file_with_runtime_dependencies(/home/dihim/me326_ws/install/arm_controller/share/colcon-core/packages/arm_controller)
[14.351s] DEBUG:colcon.colcon_parallel_executor.executor.parallel:closing loop
[14.352s] DEBUG:colcon.colcon_parallel_executor.executor.parallel:loop closed
[14.352s] DEBUG:colcon.colcon_parallel_executor.executor.parallel:run_until_complete finished with '0'
[14.352s] DEBUG:colcon.colcon_core.event_reactor:joining thread
[14.399s] INFO:colcon.colcon_core.plugin_system:Skipping extension 'colcon_notification.desktop_notification.terminal_notifier': Not used on non-Darwin systems
[14.400s] INFO:colcon.colcon_core.plugin_system:Skipping extension 'colcon_notification.desktop_notification.win32': Not used on non-Windows systems
[14.400s] INFO:colcon.colcon_notification.desktop_notification:Sending desktop notification using 'notify2'
[14.409s] DEBUG:colcon.colcon_core.event_reactor:joined thread
[14.467s] INFO:colcon.colcon_core.shell:Creating prefix script '/home/dihim/me326_ws/install/local_setup.ps1'
[14.467s] INFO:colcon.colcon_core.shell:Creating prefix util module '/home/dihim/me326_ws/install/_local_setup_util_ps1.py'
[14.468s] INFO:colcon.colcon_core.shell:Creating prefix chain script '/home/dihim/me326_ws/install/setup.ps1'
[14.514s] INFO:colcon.colcon_core.shell:Creating prefix script '/home/dihim/me326_ws/install/local_setup.sh'
[14.514s] INFO:colcon.colcon_core.shell:Creating prefix util module '/home/dihim/me326_ws/install/_local_setup_util_sh.py'
[14.514s] INFO:colcon.colcon_core.shell:Creating prefix chain script '/home/dihim/me326_ws/install/setup.sh'
[14.559s] INFO:colcon.colcon_core.shell:Creating prefix script '/home/dihim/me326_ws/install/local_setup.bash'
[14.559s] INFO:colcon.colcon_core.shell:Creating prefix chain script '/home/dihim/me326_ws/install/setup.bash'
[14.604s] INFO:colcon.colcon_core.shell:Creating prefix script '/home/dihim/me326_ws/install/local_setup.zsh'
[14.604s] INFO:colcon.colcon_core.shell:Creating prefix chain script '/home/dihim/me326_ws/install/setup.zsh'
