[  8%] Built target gazebo_ros_link_attacher__rosidl_generator_c
[ 11%] Built target gazebo_ros_link_attacher__cpp
[ 20%] Built target gazebo_ros_link_attacher__rosidl_typesupport_introspection_cpp
[ 28%] Built target gazebo_ros_link_attacher__rosidl_typesupport_introspection_c
[ 37%] Built target gazebo_ros_link_attacher__rosidl_typesupport_c
[ 45%] Built target gazebo_ros_link_attacher__rosidl_typesupport_fastrtps_cpp
[ 54%] Built target gazebo_ros_link_attacher__rosidl_typesupport_cpp
[ 62%] Built target gazebo_ros_link_attacher__rosidl_typesupport_fastrtps_c
[ 62%] Built target gazebo_ros_link_attacher
[ 65%] Built target gazebo_ros_link_attacher__py
[ 71%] Built target gazebo_ros_link_attacher__python
[ 77%] Built target gazebo_ros_link_attacher_plugin
[ 82%] Built target gazebo_ros_link_attacher__rosidl_typesupport_c__pyext
[ 88%] Built target gazebo_ros_link_attacher__rosidl_typesupport_introspection_c__pyext
[ 94%] Built target gazebo_ros_link_attacher__rosidl_typesupport_fastrtps_c__pyext
[ 97%] [32m[1mLinking CXX executable gazebo_ros_link_attacher_node[0m
/usr/bin/ld: /usr/lib/gcc/aarch64-linux-gnu/9/../../../aarch64-linux-gnu/Scrt1.o: in function `_start':
(.text+0x18): undefined reference to `main'
/usr/bin/ld: (.text+0x1c): undefined reference to `main'
collect2: error: ld returned 1 exit status
make[2]: *** [CMakeFiles/gazebo_ros_link_attacher_node.dir/build.make:283: gazebo_ros_link_attacher_node] Error 1
make[1]: *** [CMakeFiles/Makefile2:424: CMakeFiles/gazebo_ros_link_attacher_node.dir/all] Error 2
make: *** [Makefile:141: all] Error 2
