[3.053s] Invoking command in '/home/dihim/me326_ws/build/arm_controller': CMAKE_PREFIX_PATH=${CMAKE_PREFIX_PATH}:/home/dihim/interbotix_ws/install/interbotix_xs_modules:/home/dihim/interbotix_ws/install/interbotix_perception_modules:/home/dihim/interbotix_ws/install/interbotix_common_modules:/opt/ros/galactic /usr/bin/cmake --build /home/dihim/me326_ws/build/arm_controller -- -j4 -l4
[4.561s] [35m[1mScanning dependencies of target arm_controller[0m
[4.561s] [ 33%] [32mBuilding CXX object CMakeFiles/arm_controller.dir/src/moveit_interface.cpp.o[0m
[31.136s] [ 66%] [32m[1mLinking CXX executable arm_controller[0m
[34.151s] [100%] Built target arm_controller
[34.203s] Invoked command in '/home/dihim/me326_ws/build/arm_controller' returned '0': CMAKE_PREFIX_PATH=${CMAKE_PREFIX_PATH}:/home/dihim/interbotix_ws/install/interbotix_xs_modules:/home/dihim/interbotix_ws/install/interbotix_perception_modules:/home/dihim/interbotix_ws/install/interbotix_common_modules:/opt/ros/galactic /usr/bin/cmake --build /home/dihim/me326_ws/build/arm_controller -- -j4 -l4
[34.427s] Invoking command in '/home/dihim/me326_ws/build/arm_controller': CMAKE_PREFIX_PATH=${CMAKE_PREFIX_PATH}:/home/dihim/interbotix_ws/install/interbotix_xs_modules:/home/dihim/interbotix_ws/install/interbotix_perception_modules:/home/dihim/interbotix_ws/install/interbotix_common_modules:/opt/ros/galactic /usr/bin/cmake --install /home/dihim/me326_ws/build/arm_controller
[34.436s] -- Install configuration: ""
[34.438s] -- Installing: /home/dihim/me326_ws/install/arm_controller/lib/arm_controller/arm_controller
[34.479s] -- Set runtime path of "/home/dihim/me326_ws/install/arm_controller/lib/arm_controller/arm_controller" to ""
[34.480s] -- Up-to-date: /home/dihim/me326_ws/install/arm_controller/lib/arm_controller/moveit_interface_gui
[34.480s] -- Up-to-date: /home/dihim/me326_ws/install/arm_controller/share/arm_controller//launch
[34.481s] -- Up-to-date: /home/dihim/me326_ws/install/arm_controller/share/arm_controller//launch/spawn_blocks.py
[34.482s] -- Up-to-date: /home/dihim/me326_ws/install/arm_controller/share/arm_controller/model
[34.483s] -- Up-to-date: /home/dihim/me326_ws/install/arm_controller/share/arm_controller/model/blue_cube.urdf
[34.483s] -- Up-to-date: /home/dihim/me326_ws/install/arm_controller/share/arm_controller/model/yellow_cube.urdf
[34.483s] -- Up-to-date: /home/dihim/me326_ws/install/arm_controller/share/arm_controller/model/red_cube.urdf
[34.484s] -- Up-to-date: /home/dihim/me326_ws/install/arm_controller/share/arm_controller/model/green_cube.urdf
[34.485s] -- Up-to-date: /home/dihim/me326_ws/install/arm_controller/share/ament_index/resource_index/package_run_dependencies/arm_controller
[34.485s] -- Up-to-date: /home/dihim/me326_ws/install/arm_controller/share/ament_index/resource_index/parent_prefix_path/arm_controller
[34.490s] -- Up-to-date: /home/dihim/me326_ws/install/arm_controller/share/arm_controller/environment/ament_prefix_path.sh
[34.490s] -- Up-to-date: /home/dihim/me326_ws/install/arm_controller/share/arm_controller/environment/ament_prefix_path.dsv
[34.491s] -- Up-to-date: /home/dihim/me326_ws/install/arm_controller/share/arm_controller/environment/path.sh
[34.491s] -- Up-to-date: /home/dihim/me326_ws/install/arm_controller/share/arm_controller/environment/path.dsv
[34.491s] -- Up-to-date: /home/dihim/me326_ws/install/arm_controller/share/arm_controller/local_setup.bash
[34.492s] -- Up-to-date: /home/dihim/me326_ws/install/arm_controller/share/arm_controller/local_setup.sh
[34.492s] -- Up-to-date: /home/dihim/me326_ws/install/arm_controller/share/arm_controller/local_setup.zsh
[34.492s] -- Up-to-date: /home/dihim/me326_ws/install/arm_controller/share/arm_controller/local_setup.dsv
[34.493s] -- Installing: /home/dihim/me326_ws/install/arm_controller/share/arm_controller/package.dsv
[34.493s] -- Up-to-date: /home/dihim/me326_ws/install/arm_controller/share/ament_index/resource_index/packages/arm_controller
[34.493s] -- Up-to-date: /home/dihim/me326_ws/install/arm_controller/share/arm_controller/cmake/arm_controllerConfig.cmake
[34.493s] -- Up-to-date: /home/dihim/me326_ws/install/arm_controller/share/arm_controller/cmake/arm_controllerConfig-version.cmake
[34.493s] -- Up-to-date: /home/dihim/me326_ws/install/arm_controller/share/arm_controller/package.xml
[34.498s] Invoked command in '/home/dihim/me326_ws/build/arm_controller' returned '0': CMAKE_PREFIX_PATH=${CMAKE_PREFIX_PATH}:/home/dihim/interbotix_ws/install/interbotix_xs_modules:/home/dihim/interbotix_ws/install/interbotix_perception_modules:/home/dihim/interbotix_ws/install/interbotix_common_modules:/opt/ros/galactic /usr/bin/cmake --install /home/dihim/me326_ws/build/arm_controller
