[0.175s] Invoking command in '/home/dihim/me326_ws/build/arm_controller': AMENT_PREFIX_PATH=/home/dihim/me326_ws/install/gazebo_ros_link_attacher:${AMENT_PREFIX_PATH} CMAKE_PREFIX_PATH=/home/dihim/interbotix_ws/install/interbotix_xs_modules:/home/dihim/interbotix_ws/install/interbotix_perception_modules:/home/dihim/interbotix_ws/install/interbotix_common_modules:/opt/ros/galactic:/home/dihim/me326_ws/install/gazebo_ros_link_attacher:${CMAKE_PREFIX_PATH} LD_LIBRARY_PATH=/home/dihim/me326_ws/install/gazebo_ros_link_attacher/lib:/home/dihim/interbotix_ws/install/moveit_visual_tools/lib:/home/dihim/interbotix_ws/install/interbotix_xs_rviz/lib:/home/dihim/interbotix_ws/install/interbotix_xs_ros_control/lib:/home/dihim/interbotix_ws/install/interbotix_xs_msgs/lib:/home/dihim/interbotix_ws/install/interbotix_tf_tools/lib:/home/dihim/interbotix_ws/install/interbotix_perception_msgs/lib:/home/dihim/interbotix_ws/install/interbotix_moveit_interface_msgs/lib:/usr/lib/aarch64-linux-gnu/gazebo-11/plugins:/opt/ros/galactic/opt/yaml_cpp_vendor/lib:/opt/ros/galactic/opt/rviz_ogre_vendor/lib:/opt/ros/galactic/lib/aarch64-linux-gnu:/opt/ros/galactic/lib:/usr/share/gazebo/../../lib/aarch64-linux-gnu/gazebo-11/plugins PYTHONPATH=/home/dihim/me326_ws/install/gazebo_ros_link_attacher/lib/python3.8/site-packages:${PYTHONPATH} /usr/bin/cmake --build /home/dihim/me326_ws/build/arm_controller -- -j4 -l4
[0.207s] -- Found ament_cmake: 1.1.6 (/opt/ros/galactic/share/ament_cmake/cmake)
[0.218s] -- Using PYTHON_EXECUTABLE: /usr/bin/python3
[0.249s] -- Found interbotix_moveit_interface_msgs: 0.0.0 (/home/dihim/interbotix_ws/install/interbotix_moveit_interface_msgs/share/interbotix_moveit_interface_msgs/cmake)
[0.262s] -- Using all available rosidl_typesupport_c: rosidl_typesupport_fastrtps_c;rosidl_typesupport_introspection_c
[0.263s] -- Found rosidl_adapter: 2.2.3 (/opt/ros/galactic/share/rosidl_adapter/cmake)
[0.330s] -- Using all available rosidl_typesupport_cpp: rosidl_typesupport_fastrtps_cpp;rosidl_typesupport_introspection_cpp
[0.410s] -- Found moveit_msgs: 2.2.0 (/opt/ros/galactic/share/moveit_msgs/cmake)
[1.133s] -- Found moveit_ros_planning_interface: 2.3.4 (/opt/ros/galactic/share/moveit_ros_planning_interface/cmake)
[1.139s] -- Found Boost: /usr/lib/aarch64-linux-gnu/cmake/Boost-1.71.0/BoostConfig.cmake (found version "1.71.0") found components: date_time filesystem program_options system thread 
[1.177s] -- Found Boost: /usr/lib/aarch64-linux-gnu/cmake/Boost-1.71.0/BoostConfig.cmake (found version "1.71.0") found components: chrono date_time filesystem iostreams program_options regex serialization system thread 
[1.187s] -- Found Boost: /usr/lib/aarch64-linux-gnu/cmake/Boost-1.71.0/BoostConfig.cmake (found version "1.71.0") found components: filesystem 
[1.222s] -- Found rmw_implementation_cmake: 3.3.1 (/opt/ros/galactic/share/rmw_implementation_cmake/cmake)
[1.223s] -- Found rmw_cyclonedds_cpp: 0.22.6 (/opt/ros/galactic/share/rmw_cyclonedds_cpp/cmake)
[1.232s] -- Using RMW implementation 'rmw_cyclonedds_cpp' as default
[1.312s] -- library: /usr/lib/aarch64-linux-gnu/libcurl.so
[1.807s] -- Found Boost: /usr/lib/aarch64-linux-gnu/cmake/Boost-1.71.0/BoostConfig.cmake (found version "1.71.0") found components: system filesystem date_time program_options thread chrono 
[1.961s] -- Found Boost: /usr/lib/aarch64-linux-gnu/cmake/Boost-1.71.0/BoostConfig.cmake (found version "1.71.0") found components: thread 
[2.387s] -- Found Boost: /usr/lib/aarch64-linux-gnu/cmake/Boost-1.71.0/BoostConfig.cmake (found version "1.71.0") found components: thread system filesystem regex date_time program_options 
[2.607s] -- Found Boost: /usr/lib/aarch64-linux-gnu/cmake/Boost-1.71.0/BoostConfig.cmake (found version "1.71.0") found components: system filesystem date_time program_options thread 
[2.955s] -- Found moveit_visual_tools: 4.1.0 (/home/dihim/interbotix_ws/install/moveit_visual_tools/share/moveit_visual_tools/cmake)
[3.268s] -- Setting OGRE_DIR to: '/opt/ros/galactic/share/rviz_ogre_vendor/cmake/../../../opt/rviz_ogre_vendor/lib/OGRE/cmake'
[3.270s] -- Found OGRE
[3.270s] --   static     : OFF
[3.270s] --   components : HLMS;MeshLodGenerator;Overlay;Paging;Property;RTShaderSystem;Terrain;Volume
[3.270s] --   plugins    : Plugin_BSPSceneManager;Plugin_OctreeSceneManager;Plugin_PCZSceneManager;Plugin_ParticleFX;RenderSystem_GL;RenderSystem_GL3Plus;Codec_STBI
[3.270s] --   media      : /opt/ros/galactic/opt/rviz_ogre_vendor/share/OGRE/Media
[3.270s] -- OGRE_LIBRARIES: OgreHLMS;OgreMeshLodGenerator;OgreOverlay;OgrePaging;OgreProperty;OgreRTShaderSystem;OgreTerrain;OgreVolume;OgreMain
[3.270s] -- OGRE_LIBRARY_DIRS: /opt/ros/galactic/opt/rviz_ogre_vendor/lib
[3.270s] -- OGRE_PLUGINS: Plugin_BSPSceneManager;Plugin_OctreeSceneManager;Plugin_PCZSceneManager;Plugin_ParticleFX;RenderSystem_GL;RenderSystem_GL3Plus;Codec_STBI
[3.270s] -- OGRE_PLUGIN_DIR: /opt/ros/galactic/opt/rviz_ogre_vendor/lib/OGRE
[3.270s] -- rviz_ogre_vendor::OgreOverlay for IMPORTED_LOCATION_RELEASE: /opt/ros/galactic/opt/rviz_ogre_vendor/lib/libOgreOverlay.so
[3.270s] -- rviz_ogre_vendor::OgreOverlay for IMPORTED_LOCATION_DEBUG: /opt/ros/galactic/opt/rviz_ogre_vendor/lib/libOgreOverlay.so
[3.270s] -- rviz_ogre_vendor::OgreMain for IMPORTED_LOCATION_RELEASE: /opt/ros/galactic/opt/rviz_ogre_vendor/lib/libOgreMain.so
[3.270s] -- rviz_ogre_vendor::OgreMain for IMPORTED_LOCATION_DEBUG: /opt/ros/galactic/opt/rviz_ogre_vendor/lib/libOgreMain.so
[3.295s] -- rviz_ogre_vendor::RenderSystem_GL for IMPORTED_LOCATION_RELEASE: _render_system_gl_static_library_abs-NOTFOUND
[3.295s] -- rviz_ogre_vendor::RenderSystem_GL for IMPORTED_LOCATION_DEBUG: _render_system_gl_static_library_abs-NOTFOUND
[3.298s] -- library: libassimp.so.5
[3.714s] -- Found gazebo_ros_link_attacher: 0.0.0 (/home/dihim/me326_ws/install/gazebo_ros_link_attacher/share/gazebo_ros_link_attacher/cmake)
[3.735s] -- Found ament_lint_auto: 0.10.7 (/opt/ros/galactic/share/ament_lint_auto/cmake)
[3.774s] -- Added test 'copyright' to check source files copyright and LICENSE
[3.774s] -- Added test 'cppcheck' to perform static code analysis on C / C++ code
[3.775s] -- Configured cppcheck include dirs: /home/dihim/me326_ws/src/arm_controller/include
[3.775s] -- Configured cppcheck exclude dirs and/or files: 
[3.776s] -- Added test 'cpplint' to check C / C++ code against the Google style
[3.776s] -- Configured cpplint exclude dirs and/or files: 
[3.776s] -- Added test 'flake8' to check Python code syntax and style conventions
[3.776s] -- Added test 'lint_cmake' to check CMake code style
[3.777s] -- Added test 'pep257' to check Python code against some of the style conventions in PEP 257
[3.777s] -- Added test 'uncrustify' to check C / C++ code style
[3.777s] -- Configured uncrustify additional arguments: 
[3.778s] -- Added test 'xmllint' to check XML markup files
[3.781s] -- Configuring done
[3.827s] -- Generating done
[3.828s] -- Build files have been written to: /home/dihim/me326_ws/build/arm_controller
[3.884s] [100%] Built target arm_controller
[3.889s] Invoked command in '/home/dihim/me326_ws/build/arm_controller' returned '0': AMENT_PREFIX_PATH=/home/dihim/me326_ws/install/gazebo_ros_link_attacher:${AMENT_PREFIX_PATH} CMAKE_PREFIX_PATH=/home/dihim/interbotix_ws/install/interbotix_xs_modules:/home/dihim/interbotix_ws/install/interbotix_perception_modules:/home/dihim/interbotix_ws/install/interbotix_common_modules:/opt/ros/galactic:/home/dihim/me326_ws/install/gazebo_ros_link_attacher:${CMAKE_PREFIX_PATH} LD_LIBRARY_PATH=/home/dihim/me326_ws/install/gazebo_ros_link_attacher/lib:/home/dihim/interbotix_ws/install/moveit_visual_tools/lib:/home/dihim/interbotix_ws/install/interbotix_xs_rviz/lib:/home/dihim/interbotix_ws/install/interbotix_xs_ros_control/lib:/home/dihim/interbotix_ws/install/interbotix_xs_msgs/lib:/home/dihim/interbotix_ws/install/interbotix_tf_tools/lib:/home/dihim/interbotix_ws/install/interbotix_perception_msgs/lib:/home/dihim/interbotix_ws/install/interbotix_moveit_interface_msgs/lib:/usr/lib/aarch64-linux-gnu/gazebo-11/plugins:/opt/ros/galactic/opt/yaml_cpp_vendor/lib:/opt/ros/galactic/opt/rviz_ogre_vendor/lib:/opt/ros/galactic/lib/aarch64-linux-gnu:/opt/ros/galactic/lib:/usr/share/gazebo/../../lib/aarch64-linux-gnu/gazebo-11/plugins PYTHONPATH=/home/dihim/me326_ws/install/gazebo_ros_link_attacher/lib/python3.8/site-packages:${PYTHONPATH} /usr/bin/cmake --build /home/dihim/me326_ws/build/arm_controller -- -j4 -l4
[3.905s] Invoking command in '/home/dihim/me326_ws/build/arm_controller': AMENT_PREFIX_PATH=/home/dihim/me326_ws/install/gazebo_ros_link_attacher:${AMENT_PREFIX_PATH} CMAKE_PREFIX_PATH=/home/dihim/interbotix_ws/install/interbotix_xs_modules:/home/dihim/interbotix_ws/install/interbotix_perception_modules:/home/dihim/interbotix_ws/install/interbotix_common_modules:/opt/ros/galactic:/home/dihim/me326_ws/install/gazebo_ros_link_attacher:${CMAKE_PREFIX_PATH} LD_LIBRARY_PATH=/home/dihim/me326_ws/install/gazebo_ros_link_attacher/lib:/home/dihim/interbotix_ws/install/moveit_visual_tools/lib:/home/dihim/interbotix_ws/install/interbotix_xs_rviz/lib:/home/dihim/interbotix_ws/install/interbotix_xs_ros_control/lib:/home/dihim/interbotix_ws/install/interbotix_xs_msgs/lib:/home/dihim/interbotix_ws/install/interbotix_tf_tools/lib:/home/dihim/interbotix_ws/install/interbotix_perception_msgs/lib:/home/dihim/interbotix_ws/install/interbotix_moveit_interface_msgs/lib:/usr/lib/aarch64-linux-gnu/gazebo-11/plugins:/opt/ros/galactic/opt/yaml_cpp_vendor/lib:/opt/ros/galactic/opt/rviz_ogre_vendor/lib:/opt/ros/galactic/lib/aarch64-linux-gnu:/opt/ros/galactic/lib:/usr/share/gazebo/../../lib/aarch64-linux-gnu/gazebo-11/plugins PYTHONPATH=/home/dihim/me326_ws/install/gazebo_ros_link_attacher/lib/python3.8/site-packages:${PYTHONPATH} /usr/bin/cmake --install /home/dihim/me326_ws/build/arm_controller
[3.909s] -- Install configuration: ""
[3.910s] -- Up-to-date: /home/dihim/me326_ws/install/arm_controller/lib/arm_controller/arm_controller
[3.910s] -- Up-to-date: /home/dihim/me326_ws/install/arm_controller/lib/arm_controller/moveit_interface_gui
[3.910s] -- Up-to-date: /home/dihim/me326_ws/install/arm_controller/share/arm_controller//launch
[3.910s] -- Up-to-date: /home/dihim/me326_ws/install/arm_controller/share/arm_controller//launch/spawn_blocks.py
[3.910s] -- Up-to-date: /home/dihim/me326_ws/install/arm_controller/share/arm_controller/model
[3.910s] -- Up-to-date: /home/dihim/me326_ws/install/arm_controller/share/arm_controller/model/blue_cube.urdf
[3.910s] -- Up-to-date: /home/dihim/me326_ws/install/arm_controller/share/arm_controller/model/yellow_cube.urdf
[3.910s] -- Up-to-date: /home/dihim/me326_ws/install/arm_controller/share/arm_controller/model/red_cube.urdf
[3.910s] -- Up-to-date: /home/dihim/me326_ws/install/arm_controller/share/arm_controller/model/green_cube.urdf
[3.911s] -- Up-to-date: /home/dihim/me326_ws/install/arm_controller/share/ament_index/resource_index/package_run_dependencies/arm_controller
[3.911s] -- Up-to-date: /home/dihim/me326_ws/install/arm_controller/share/ament_index/resource_index/parent_prefix_path/arm_controller
[3.911s] -- Up-to-date: /home/dihim/me326_ws/install/arm_controller/share/arm_controller/environment/ament_prefix_path.sh
[3.911s] -- Installing: /home/dihim/me326_ws/install/arm_controller/share/arm_controller/environment/ament_prefix_path.dsv
[3.911s] -- Up-to-date: /home/dihim/me326_ws/install/arm_controller/share/arm_controller/environment/path.sh
[3.911s] -- Installing: /home/dihim/me326_ws/install/arm_controller/share/arm_controller/environment/path.dsv
[3.911s] -- Up-to-date: /home/dihim/me326_ws/install/arm_controller/share/arm_controller/local_setup.bash
[3.911s] -- Up-to-date: /home/dihim/me326_ws/install/arm_controller/share/arm_controller/local_setup.sh
[3.911s] -- Up-to-date: /home/dihim/me326_ws/install/arm_controller/share/arm_controller/local_setup.zsh
[3.911s] -- Installing: /home/dihim/me326_ws/install/arm_controller/share/arm_controller/local_setup.dsv
[3.911s] -- Installing: /home/dihim/me326_ws/install/arm_controller/share/arm_controller/package.dsv
[3.911s] -- Up-to-date: /home/dihim/me326_ws/install/arm_controller/share/ament_index/resource_index/packages/arm_controller
[3.911s] -- Up-to-date: /home/dihim/me326_ws/install/arm_controller/share/arm_controller/cmake/arm_controllerConfig.cmake
[3.911s] -- Up-to-date: /home/dihim/me326_ws/install/arm_controller/share/arm_controller/cmake/arm_controllerConfig-version.cmake
[3.911s] -- Up-to-date: /home/dihim/me326_ws/install/arm_controller/share/arm_controller/package.xml
[3.912s] Invoked command in '/home/dihim/me326_ws/build/arm_controller' returned '0': AMENT_PREFIX_PATH=/home/dihim/me326_ws/install/gazebo_ros_link_attacher:${AMENT_PREFIX_PATH} CMAKE_PREFIX_PATH=/home/dihim/interbotix_ws/install/interbotix_xs_modules:/home/dihim/interbotix_ws/install/interbotix_perception_modules:/home/dihim/interbotix_ws/install/interbotix_common_modules:/opt/ros/galactic:/home/dihim/me326_ws/install/gazebo_ros_link_attacher:${CMAKE_PREFIX_PATH} LD_LIBRARY_PATH=/home/dihim/me326_ws/install/gazebo_ros_link_attacher/lib:/home/dihim/interbotix_ws/install/moveit_visual_tools/lib:/home/dihim/interbotix_ws/install/interbotix_xs_rviz/lib:/home/dihim/interbotix_ws/install/interbotix_xs_ros_control/lib:/home/dihim/interbotix_ws/install/interbotix_xs_msgs/lib:/home/dihim/interbotix_ws/install/interbotix_tf_tools/lib:/home/dihim/interbotix_ws/install/interbotix_perception_msgs/lib:/home/dihim/interbotix_ws/install/interbotix_moveit_interface_msgs/lib:/usr/lib/aarch64-linux-gnu/gazebo-11/plugins:/opt/ros/galactic/opt/yaml_cpp_vendor/lib:/opt/ros/galactic/opt/rviz_ogre_vendor/lib:/opt/ros/galactic/lib/aarch64-linux-gnu:/opt/ros/galactic/lib:/usr/share/gazebo/../../lib/aarch64-linux-gnu/gazebo-11/plugins PYTHONPATH=/home/dihim/me326_ws/install/gazebo_ros_link_attacher/lib/python3.8/site-packages:${PYTHONPATH} /usr/bin/cmake --install /home/dihim/me326_ws/build/arm_controller
