[0.693s] Invoking command in '/home/dihim/me326_ws/build/arm_controller': AMENT_PREFIX_PATH=/home/dihim/me326_ws/install/gazebo_ros_link_attacher:${AMENT_PREFIX_PATH} CMAKE_PREFIX_PATH=/home/dihim/interbotix_ws/install/interbotix_xs_modules:/home/dihim/interbotix_ws/install/interbotix_perception_modules:/home/dihim/interbotix_ws/install/interbotix_common_modules:/opt/ros/galactic:/home/dihim/me326_ws/install/gazebo_ros_link_attacher:${CMAKE_PREFIX_PATH} LD_LIBRARY_PATH=/home/dihim/me326_ws/install/gazebo_ros_link_attacher/lib:/home/dihim/interbotix_ws/install/moveit_visual_tools/lib:/home/dihim/interbotix_ws/install/interbotix_xs_rviz/lib:/home/dihim/interbotix_ws/install/interbotix_xs_ros_control/lib:/home/dihim/interbotix_ws/install/interbotix_xs_msgs/lib:/home/dihim/interbotix_ws/install/interbotix_tf_tools/lib:/home/dihim/interbotix_ws/install/interbotix_perception_msgs/lib:/home/dihim/interbotix_ws/install/interbotix_moveit_interface_msgs/lib:/usr/lib/aarch64-linux-gnu/gazebo-11/plugins:/opt/ros/galactic/opt/yaml_cpp_vendor/lib:/opt/ros/galactic/opt/rviz_ogre_vendor/lib:/opt/ros/galactic/lib/aarch64-linux-gnu:/opt/ros/galactic/lib:/usr/share/gazebo/../../lib/aarch64-linux-gnu/gazebo-11/plugins PYTHONPATH=/home/dihim/me326_ws/install/gazebo_ros_link_attacher/lib/python3.8/site-packages:${PYTHONPATH} /usr/bin/cmake --build /home/dihim/me326_ws/build/arm_controller -- -j4 -l4
[0.708s] -- Found ament_cmake: 1.1.6 (/opt/ros/galactic/share/ament_cmake/cmake)
[0.719s] -- Using PYTHON_EXECUTABLE: /usr/bin/python3
[0.751s] -- Found interbotix_moveit_interface_msgs: 0.0.0 (/home/dihim/interbotix_ws/install/interbotix_moveit_interface_msgs/share/interbotix_moveit_interface_msgs/cmake)
[0.764s] -- Using all available rosidl_typesupport_c: rosidl_typesupport_fastrtps_c;rosidl_typesupport_introspection_c
[0.765s] -- Found rosidl_adapter: 2.2.3 (/opt/ros/galactic/share/rosidl_adapter/cmake)
[0.835s] -- Using all available rosidl_typesupport_cpp: rosidl_typesupport_fastrtps_cpp;rosidl_typesupport_introspection_cpp
[0.909s] -- Found moveit_msgs: 2.2.0 (/opt/ros/galactic/share/moveit_msgs/cmake)
[1.614s] -- Found moveit_ros_planning_interface: 2.3.4 (/opt/ros/galactic/share/moveit_ros_planning_interface/cmake)
[1.620s] -- Found Boost: /usr/lib/aarch64-linux-gnu/cmake/Boost-1.71.0/BoostConfig.cmake (found version "1.71.0") found components: date_time filesystem program_options system thread 
[1.655s] -- Found Boost: /usr/lib/aarch64-linux-gnu/cmake/Boost-1.71.0/BoostConfig.cmake (found version "1.71.0") found components: chrono date_time filesystem iostreams program_options regex serialization system thread 
[1.663s] -- Found Boost: /usr/lib/aarch64-linux-gnu/cmake/Boost-1.71.0/BoostConfig.cmake (found version "1.71.0") found components: filesystem 
[1.694s] -- Found rmw_implementation_cmake: 3.3.1 (/opt/ros/galactic/share/rmw_implementation_cmake/cmake)
[1.695s] -- Found rmw_cyclonedds_cpp: 0.22.6 (/opt/ros/galactic/share/rmw_cyclonedds_cpp/cmake)
[1.704s] -- Using RMW implementation 'rmw_cyclonedds_cpp' as default
[1.780s] -- library: /usr/lib/aarch64-linux-gnu/libcurl.so
[2.240s] -- Found Boost: /usr/lib/aarch64-linux-gnu/cmake/Boost-1.71.0/BoostConfig.cmake (found version "1.71.0") found components: system filesystem date_time program_options thread chrono 
[2.391s] -- Found Boost: /usr/lib/aarch64-linux-gnu/cmake/Boost-1.71.0/BoostConfig.cmake (found version "1.71.0") found components: thread 
[2.810s] -- Found Boost: /usr/lib/aarch64-linux-gnu/cmake/Boost-1.71.0/BoostConfig.cmake (found version "1.71.0") found components: thread system filesystem regex date_time program_options 
[3.022s] -- Found Boost: /usr/lib/aarch64-linux-gnu/cmake/Boost-1.71.0/BoostConfig.cmake (found version "1.71.0") found components: system filesystem date_time program_options thread 
[3.362s] -- Found moveit_visual_tools: 4.1.0 (/home/dihim/interbotix_ws/install/moveit_visual_tools/share/moveit_visual_tools/cmake)
[3.657s] -- Setting OGRE_DIR to: '/opt/ros/galactic/share/rviz_ogre_vendor/cmake/../../../opt/rviz_ogre_vendor/lib/OGRE/cmake'
[3.659s] -- Found OGRE
[3.659s] --   static     : OFF
[3.659s] --   components : HLMS;MeshLodGenerator;Overlay;Paging;Property;RTShaderSystem;Terrain;Volume
[3.659s] --   plugins    : Plugin_BSPSceneManager;Plugin_OctreeSceneManager;Plugin_PCZSceneManager;Plugin_ParticleFX;RenderSystem_GL;RenderSystem_GL3Plus;Codec_STBI
[3.659s] --   media      : /opt/ros/galactic/opt/rviz_ogre_vendor/share/OGRE/Media
[3.659s] -- OGRE_LIBRARIES: OgreHLMS;OgreMeshLodGenerator;OgreOverlay;OgrePaging;OgreProperty;OgreRTShaderSystem;OgreTerrain;OgreVolume;OgreMain
[3.659s] -- OGRE_LIBRARY_DIRS: /opt/ros/galactic/opt/rviz_ogre_vendor/lib
[3.659s] -- OGRE_PLUGINS: Plugin_BSPSceneManager;Plugin_OctreeSceneManager;Plugin_PCZSceneManager;Plugin_ParticleFX;RenderSystem_GL;RenderSystem_GL3Plus;Codec_STBI
[3.659s] -- OGRE_PLUGIN_DIR: /opt/ros/galactic/opt/rviz_ogre_vendor/lib/OGRE
[3.659s] -- rviz_ogre_vendor::OgreOverlay for IMPORTED_LOCATION_RELEASE: /opt/ros/galactic/opt/rviz_ogre_vendor/lib/libOgreOverlay.so
[3.659s] -- rviz_ogre_vendor::OgreOverlay for IMPORTED_LOCATION_DEBUG: /opt/ros/galactic/opt/rviz_ogre_vendor/lib/libOgreOverlay.so
[3.659s] -- rviz_ogre_vendor::OgreMain for IMPORTED_LOCATION_RELEASE: /opt/ros/galactic/opt/rviz_ogre_vendor/lib/libOgreMain.so
[3.659s] -- rviz_ogre_vendor::OgreMain for IMPORTED_LOCATION_DEBUG: /opt/ros/galactic/opt/rviz_ogre_vendor/lib/libOgreMain.so
[3.681s] -- rviz_ogre_vendor::RenderSystem_GL for IMPORTED_LOCATION_RELEASE: _render_system_gl_static_library_abs-NOTFOUND
[3.682s] -- rviz_ogre_vendor::RenderSystem_GL for IMPORTED_LOCATION_DEBUG: _render_system_gl_static_library_abs-NOTFOUND
[3.683s] -- library: libassimp.so.5
[4.097s] -- Found gazebo_ros_link_attacher: 0.0.0 (/home/dihim/me326_ws/install/gazebo_ros_link_attacher/share/gazebo_ros_link_attacher/cmake)
[4.118s] -- Found ament_lint_auto: 0.10.7 (/opt/ros/galactic/share/ament_lint_auto/cmake)
[4.152s] -- Added test 'copyright' to check source files copyright and LICENSE
[4.153s] -- Added test 'cppcheck' to perform static code analysis on C / C++ code
[4.153s] -- Configured cppcheck include dirs: /home/dihim/me326_ws/src/arm_controller/include
[4.153s] -- Configured cppcheck exclude dirs and/or files: 
[4.154s] -- Added test 'cpplint' to check C / C++ code against the Google style
[4.154s] -- Configured cpplint exclude dirs and/or files: 
[4.154s] -- Added test 'flake8' to check Python code syntax and style conventions
[4.154s] -- Added test 'lint_cmake' to check CMake code style
[4.154s] -- Added test 'pep257' to check Python code against some of the style conventions in PEP 257
[4.155s] -- Added test 'uncrustify' to check C / C++ code style
[4.155s] -- Configured uncrustify additional arguments: 
[4.155s] -- Added test 'xmllint' to check XML markup files
[4.158s] -- Configuring done
[4.186s] -- Generating done
[4.187s] -- Build files have been written to: /home/dihim/me326_ws/build/arm_controller
[4.208s] [35m[1mScanning dependencies of target arm_controller[0m
[4.231s] [ 33%] [32mBuilding CXX object CMakeFiles/arm_controller.dir/src/moveit_interface.cpp.o[0m
[4.240s] [ 66%] [32mBuilding CXX object CMakeFiles/arm_controller.dir/src/moveit_interface_obj.cpp.o[0m
[4.860s] [01m[K/home/dihim/me326_ws/src/arm_controller/src/moveit_interface.cpp:10:10:[m[K [01;31m[Kfatal error: [m[Kgazebo_ros_link_attacher/srv/Attach.srv: No such file or directory
[4.860s]    10 | #include [01;31m[K"gazebo_ros_link_attacher/srv/Attach.srv"[m[K
[4.860s]       |          [01;31m[K^~~~~~~~~~~~~~~~~~~~~~~~~~~~~~~~~~~~~~~~~[m[K
[4.860s] compilation terminated.
[4.867s] make[2]: *** [CMakeFiles/arm_controller.dir/build.make:63: CMakeFiles/arm_controller.dir/src/moveit_interface.cpp.o] Error 1
[4.867s] make[2]: *** Waiting for unfinished jobs....
[9.154s] make[1]: *** [CMakeFiles/Makefile2:78: CMakeFiles/arm_controller.dir/all] Error 2
[9.154s] make: *** [Makefile:141: all] Error 2
[9.157s] Invoked command in '/home/dihim/me326_ws/build/arm_controller' returned '2': AMENT_PREFIX_PATH=/home/dihim/me326_ws/install/gazebo_ros_link_attacher:${AMENT_PREFIX_PATH} CMAKE_PREFIX_PATH=/home/dihim/interbotix_ws/install/interbotix_xs_modules:/home/dihim/interbotix_ws/install/interbotix_perception_modules:/home/dihim/interbotix_ws/install/interbotix_common_modules:/opt/ros/galactic:/home/dihim/me326_ws/install/gazebo_ros_link_attacher:${CMAKE_PREFIX_PATH} LD_LIBRARY_PATH=/home/dihim/me326_ws/install/gazebo_ros_link_attacher/lib:/home/dihim/interbotix_ws/install/moveit_visual_tools/lib:/home/dihim/interbotix_ws/install/interbotix_xs_rviz/lib:/home/dihim/interbotix_ws/install/interbotix_xs_ros_control/lib:/home/dihim/interbotix_ws/install/interbotix_xs_msgs/lib:/home/dihim/interbotix_ws/install/interbotix_tf_tools/lib:/home/dihim/interbotix_ws/install/interbotix_perception_msgs/lib:/home/dihim/interbotix_ws/install/interbotix_moveit_interface_msgs/lib:/usr/lib/aarch64-linux-gnu/gazebo-11/plugins:/opt/ros/galactic/opt/yaml_cpp_vendor/lib:/opt/ros/galactic/opt/rviz_ogre_vendor/lib:/opt/ros/galactic/lib/aarch64-linux-gnu:/opt/ros/galactic/lib:/usr/share/gazebo/../../lib/aarch64-linux-gnu/gazebo-11/plugins PYTHONPATH=/home/dihim/me326_ws/install/gazebo_ros_link_attacher/lib/python3.8/site-packages:${PYTHONPATH} /usr/bin/cmake --build /home/dihim/me326_ws/build/arm_controller -- -j4 -l4
