[2.408s] Invoking command in '/home/dihim/me326_ws/build/la_msgs': CMAKE_PREFIX_PATH=${CMAKE_PREFIX_PATH}:/home/dihim/interbotix_ws/install/interbotix_xs_modules:/home/dihim/interbotix_ws/install/interbotix_perception_modules:/home/dihim/interbotix_ws/install/interbotix_common_modules:/opt/ros/galactic /usr/bin/cmake --build /home/dihim/me326_ws/build/la_msgs -- -j4 -l4
[3.807s] [  2%] Built target la_msgs__cpp
[3.807s] [ 12%] Built target la_msgs__rosidl_generator_c
[3.807s] [ 23%] Built target la_msgs__rosidl_typesupport_fastrtps_cpp
[3.808s] [ 33%] Built target la_msgs__rosidl_typesupport_c
[3.808s] [ 43%] Built target la_msgs__rosidl_typesupport_introspection_c
[3.808s] [ 53%] Built target la_msgs__rosidl_typesupport_fastrtps_c
[3.813s] [ 64%] Built target la_msgs__rosidl_typesupport_introspection_cpp
[4.045s] [ 74%] Built target la_msgs__rosidl_typesupport_cpp
[4.222s] [ 74%] Built target la_msgs
[4.456s] [ 76%] Built target la_msgs__py
[4.709s] [ 84%] Built target la_msgs__python
[4.803s] [ 89%] Built target la_msgs__rosidl_typesupport_c__pyext
[5.006s] [ 94%] Built target la_msgs__rosidl_typesupport_fastrtps_c__pyext
[5.155s] [100%] Built target la_msgs__rosidl_typesupport_introspection_c__pyext
[5.220s] Invoked command in '/home/dihim/me326_ws/build/la_msgs' returned '0': CMAKE_PREFIX_PATH=${CMAKE_PREFIX_PATH}:/home/dihim/interbotix_ws/install/interbotix_xs_modules:/home/dihim/interbotix_ws/install/interbotix_perception_modules:/home/dihim/interbotix_ws/install/interbotix_common_modules:/opt/ros/galactic /usr/bin/cmake --build /home/dihim/me326_ws/build/la_msgs -- -j4 -l4
[6.917s] Invoking command in '/home/dihim/me326_ws/build/la_msgs': CMAKE_PREFIX_PATH=${CMAKE_PREFIX_PATH}:/home/dihim/interbotix_ws/install/interbotix_xs_modules:/home/dihim/interbotix_ws/install/interbotix_perception_modules:/home/dihim/interbotix_ws/install/interbotix_common_modules:/opt/ros/galactic /usr/bin/cmake --install /home/dihim/me326_ws/build/la_msgs
[6.970s] -- Install configuration: ""
[6.970s] -- Up-to-date: /home/dihim/me326_ws/install/la_msgs/share/ament_index/resource_index/rosidl_interfaces/la_msgs
[6.970s] -- Up-to-date: /home/dihim/me326_ws/install/la_msgs/include/la_msgs
[6.970s] -- Up-to-date: /home/dihim/me326_ws/install/la_msgs/include/la_msgs/action
[6.970s] -- Up-to-date: /home/dihim/me326_ws/install/la_msgs/include/la_msgs/action/move_base.h
[6.970s] -- Up-to-date: /home/dihim/me326_ws/install/la_msgs/include/la_msgs/action/detail
[6.970s] -- Up-to-date: /home/dihim/me326_ws/install/la_msgs/include/la_msgs/action/detail/move_base__functions.c
[6.970s] -- Up-to-date: /home/dihim/me326_ws/install/la_msgs/include/la_msgs/action/detail/move_base__type_support.h
[6.970s] -- Up-to-date: /home/dihim/me326_ws/install/la_msgs/include/la_msgs/action/detail/move_base__struct.h
[6.970s] -- Up-to-date: /home/dihim/me326_ws/install/la_msgs/include/la_msgs/action/detail/move_base__functions.h
[6.970s] -- Up-to-date: /home/dihim/me326_ws/install/la_msgs/include/la_msgs/msg
[6.970s] -- Up-to-date: /home/dihim/me326_ws/install/la_msgs/include/la_msgs/msg/rosidl_generator_c__visibility_control.h
[6.970s] -- Up-to-date: /home/dihim/me326_ws/install/la_msgs/include/la_msgs/srv
[6.970s] -- Up-to-date: /home/dihim/me326_ws/install/la_msgs/include/la_msgs/srv/detail
[6.970s] -- Up-to-date: /home/dihim/me326_ws/install/la_msgs/include/la_msgs/srv/detail/ptps__type_support.h
[6.970s] -- Up-to-date: /home/dihim/me326_ws/install/la_msgs/include/la_msgs/srv/detail/ptps__struct.h
[6.971s] -- Up-to-date: /home/dihim/me326_ws/install/la_msgs/include/la_msgs/srv/detail/ptps__functions.h
[6.971s] -- Up-to-date: /home/dihim/me326_ws/install/la_msgs/include/la_msgs/srv/detail/ptps__functions.c
[6.971s] -- Up-to-date: /home/dihim/me326_ws/install/la_msgs/include/la_msgs/srv/ptps.h
[6.971s] -- Up-to-date: /home/dihim/me326_ws/install/la_msgs/share/la_msgs/environment/library_path.sh
[6.971s] -- Up-to-date: /home/dihim/me326_ws/install/la_msgs/share/la_msgs/environment/library_path.dsv
[6.971s] -- Up-to-date: /home/dihim/me326_ws/install/la_msgs/lib/libla_msgs__rosidl_generator_c.so
[6.971s] -- Up-to-date: /home/dihim/me326_ws/install/la_msgs/include/la_msgs
[6.971s] -- Up-to-date: /home/dihim/me326_ws/install/la_msgs/include/la_msgs/action
[6.971s] -- Up-to-date: /home/dihim/me326_ws/install/la_msgs/include/la_msgs/action/detail
[6.971s] -- Up-to-date: /home/dihim/me326_ws/install/la_msgs/include/la_msgs/action/detail/move_base__rosidl_typesupport_fastrtps_c.h
[6.971s] -- Up-to-date: /home/dihim/me326_ws/install/la_msgs/include/la_msgs/msg
[6.971s] -- Up-to-date: /home/dihim/me326_ws/install/la_msgs/include/la_msgs/msg/rosidl_typesupport_fastrtps_c__visibility_control.h
[6.971s] -- Up-to-date: /home/dihim/me326_ws/install/la_msgs/include/la_msgs/srv
[6.971s] -- Up-to-date: /home/dihim/me326_ws/install/la_msgs/include/la_msgs/srv/detail
[6.971s] -- Up-to-date: /home/dihim/me326_ws/install/la_msgs/include/la_msgs/srv/detail/ptps__rosidl_typesupport_fastrtps_c.h
[6.971s] -- Up-to-date: /home/dihim/me326_ws/install/la_msgs/lib/libla_msgs__rosidl_typesupport_fastrtps_c.so
[6.971s] -- Up-to-date: /home/dihim/me326_ws/install/la_msgs/include/la_msgs
[6.971s] -- Up-to-date: /home/dihim/me326_ws/install/la_msgs/include/la_msgs/action
[6.971s] -- Up-to-date: /home/dihim/me326_ws/install/la_msgs/include/la_msgs/action/detail
[6.971s] -- Up-to-date: /home/dihim/me326_ws/install/la_msgs/include/la_msgs/action/detail/move_base__rosidl_typesupport_fastrtps_cpp.hpp
[6.971s] -- Up-to-date: /home/dihim/me326_ws/install/la_msgs/include/la_msgs/action/detail/dds_fastrtps
[6.971s] -- Up-to-date: /home/dihim/me326_ws/install/la_msgs/include/la_msgs/msg
[6.971s] -- Up-to-date: /home/dihim/me326_ws/install/la_msgs/include/la_msgs/msg/rosidl_typesupport_fastrtps_cpp__visibility_control.h
[6.971s] -- Up-to-date: /home/dihim/me326_ws/install/la_msgs/include/la_msgs/srv
[6.971s] -- Up-to-date: /home/dihim/me326_ws/install/la_msgs/include/la_msgs/srv/detail
[6.971s] -- Up-to-date: /home/dihim/me326_ws/install/la_msgs/include/la_msgs/srv/detail/ptps__rosidl_typesupport_fastrtps_cpp.hpp
[6.971s] -- Up-to-date: /home/dihim/me326_ws/install/la_msgs/include/la_msgs/srv/detail/dds_fastrtps
[6.971s] -- Up-to-date: /home/dihim/me326_ws/install/la_msgs/lib/libla_msgs__rosidl_typesupport_fastrtps_cpp.so
[6.971s] -- Up-to-date: /home/dihim/me326_ws/install/la_msgs/include/la_msgs
[6.971s] -- Up-to-date: /home/dihim/me326_ws/install/la_msgs/include/la_msgs/action
[6.971s] -- Up-to-date: /home/dihim/me326_ws/install/la_msgs/include/la_msgs/action/detail
[6.971s] -- Up-to-date: /home/dihim/me326_ws/install/la_msgs/include/la_msgs/action/detail/move_base__type_support.c
[6.971s] -- Up-to-date: /home/dihim/me326_ws/install/la_msgs/include/la_msgs/action/detail/move_base__rosidl_typesupport_introspection_c.h
[6.971s] -- Up-to-date: /home/dihim/me326_ws/install/la_msgs/include/la_msgs/msg
[6.971s] -- Up-to-date: /home/dihim/me326_ws/install/la_msgs/include/la_msgs/msg/rosidl_typesupport_introspection_c__visibility_control.h
[6.971s] -- Up-to-date: /home/dihim/me326_ws/install/la_msgs/include/la_msgs/srv
[6.971s] -- Up-to-date: /home/dihim/me326_ws/install/la_msgs/include/la_msgs/srv/detail
[6.971s] -- Up-to-date: /home/dihim/me326_ws/install/la_msgs/include/la_msgs/srv/detail/ptps__rosidl_typesupport_introspection_c.h
[6.971s] -- Up-to-date: /home/dihim/me326_ws/install/la_msgs/include/la_msgs/srv/detail/ptps__type_support.c
[6.971s] -- Up-to-date: /home/dihim/me326_ws/install/la_msgs/lib/libla_msgs__rosidl_typesupport_introspection_c.so
[6.971s] -- Up-to-date: /home/dihim/me326_ws/install/la_msgs/lib/libla_msgs__rosidl_typesupport_c.so
[6.971s] -- Up-to-date: /home/dihim/me326_ws/install/la_msgs/include/la_msgs
[6.971s] -- Up-to-date: /home/dihim/me326_ws/install/la_msgs/include/la_msgs/action
[6.972s] -- Up-to-date: /home/dihim/me326_ws/install/la_msgs/include/la_msgs/action/detail
[6.972s] -- Up-to-date: /home/dihim/me326_ws/install/la_msgs/include/la_msgs/action/detail/move_base__traits.hpp
[6.972s] -- Up-to-date: /home/dihim/me326_ws/install/la_msgs/include/la_msgs/action/detail/move_base__builder.hpp
[6.972s] -- Up-to-date: /home/dihim/me326_ws/install/la_msgs/include/la_msgs/action/detail/move_base__struct.hpp
[6.972s] -- Up-to-date: /home/dihim/me326_ws/install/la_msgs/include/la_msgs/action/move_base.hpp
[6.972s] -- Up-to-date: /home/dihim/me326_ws/install/la_msgs/include/la_msgs/srv
[6.972s] -- Up-to-date: /home/dihim/me326_ws/install/la_msgs/include/la_msgs/srv/detail
[6.972s] -- Up-to-date: /home/dihim/me326_ws/install/la_msgs/include/la_msgs/srv/detail/ptps__traits.hpp
[6.972s] -- Up-to-date: /home/dihim/me326_ws/install/la_msgs/include/la_msgs/srv/detail/ptps__builder.hpp
[6.972s] -- Up-to-date: /home/dihim/me326_ws/install/la_msgs/include/la_msgs/srv/detail/ptps__struct.hpp
[6.972s] -- Up-to-date: /home/dihim/me326_ws/install/la_msgs/include/la_msgs/srv/ptps.hpp
[6.972s] -- Up-to-date: /home/dihim/me326_ws/install/la_msgs/include/la_msgs
[6.972s] -- Up-to-date: /home/dihim/me326_ws/install/la_msgs/include/la_msgs/action
[6.972s] -- Up-to-date: /home/dihim/me326_ws/install/la_msgs/include/la_msgs/action/detail
[6.972s] -- Up-to-date: /home/dihim/me326_ws/install/la_msgs/include/la_msgs/action/detail/move_base__rosidl_typesupport_introspection_cpp.hpp
[6.972s] -- Up-to-date: /home/dihim/me326_ws/install/la_msgs/include/la_msgs/action/detail/move_base__type_support.cpp
[6.972s] -- Up-to-date: /home/dihim/me326_ws/install/la_msgs/include/la_msgs/srv
[6.972s] -- Up-to-date: /home/dihim/me326_ws/install/la_msgs/include/la_msgs/srv/detail
[6.972s] -- Up-to-date: /home/dihim/me326_ws/install/la_msgs/include/la_msgs/srv/detail/ptps__type_support.cpp
[6.972s] -- Up-to-date: /home/dihim/me326_ws/install/la_msgs/include/la_msgs/srv/detail/ptps__rosidl_typesupport_introspection_cpp.hpp
[6.972s] -- Up-to-date: /home/dihim/me326_ws/install/la_msgs/lib/libla_msgs__rosidl_typesupport_introspection_cpp.so
[6.972s] -- Up-to-date: /home/dihim/me326_ws/install/la_msgs/lib/libla_msgs__rosidl_typesupport_cpp.so
[6.972s] -- Up-to-date: /home/dihim/me326_ws/install/la_msgs/share/la_msgs/environment/pythonpath.sh
[6.972s] -- Up-to-date: /home/dihim/me326_ws/install/la_msgs/share/la_msgs/environment/pythonpath.dsv
[6.972s] -- Up-to-date: /home/dihim/me326_ws/install/la_msgs/lib/python3.8/site-packages/la_msgs/__init__.py
[7.072s] -- Up-to-date: /home/dihim/me326_ws/install/la_msgs/lib/python3.8/site-packages/la_msgs/action
[7.072s] -- Up-to-date: /home/dihim/me326_ws/install/la_msgs/lib/python3.8/site-packages/la_msgs/action/__init__.py
[7.072s] -- Up-to-date: /home/dihim/me326_ws/install/la_msgs/lib/python3.8/site-packages/la_msgs/action/_move_base_s.c
[7.073s] -- Up-to-date: /home/dihim/me326_ws/install/la_msgs/lib/python3.8/site-packages/la_msgs/action/_move_base.py
[7.073s] -- Up-to-date: /home/dihim/me326_ws/install/la_msgs/lib/python3.8/site-packages/la_msgs/srv
[7.073s] -- Up-to-date: /home/dihim/me326_ws/install/la_msgs/lib/python3.8/site-packages/la_msgs/srv/__init__.py
[7.073s] -- Up-to-date: /home/dihim/me326_ws/install/la_msgs/lib/python3.8/site-packages/la_msgs/srv/_ptps.py
[7.073s] -- Up-to-date: /home/dihim/me326_ws/install/la_msgs/lib/python3.8/site-packages/la_msgs/srv/_ptps_s.c
[7.074s] -- Up-to-date: /home/dihim/me326_ws/install/la_msgs/lib/python3.8/site-packages/la_msgs/la_msgs_s__rosidl_typesupport_fastrtps_c.cpython-38-aarch64-linux-gnu.so
[7.074s] -- Up-to-date: /home/dihim/me326_ws/install/la_msgs/lib/python3.8/site-packages/la_msgs/la_msgs_s__rosidl_typesupport_introspection_c.cpython-38-aarch64-linux-gnu.so
[7.075s] -- Up-to-date: /home/dihim/me326_ws/install/la_msgs/lib/python3.8/site-packages/la_msgs/la_msgs_s__rosidl_typesupport_c.cpython-38-aarch64-linux-gnu.so
[7.076s] -- Up-to-date: /home/dihim/me326_ws/install/la_msgs/lib/libla_msgs__python.so
[7.076s] -- Up-to-date: /home/dihim/me326_ws/install/la_msgs/share/la_msgs/action/MoveBase.idl
[7.076s] -- Up-to-date: /home/dihim/me326_ws/install/la_msgs/share/la_msgs/srv/Ptps.idl
[7.076s] -- Up-to-date: /home/dihim/me326_ws/install/la_msgs/share/la_msgs/action/MoveBase.action
[7.076s] -- Up-to-date: /home/dihim/me326_ws/install/la_msgs/share/la_msgs/srv/Ptps.srv
[7.076s] -- Up-to-date: /home/dihim/me326_ws/install/la_msgs/share/la_msgs/srv/Ptps_Request.msg
[7.076s] -- Up-to-date: /home/dihim/me326_ws/install/la_msgs/share/la_msgs/srv/Ptps_Response.msg
[7.076s] -- Up-to-date: /home/dihim/me326_ws/install/la_msgs/share/ament_index/resource_index/package_run_dependencies/la_msgs
[7.076s] -- Up-to-date: /home/dihim/me326_ws/install/la_msgs/share/ament_index/resource_index/parent_prefix_path/la_msgs
[7.076s] -- Up-to-date: /home/dihim/me326_ws/install/la_msgs/share/la_msgs/environment/ament_prefix_path.sh
[7.076s] -- Up-to-date: /home/dihim/me326_ws/install/la_msgs/share/la_msgs/environment/ament_prefix_path.dsv
[7.076s] -- Up-to-date: /home/dihim/me326_ws/install/la_msgs/share/la_msgs/environment/path.sh
[7.076s] -- Up-to-date: /home/dihim/me326_ws/install/la_msgs/share/la_msgs/environment/path.dsv
[7.076s] -- Up-to-date: /home/dihim/me326_ws/install/la_msgs/share/la_msgs/local_setup.bash
[7.076s] -- Up-to-date: /home/dihim/me326_ws/install/la_msgs/share/la_msgs/local_setup.sh
[7.076s] -- Up-to-date: /home/dihim/me326_ws/install/la_msgs/share/la_msgs/local_setup.zsh
[7.077s] -- Up-to-date: /home/dihim/me326_ws/install/la_msgs/share/la_msgs/local_setup.dsv
[7.077s] -- Installing: /home/dihim/me326_ws/install/la_msgs/share/la_msgs/package.dsv
[7.080s] -- Up-to-date: /home/dihim/me326_ws/install/la_msgs/share/ament_index/resource_index/packages/la_msgs
[7.080s] -- Up-to-date: /home/dihim/me326_ws/install/la_msgs/share/la_msgs/cmake/la_msgs__rosidl_generator_cExport.cmake
[7.080s] -- Up-to-date: /home/dihim/me326_ws/install/la_msgs/share/la_msgs/cmake/la_msgs__rosidl_generator_cExport-noconfig.cmake
[7.081s] -- Up-to-date: /home/dihim/me326_ws/install/la_msgs/share/la_msgs/cmake/la_msgs__rosidl_typesupport_introspection_cExport.cmake
[7.081s] -- Up-to-date: /home/dihim/me326_ws/install/la_msgs/share/la_msgs/cmake/la_msgs__rosidl_typesupport_introspection_cExport-noconfig.cmake
[7.081s] -- Up-to-date: /home/dihim/me326_ws/install/la_msgs/share/la_msgs/cmake/la_msgs__rosidl_typesupport_cExport.cmake
[7.081s] -- Up-to-date: /home/dihim/me326_ws/install/la_msgs/share/la_msgs/cmake/la_msgs__rosidl_typesupport_cExport-noconfig.cmake
[7.081s] -- Up-to-date: /home/dihim/me326_ws/install/la_msgs/share/la_msgs/cmake/la_msgs__rosidl_generator_cppExport.cmake
[7.082s] -- Up-to-date: /home/dihim/me326_ws/install/la_msgs/share/la_msgs/cmake/la_msgs__rosidl_typesupport_introspection_cppExport.cmake
[7.082s] -- Up-to-date: /home/dihim/me326_ws/install/la_msgs/share/la_msgs/cmake/la_msgs__rosidl_typesupport_introspection_cppExport-noconfig.cmake
[7.082s] -- Up-to-date: /home/dihim/me326_ws/install/la_msgs/share/la_msgs/cmake/la_msgs__rosidl_typesupport_cppExport.cmake
[7.082s] -- Up-to-date: /home/dihim/me326_ws/install/la_msgs/share/la_msgs/cmake/la_msgs__rosidl_typesupport_cppExport-noconfig.cmake
[7.082s] -- Up-to-date: /home/dihim/me326_ws/install/la_msgs/share/la_msgs/cmake/rosidl_cmake-extras.cmake
[7.082s] -- Up-to-date: /home/dihim/me326_ws/install/la_msgs/share/la_msgs/cmake/ament_cmake_export_dependencies-extras.cmake
[7.082s] -- Up-to-date: /home/dihim/me326_ws/install/la_msgs/share/la_msgs/cmake/ament_cmake_export_libraries-extras.cmake
[7.082s] -- Up-to-date: /home/dihim/me326_ws/install/la_msgs/share/la_msgs/cmake/ament_cmake_export_targets-extras.cmake
[7.082s] -- Up-to-date: /home/dihim/me326_ws/install/la_msgs/share/la_msgs/cmake/ament_cmake_export_include_directories-extras.cmake
[7.082s] -- Up-to-date: /home/dihim/me326_ws/install/la_msgs/share/la_msgs/cmake/rosidl_cmake_export_typesupport_libraries-extras.cmake
[7.082s] -- Up-to-date: /home/dihim/me326_ws/install/la_msgs/share/la_msgs/cmake/rosidl_cmake_export_typesupport_targets-extras.cmake
[7.082s] -- Up-to-date: /home/dihim/me326_ws/install/la_msgs/share/la_msgs/cmake/la_msgsConfig.cmake
[7.082s] -- Up-to-date: /home/dihim/me326_ws/install/la_msgs/share/la_msgs/cmake/la_msgsConfig-version.cmake
[7.082s] -- Up-to-date: /home/dihim/me326_ws/install/la_msgs/share/la_msgs/package.xml
[7.089s] Invoked command in '/home/dihim/me326_ws/build/la_msgs' returned '0': CMAKE_PREFIX_PATH=${CMAKE_PREFIX_PATH}:/home/dihim/interbotix_ws/install/interbotix_xs_modules:/home/dihim/interbotix_ws/install/interbotix_perception_modules:/home/dihim/interbotix_ws/install/interbotix_common_modules:/opt/ros/galactic /usr/bin/cmake --install /home/dihim/me326_ws/build/la_msgs
