-- The C compiler identification is GNU 9.4.0
-- The CXX compiler identification is GNU 9.4.0
-- Check for working C compiler: /usr/bin/cc
-- Check for working C compiler: /usr/bin/cc -- works
-- Detecting C compiler ABI info
-- Detecting C compiler ABI info - done
-- Detecting C compile features
-- Detecting C compile features - done
-- Check for working CXX compiler: /usr/bin/c++
-- Check for working CXX compiler: /usr/bin/c++ -- works
-- Detecting CXX compiler ABI info
-- Detecting CXX compiler ABI info - done
-- Detecting CXX compile features
-- Detecting CXX compile features - done
-- Found ament_cmake: 1.1.6 (/opt/ros/galactic/share/ament_cmake/cmake)
-- Found PythonInterp: /usr/bin/python3 (found suitable version "3.8.10", minimum required is "3") 
-- Using PYTHON_EXECUTABLE: /usr/bin/python3
-- Found interbotix_moveit_interface_msgs: 0.0.0 (/home/dihim/interbotix_ws/install/interbotix_moveit_interface_msgs/share/interbotix_moveit_interface_msgs/cmake)
-- Using all available rosidl_typesupport_c: rosidl_typesupport_fastrtps_c;rosidl_typesupport_introspection_c
-- Found rosidl_adapter: 2.2.3 (/opt/ros/galactic/share/rosidl_adapter/cmake)
-- Found OpenSSL: /usr/lib/aarch64-linux-gnu/libcrypto.so (found version "1.1.1f")  
-- Found FastRTPS: /opt/ros/galactic/include  
-- Using all available rosidl_typesupport_cpp: rosidl_typesupport_fastrtps_cpp;rosidl_typesupport_introspection_cpp
-- Found moveit_msgs: 2.2.0 (/opt/ros/galactic/share/moveit_msgs/cmake)
-- Found moveit_ros_planning_interface: 2.3.4 (/opt/ros/galactic/share/moveit_ros_planning_interface/cmake)
-- Found Boost: /usr/lib/aarch64-linux-gnu/cmake/Boost-1.71.0/BoostConfig.cmake (found version "1.71.0") found components: date_time filesystem program_options system thread 
-- Found Boost: /usr/lib/aarch64-linux-gnu/cmake/Boost-1.71.0/BoostConfig.cmake (found version "1.71.0") found components: chrono date_time filesystem iostreams program_options regex serialization system thread 
-- Found Boost: /usr/lib/aarch64-linux-gnu/cmake/Boost-1.71.0/BoostConfig.cmake (found version "1.71.0") found components: filesystem 
-- Found rmw_implementation_cmake: 3.3.1 (/opt/ros/galactic/share/rmw_implementation_cmake/cmake)
-- Found rmw_cyclonedds_cpp: 0.22.6 (/opt/ros/galactic/share/rmw_cyclonedds_cpp/cmake)
-- Using RMW implementation 'rmw_cyclonedds_cpp' as default
-- Found Threads: TRUE  
-- library: /usr/lib/aarch64-linux-gnu/libcurl.so
-- Found Eigen3: TRUE (found version "3.3.7") 
-- Found Boost: /usr/lib/aarch64-linux-gnu/cmake/Boost-1.71.0/BoostConfig.cmake (found version "1.71.0") found components: system filesystem date_time program_options thread chrono 
-- Found Boost: /usr/lib/aarch64-linux-gnu/cmake/Boost-1.71.0/BoostConfig.cmake (found version "1.71.0") found components: thread 
-- Found Boost: /usr/lib/aarch64-linux-gnu/cmake/Boost-1.71.0/BoostConfig.cmake (found version "1.71.0") found components: thread system filesystem regex date_time program_options 
-- Found Boost: /usr/lib/aarch64-linux-gnu/cmake/Boost-1.71.0/BoostConfig.cmake (found version "1.71.0") found components: system filesystem date_time program_options thread 
-- Found moveit_visual_tools: 4.1.0 (/home/dihim/interbotix_ws/install/moveit_visual_tools/share/moveit_visual_tools/cmake)
-- Setting OGRE_DIR to: '/opt/ros/galactic/share/rviz_ogre_vendor/cmake/../../../opt/rviz_ogre_vendor/lib/OGRE/cmake'
-- Found OGRE
--   static     : OFF
--   components : HLMS;MeshLodGenerator;Overlay;Paging;Property;RTShaderSystem;Terrain;Volume
--   plugins    : Plugin_BSPSceneManager;Plugin_OctreeSceneManager;Plugin_PCZSceneManager;Plugin_ParticleFX;RenderSystem_GL;RenderSystem_GL3Plus;Codec_STBI
--   media      : /opt/ros/galactic/opt/rviz_ogre_vendor/share/OGRE/Media
-- OGRE_LIBRARIES: OgreHLMS;OgreMeshLodGenerator;OgreOverlay;OgrePaging;OgreProperty;OgreRTShaderSystem;OgreTerrain;OgreVolume;OgreMain
-- OGRE_LIBRARY_DIRS: /opt/ros/galactic/opt/rviz_ogre_vendor/lib
-- OGRE_PLUGINS: Plugin_BSPSceneManager;Plugin_OctreeSceneManager;Plugin_PCZSceneManager;Plugin_ParticleFX;RenderSystem_GL;RenderSystem_GL3Plus;Codec_STBI
-- OGRE_PLUGIN_DIR: /opt/ros/galactic/opt/rviz_ogre_vendor/lib/OGRE
-- rviz_ogre_vendor::OgreOverlay for IMPORTED_LOCATION_RELEASE: /opt/ros/galactic/opt/rviz_ogre_vendor/lib/libOgreOverlay.so
-- rviz_ogre_vendor::OgreOverlay for IMPORTED_LOCATION_DEBUG: /opt/ros/galactic/opt/rviz_ogre_vendor/lib/libOgreOverlay.so
-- rviz_ogre_vendor::OgreMain for IMPORTED_LOCATION_RELEASE: /opt/ros/galactic/opt/rviz_ogre_vendor/lib/libOgreMain.so
-- rviz_ogre_vendor::OgreMain for IMPORTED_LOCATION_DEBUG: /opt/ros/galactic/opt/rviz_ogre_vendor/lib/libOgreMain.so
-- Found ZLIB: /usr/lib/aarch64-linux-gnu/libz.so (found version "1.2.11") 
-- Found OpenGL: /usr/lib/aarch64-linux-gnu/libOpenGL.so   
-- Found X11: /usr/include   
-- Looking for XOpenDisplay in /usr/lib/aarch64-linux-gnu/libX11.so;/usr/lib/aarch64-linux-gnu/libXext.so
-- Looking for XOpenDisplay in /usr/lib/aarch64-linux-gnu/libX11.so;/usr/lib/aarch64-linux-gnu/libXext.so - found
-- Looking for gethostbyname
-- Looking for gethostbyname - found
-- Looking for connect
-- Looking for connect - found
-- Looking for remove
-- Looking for remove - found
-- Looking for shmat
-- Looking for shmat - found
-- Looking for IceConnectionNumber in ICE
-- Looking for IceConnectionNumber in ICE - found
-- rviz_ogre_vendor::RenderSystem_GL for IMPORTED_LOCATION_RELEASE: _render_system_gl_static_library_abs-NOTFOUND
-- rviz_ogre_vendor::RenderSystem_GL for IMPORTED_LOCATION_DEBUG: _render_system_gl_static_library_abs-NOTFOUND
-- library: libassimp.so.5
-- Found ament_lint_auto: 0.10.7 (/opt/ros/galactic/share/ament_lint_auto/cmake)
-- Added test 'copyright' to check source files copyright and LICENSE
-- Added test 'cppcheck' to perform static code analysis on C / C++ code
-- Configured cppcheck include dirs: /home/dihim/me326_ws/src/arm_controller/include
-- Configured cppcheck exclude dirs and/or files: 
-- Added test 'cpplint' to check C / C++ code against the Google style
-- Configured cpplint exclude dirs and/or files: 
-- Added test 'flake8' to check Python code syntax and style conventions
-- Added test 'lint_cmake' to check CMake code style
-- Added test 'pep257' to check Python code against some of the style conventions in PEP 257
-- Added test 'uncrustify' to check C / C++ code style
-- Configured uncrustify additional arguments: 
-- Added test 'xmllint' to check XML markup files
-- Configuring done
-- Generating done
-- Build files have been written to: /home/dihim/me326_ws/build/arm_controller
[35m[1mScanning dependencies of target arm_controller[0m
[ 33%] [32mBuilding CXX object CMakeFiles/arm_controller.dir/src/moveit_interface.cpp.o[0m
[ 66%] [32mBuilding CXX object CMakeFiles/arm_controller.dir/src/moveit_interface_obj.cpp.o[0m
[100%] [32m[1mLinking CXX executable arm_controller[0m
[100%] Built target arm_controller
-- Install configuration: ""
-- Installing: /home/dihim/me326_ws/install/arm_controller/lib/arm_controller/arm_controller
-- Set runtime path of "/home/dihim/me326_ws/install/arm_controller/lib/arm_controller/arm_controller" to ""
-- Installing: /home/dihim/me326_ws/install/arm_controller/lib/arm_controller/moveit_interface_gui
-- Installing: /home/dihim/me326_ws/install/arm_controller/share/arm_controller//launch
-- Installing: /home/dihim/me326_ws/install/arm_controller/share/arm_controller//launch/spawn_blocks.py
-- Installing: /home/dihim/me326_ws/install/arm_controller/share/arm_controller/model
-- Installing: /home/dihim/me326_ws/install/arm_controller/share/arm_controller/model/blue_cube.urdf
-- Installing: /home/dihim/me326_ws/install/arm_controller/share/arm_controller/model/yellow_cube.urdf
-- Installing: /home/dihim/me326_ws/install/arm_controller/share/arm_controller/model/red_cube.urdf
-- Installing: /home/dihim/me326_ws/install/arm_controller/share/arm_controller/model/green_cube.urdf
-- Installing: /home/dihim/me326_ws/install/arm_controller/share/ament_index/resource_index/package_run_dependencies/arm_controller
-- Installing: /home/dihim/me326_ws/install/arm_controller/share/ament_index/resource_index/parent_prefix_path/arm_controller
-- Installing: /home/dihim/me326_ws/install/arm_controller/share/arm_controller/environment/ament_prefix_path.sh
-- Installing: /home/dihim/me326_ws/install/arm_controller/share/arm_controller/environment/ament_prefix_path.dsv
-- Installing: /home/dihim/me326_ws/install/arm_controller/share/arm_controller/environment/path.sh
-- Installing: /home/dihim/me326_ws/install/arm_controller/share/arm_controller/environment/path.dsv
-- Installing: /home/dihim/me326_ws/install/arm_controller/share/arm_controller/local_setup.bash
-- Installing: /home/dihim/me326_ws/install/arm_controller/share/arm_controller/local_setup.sh
-- Installing: /home/dihim/me326_ws/install/arm_controller/share/arm_controller/local_setup.zsh
-- Installing: /home/dihim/me326_ws/install/arm_controller/share/arm_controller/local_setup.dsv
-- Installing: /home/dihim/me326_ws/install/arm_controller/share/arm_controller/package.dsv
-- Installing: /home/dihim/me326_ws/install/arm_controller/share/ament_index/resource_index/packages/arm_controller
-- Installing: /home/dihim/me326_ws/install/arm_controller/share/arm_controller/cmake/arm_controllerConfig.cmake
-- Installing: /home/dihim/me326_ws/install/arm_controller/share/arm_controller/cmake/arm_controllerConfig-version.cmake
-- Installing: /home/dihim/me326_ws/install/arm_controller/share/arm_controller/package.xml
