[0.742s] Invoking command in '/home/dihim/me326_ws/build/arm_controller': CMAKE_PREFIX_PATH=${CMAKE_PREFIX_PATH}:/home/dihim/interbotix_ws/install/interbotix_xs_modules:/home/dihim/interbotix_ws/install/interbotix_perception_modules:/home/dihim/interbotix_ws/install/interbotix_common_modules:/opt/ros/galactic /usr/bin/cmake /home/dihim/me326_ws/src/arm_controller -DCMAKE_INSTALL_PREFIX=/home/dihim/me326_ws/install/arm_controller
[1.064s] -- The C compiler identification is GNU 9.4.0
[1.064s] -- The CXX compiler identification is GNU 9.4.0
[1.064s] -- Check for working C compiler: /usr/bin/cc
[1.095s] -- Check for working C compiler: /usr/bin/cc -- works
[1.100s] -- Detecting C compiler ABI info
[1.150s] -- Detecting C compiler ABI info - done
[1.157s] -- Detecting C compile features
[1.158s] -- Detecting C compile features - done
[1.158s] -- Check for working CXX compiler: /usr/bin/c++
[1.246s] -- Check for working CXX compiler: /usr/bin/c++ -- works
[1.246s] -- Detecting CXX compiler ABI info
[1.348s] -- Detecting CXX compiler ABI info - done
[1.348s] -- Detecting CXX compile features
[1.349s] -- Detecting CXX compile features - done
[1.355s] -- Found ament_cmake: 1.1.6 (/opt/ros/galactic/share/ament_cmake/cmake)
[1.377s] -- Found PythonInterp: /usr/bin/python3 (found suitable version "3.8.10", minimum required is "3") 
[1.377s] -- Using PYTHON_EXECUTABLE: /usr/bin/python3
[1.470s] -- Found interbotix_moveit_interface_msgs: 0.0.0 (/home/dihim/interbotix_ws/install/interbotix_moveit_interface_msgs/share/interbotix_moveit_interface_msgs/cmake)
[1.501s] -- Using all available rosidl_typesupport_c: rosidl_typesupport_fastrtps_c;rosidl_typesupport_introspection_c
[1.510s] -- Found rosidl_adapter: 2.2.3 (/opt/ros/galactic/share/rosidl_adapter/cmake)
[1.575s] -- Found OpenSSL: /usr/lib/aarch64-linux-gnu/libcrypto.so (found version "1.1.1f")  
[1.598s] -- Found FastRTPS: /opt/ros/galactic/include  
[1.659s] -- Using all available rosidl_typesupport_cpp: rosidl_typesupport_fastrtps_cpp;rosidl_typesupport_introspection_cpp
[1.759s] -- Found moveit_msgs: 2.2.0 (/opt/ros/galactic/share/moveit_msgs/cmake)
[2.548s] -- Found moveit_ros_planning_interface: 2.3.4 (/opt/ros/galactic/share/moveit_ros_planning_interface/cmake)
[2.725s] -- Found Boost: /usr/lib/aarch64-linux-gnu/cmake/Boost-1.71.0/BoostConfig.cmake (found version "1.71.0") found components: date_time filesystem program_options system thread 
[2.776s] -- Found Boost: /usr/lib/aarch64-linux-gnu/cmake/Boost-1.71.0/BoostConfig.cmake (found version "1.71.0") found components: chrono date_time filesystem iostreams program_options regex serialization system thread 
[2.792s] -- Found Boost: /usr/lib/aarch64-linux-gnu/cmake/Boost-1.71.0/BoostConfig.cmake (found version "1.71.0") found components: filesystem 
[2.868s] -- Found rmw_implementation_cmake: 3.3.1 (/opt/ros/galactic/share/rmw_implementation_cmake/cmake)
[2.872s] -- Found rmw_cyclonedds_cpp: 0.22.6 (/opt/ros/galactic/share/rmw_cyclonedds_cpp/cmake)
[2.885s] -- Using RMW implementation 'rmw_cyclonedds_cpp' as default
[2.886s] -- Found Threads: TRUE  
[3.014s] -- library: /usr/lib/aarch64-linux-gnu/libcurl.so
[3.085s] -- Found Eigen3: TRUE (found version "3.3.7") 
[3.578s] -- Found Boost: /usr/lib/aarch64-linux-gnu/cmake/Boost-1.71.0/BoostConfig.cmake (found version "1.71.0") found components: system filesystem date_time program_options thread chrono 
[3.742s] -- Found Boost: /usr/lib/aarch64-linux-gnu/cmake/Boost-1.71.0/BoostConfig.cmake (found version "1.71.0") found components: thread 
[4.184s] -- Found Boost: /usr/lib/aarch64-linux-gnu/cmake/Boost-1.71.0/BoostConfig.cmake (found version "1.71.0") found components: thread system filesystem regex date_time program_options 
[4.412s] -- Found Boost: /usr/lib/aarch64-linux-gnu/cmake/Boost-1.71.0/BoostConfig.cmake (found version "1.71.0") found components: system filesystem date_time program_options thread 
[4.772s] -- Found moveit_visual_tools: 4.1.0 (/home/dihim/interbotix_ws/install/moveit_visual_tools/share/moveit_visual_tools/cmake)
[5.125s] -- Setting OGRE_DIR to: '/opt/ros/galactic/share/rviz_ogre_vendor/cmake/../../../opt/rviz_ogre_vendor/lib/OGRE/cmake'
[5.127s] -- Found OGRE
[5.128s] --   static     : OFF
[5.128s] --   components : HLMS;MeshLodGenerator;Overlay;Paging;Property;RTShaderSystem;Terrain;Volume
[5.128s] --   plugins    : Plugin_BSPSceneManager;Plugin_OctreeSceneManager;Plugin_PCZSceneManager;Plugin_ParticleFX;RenderSystem_GL;RenderSystem_GL3Plus;Codec_STBI
[5.128s] --   media      : /opt/ros/galactic/opt/rviz_ogre_vendor/share/OGRE/Media
[5.128s] -- OGRE_LIBRARIES: OgreHLMS;OgreMeshLodGenerator;OgreOverlay;OgrePaging;OgreProperty;OgreRTShaderSystem;OgreTerrain;OgreVolume;OgreMain
[5.128s] -- OGRE_LIBRARY_DIRS: /opt/ros/galactic/opt/rviz_ogre_vendor/lib
[5.128s] -- OGRE_PLUGINS: Plugin_BSPSceneManager;Plugin_OctreeSceneManager;Plugin_PCZSceneManager;Plugin_ParticleFX;RenderSystem_GL;RenderSystem_GL3Plus;Codec_STBI
[5.128s] -- OGRE_PLUGIN_DIR: /opt/ros/galactic/opt/rviz_ogre_vendor/lib/OGRE
[5.129s] -- rviz_ogre_vendor::OgreOverlay for IMPORTED_LOCATION_RELEASE: /opt/ros/galactic/opt/rviz_ogre_vendor/lib/libOgreOverlay.so
[5.129s] -- rviz_ogre_vendor::OgreOverlay for IMPORTED_LOCATION_DEBUG: /opt/ros/galactic/opt/rviz_ogre_vendor/lib/libOgreOverlay.so
[5.129s] -- rviz_ogre_vendor::OgreMain for IMPORTED_LOCATION_RELEASE: /opt/ros/galactic/opt/rviz_ogre_vendor/lib/libOgreMain.so
[5.129s] -- rviz_ogre_vendor::OgreMain for IMPORTED_LOCATION_DEBUG: /opt/ros/galactic/opt/rviz_ogre_vendor/lib/libOgreMain.so
[5.144s] -- Found ZLIB: /usr/lib/aarch64-linux-gnu/libz.so (found version "1.2.11") 
[5.149s] -- Found OpenGL: /usr/lib/aarch64-linux-gnu/libOpenGL.so   
[5.208s] -- Found X11: /usr/include   
[5.208s] -- Looking for XOpenDisplay in /usr/lib/aarch64-linux-gnu/libX11.so;/usr/lib/aarch64-linux-gnu/libXext.so
[5.258s] -- Looking for XOpenDisplay in /usr/lib/aarch64-linux-gnu/libX11.so;/usr/lib/aarch64-linux-gnu/libXext.so - found
[5.258s] -- Looking for gethostbyname
[5.298s] -- Looking for gethostbyname - found
[5.299s] -- Looking for connect
[5.338s] -- Looking for connect - found
[5.338s] -- Looking for remove
[5.378s] -- Looking for remove - found
[5.378s] -- Looking for shmat
[5.416s] -- Looking for shmat - found
[5.416s] -- Looking for IceConnectionNumber in ICE
[5.473s] -- Looking for IceConnectionNumber in ICE - found
[5.473s] -- rviz_ogre_vendor::RenderSystem_GL for IMPORTED_LOCATION_RELEASE: _render_system_gl_static_library_abs-NOTFOUND
[5.473s] -- rviz_ogre_vendor::RenderSystem_GL for IMPORTED_LOCATION_DEBUG: _render_system_gl_static_library_abs-NOTFOUND
[5.480s] -- library: libassimp.so.5
[5.956s] -- Found ament_lint_auto: 0.10.7 (/opt/ros/galactic/share/ament_lint_auto/cmake)
[6.006s] -- Added test 'copyright' to check source files copyright and LICENSE
[6.007s] -- Added test 'cppcheck' to perform static code analysis on C / C++ code
[6.007s] -- Configured cppcheck include dirs: /home/dihim/me326_ws/src/arm_controller/include
[6.007s] -- Configured cppcheck exclude dirs and/or files: 
[6.007s] -- Added test 'cpplint' to check C / C++ code against the Google style
[6.008s] -- Configured cpplint exclude dirs and/or files: 
[6.008s] -- Added test 'flake8' to check Python code syntax and style conventions
[6.008s] -- Added test 'lint_cmake' to check CMake code style
[6.009s] -- Added test 'pep257' to check Python code against some of the style conventions in PEP 257
[6.009s] -- Added test 'uncrustify' to check C / C++ code style
[6.009s] -- Configured uncrustify additional arguments: 
[6.010s] -- Added test 'xmllint' to check XML markup files
[6.014s] -- Configuring done
[6.071s] -- Generating done
[6.072s] -- Build files have been written to: /home/dihim/me326_ws/build/arm_controller
[6.079s] Invoked command in '/home/dihim/me326_ws/build/arm_controller' returned '0': CMAKE_PREFIX_PATH=${CMAKE_PREFIX_PATH}:/home/dihim/interbotix_ws/install/interbotix_xs_modules:/home/dihim/interbotix_ws/install/interbotix_perception_modules:/home/dihim/interbotix_ws/install/interbotix_common_modules:/opt/ros/galactic /usr/bin/cmake /home/dihim/me326_ws/src/arm_controller -DCMAKE_INSTALL_PREFIX=/home/dihim/me326_ws/install/arm_controller
[6.081s] Invoking command in '/home/dihim/me326_ws/build/arm_controller': CMAKE_PREFIX_PATH=${CMAKE_PREFIX_PATH}:/home/dihim/interbotix_ws/install/interbotix_xs_modules:/home/dihim/interbotix_ws/install/interbotix_perception_modules:/home/dihim/interbotix_ws/install/interbotix_common_modules:/opt/ros/galactic /usr/bin/cmake --build /home/dihim/me326_ws/build/arm_controller -- -j4 -l4
[6.105s] [35m[1mScanning dependencies of target arm_controller[0m
[6.370s] [ 33%] [32mBuilding CXX object CMakeFiles/arm_controller.dir/src/moveit_interface.cpp.o[0m
[6.382s] [ 66%] [32mBuilding CXX object CMakeFiles/arm_controller.dir/src/moveit_interface_obj.cpp.o[0m
[12.278s] [100%] [32m[1mLinking CXX executable arm_controller[0m
[12.774s] [100%] Built target arm_controller
[12.786s] Invoked command in '/home/dihim/me326_ws/build/arm_controller' returned '0': CMAKE_PREFIX_PATH=${CMAKE_PREFIX_PATH}:/home/dihim/interbotix_ws/install/interbotix_xs_modules:/home/dihim/interbotix_ws/install/interbotix_perception_modules:/home/dihim/interbotix_ws/install/interbotix_common_modules:/opt/ros/galactic /usr/bin/cmake --build /home/dihim/me326_ws/build/arm_controller -- -j4 -l4
[12.803s] Invoking command in '/home/dihim/me326_ws/build/arm_controller': CMAKE_PREFIX_PATH=${CMAKE_PREFIX_PATH}:/home/dihim/interbotix_ws/install/interbotix_xs_modules:/home/dihim/interbotix_ws/install/interbotix_perception_modules:/home/dihim/interbotix_ws/install/interbotix_common_modules:/opt/ros/galactic /usr/bin/cmake --install /home/dihim/me326_ws/build/arm_controller
[12.808s] -- Install configuration: ""
[12.809s] -- Installing: /home/dihim/me326_ws/install/arm_controller/lib/arm_controller/arm_controller
[12.809s] -- Set runtime path of "/home/dihim/me326_ws/install/arm_controller/lib/arm_controller/arm_controller" to ""
[12.810s] -- Installing: /home/dihim/me326_ws/install/arm_controller/lib/arm_controller/moveit_interface_gui
[12.810s] -- Installing: /home/dihim/me326_ws/install/arm_controller/share/arm_controller//launch
[12.810s] -- Installing: /home/dihim/me326_ws/install/arm_controller/share/arm_controller//launch/spawn_blocks.py
[12.810s] -- Installing: /home/dihim/me326_ws/install/arm_controller/share/arm_controller/model
[12.810s] -- Installing: /home/dihim/me326_ws/install/arm_controller/share/arm_controller/model/blue_cube.urdf
[12.810s] -- Installing: /home/dihim/me326_ws/install/arm_controller/share/arm_controller/model/yellow_cube.urdf
[12.811s] -- Installing: /home/dihim/me326_ws/install/arm_controller/share/arm_controller/model/red_cube.urdf
[12.811s] -- Installing: /home/dihim/me326_ws/install/arm_controller/share/arm_controller/model/green_cube.urdf
[12.812s] -- Installing: /home/dihim/me326_ws/install/arm_controller/share/ament_index/resource_index/package_run_dependencies/arm_controller
[12.812s] -- Installing: /home/dihim/me326_ws/install/arm_controller/share/ament_index/resource_index/parent_prefix_path/arm_controller
[12.814s] -- Installing: /home/dihim/me326_ws/install/arm_controller/share/arm_controller/environment/ament_prefix_path.sh
[12.814s] -- Installing: /home/dihim/me326_ws/install/arm_controller/share/arm_controller/environment/ament_prefix_path.dsv
[12.818s] -- Installing: /home/dihim/me326_ws/install/arm_controller/share/arm_controller/environment/path.sh
[12.818s] -- Installing: /home/dihim/me326_ws/install/arm_controller/share/arm_controller/environment/path.dsv
[12.818s] -- Installing: /home/dihim/me326_ws/install/arm_controller/share/arm_controller/local_setup.bash
[12.818s] -- Installing: /home/dihim/me326_ws/install/arm_controller/share/arm_controller/local_setup.sh
[12.818s] -- Installing: /home/dihim/me326_ws/install/arm_controller/share/arm_controller/local_setup.zsh
[12.818s] -- Installing: /home/dihim/me326_ws/install/arm_controller/share/arm_controller/local_setup.dsv
[12.818s] -- Installing: /home/dihim/me326_ws/install/arm_controller/share/arm_controller/package.dsv
[12.818s] -- Installing: /home/dihim/me326_ws/install/arm_controller/share/ament_index/resource_index/packages/arm_controller
[12.818s] -- Installing: /home/dihim/me326_ws/install/arm_controller/share/arm_controller/cmake/arm_controllerConfig.cmake
[12.818s] -- Installing: /home/dihim/me326_ws/install/arm_controller/share/arm_controller/cmake/arm_controllerConfig-version.cmake
[12.818s] -- Installing: /home/dihim/me326_ws/install/arm_controller/share/arm_controller/package.xml
[12.818s] Invoked command in '/home/dihim/me326_ws/build/arm_controller' returned '0': CMAKE_PREFIX_PATH=${CMAKE_PREFIX_PATH}:/home/dihim/interbotix_ws/install/interbotix_xs_modules:/home/dihim/interbotix_ws/install/interbotix_perception_modules:/home/dihim/interbotix_ws/install/interbotix_common_modules:/opt/ros/galactic /usr/bin/cmake --install /home/dihim/me326_ws/build/arm_controller
