[0.719s] Invoking command in '/home/dihim/me326_ws/build/gazebo_ros_link_attacher': CMAKE_PREFIX_PATH=${CMAKE_PREFIX_PATH}:/home/dihim/interbotix_ws/install/interbotix_xs_modules:/home/dihim/interbotix_ws/install/interbotix_perception_modules:/home/dihim/interbotix_ws/install/interbotix_common_modules:/opt/ros/galactic /usr/bin/cmake --build /home/dihim/me326_ws/build/gazebo_ros_link_attacher -- -j4 -l4
[1.008s] -- Found ament_cmake: 1.1.6 (/opt/ros/galactic/share/ament_cmake/cmake)
[1.008s] -- Found PythonInterp: /usr/bin/python3 (found suitable version "3.8.10", minimum required is "3") 
[1.008s] -- Using PYTHON_EXECUTABLE: /usr/bin/python3
[1.008s] -- Found rclcpp: 9.2.2 (/opt/ros/galactic/share/rclcpp/cmake)
[1.008s] -- Using all available rosidl_typesupport_c: rosidl_typesupport_fastrtps_c;rosidl_typesupport_introspection_c
[1.008s] -- Found rosidl_adapter: 2.2.3 (/opt/ros/galactic/share/rosidl_adapter/cmake)
[1.008s] -- Using all available rosidl_typesupport_cpp: rosidl_typesupport_fastrtps_cpp;rosidl_typesupport_introspection_cpp
[1.009s] -- Found rmw_implementation_cmake: 3.3.1 (/opt/ros/galactic/share/rmw_implementation_cmake/cmake)
[1.009s] -- Found rmw_cyclonedds_cpp: 0.22.6 (/opt/ros/galactic/share/rmw_cyclonedds_cpp/cmake)
[1.009s] -- Using RMW implementation 'rmw_cyclonedds_cpp' as default
[1.009s] -- Found gazebo_ros: 3.5.2 (/opt/ros/galactic/share/gazebo_ros/cmake)
[1.037s] -- Found DART: /usr/include (Required is at least version "6.6") found components: dart 
[1.056s] -- Found Protobuf: /usr/lib/aarch64-linux-gnu/libprotobuf.so;-lpthread (found version "3.6.1") 
[1.056s] -- Looking for ignition-math6 -- found version 6.15.1
[1.059s] -- Searching for dependencies of ignition-math6
[1.060s] -- Looking for OGRE...
[1.065s] -- Found Ogre Ghadamon (1.9.0)
[1.066s] -- Found OGRE: optimized;/usr/lib/aarch64-linux-gnu/libOgreMain.so;debug;/usr/lib/aarch64-linux-gnu/libOgreMain.so
[1.072s] -- Looking for OGRE_Paging...
[1.072s] -- Found OGRE_Paging: optimized;/usr/lib/aarch64-linux-gnu/libOgrePaging.so;debug;/usr/lib/aarch64-linux-gnu/libOgrePaging.so
[1.072s] -- Looking for OGRE_Terrain...
[1.072s] -- Found OGRE_Terrain: optimized;/usr/lib/aarch64-linux-gnu/libOgreTerrain.so;debug;/usr/lib/aarch64-linux-gnu/libOgreTerrain.so
[1.072s] -- Looking for OGRE_Property...
[1.072s] -- Found OGRE_Property: optimized;/usr/lib/aarch64-linux-gnu/libOgreProperty.so;debug;/usr/lib/aarch64-linux-gnu/libOgreProperty.so
[1.072s] -- Looking for OGRE_RTShaderSystem...
[1.072s] -- Found OGRE_RTShaderSystem: optimized;/usr/lib/aarch64-linux-gnu/libOgreRTShaderSystem.so;debug;/usr/lib/aarch64-linux-gnu/libOgreRTShaderSystem.so
[1.073s] -- Looking for OGRE_Volume...
[1.073s] -- Found OGRE_Volume: optimized;/usr/lib/aarch64-linux-gnu/libOgreVolume.so;debug;/usr/lib/aarch64-linux-gnu/libOgreVolume.so
[1.073s] -- Looking for OGRE_Overlay...
[1.073s] -- Found OGRE_Overlay: optimized;/usr/lib/aarch64-linux-gnu/libOgreOverlay.so;debug;/usr/lib/aarch64-linux-gnu/libOgreOverlay.so
[1.170s] -- Looking for ignition-math6 -- found version 6.15.1
[1.170s] -- Looking for ignition-transport8 -- found version 8.3.0
[1.171s] -- Searching for dependencies of ignition-transport8
[1.183s] -- Found Protobuf: /usr/lib/aarch64-linux-gnu/libprotobuf.so;-lpthread (found suitable version "3.6.1", minimum required is "3") 
[1.192s] -- Config-file not installed for ZeroMQ -- checking for pkg-config
[1.195s] -- Checking for module 'libzmq >= 4'
[1.203s] --   Found libzmq , version 4.3.2
[1.227s] -- Checking for module 'uuid'
[1.242s] --   Found uuid, version 2.34.0
[1.261s] -- Looking for ignition-msgs5 -- found version 5.10.0
[1.262s] -- Searching for dependencies of ignition-msgs5
[1.278s] -- Looking for ignition-math6 -- found version 6.15.1
[1.288s] -- Checking for module 'tinyxml2'
[1.302s] --   Found tinyxml2, version 6.2.0
[1.324s] -- Looking for ignition-msgs5 -- found version 5.10.0
[1.324s] -- Looking for ignition-common3 -- found version 3.14.2
[1.324s] -- Searching for dependencies of ignition-common3
[1.324s] -- Looking for dlfcn.h - found
[1.324s] -- Looking for libdl - found
[1.328s] -- Searching for <ignition-common3> component [graphics]
[1.328s] -- Looking for ignition-common3-graphics -- found version 3.14.2
[1.328s] -- Searching for dependencies of ignition-common3-graphics
[1.329s] -- Looking for ignition-math6 -- found version 6.15.1
[1.329s] -- Looking for ignition-fuel_tools4 -- found version 4.6.0
[1.329s] -- Searching for dependencies of ignition-fuel_tools4
[1.345s] -- Checking for module 'jsoncpp'
[1.355s] --   Found jsoncpp, version 1.7.4
[1.382s] -- Checking for module 'libzip'
[1.391s] --   Found libzip, version 1.5.1
[1.409s] -- Looking for ignition-common3 -- found version 3.14.2
[1.409s] -- Looking for ignition-math6 -- found version 6.15.1
[1.409s] -- Looking for ignition-msgs5 -- found version 5.10.0
[1.411s] -- Gazebo version: 11.11
[1.413s] -- Found rosidl_default_generators: 1.1.1 (/opt/ros/galactic/share/rosidl_default_generators/cmake)
[1.432s] -- Found PythonInterp: /usr/bin/python3 (found version "3.8.10") 
[1.512s] -- Found ament_cmake_ros: 0.9.2 (/opt/ros/galactic/share/ament_cmake_ros/cmake)
[1.615s] -- Using all available rosidl_typesupport_c: rosidl_typesupport_fastrtps_c;rosidl_typesupport_introspection_c
[1.646s] -- Using all available rosidl_typesupport_cpp: rosidl_typesupport_fastrtps_cpp;rosidl_typesupport_introspection_cpp
[1.661s] -- Found PythonInterp: /usr/bin/python3 (found suitable version "3.8.10", minimum required is "3.5") 
[1.663s] -- Found python_cmake_module: 0.8.1 (/opt/ros/galactic/share/python_cmake_module/cmake)
[1.675s] -- Using PYTHON_EXECUTABLE: /usr/bin/python3
[1.675s] -- Using PYTHON_INCLUDE_DIRS: /usr/include/python3.8
[1.675s] -- Using PYTHON_LIBRARIES: /usr/lib/aarch64-linux-gnu/libpython3.8.so
[1.697s] -- Found rmw_fastrtps_cpp: 5.0.2 (/opt/ros/galactic/share/rmw_fastrtps_cpp/cmake)
[1.770s] -- Configuring done
[1.839s] -- Generating done
[1.842s] -- Build files have been written to: /home/dihim/me326_ws/build/gazebo_ros_link_attacher
[1.866s] [  3%] Built target gazebo_ros_link_attacher__cpp
[1.868s] [ 12%] Built target gazebo_ros_link_attacher__rosidl_generator_c
[1.884s] [ 21%] Built target gazebo_ros_link_attacher__rosidl_typesupport_fastrtps_cpp
[1.885s] [ 30%] Built target gazebo_ros_link_attacher__rosidl_typesupport_introspection_cpp
[1.890s] [ 39%] Built target gazebo_ros_link_attacher__rosidl_typesupport_cpp
[1.892s] [ 48%] Built target gazebo_ros_link_attacher__rosidl_typesupport_introspection_c
[1.901s] [ 57%] Built target gazebo_ros_link_attacher__rosidl_typesupport_c
[1.920s] [ 66%] Built target gazebo_ros_link_attacher__rosidl_typesupport_fastrtps_c
[1.935s] [ 66%] Built target gazebo_ros_link_attacher
[1.949s] [ 69%] Built target gazebo_ros_link_attacher__py
[1.967s] [ 75%] Built target gazebo_ros_link_attacher__python
[1.968s] [ 81%] Built target gazebo_ros_link_attacher_plugin
[1.990s] [ 87%] Built target gazebo_ros_link_attacher__rosidl_typesupport_c__pyext
[1.994s] [ 93%] Built target gazebo_ros_link_attacher__rosidl_typesupport_introspection_c__pyext
[1.995s] [100%] Built target gazebo_ros_link_attacher__rosidl_typesupport_fastrtps_c__pyext
[2.094s] Invoked command in '/home/dihim/me326_ws/build/gazebo_ros_link_attacher' returned '0': CMAKE_PREFIX_PATH=${CMAKE_PREFIX_PATH}:/home/dihim/interbotix_ws/install/interbotix_xs_modules:/home/dihim/interbotix_ws/install/interbotix_perception_modules:/home/dihim/interbotix_ws/install/interbotix_common_modules:/opt/ros/galactic /usr/bin/cmake --build /home/dihim/me326_ws/build/gazebo_ros_link_attacher -- -j4 -l4
[2.136s] Invoking command in '/home/dihim/me326_ws/build/gazebo_ros_link_attacher': CMAKE_PREFIX_PATH=${CMAKE_PREFIX_PATH}:/home/dihim/interbotix_ws/install/interbotix_xs_modules:/home/dihim/interbotix_ws/install/interbotix_perception_modules:/home/dihim/interbotix_ws/install/interbotix_common_modules:/opt/ros/galactic /usr/bin/cmake --install /home/dihim/me326_ws/build/gazebo_ros_link_attacher
[2.141s] -- Install configuration: ""
[2.141s] -- Up-to-date: /home/dihim/me326_ws/install/gazebo_ros_link_attacher/share/ament_index/resource_index/rosidl_interfaces/gazebo_ros_link_attacher
[2.141s] -- Up-to-date: /home/dihim/me326_ws/install/gazebo_ros_link_attacher/include/gazebo_ros_link_attacher
[2.141s] -- Up-to-date: /home/dihim/me326_ws/install/gazebo_ros_link_attacher/include/gazebo_ros_link_attacher/msg
[2.141s] -- Up-to-date: /home/dihim/me326_ws/install/gazebo_ros_link_attacher/include/gazebo_ros_link_attacher/msg/rosidl_generator_c__visibility_control.h
[2.141s] -- Up-to-date: /home/dihim/me326_ws/install/gazebo_ros_link_attacher/include/gazebo_ros_link_attacher/srv
[2.141s] -- Up-to-date: /home/dihim/me326_ws/install/gazebo_ros_link_attacher/include/gazebo_ros_link_attacher/srv/detail
[2.141s] -- Up-to-date: /home/dihim/me326_ws/install/gazebo_ros_link_attacher/include/gazebo_ros_link_attacher/srv/detail/attach__struct.h
[2.142s] -- Up-to-date: /home/dihim/me326_ws/install/gazebo_ros_link_attacher/include/gazebo_ros_link_attacher/srv/detail/attach__type_support.h
[2.142s] -- Up-to-date: /home/dihim/me326_ws/install/gazebo_ros_link_attacher/include/gazebo_ros_link_attacher/srv/detail/attach__functions.c
[2.142s] -- Up-to-date: /home/dihim/me326_ws/install/gazebo_ros_link_attacher/include/gazebo_ros_link_attacher/srv/detail/attach__functions.h
[2.142s] -- Up-to-date: /home/dihim/me326_ws/install/gazebo_ros_link_attacher/include/gazebo_ros_link_attacher/srv/attach.h
[2.142s] -- Up-to-date: /home/dihim/me326_ws/install/gazebo_ros_link_attacher/share/gazebo_ros_link_attacher/environment/library_path.sh
[2.142s] -- Installing: /home/dihim/me326_ws/install/gazebo_ros_link_attacher/share/gazebo_ros_link_attacher/environment/library_path.dsv
[2.143s] -- Up-to-date: /home/dihim/me326_ws/install/gazebo_ros_link_attacher/lib/libgazebo_ros_link_attacher__rosidl_generator_c.so
[2.143s] -- Up-to-date: /home/dihim/me326_ws/install/gazebo_ros_link_attacher/include/gazebo_ros_link_attacher
[2.143s] -- Up-to-date: /home/dihim/me326_ws/install/gazebo_ros_link_attacher/include/gazebo_ros_link_attacher/msg
[2.143s] -- Up-to-date: /home/dihim/me326_ws/install/gazebo_ros_link_attacher/include/gazebo_ros_link_attacher/msg/rosidl_typesupport_fastrtps_c__visibility_control.h
[2.143s] -- Up-to-date: /home/dihim/me326_ws/install/gazebo_ros_link_attacher/include/gazebo_ros_link_attacher/srv
[2.143s] -- Up-to-date: /home/dihim/me326_ws/install/gazebo_ros_link_attacher/include/gazebo_ros_link_attacher/srv/detail
[2.143s] -- Up-to-date: /home/dihim/me326_ws/install/gazebo_ros_link_attacher/include/gazebo_ros_link_attacher/srv/detail/attach__rosidl_typesupport_fastrtps_c.h
[2.144s] -- Up-to-date: /home/dihim/me326_ws/install/gazebo_ros_link_attacher/lib/libgazebo_ros_link_attacher__rosidl_typesupport_fastrtps_c.so
[2.144s] -- Up-to-date: /home/dihim/me326_ws/install/gazebo_ros_link_attacher/include/gazebo_ros_link_attacher
[2.144s] -- Up-to-date: /home/dihim/me326_ws/install/gazebo_ros_link_attacher/include/gazebo_ros_link_attacher/msg
[2.144s] -- Up-to-date: /home/dihim/me326_ws/install/gazebo_ros_link_attacher/include/gazebo_ros_link_attacher/msg/rosidl_typesupport_fastrtps_cpp__visibility_control.h
[2.144s] -- Up-to-date: /home/dihim/me326_ws/install/gazebo_ros_link_attacher/include/gazebo_ros_link_attacher/srv
[2.144s] -- Up-to-date: /home/dihim/me326_ws/install/gazebo_ros_link_attacher/include/gazebo_ros_link_attacher/srv/detail
[2.144s] -- Up-to-date: /home/dihim/me326_ws/install/gazebo_ros_link_attacher/include/gazebo_ros_link_attacher/srv/detail/attach__rosidl_typesupport_fastrtps_cpp.hpp
[2.144s] -- Up-to-date: /home/dihim/me326_ws/install/gazebo_ros_link_attacher/include/gazebo_ros_link_attacher/srv/detail/dds_fastrtps
[2.144s] -- Up-to-date: /home/dihim/me326_ws/install/gazebo_ros_link_attacher/lib/libgazebo_ros_link_attacher__rosidl_typesupport_fastrtps_cpp.so
[2.145s] -- Up-to-date: /home/dihim/me326_ws/install/gazebo_ros_link_attacher/include/gazebo_ros_link_attacher
[2.145s] -- Up-to-date: /home/dihim/me326_ws/install/gazebo_ros_link_attacher/include/gazebo_ros_link_attacher/msg
[2.145s] -- Up-to-date: /home/dihim/me326_ws/install/gazebo_ros_link_attacher/include/gazebo_ros_link_attacher/msg/rosidl_typesupport_introspection_c__visibility_control.h
[2.145s] -- Up-to-date: /home/dihim/me326_ws/install/gazebo_ros_link_attacher/include/gazebo_ros_link_attacher/srv
[2.145s] -- Up-to-date: /home/dihim/me326_ws/install/gazebo_ros_link_attacher/include/gazebo_ros_link_attacher/srv/detail
[2.145s] -- Up-to-date: /home/dihim/me326_ws/install/gazebo_ros_link_attacher/include/gazebo_ros_link_attacher/srv/detail/attach__rosidl_typesupport_introspection_c.h
[2.145s] -- Up-to-date: /home/dihim/me326_ws/install/gazebo_ros_link_attacher/include/gazebo_ros_link_attacher/srv/detail/attach__type_support.c
[2.145s] -- Up-to-date: /home/dihim/me326_ws/install/gazebo_ros_link_attacher/lib/libgazebo_ros_link_attacher__rosidl_typesupport_introspection_c.so
[2.146s] -- Up-to-date: /home/dihim/me326_ws/install/gazebo_ros_link_attacher/lib/libgazebo_ros_link_attacher__rosidl_typesupport_c.so
[2.146s] -- Up-to-date: /home/dihim/me326_ws/install/gazebo_ros_link_attacher/include/gazebo_ros_link_attacher
[2.146s] -- Up-to-date: /home/dihim/me326_ws/install/gazebo_ros_link_attacher/include/gazebo_ros_link_attacher/srv
[2.146s] -- Up-to-date: /home/dihim/me326_ws/install/gazebo_ros_link_attacher/include/gazebo_ros_link_attacher/srv/detail
[2.146s] -- Up-to-date: /home/dihim/me326_ws/install/gazebo_ros_link_attacher/include/gazebo_ros_link_attacher/srv/detail/attach__struct.hpp
[2.146s] -- Up-to-date: /home/dihim/me326_ws/install/gazebo_ros_link_attacher/include/gazebo_ros_link_attacher/srv/detail/attach__traits.hpp
[2.147s] -- Up-to-date: /home/dihim/me326_ws/install/gazebo_ros_link_attacher/include/gazebo_ros_link_attacher/srv/detail/attach__builder.hpp
[2.147s] -- Up-to-date: /home/dihim/me326_ws/install/gazebo_ros_link_attacher/include/gazebo_ros_link_attacher/srv/attach.hpp
[2.147s] -- Up-to-date: /home/dihim/me326_ws/install/gazebo_ros_link_attacher/include/gazebo_ros_link_attacher
[2.147s] -- Up-to-date: /home/dihim/me326_ws/install/gazebo_ros_link_attacher/include/gazebo_ros_link_attacher/srv
[2.147s] -- Up-to-date: /home/dihim/me326_ws/install/gazebo_ros_link_attacher/include/gazebo_ros_link_attacher/srv/detail
[2.147s] -- Up-to-date: /home/dihim/me326_ws/install/gazebo_ros_link_attacher/include/gazebo_ros_link_attacher/srv/detail/attach__rosidl_typesupport_introspection_cpp.hpp
[2.147s] -- Up-to-date: /home/dihim/me326_ws/install/gazebo_ros_link_attacher/include/gazebo_ros_link_attacher/srv/detail/attach__type_support.cpp
[2.147s] -- Up-to-date: /home/dihim/me326_ws/install/gazebo_ros_link_attacher/lib/libgazebo_ros_link_attacher__rosidl_typesupport_introspection_cpp.so
[2.148s] -- Up-to-date: /home/dihim/me326_ws/install/gazebo_ros_link_attacher/lib/libgazebo_ros_link_attacher__rosidl_typesupport_cpp.so
[2.148s] -- Up-to-date: /home/dihim/me326_ws/install/gazebo_ros_link_attacher/share/gazebo_ros_link_attacher/environment/pythonpath.sh
[2.148s] -- Installing: /home/dihim/me326_ws/install/gazebo_ros_link_attacher/share/gazebo_ros_link_attacher/environment/pythonpath.dsv
[2.148s] -- Installing: /home/dihim/me326_ws/install/gazebo_ros_link_attacher/lib/python3.8/site-packages/gazebo_ros_link_attacher/__init__.py
[2.164s] Compiling '/home/dihim/me326_ws/install/gazebo_ros_link_attacher/lib/python3.8/site-packages/gazebo_ros_link_attacher/__init__.py'...
[2.166s] -- Up-to-date: /home/dihim/me326_ws/install/gazebo_ros_link_attacher/lib/python3.8/site-packages/gazebo_ros_link_attacher/srv
[2.166s] -- Up-to-date: /home/dihim/me326_ws/install/gazebo_ros_link_attacher/lib/python3.8/site-packages/gazebo_ros_link_attacher/srv/__init__.py
[2.166s] -- Up-to-date: /home/dihim/me326_ws/install/gazebo_ros_link_attacher/lib/python3.8/site-packages/gazebo_ros_link_attacher/srv/_attach.py
[2.166s] -- Up-to-date: /home/dihim/me326_ws/install/gazebo_ros_link_attacher/lib/python3.8/site-packages/gazebo_ros_link_attacher/srv/_attach_s.c
[2.166s] -- Up-to-date: /home/dihim/me326_ws/install/gazebo_ros_link_attacher/lib/python3.8/site-packages/gazebo_ros_link_attacher/gazebo_ros_link_attacher_s__rosidl_typesupport_fastrtps_c.cpython-38-aarch64-linux-gnu.so
[2.167s] -- Up-to-date: /home/dihim/me326_ws/install/gazebo_ros_link_attacher/lib/python3.8/site-packages/gazebo_ros_link_attacher/gazebo_ros_link_attacher_s__rosidl_typesupport_introspection_c.cpython-38-aarch64-linux-gnu.so
[2.168s] -- Up-to-date: /home/dihim/me326_ws/install/gazebo_ros_link_attacher/lib/python3.8/site-packages/gazebo_ros_link_attacher/gazebo_ros_link_attacher_s__rosidl_typesupport_c.cpython-38-aarch64-linux-gnu.so
[2.169s] -- Up-to-date: /home/dihim/me326_ws/install/gazebo_ros_link_attacher/lib/libgazebo_ros_link_attacher__python.so
[2.169s] -- Up-to-date: /home/dihim/me326_ws/install/gazebo_ros_link_attacher/share/gazebo_ros_link_attacher/srv/Attach.idl
[2.169s] -- Up-to-date: /home/dihim/me326_ws/install/gazebo_ros_link_attacher/share/gazebo_ros_link_attacher/srv/Attach.srv
[2.169s] -- Up-to-date: /home/dihim/me326_ws/install/gazebo_ros_link_attacher/share/gazebo_ros_link_attacher/srv/Attach_Request.msg
[2.169s] -- Up-to-date: /home/dihim/me326_ws/install/gazebo_ros_link_attacher/share/gazebo_ros_link_attacher/srv/Attach_Response.msg
[2.170s] -- Up-to-date: /home/dihim/me326_ws/install/gazebo_ros_link_attacher/lib/libgazebo_ros_link_attacher_plugin.so
[2.170s] -- Up-to-date: /home/dihim/me326_ws/install/gazebo_ros_link_attacher/lib/gazebo_ros_link_attacher/demo.py
[2.170s] -- Up-to-date: /home/dihim/me326_ws/install/gazebo_ros_link_attacher/lib/gazebo_ros_link_attacher/demo_multiple.py
[2.170s] -- Up-to-date: /home/dihim/me326_ws/install/gazebo_ros_link_attacher/lib/gazebo_ros_link_attacher/spawn_models.py
[2.170s] -- Up-to-date: /home/dihim/me326_ws/install/gazebo_ros_link_attacher/lib/gazebo_ros_link_attacher/attach.py
[2.170s] -- Up-to-date: /home/dihim/me326_ws/install/gazebo_ros_link_attacher/lib/gazebo_ros_link_attacher/detach.py
[2.170s] -- Up-to-date: /home/dihim/me326_ws/install/gazebo_ros_link_attacher/share/gazebo_ros_link_attacher/launch
[2.170s] -- Up-to-date: /home/dihim/me326_ws/install/gazebo_ros_link_attacher/share/gazebo_ros_link_attacher/launch/test_attacher.py
[2.171s] -- Up-to-date: /home/dihim/me326_ws/install/gazebo_ros_link_attacher/share/gazebo_ros_link_attacher/worlds
[2.171s] -- Up-to-date: /home/dihim/me326_ws/install/gazebo_ros_link_attacher/share/gazebo_ros_link_attacher/worlds/test_attacher.world
[2.171s] -- Up-to-date: /home/dihim/me326_ws/install/gazebo_ros_link_attacher/share/ament_index/resource_index/package_run_dependencies/gazebo_ros_link_attacher
[2.171s] -- Up-to-date: /home/dihim/me326_ws/install/gazebo_ros_link_attacher/share/ament_index/resource_index/parent_prefix_path/gazebo_ros_link_attacher
[2.171s] -- Up-to-date: /home/dihim/me326_ws/install/gazebo_ros_link_attacher/share/gazebo_ros_link_attacher/environment/ament_prefix_path.sh
[2.171s] -- Installing: /home/dihim/me326_ws/install/gazebo_ros_link_attacher/share/gazebo_ros_link_attacher/environment/ament_prefix_path.dsv
[2.171s] -- Up-to-date: /home/dihim/me326_ws/install/gazebo_ros_link_attacher/share/gazebo_ros_link_attacher/environment/path.sh
[2.171s] -- Installing: /home/dihim/me326_ws/install/gazebo_ros_link_attacher/share/gazebo_ros_link_attacher/environment/path.dsv
[2.171s] -- Up-to-date: /home/dihim/me326_ws/install/gazebo_ros_link_attacher/share/gazebo_ros_link_attacher/local_setup.bash
[2.171s] -- Up-to-date: /home/dihim/me326_ws/install/gazebo_ros_link_attacher/share/gazebo_ros_link_attacher/local_setup.sh
[2.171s] -- Up-to-date: /home/dihim/me326_ws/install/gazebo_ros_link_attacher/share/gazebo_ros_link_attacher/local_setup.zsh
[2.171s] -- Installing: /home/dihim/me326_ws/install/gazebo_ros_link_attacher/share/gazebo_ros_link_attacher/local_setup.dsv
[2.171s] -- Installing: /home/dihim/me326_ws/install/gazebo_ros_link_attacher/share/gazebo_ros_link_attacher/package.dsv
[2.171s] -- Up-to-date: /home/dihim/me326_ws/install/gazebo_ros_link_attacher/share/ament_index/resource_index/packages/gazebo_ros_link_attacher
[2.171s] -- Up-to-date: /home/dihim/me326_ws/install/gazebo_ros_link_attacher/share/gazebo_ros_link_attacher/cmake/gazebo_ros_link_attacher__rosidl_generator_cExport.cmake
[2.171s] -- Installing: /home/dihim/me326_ws/install/gazebo_ros_link_attacher/share/gazebo_ros_link_attacher/cmake/gazebo_ros_link_attacher__rosidl_generator_cExport-noconfig.cmake
[2.172s] -- Up-to-date: /home/dihim/me326_ws/install/gazebo_ros_link_attacher/share/gazebo_ros_link_attacher/cmake/gazebo_ros_link_attacher__rosidl_typesupport_introspection_cExport.cmake
[2.172s] -- Installing: /home/dihim/me326_ws/install/gazebo_ros_link_attacher/share/gazebo_ros_link_attacher/cmake/gazebo_ros_link_attacher__rosidl_typesupport_introspection_cExport-noconfig.cmake
[2.172s] -- Up-to-date: /home/dihim/me326_ws/install/gazebo_ros_link_attacher/share/gazebo_ros_link_attacher/cmake/gazebo_ros_link_attacher__rosidl_typesupport_cExport.cmake
[2.172s] -- Installing: /home/dihim/me326_ws/install/gazebo_ros_link_attacher/share/gazebo_ros_link_attacher/cmake/gazebo_ros_link_attacher__rosidl_typesupport_cExport-noconfig.cmake
[2.172s] -- Up-to-date: /home/dihim/me326_ws/install/gazebo_ros_link_attacher/share/gazebo_ros_link_attacher/cmake/gazebo_ros_link_attacher__rosidl_generator_cppExport.cmake
[2.173s] -- Up-to-date: /home/dihim/me326_ws/install/gazebo_ros_link_attacher/share/gazebo_ros_link_attacher/cmake/gazebo_ros_link_attacher__rosidl_typesupport_introspection_cppExport.cmake
[2.173s] -- Installing: /home/dihim/me326_ws/install/gazebo_ros_link_attacher/share/gazebo_ros_link_attacher/cmake/gazebo_ros_link_attacher__rosidl_typesupport_introspection_cppExport-noconfig.cmake
[2.173s] -- Up-to-date: /home/dihim/me326_ws/install/gazebo_ros_link_attacher/share/gazebo_ros_link_attacher/cmake/gazebo_ros_link_attacher__rosidl_typesupport_cppExport.cmake
[2.173s] -- Installing: /home/dihim/me326_ws/install/gazebo_ros_link_attacher/share/gazebo_ros_link_attacher/cmake/gazebo_ros_link_attacher__rosidl_typesupport_cppExport-noconfig.cmake
[2.173s] -- Up-to-date: /home/dihim/me326_ws/install/gazebo_ros_link_attacher/share/gazebo_ros_link_attacher/cmake/rosidl_cmake-extras.cmake
[2.174s] -- Up-to-date: /home/dihim/me326_ws/install/gazebo_ros_link_attacher/share/gazebo_ros_link_attacher/cmake/ament_cmake_export_dependencies-extras.cmake
[2.174s] -- Up-to-date: /home/dihim/me326_ws/install/gazebo_ros_link_attacher/share/gazebo_ros_link_attacher/cmake/ament_cmake_export_libraries-extras.cmake
[2.174s] -- Up-to-date: /home/dihim/me326_ws/install/gazebo_ros_link_attacher/share/gazebo_ros_link_attacher/cmake/ament_cmake_export_targets-extras.cmake
[2.174s] -- Up-to-date: /home/dihim/me326_ws/install/gazebo_ros_link_attacher/share/gazebo_ros_link_attacher/cmake/ament_cmake_export_include_directories-extras.cmake
[2.174s] -- Up-to-date: /home/dihim/me326_ws/install/gazebo_ros_link_attacher/share/gazebo_ros_link_attacher/cmake/rosidl_cmake_export_typesupport_libraries-extras.cmake
[2.174s] -- Up-to-date: /home/dihim/me326_ws/install/gazebo_ros_link_attacher/share/gazebo_ros_link_attacher/cmake/rosidl_cmake_export_typesupport_targets-extras.cmake
[2.174s] -- Up-to-date: /home/dihim/me326_ws/install/gazebo_ros_link_attacher/share/gazebo_ros_link_attacher/cmake/gazebo_ros_link_attacherConfig.cmake
[2.174s] -- Up-to-date: /home/dihim/me326_ws/install/gazebo_ros_link_attacher/share/gazebo_ros_link_attacher/cmake/gazebo_ros_link_attacherConfig-version.cmake
[2.174s] -- Up-to-date: /home/dihim/me326_ws/install/gazebo_ros_link_attacher/share/gazebo_ros_link_attacher/package.xml
[2.175s] Invoked command in '/home/dihim/me326_ws/build/gazebo_ros_link_attacher' returned '0': CMAKE_PREFIX_PATH=${CMAKE_PREFIX_PATH}:/home/dihim/interbotix_ws/install/interbotix_xs_modules:/home/dihim/interbotix_ws/install/interbotix_perception_modules:/home/dihim/interbotix_ws/install/interbotix_common_modules:/opt/ros/galactic /usr/bin/cmake --install /home/dihim/me326_ws/build/gazebo_ros_link_attacher
