[  3%] Built target gazebo_ros_link_attacher__cpp
[ 12%] Built target gazebo_ros_link_attacher__rosidl_generator_c
[ 21%] Built target gazebo_ros_link_attacher__rosidl_typesupport_introspection_cpp
[ 30%] Built target gazebo_ros_link_attacher__rosidl_typesupport_fastrtps_cpp
[ 39%] Built target gazebo_ros_link_attacher__rosidl_typesupport_cpp
[ 48%] Built target gazebo_ros_link_attacher__rosidl_typesupport_introspection_c
[ 57%] Built target gazebo_ros_link_attacher__rosidl_typesupport_c
[ 66%] Built target gazebo_ros_link_attacher__rosidl_typesupport_fastrtps_c
[ 66%] Built target gazebo_ros_link_attacher
[ 69%] Built target gazebo_ros_link_attacher__py
[ 75%] Built target gazebo_ros_link_attacher_plugin
[ 81%] Built target gazebo_ros_link_attacher__python
[ 87%] Built target gazebo_ros_link_attacher__rosidl_typesupport_c__pyext
[ 93%] Built target gazebo_ros_link_attacher__rosidl_typesupport_fastrtps_c__pyext
[100%] Built target gazebo_ros_link_attacher__rosidl_typesupport_introspection_c__pyext
-- Install configuration: ""
-- Installing: /home/dihim/me326_ws/install/gazebo_ros_link_attacher/share/ament_index/resource_index/rosidl_interfaces/gazebo_ros_link_attacher
-- Installing: /home/dihim/me326_ws/install/gazebo_ros_link_attacher/include/gazebo_ros_link_attacher
-- Installing: /home/dihim/me326_ws/install/gazebo_ros_link_attacher/include/gazebo_ros_link_attacher/msg
-- Installing: /home/dihim/me326_ws/install/gazebo_ros_link_attacher/include/gazebo_ros_link_attacher/msg/rosidl_generator_c__visibility_control.h
-- Installing: /home/dihim/me326_ws/install/gazebo_ros_link_attacher/include/gazebo_ros_link_attacher/srv
-- Installing: /home/dihim/me326_ws/install/gazebo_ros_link_attacher/include/gazebo_ros_link_attacher/srv/detail
-- Installing: /home/dihim/me326_ws/install/gazebo_ros_link_attacher/include/gazebo_ros_link_attacher/srv/detail/attach__struct.h
-- Installing: /home/dihim/me326_ws/install/gazebo_ros_link_attacher/include/gazebo_ros_link_attacher/srv/detail/attach__type_support.h
-- Installing: /home/dihim/me326_ws/install/gazebo_ros_link_attacher/include/gazebo_ros_link_attacher/srv/detail/attach__functions.c
-- Installing: /home/dihim/me326_ws/install/gazebo_ros_link_attacher/include/gazebo_ros_link_attacher/srv/detail/attach__functions.h
-- Installing: /home/dihim/me326_ws/install/gazebo_ros_link_attacher/include/gazebo_ros_link_attacher/srv/attach.h
-- Installing: /home/dihim/me326_ws/install/gazebo_ros_link_attacher/share/gazebo_ros_link_attacher/environment/library_path.sh
-- Installing: /home/dihim/me326_ws/install/gazebo_ros_link_attacher/share/gazebo_ros_link_attacher/environment/library_path.dsv
-- Installing: /home/dihim/me326_ws/install/gazebo_ros_link_attacher/lib/libgazebo_ros_link_attacher__rosidl_generator_c.so
-- Set runtime path of "/home/dihim/me326_ws/install/gazebo_ros_link_attacher/lib/libgazebo_ros_link_attacher__rosidl_generator_c.so" to ""
-- Up-to-date: /home/dihim/me326_ws/install/gazebo_ros_link_attacher/include/gazebo_ros_link_attacher
-- Up-to-date: /home/dihim/me326_ws/install/gazebo_ros_link_attacher/include/gazebo_ros_link_attacher/msg
-- Installing: /home/dihim/me326_ws/install/gazebo_ros_link_attacher/include/gazebo_ros_link_attacher/msg/rosidl_typesupport_fastrtps_c__visibility_control.h
-- Up-to-date: /home/dihim/me326_ws/install/gazebo_ros_link_attacher/include/gazebo_ros_link_attacher/srv
-- Up-to-date: /home/dihim/me326_ws/install/gazebo_ros_link_attacher/include/gazebo_ros_link_attacher/srv/detail
-- Installing: /home/dihim/me326_ws/install/gazebo_ros_link_attacher/include/gazebo_ros_link_attacher/srv/detail/attach__rosidl_typesupport_fastrtps_c.h
-- Installing: /home/dihim/me326_ws/install/gazebo_ros_link_attacher/lib/libgazebo_ros_link_attacher__rosidl_typesupport_fastrtps_c.so
-- Set runtime path of "/home/dihim/me326_ws/install/gazebo_ros_link_attacher/lib/libgazebo_ros_link_attacher__rosidl_typesupport_fastrtps_c.so" to ""
-- Up-to-date: /home/dihim/me326_ws/install/gazebo_ros_link_attacher/include/gazebo_ros_link_attacher
-- Up-to-date: /home/dihim/me326_ws/install/gazebo_ros_link_attacher/include/gazebo_ros_link_attacher/msg
-- Installing: /home/dihim/me326_ws/install/gazebo_ros_link_attacher/include/gazebo_ros_link_attacher/msg/rosidl_typesupport_fastrtps_cpp__visibility_control.h
-- Up-to-date: /home/dihim/me326_ws/install/gazebo_ros_link_attacher/include/gazebo_ros_link_attacher/srv
-- Up-to-date: /home/dihim/me326_ws/install/gazebo_ros_link_attacher/include/gazebo_ros_link_attacher/srv/detail
-- Installing: /home/dihim/me326_ws/install/gazebo_ros_link_attacher/include/gazebo_ros_link_attacher/srv/detail/attach__rosidl_typesupport_fastrtps_cpp.hpp
-- Installing: /home/dihim/me326_ws/install/gazebo_ros_link_attacher/include/gazebo_ros_link_attacher/srv/detail/dds_fastrtps
-- Installing: /home/dihim/me326_ws/install/gazebo_ros_link_attacher/lib/libgazebo_ros_link_attacher__rosidl_typesupport_fastrtps_cpp.so
-- Set runtime path of "/home/dihim/me326_ws/install/gazebo_ros_link_attacher/lib/libgazebo_ros_link_attacher__rosidl_typesupport_fastrtps_cpp.so" to ""
-- Up-to-date: /home/dihim/me326_ws/install/gazebo_ros_link_attacher/include/gazebo_ros_link_attacher
-- Up-to-date: /home/dihim/me326_ws/install/gazebo_ros_link_attacher/include/gazebo_ros_link_attacher/msg
-- Installing: /home/dihim/me326_ws/install/gazebo_ros_link_attacher/include/gazebo_ros_link_attacher/msg/rosidl_typesupport_introspection_c__visibility_control.h
-- Up-to-date: /home/dihim/me326_ws/install/gazebo_ros_link_attacher/include/gazebo_ros_link_attacher/srv
-- Up-to-date: /home/dihim/me326_ws/install/gazebo_ros_link_attacher/include/gazebo_ros_link_attacher/srv/detail
-- Installing: /home/dihim/me326_ws/install/gazebo_ros_link_attacher/include/gazebo_ros_link_attacher/srv/detail/attach__rosidl_typesupport_introspection_c.h
-- Installing: /home/dihim/me326_ws/install/gazebo_ros_link_attacher/include/gazebo_ros_link_attacher/srv/detail/attach__type_support.c
-- Installing: /home/dihim/me326_ws/install/gazebo_ros_link_attacher/lib/libgazebo_ros_link_attacher__rosidl_typesupport_introspection_c.so
-- Set runtime path of "/home/dihim/me326_ws/install/gazebo_ros_link_attacher/lib/libgazebo_ros_link_attacher__rosidl_typesupport_introspection_c.so" to ""
-- Installing: /home/dihim/me326_ws/install/gazebo_ros_link_attacher/lib/libgazebo_ros_link_attacher__rosidl_typesupport_c.so
-- Set runtime path of "/home/dihim/me326_ws/install/gazebo_ros_link_attacher/lib/libgazebo_ros_link_attacher__rosidl_typesupport_c.so" to ""
-- Up-to-date: /home/dihim/me326_ws/install/gazebo_ros_link_attacher/include/gazebo_ros_link_attacher
-- Up-to-date: /home/dihim/me326_ws/install/gazebo_ros_link_attacher/include/gazebo_ros_link_attacher/srv
-- Up-to-date: /home/dihim/me326_ws/install/gazebo_ros_link_attacher/include/gazebo_ros_link_attacher/srv/detail
-- Installing: /home/dihim/me326_ws/install/gazebo_ros_link_attacher/include/gazebo_ros_link_attacher/srv/detail/attach__struct.hpp
-- Installing: /home/dihim/me326_ws/install/gazebo_ros_link_attacher/include/gazebo_ros_link_attacher/srv/detail/attach__traits.hpp
-- Installing: /home/dihim/me326_ws/install/gazebo_ros_link_attacher/include/gazebo_ros_link_attacher/srv/detail/attach__builder.hpp
-- Installing: /home/dihim/me326_ws/install/gazebo_ros_link_attacher/include/gazebo_ros_link_attacher/srv/attach.hpp
-- Up-to-date: /home/dihim/me326_ws/install/gazebo_ros_link_attacher/include/gazebo_ros_link_attacher
-- Up-to-date: /home/dihim/me326_ws/install/gazebo_ros_link_attacher/include/gazebo_ros_link_attacher/srv
-- Up-to-date: /home/dihim/me326_ws/install/gazebo_ros_link_attacher/include/gazebo_ros_link_attacher/srv/detail
-- Installing: /home/dihim/me326_ws/install/gazebo_ros_link_attacher/include/gazebo_ros_link_attacher/srv/detail/attach__rosidl_typesupport_introspection_cpp.hpp
-- Installing: /home/dihim/me326_ws/install/gazebo_ros_link_attacher/include/gazebo_ros_link_attacher/srv/detail/attach__type_support.cpp
-- Installing: /home/dihim/me326_ws/install/gazebo_ros_link_attacher/lib/libgazebo_ros_link_attacher__rosidl_typesupport_introspection_cpp.so
-- Set runtime path of "/home/dihim/me326_ws/install/gazebo_ros_link_attacher/lib/libgazebo_ros_link_attacher__rosidl_typesupport_introspection_cpp.so" to ""
-- Installing: /home/dihim/me326_ws/install/gazebo_ros_link_attacher/lib/libgazebo_ros_link_attacher__rosidl_typesupport_cpp.so
-- Set runtime path of "/home/dihim/me326_ws/install/gazebo_ros_link_attacher/lib/libgazebo_ros_link_attacher__rosidl_typesupport_cpp.so" to ""
-- Installing: /home/dihim/me326_ws/install/gazebo_ros_link_attacher/share/gazebo_ros_link_attacher/environment/pythonpath.sh
-- Installing: /home/dihim/me326_ws/install/gazebo_ros_link_attacher/share/gazebo_ros_link_attacher/environment/pythonpath.dsv
-- Installing: /home/dihim/me326_ws/install/gazebo_ros_link_attacher/lib/python3.8/site-packages/gazebo_ros_link_attacher/__init__.py
Compiling '/home/dihim/me326_ws/install/gazebo_ros_link_attacher/lib/python3.8/site-packages/gazebo_ros_link_attacher/__init__.py'...
-- Installing: /home/dihim/me326_ws/install/gazebo_ros_link_attacher/lib/python3.8/site-packages/gazebo_ros_link_attacher/srv
-- Installing: /home/dihim/me326_ws/install/gazebo_ros_link_attacher/lib/python3.8/site-packages/gazebo_ros_link_attacher/srv/__init__.py
-- Installing: /home/dihim/me326_ws/install/gazebo_ros_link_attacher/lib/python3.8/site-packages/gazebo_ros_link_attacher/srv/_attach.py
-- Installing: /home/dihim/me326_ws/install/gazebo_ros_link_attacher/lib/python3.8/site-packages/gazebo_ros_link_attacher/srv/_attach_s.c
-- Installing: /home/dihim/me326_ws/install/gazebo_ros_link_attacher/lib/python3.8/site-packages/gazebo_ros_link_attacher/gazebo_ros_link_attacher_s__rosidl_typesupport_fastrtps_c.cpython-38-aarch64-linux-gnu.so
-- Set runtime path of "/home/dihim/me326_ws/install/gazebo_ros_link_attacher/lib/python3.8/site-packages/gazebo_ros_link_attacher/gazebo_ros_link_attacher_s__rosidl_typesupport_fastrtps_c.cpython-38-aarch64-linux-gnu.so" to ""
-- Installing: /home/dihim/me326_ws/install/gazebo_ros_link_attacher/lib/python3.8/site-packages/gazebo_ros_link_attacher/gazebo_ros_link_attacher_s__rosidl_typesupport_introspection_c.cpython-38-aarch64-linux-gnu.so
-- Set runtime path of "/home/dihim/me326_ws/install/gazebo_ros_link_attacher/lib/python3.8/site-packages/gazebo_ros_link_attacher/gazebo_ros_link_attacher_s__rosidl_typesupport_introspection_c.cpython-38-aarch64-linux-gnu.so" to ""
-- Installing: /home/dihim/me326_ws/install/gazebo_ros_link_attacher/lib/python3.8/site-packages/gazebo_ros_link_attacher/gazebo_ros_link_attacher_s__rosidl_typesupport_c.cpython-38-aarch64-linux-gnu.so
-- Set runtime path of "/home/dihim/me326_ws/install/gazebo_ros_link_attacher/lib/python3.8/site-packages/gazebo_ros_link_attacher/gazebo_ros_link_attacher_s__rosidl_typesupport_c.cpython-38-aarch64-linux-gnu.so" to ""
-- Installing: /home/dihim/me326_ws/install/gazebo_ros_link_attacher/lib/libgazebo_ros_link_attacher__python.so
-- Set runtime path of "/home/dihim/me326_ws/install/gazebo_ros_link_attacher/lib/libgazebo_ros_link_attacher__python.so" to ""
-- Installing: /home/dihim/me326_ws/install/gazebo_ros_link_attacher/share/gazebo_ros_link_attacher/srv/Attach.idl
-- Installing: /home/dihim/me326_ws/install/gazebo_ros_link_attacher/share/gazebo_ros_link_attacher/srv/Attach.srv
-- Installing: /home/dihim/me326_ws/install/gazebo_ros_link_attacher/share/gazebo_ros_link_attacher/srv/Attach_Request.msg
-- Installing: /home/dihim/me326_ws/install/gazebo_ros_link_attacher/share/gazebo_ros_link_attacher/srv/Attach_Response.msg
-- Installing: /home/dihim/me326_ws/install/gazebo_ros_link_attacher/lib/libgazebo_ros_link_attacher_plugin.so
-- Set runtime path of "/home/dihim/me326_ws/install/gazebo_ros_link_attacher/lib/libgazebo_ros_link_attacher_plugin.so" to ""
-- Installing: /home/dihim/me326_ws/install/gazebo_ros_link_attacher/lib/gazebo_ros_link_attacher/demo.py
-- Installing: /home/dihim/me326_ws/install/gazebo_ros_link_attacher/lib/gazebo_ros_link_attacher/demo_multiple.py
-- Installing: /home/dihim/me326_ws/install/gazebo_ros_link_attacher/lib/gazebo_ros_link_attacher/spawn_models.py
-- Installing: /home/dihim/me326_ws/install/gazebo_ros_link_attacher/lib/gazebo_ros_link_attacher/attach.py
-- Installing: /home/dihim/me326_ws/install/gazebo_ros_link_attacher/lib/gazebo_ros_link_attacher/detach.py
-- Installing: /home/dihim/me326_ws/install/gazebo_ros_link_attacher/share/gazebo_ros_link_attacher/launch
-- Installing: /home/dihim/me326_ws/install/gazebo_ros_link_attacher/share/gazebo_ros_link_attacher/launch/test_attacher.py
-- Installing: /home/dihim/me326_ws/install/gazebo_ros_link_attacher/share/gazebo_ros_link_attacher/worlds
-- Installing: /home/dihim/me326_ws/install/gazebo_ros_link_attacher/share/gazebo_ros_link_attacher/worlds/test_attacher.world
-- Installing: /home/dihim/me326_ws/install/gazebo_ros_link_attacher/share/ament_index/resource_index/package_run_dependencies/gazebo_ros_link_attacher
-- Installing: /home/dihim/me326_ws/install/gazebo_ros_link_attacher/share/ament_index/resource_index/parent_prefix_path/gazebo_ros_link_attacher
-- Installing: /home/dihim/me326_ws/install/gazebo_ros_link_attacher/share/gazebo_ros_link_attacher/environment/ament_prefix_path.sh
-- Installing: /home/dihim/me326_ws/install/gazebo_ros_link_attacher/share/gazebo_ros_link_attacher/environment/ament_prefix_path.dsv
-- Installing: /home/dihim/me326_ws/install/gazebo_ros_link_attacher/share/gazebo_ros_link_attacher/environment/path.sh
-- Installing: /home/dihim/me326_ws/install/gazebo_ros_link_attacher/share/gazebo_ros_link_attacher/environment/path.dsv
-- Installing: /home/dihim/me326_ws/install/gazebo_ros_link_attacher/share/gazebo_ros_link_attacher/local_setup.bash
-- Installing: /home/dihim/me326_ws/install/gazebo_ros_link_attacher/share/gazebo_ros_link_attacher/local_setup.sh
-- Installing: /home/dihim/me326_ws/install/gazebo_ros_link_attacher/share/gazebo_ros_link_attacher/local_setup.zsh
-- Installing: /home/dihim/me326_ws/install/gazebo_ros_link_attacher/share/gazebo_ros_link_attacher/local_setup.dsv
-- Installing: /home/dihim/me326_ws/install/gazebo_ros_link_attacher/share/gazebo_ros_link_attacher/package.dsv
-- Installing: /home/dihim/me326_ws/install/gazebo_ros_link_attacher/share/ament_index/resource_index/packages/gazebo_ros_link_attacher
-- Installing: /home/dihim/me326_ws/install/gazebo_ros_link_attacher/share/gazebo_ros_link_attacher/cmake/gazebo_ros_link_attacher__rosidl_generator_cExport.cmake
-- Installing: /home/dihim/me326_ws/install/gazebo_ros_link_attacher/share/gazebo_ros_link_attacher/cmake/gazebo_ros_link_attacher__rosidl_generator_cExport-noconfig.cmake
-- Installing: /home/dihim/me326_ws/install/gazebo_ros_link_attacher/share/gazebo_ros_link_attacher/cmake/gazebo_ros_link_attacher__rosidl_typesupport_introspection_cExport.cmake
-- Installing: /home/dihim/me326_ws/install/gazebo_ros_link_attacher/share/gazebo_ros_link_attacher/cmake/gazebo_ros_link_attacher__rosidl_typesupport_introspection_cExport-noconfig.cmake
-- Installing: /home/dihim/me326_ws/install/gazebo_ros_link_attacher/share/gazebo_ros_link_attacher/cmake/gazebo_ros_link_attacher__rosidl_typesupport_cExport.cmake
-- Installing: /home/dihim/me326_ws/install/gazebo_ros_link_attacher/share/gazebo_ros_link_attacher/cmake/gazebo_ros_link_attacher__rosidl_typesupport_cExport-noconfig.cmake
-- Installing: /home/dihim/me326_ws/install/gazebo_ros_link_attacher/share/gazebo_ros_link_attacher/cmake/gazebo_ros_link_attacher__rosidl_generator_cppExport.cmake
-- Installing: /home/dihim/me326_ws/install/gazebo_ros_link_attacher/share/gazebo_ros_link_attacher/cmake/gazebo_ros_link_attacher__rosidl_typesupport_introspection_cppExport.cmake
-- Installing: /home/dihim/me326_ws/install/gazebo_ros_link_attacher/share/gazebo_ros_link_attacher/cmake/gazebo_ros_link_attacher__rosidl_typesupport_introspection_cppExport-noconfig.cmake
-- Installing: /home/dihim/me326_ws/install/gazebo_ros_link_attacher/share/gazebo_ros_link_attacher/cmake/gazebo_ros_link_attacher__rosidl_typesupport_cppExport.cmake
-- Installing: /home/dihim/me326_ws/install/gazebo_ros_link_attacher/share/gazebo_ros_link_attacher/cmake/gazebo_ros_link_attacher__rosidl_typesupport_cppExport-noconfig.cmake
-- Installing: /home/dihim/me326_ws/install/gazebo_ros_link_attacher/share/gazebo_ros_link_attacher/cmake/rosidl_cmake-extras.cmake
-- Installing: /home/dihim/me326_ws/install/gazebo_ros_link_attacher/share/gazebo_ros_link_attacher/cmake/ament_cmake_export_dependencies-extras.cmake
-- Installing: /home/dihim/me326_ws/install/gazebo_ros_link_attacher/share/gazebo_ros_link_attacher/cmake/ament_cmake_export_libraries-extras.cmake
-- Installing: /home/dihim/me326_ws/install/gazebo_ros_link_attacher/share/gazebo_ros_link_attacher/cmake/ament_cmake_export_targets-extras.cmake
-- Installing: /home/dihim/me326_ws/install/gazebo_ros_link_attacher/share/gazebo_ros_link_attacher/cmake/ament_cmake_export_include_directories-extras.cmake
-- Installing: /home/dihim/me326_ws/install/gazebo_ros_link_attacher/share/gazebo_ros_link_attacher/cmake/rosidl_cmake_export_typesupport_libraries-extras.cmake
-- Installing: /home/dihim/me326_ws/install/gazebo_ros_link_attacher/share/gazebo_ros_link_attacher/cmake/rosidl_cmake_export_typesupport_targets-extras.cmake
-- Installing: /home/dihim/me326_ws/install/gazebo_ros_link_attacher/share/gazebo_ros_link_attacher/cmake/gazebo_ros_link_attacherConfig.cmake
-- Installing: /home/dihim/me326_ws/install/gazebo_ros_link_attacher/share/gazebo_ros_link_attacher/cmake/gazebo_ros_link_attacherConfig-version.cmake
-- Installing: /home/dihim/me326_ws/install/gazebo_ros_link_attacher/share/gazebo_ros_link_attacher/package.xml
