[2.287s] DEBUG:colcon:Command line arguments: ['/usr/bin/colcon', 'build']
[2.288s] DEBUG:colcon:Parsed command line arguments: Namespace(allow_overriding=[], ament_cmake_args=None, base_paths=['.'], build_base='build', catkin_cmake_args=None, catkin_skip_building_tests=False, cmake_args=None, cmake_clean_cache=False, cmake_clean_first=False, cmake_force_configure=False, cmake_target=None, cmake_target_skip_unavailable=False, continue_on_error=False, event_handlers=None, executor='parallel', ignore_user_meta=False, install_base='install', log_base=None, log_level=None, main=<bound method BuildVerb.main of <colcon_core.verb.build.BuildVerb object at 0x7fac30af4d90>>, merge_install=False, metas=['./colcon.meta'], packages_above=None, packages_above_and_dependencies=None, packages_above_depth=None, packages_end=None, packages_ignore=None, packages_ignore_regex=None, packages_select=None, packages_select_build_failed=False, packages_select_by_dep=None, packages_select_regex=None, packages_select_test_failures=False, packages_skip=None, packages_skip_build_finished=False, packages_skip_by_dep=None, packages_skip_regex=None, packages_skip_test_passed=False, packages_skip_up_to=None, packages_start=None, packages_up_to=None, packages_up_to_regex=None, parallel_workers=6, paths=None, symlink_install=False, test_result_base=None, verb_extension=<colcon_core.verb.build.BuildVerb object at 0x7fac30af4d90>, verb_name='build', verb_parser=<colcon_defaults.argument_parser.defaults.DefaultArgumentsDecorator object at 0x7fac30af4670>)
[2.388s] Level 1:colcon.colcon_core.package_discovery:discover_packages(colcon_meta) check parameters
[2.388s] Level 1:colcon.colcon_core.package_discovery:discover_packages(recursive) check parameters
[2.388s] Level 1:colcon.colcon_core.package_discovery:discover_packages(ignore) check parameters
[2.388s] Level 1:colcon.colcon_core.package_discovery:discover_packages(path) check parameters
[2.388s] Level 1:colcon.colcon_core.package_discovery:discover_packages(colcon_meta) discover
[2.388s] Level 1:colcon.colcon_core.package_discovery:discover_packages(recursive) discover
[2.388s] INFO:colcon.colcon_core.package_discovery:Crawling recursively for packages in '/home/ian339/me326_ws/la_msgs'
[2.388s] Level 1:colcon.colcon_core.package_identification:_identify(.) by extensions ['ignore', 'ignore_ament_install']
[2.388s] Level 1:colcon.colcon_core.package_identification:_identify(.) by extension 'ignore'
[2.389s] Level 1:colcon.colcon_core.package_identification:_identify(.) by extension 'ignore_ament_install'
[2.389s] Level 1:colcon.colcon_core.package_identification:_identify(.) by extensions ['colcon_pkg']
[2.389s] Level 1:colcon.colcon_core.package_identification:_identify(.) by extension 'colcon_pkg'
[2.389s] Level 1:colcon.colcon_core.package_identification:_identify(.) by extensions ['colcon_meta']
[2.389s] Level 1:colcon.colcon_core.package_identification:_identify(.) by extension 'colcon_meta'
[2.389s] Level 1:colcon.colcon_core.package_identification:_identify(.) by extensions ['ros']
[2.389s] Level 1:colcon.colcon_core.package_identification:_identify(.) by extension 'ros'
[2.408s] DEBUG:colcon.colcon_core.package_identification:Package '.' with type 'ros.ament_cmake' and name 'la_msgs'
[2.408s] Level 1:colcon.colcon_core.package_discovery:discover_packages(recursive) using defaults
[2.408s] Level 1:colcon.colcon_core.package_discovery:discover_packages(ignore) discover
[2.408s] Level 1:colcon.colcon_core.package_discovery:discover_packages(ignore) using defaults
[2.408s] Level 1:colcon.colcon_core.package_discovery:discover_packages(path) discover
[2.408s] Level 1:colcon.colcon_core.package_discovery:discover_packages(path) using defaults
[2.615s] Level 1:colcon.colcon_core.package_discovery:discover_packages(prefix_path) check parameters
[2.615s] Level 1:colcon.colcon_core.package_discovery:discover_packages(prefix_path) discover
[2.696s] DEBUG:colcon.colcon_installed_package_information.package_discovery:Found 1 installed packages in /home/ian339/me326_ws/src/locobot_controller/install
[2.735s] DEBUG:colcon.colcon_installed_package_information.package_discovery:Found 20 installed packages in /home/ian339/interbotix_ws/install
[2.778s] DEBUG:colcon.colcon_installed_package_information.package_discovery:Found 348 installed packages in /opt/ros/galactic
[2.779s] Level 1:colcon.colcon_core.package_discovery:discover_packages(prefix_path) using defaults
[2.960s] Level 5:colcon.colcon_core.verb:set package 'la_msgs' build argument 'cmake_args' from command line to 'None'
[2.960s] Level 5:colcon.colcon_core.verb:set package 'la_msgs' build argument 'cmake_target' from command line to 'None'
[2.960s] Level 5:colcon.colcon_core.verb:set package 'la_msgs' build argument 'cmake_target_skip_unavailable' from command line to 'False'
[2.960s] Level 5:colcon.colcon_core.verb:set package 'la_msgs' build argument 'cmake_clean_cache' from command line to 'False'
[2.960s] Level 5:colcon.colcon_core.verb:set package 'la_msgs' build argument 'cmake_clean_first' from command line to 'False'
[2.960s] Level 5:colcon.colcon_core.verb:set package 'la_msgs' build argument 'cmake_force_configure' from command line to 'False'
[2.960s] Level 5:colcon.colcon_core.verb:set package 'la_msgs' build argument 'ament_cmake_args' from command line to 'None'
[2.960s] Level 5:colcon.colcon_core.verb:set package 'la_msgs' build argument 'catkin_cmake_args' from command line to 'None'
[2.960s] Level 5:colcon.colcon_core.verb:set package 'la_msgs' build argument 'catkin_skip_building_tests' from command line to 'False'
[2.960s] DEBUG:colcon.colcon_core.verb:Building package 'la_msgs' with the following arguments: {'ament_cmake_args': None, 'build_base': '/home/ian339/me326_ws/la_msgs/build/la_msgs', 'catkin_cmake_args': None, 'catkin_skip_building_tests': False, 'cmake_args': None, 'cmake_clean_cache': False, 'cmake_clean_first': False, 'cmake_force_configure': False, 'cmake_target': None, 'cmake_target_skip_unavailable': False, 'install_base': '/home/ian339/me326_ws/la_msgs/install/la_msgs', 'merge_install': False, 'path': '/home/ian339/me326_ws/la_msgs', 'symlink_install': False, 'test_result_base': None}
[2.997s] INFO:colcon.colcon_core.executor:Executing jobs using 'parallel' executor
[3.036s] DEBUG:colcon.colcon_parallel_executor.executor.parallel:run_until_complete
[3.036s] INFO:colcon.colcon_ros.task.ament_cmake.build:Building ROS package in '/home/ian339/me326_ws/la_msgs' with build type 'ament_cmake'
[3.036s] INFO:colcon.colcon_cmake.task.cmake.build:Building CMake package in '/home/ian339/me326_ws/la_msgs'
[3.089s] INFO:colcon.colcon_core.plugin_system:Skipping extension 'colcon_core.shell.bat': Not used on non-Windows systems
[3.089s] INFO:colcon.colcon_core.shell:Skip shell extension 'powershell' for command environment: Not usable outside of PowerShell
[3.089s] DEBUG:colcon.colcon_core.shell:Skip shell extension 'dsv' for command environment
[3.266s] DEBUG:colcon.colcon_core.event_handler.log_command:Invoking command in '/home/ian339/me326_ws/la_msgs/build/la_msgs': CMAKE_PREFIX_PATH=${CMAKE_PREFIX_PATH}:/home/ian339/me326_ws/src/locobot_controller/install/locobot_controller:/home/ian339/interbotix_ws/install/interbotix_xs_modules:/home/ian339/interbotix_ws/install/interbotix_perception_modules:/home/ian339/interbotix_ws/install/interbotix_common_modules:/opt/ros/galactic /usr/bin/cmake /home/ian339/me326_ws/la_msgs -DCMAKE_INSTALL_PREFIX=/home/ian339/me326_ws/la_msgs/install/la_msgs
[5.876s] DEBUG:colcon.colcon_core.event_handler.log_command:Invoked command in '/home/ian339/me326_ws/la_msgs/build/la_msgs' returned '0': CMAKE_PREFIX_PATH=${CMAKE_PREFIX_PATH}:/home/ian339/me326_ws/src/locobot_controller/install/locobot_controller:/home/ian339/interbotix_ws/install/interbotix_xs_modules:/home/ian339/interbotix_ws/install/interbotix_perception_modules:/home/ian339/interbotix_ws/install/interbotix_common_modules:/opt/ros/galactic /usr/bin/cmake /home/ian339/me326_ws/la_msgs -DCMAKE_INSTALL_PREFIX=/home/ian339/me326_ws/la_msgs/install/la_msgs
[5.884s] DEBUG:colcon.colcon_core.event_handler.log_command:Invoking command in '/home/ian339/me326_ws/la_msgs/build/la_msgs': CMAKE_PREFIX_PATH=${CMAKE_PREFIX_PATH}:/home/ian339/me326_ws/src/locobot_controller/install/locobot_controller:/home/ian339/interbotix_ws/install/interbotix_xs_modules:/home/ian339/interbotix_ws/install/interbotix_perception_modules:/home/ian339/interbotix_ws/install/interbotix_common_modules:/opt/ros/galactic /usr/bin/cmake --build /home/ian339/me326_ws/la_msgs/build/la_msgs -- -j6 -l6
[10.540s] DEBUG:colcon.colcon_core.event_handler.log_command:Invoked command in '/home/ian339/me326_ws/la_msgs/build/la_msgs' returned '0': CMAKE_PREFIX_PATH=${CMAKE_PREFIX_PATH}:/home/ian339/me326_ws/src/locobot_controller/install/locobot_controller:/home/ian339/interbotix_ws/install/interbotix_xs_modules:/home/ian339/interbotix_ws/install/interbotix_perception_modules:/home/ian339/interbotix_ws/install/interbotix_common_modules:/opt/ros/galactic /usr/bin/cmake --build /home/ian339/me326_ws/la_msgs/build/la_msgs -- -j6 -l6
[10.639s] DEBUG:colcon.colcon_core.event_handler.log_command:Invoking command in '/home/ian339/me326_ws/la_msgs/build/la_msgs': CMAKE_PREFIX_PATH=${CMAKE_PREFIX_PATH}:/home/ian339/me326_ws/src/locobot_controller/install/locobot_controller:/home/ian339/interbotix_ws/install/interbotix_xs_modules:/home/ian339/interbotix_ws/install/interbotix_perception_modules:/home/ian339/interbotix_ws/install/interbotix_common_modules:/opt/ros/galactic /usr/bin/cmake --install /home/ian339/me326_ws/la_msgs/build/la_msgs
[10.706s] Level 1:colcon.colcon_core.environment:create_environment_scripts_only(la_msgs)
[10.707s] DEBUG:colcon.colcon_core.event_handler.log_command:Invoked command in '/home/ian339/me326_ws/la_msgs/build/la_msgs' returned '0': CMAKE_PREFIX_PATH=${CMAKE_PREFIX_PATH}:/home/ian339/me326_ws/src/locobot_controller/install/locobot_controller:/home/ian339/interbotix_ws/install/interbotix_xs_modules:/home/ian339/interbotix_ws/install/interbotix_perception_modules:/home/ian339/interbotix_ws/install/interbotix_common_modules:/opt/ros/galactic /usr/bin/cmake --install /home/ian339/me326_ws/la_msgs/build/la_msgs
[10.758s] Level 1:colcon.colcon_core.environment:checking '/home/ian339/me326_ws/la_msgs/install/la_msgs' for CMake module files
[10.759s] Level 1:colcon.colcon_core.environment:checking '/home/ian339/me326_ws/la_msgs/install/la_msgs' for CMake config files
[10.759s] Level 1:colcon.colcon_core.shell:create_environment_hook('la_msgs', 'cmake_prefix_path')
[10.799s] INFO:colcon.colcon_core.shell:Creating environment hook '/home/ian339/me326_ws/la_msgs/install/la_msgs/share/la_msgs/hook/cmake_prefix_path.ps1'
[10.800s] INFO:colcon.colcon_core.shell:Creating environment descriptor '/home/ian339/me326_ws/la_msgs/install/la_msgs/share/la_msgs/hook/cmake_prefix_path.dsv'
[10.800s] INFO:colcon.colcon_core.shell:Creating environment hook '/home/ian339/me326_ws/la_msgs/install/la_msgs/share/la_msgs/hook/cmake_prefix_path.sh'
[10.801s] Level 1:colcon.colcon_core.environment:checking '/home/ian339/me326_ws/la_msgs/install/la_msgs/lib'
[10.801s] Level 1:colcon.colcon_core.shell:create_environment_hook('la_msgs', 'ld_library_path_lib')
[10.845s] INFO:colcon.colcon_core.shell:Creating environment hook '/home/ian339/me326_ws/la_msgs/install/la_msgs/share/la_msgs/hook/ld_library_path_lib.ps1'
[10.846s] INFO:colcon.colcon_core.shell:Creating environment descriptor '/home/ian339/me326_ws/la_msgs/install/la_msgs/share/la_msgs/hook/ld_library_path_lib.dsv'
[10.846s] INFO:colcon.colcon_core.shell:Creating environment hook '/home/ian339/me326_ws/la_msgs/install/la_msgs/share/la_msgs/hook/ld_library_path_lib.sh'
[10.847s] Level 1:colcon.colcon_core.environment:checking '/home/ian339/me326_ws/la_msgs/install/la_msgs/bin'
[10.847s] Level 1:colcon.colcon_core.environment:checking '/home/ian339/me326_ws/la_msgs/install/la_msgs/lib/pkgconfig/la_msgs.pc'
[10.847s] Level 1:colcon.colcon_core.environment:checking '/home/ian339/me326_ws/la_msgs/install/la_msgs/lib/python3.8/site-packages'
[10.847s] Level 1:colcon.colcon_core.shell:create_environment_hook('la_msgs', 'pythonpath')
[10.887s] INFO:colcon.colcon_core.shell:Creating environment hook '/home/ian339/me326_ws/la_msgs/install/la_msgs/share/la_msgs/hook/pythonpath.ps1'
[10.887s] INFO:colcon.colcon_core.shell:Creating environment descriptor '/home/ian339/me326_ws/la_msgs/install/la_msgs/share/la_msgs/hook/pythonpath.dsv'
[10.887s] INFO:colcon.colcon_core.shell:Creating environment hook '/home/ian339/me326_ws/la_msgs/install/la_msgs/share/la_msgs/hook/pythonpath.sh'
[10.888s] Level 1:colcon.colcon_core.environment:checking '/home/ian339/me326_ws/la_msgs/install/la_msgs/bin'
[10.931s] INFO:colcon.colcon_core.shell:Creating package script '/home/ian339/me326_ws/la_msgs/install/la_msgs/share/la_msgs/package.ps1'
[10.932s] INFO:colcon.colcon_core.shell:Creating package descriptor '/home/ian339/me326_ws/la_msgs/install/la_msgs/share/la_msgs/package.dsv'
[10.933s] INFO:colcon.colcon_core.shell:Creating package script '/home/ian339/me326_ws/la_msgs/install/la_msgs/share/la_msgs/package.sh'
[10.933s] INFO:colcon.colcon_core.shell:Creating package script '/home/ian339/me326_ws/la_msgs/install/la_msgs/share/la_msgs/package.bash'
[10.934s] INFO:colcon.colcon_core.shell:Creating package script '/home/ian339/me326_ws/la_msgs/install/la_msgs/share/la_msgs/package.zsh'
[10.934s] Level 1:colcon.colcon_core.environment:create_file_with_runtime_dependencies(/home/ian339/me326_ws/la_msgs/install/la_msgs/share/colcon-core/packages/la_msgs)
[11.054s] Level 1:colcon.colcon_core.environment:create_environment_scripts_only(la_msgs)
[11.094s] Level 1:colcon.colcon_core.environment:checking '/home/ian339/me326_ws/la_msgs/install/la_msgs' for CMake module files
[11.095s] Level 1:colcon.colcon_core.environment:checking '/home/ian339/me326_ws/la_msgs/install/la_msgs' for CMake config files
[11.095s] Level 1:colcon.colcon_core.shell:create_environment_hook('la_msgs', 'cmake_prefix_path')
[11.139s] INFO:colcon.colcon_core.shell:Creating environment hook '/home/ian339/me326_ws/la_msgs/install/la_msgs/share/la_msgs/hook/cmake_prefix_path.ps1'
[11.139s] INFO:colcon.colcon_core.shell:Creating environment descriptor '/home/ian339/me326_ws/la_msgs/install/la_msgs/share/la_msgs/hook/cmake_prefix_path.dsv'
[11.140s] INFO:colcon.colcon_core.shell:Creating environment hook '/home/ian339/me326_ws/la_msgs/install/la_msgs/share/la_msgs/hook/cmake_prefix_path.sh'
[11.140s] Level 1:colcon.colcon_core.environment:checking '/home/ian339/me326_ws/la_msgs/install/la_msgs/lib'
[11.140s] Level 1:colcon.colcon_core.shell:create_environment_hook('la_msgs', 'ld_library_path_lib')
[11.180s] INFO:colcon.colcon_core.shell:Creating environment hook '/home/ian339/me326_ws/la_msgs/install/la_msgs/share/la_msgs/hook/ld_library_path_lib.ps1'
[11.181s] INFO:colcon.colcon_core.shell:Creating environment descriptor '/home/ian339/me326_ws/la_msgs/install/la_msgs/share/la_msgs/hook/ld_library_path_lib.dsv'
[11.181s] INFO:colcon.colcon_core.shell:Creating environment hook '/home/ian339/me326_ws/la_msgs/install/la_msgs/share/la_msgs/hook/ld_library_path_lib.sh'
[11.181s] Level 1:colcon.colcon_core.environment:checking '/home/ian339/me326_ws/la_msgs/install/la_msgs/bin'
[11.181s] Level 1:colcon.colcon_core.environment:checking '/home/ian339/me326_ws/la_msgs/install/la_msgs/lib/pkgconfig/la_msgs.pc'
[11.182s] Level 1:colcon.colcon_core.environment:checking '/home/ian339/me326_ws/la_msgs/install/la_msgs/lib/python3.8/site-packages'
[11.182s] Level 1:colcon.colcon_core.shell:create_environment_hook('la_msgs', 'pythonpath')
[11.225s] INFO:colcon.colcon_core.shell:Creating environment hook '/home/ian339/me326_ws/la_msgs/install/la_msgs/share/la_msgs/hook/pythonpath.ps1'
[11.225s] INFO:colcon.colcon_core.shell:Creating environment descriptor '/home/ian339/me326_ws/la_msgs/install/la_msgs/share/la_msgs/hook/pythonpath.dsv'
[11.226s] INFO:colcon.colcon_core.shell:Creating environment hook '/home/ian339/me326_ws/la_msgs/install/la_msgs/share/la_msgs/hook/pythonpath.sh'
[11.226s] Level 1:colcon.colcon_core.environment:checking '/home/ian339/me326_ws/la_msgs/install/la_msgs/bin'
[11.266s] INFO:colcon.colcon_core.shell:Creating package script '/home/ian339/me326_ws/la_msgs/install/la_msgs/share/la_msgs/package.ps1'
[11.267s] INFO:colcon.colcon_core.shell:Creating package descriptor '/home/ian339/me326_ws/la_msgs/install/la_msgs/share/la_msgs/package.dsv'
[11.267s] INFO:colcon.colcon_core.shell:Creating package script '/home/ian339/me326_ws/la_msgs/install/la_msgs/share/la_msgs/package.sh'
[11.268s] INFO:colcon.colcon_core.shell:Creating package script '/home/ian339/me326_ws/la_msgs/install/la_msgs/share/la_msgs/package.bash'
[11.268s] INFO:colcon.colcon_core.shell:Creating package script '/home/ian339/me326_ws/la_msgs/install/la_msgs/share/la_msgs/package.zsh'
[11.269s] Level 1:colcon.colcon_core.environment:create_file_with_runtime_dependencies(/home/ian339/me326_ws/la_msgs/install/la_msgs/share/colcon-core/packages/la_msgs)
[11.269s] DEBUG:colcon.colcon_parallel_executor.executor.parallel:closing loop
[11.269s] DEBUG:colcon.colcon_parallel_executor.executor.parallel:loop closed
[11.269s] DEBUG:colcon.colcon_parallel_executor.executor.parallel:run_until_complete finished with '0'
[11.269s] DEBUG:colcon.colcon_core.event_reactor:joining thread
[11.336s] INFO:colcon.colcon_core.plugin_system:Skipping extension 'colcon_notification.desktop_notification.terminal_notifier': Not used on non-Darwin systems
[11.336s] INFO:colcon.colcon_core.plugin_system:Skipping extension 'colcon_notification.desktop_notification.win32': Not used on non-Windows systems
[11.336s] INFO:colcon.colcon_notification.desktop_notification:Sending desktop notification using 'notify2'
[11.362s] DEBUG:colcon.colcon_core.event_reactor:joined thread
[11.424s] INFO:colcon.colcon_core.shell:Creating prefix script '/home/ian339/me326_ws/la_msgs/install/local_setup.ps1'
[11.436s] INFO:colcon.colcon_core.shell:Creating prefix util module '/home/ian339/me326_ws/la_msgs/install/_local_setup_util_ps1.py'
[11.446s] INFO:colcon.colcon_core.shell:Creating prefix chain script '/home/ian339/me326_ws/la_msgs/install/setup.ps1'
[11.539s] INFO:colcon.colcon_core.shell:Creating prefix script '/home/ian339/me326_ws/la_msgs/install/local_setup.sh'
[11.539s] INFO:colcon.colcon_core.shell:Creating prefix util module '/home/ian339/me326_ws/la_msgs/install/_local_setup_util_sh.py'
[11.540s] INFO:colcon.colcon_core.shell:Creating prefix chain script '/home/ian339/me326_ws/la_msgs/install/setup.sh'
[11.588s] INFO:colcon.colcon_core.shell:Creating prefix script '/home/ian339/me326_ws/la_msgs/install/local_setup.bash'
[11.588s] INFO:colcon.colcon_core.shell:Creating prefix chain script '/home/ian339/me326_ws/la_msgs/install/setup.bash'
[11.631s] INFO:colcon.colcon_core.shell:Creating prefix script '/home/ian339/me326_ws/la_msgs/install/local_setup.zsh'
[11.631s] INFO:colcon.colcon_core.shell:Creating prefix chain script '/home/ian339/me326_ws/la_msgs/install/setup.zsh'
