[3.420s] Invoking command in '/home/dihim/me326_ws/build/arm_controller': CMAKE_PREFIX_PATH=${CMAKE_PREFIX_PATH}:/home/dihim/me326_ws/install/locobot_controller:/home/dihim/interbotix_ws/install/interbotix_xs_modules:/home/dihim/interbotix_ws/install/interbotix_perception_modules:/home/dihim/interbotix_ws/install/interbotix_common_modules:/opt/ros/galactic /usr/bin/cmake --build /home/dihim/me326_ws/build/arm_controller -- -j4 -l4
[5.260s] [ 33%] [32mBuilding CXX object CMakeFiles/arm_controller.dir/src/moveit_interface.cpp.o[0m
[17.161s] [01m[K/home/dihim/me326_ws/src/arm_controller/src/moveit_interface.cpp:[m[K In member function ‘[01m[Kvoid MyNode::pick_callback(geometry_msgs::msg::PoseStamped_<std::allocator<void> >::SharedPtr) const[m[K’:
[17.161s] [01m[K/home/dihim/me326_ws/src/arm_controller/src/moveit_interface.cpp:31:55:[m[K [01;31m[Kerror: [m[Kconversion from ‘[01m[Kconst SharedPtr[m[K’ {aka ‘[01m[Kconst std::shared_ptr<geometry_msgs::msg::PoseStamped_<std::allocator<void> > >[m[K’} to non-scalar type ‘[01m[Kgeometry_msgs::msg::PoseStamped[m[K’ {aka ‘[01m[Kgeometry_msgs::msg::PoseStamped_<std::allocator<void> >[m[K’} requested
[17.161s]    31 |         geometry_msgs::msg::PoseStamped target_pose = [01;31m[Kpose[m[K;
[17.161s]       |                                                       [01;31m[K^~~~[m[K
[17.161s] [01m[K/home/dihim/me326_ws/src/arm_controller/src/moveit_interface.cpp:33:20:[m[K [01;31m[Kerror: [m[Kbase operand of ‘[01m[K->[m[K’ has non-pointer type ‘[01m[Kgeometry_msgs::msg::PoseStamped[m[K’ {aka ‘[01m[Kgeometry_msgs::msg::PoseStamped_<std::allocator<void> >[m[K’}
[17.161s]    33 |         target_pose[01;31m[K->[m[Kpose.position.z = 0.02;
[17.161s]       |                    [01;31m[K^~[m[K
[17.170s] [01m[K/home/dihim/me326_ws/src/arm_controller/src/moveit_interface.cpp:40:20:[m[K [01;31m[Kerror: [m[Kbase operand of ‘[01m[K->[m[K’ has non-pointer type ‘[01m[Kgeometry_msgs::msg::PoseStamped[m[K’ {aka ‘[01m[Kgeometry_msgs::msg::PoseStamped_<std::allocator<void> >[m[K’}
[17.170s]    40 |         target_pose[01;31m[K->[m[Kpose.orientation.x = v(0) * std::sin(th / 2);
[17.170s]       |                    [01;31m[K^~[m[K
[17.170s] [01m[K/home/dihim/me326_ws/src/arm_controller/src/moveit_interface.cpp:41:20:[m[K [01;31m[Kerror: [m[Kbase operand of ‘[01m[K->[m[K’ has non-pointer type ‘[01m[Kgeometry_msgs::msg::PoseStamped[m[K’ {aka ‘[01m[Kgeometry_msgs::msg::PoseStamped_<std::allocator<void> >[m[K’}
[17.170s]    41 |         target_pose[01;31m[K->[m[Kpose.orientation.y = v(1) * std::sin(th / 2);
[17.170s]       |                    [01;31m[K^~[m[K
[17.170s] [01m[K/home/dihim/me326_ws/src/arm_controller/src/moveit_interface.cpp:42:20:[m[K [01;31m[Kerror: [m[Kbase operand of ‘[01m[K->[m[K’ has non-pointer type ‘[01m[Kgeometry_msgs::msg::PoseStamped[m[K’ {aka ‘[01m[Kgeometry_msgs::msg::PoseStamped_<std::allocator<void> >[m[K’}
[17.170s]    42 |         target_pose[01;31m[K->[m[Kpose.orientation.z = v(2) * std::sin(th / 2);
[17.171s]       |                    [01;31m[K^~[m[K
[17.171s] [01m[K/home/dihim/me326_ws/src/arm_controller/src/moveit_interface.cpp:43:20:[m[K [01;31m[Kerror: [m[Kbase operand of ‘[01m[K->[m[K’ has non-pointer type ‘[01m[Kgeometry_msgs::msg::PoseStamped[m[K’ {aka ‘[01m[Kgeometry_msgs::msg::PoseStamped_<std::allocator<void> >[m[K’}
[17.171s]    43 |         target_pose[01;31m[K->[m[Kpose.orientation.w = std::cos(th / 2);
[17.171s]       |                    [01;31m[K^~[m[K
[17.171s] [01m[K/home/dihim/me326_ws/src/arm_controller/src/moveit_interface.cpp:47:59:[m[K [01;31m[Kerror: [m[Kbase operand of ‘[01m[K->[m[K’ has non-pointer type ‘[01m[Kgeometry_msgs::msg::PoseStamped[m[K’ {aka ‘[01m[Kgeometry_msgs::msg::PoseStamped_<std::allocator<void> >[m[K’}
[17.171s]    47 |         moveit_interface_->moveit_plan_ee_pose(target_pose[01;31m[K->[m[Kpose);
[17.171s]       |                                                           [01;31m[K^~[m[K
[17.171s] [01m[K/home/dihim/me326_ws/src/arm_controller/src/moveit_interface.cpp:[m[K In member function ‘[01m[Kvoid MyNode::drop_callback(geometry_msgs::msg::PoseStamped_<std::allocator<void> >::SharedPtr) const[m[K’:
[17.171s] [01m[K/home/dihim/me326_ws/src/arm_controller/src/moveit_interface.cpp:54:55:[m[K [01;31m[Kerror: [m[Kconversion from ‘[01m[Kconst SharedPtr[m[K’ {aka ‘[01m[Kconst std::shared_ptr<geometry_msgs::msg::PoseStamped_<std::allocator<void> > >[m[K’} to non-scalar type ‘[01m[Kgeometry_msgs::msg::PoseStamped[m[K’ {aka ‘[01m[Kgeometry_msgs::msg::PoseStamped_<std::allocator<void> >[m[K’} requested
[17.171s]    54 |         geometry_msgs::msg::PoseStamped target_pose = [01;31m[Kpose[m[K;
[17.171s]       |                                                       [01;31m[K^~~~[m[K
[17.171s] [01m[K/home/dihim/me326_ws/src/arm_controller/src/moveit_interface.cpp:60:20:[m[K [01;31m[Kerror: [m[Kbase operand of ‘[01m[K->[m[K’ has non-pointer type ‘[01m[Kgeometry_msgs::msg::PoseStamped[m[K’ {aka ‘[01m[Kgeometry_msgs::msg::PoseStamped_<std::allocator<void> >[m[K’}
[17.171s]    60 |         target_pose[01;31m[K->[m[Kpose.position.z = 0.02; // Adjust the drop height as necessary.
[17.171s]       |                    [01;31m[K^~[m[K
[17.171s] [01m[K/home/dihim/me326_ws/src/arm_controller/src/moveit_interface.cpp:64:59:[m[K [01;31m[Kerror: [m[Kbase operand of ‘[01m[K->[m[K’ has non-pointer type ‘[01m[Kgeometry_msgs::msg::PoseStamped[m[K’ {aka ‘[01m[Kgeometry_msgs::msg::PoseStamped_<std::allocator<void> >[m[K’}
[17.172s]    64 |         moveit_interface_->moveit_plan_ee_pose(target_pose[01;31m[K->[m[Kpose);
[17.172s]       |                                                           [01;31m[K^~[m[K
[24.566s] make[2]: *** [CMakeFiles/arm_controller.dir/build.make:63: CMakeFiles/arm_controller.dir/src/moveit_interface.cpp.o] Error 1
[24.567s] make[1]: *** [CMakeFiles/Makefile2:78: CMakeFiles/arm_controller.dir/all] Error 2
[24.567s] make: *** [Makefile:141: all] Error 2
[24.619s] Invoked command in '/home/dihim/me326_ws/build/arm_controller' returned '2': CMAKE_PREFIX_PATH=${CMAKE_PREFIX_PATH}:/home/dihim/me326_ws/install/locobot_controller:/home/dihim/interbotix_ws/install/interbotix_xs_modules:/home/dihim/interbotix_ws/install/interbotix_perception_modules:/home/dihim/interbotix_ws/install/interbotix_common_modules:/opt/ros/galactic /usr/bin/cmake --build /home/dihim/me326_ws/build/arm_controller -- -j4 -l4
