[2.937s] Invoking command in '/home/dihim/me326_ws/build/la_msgs': CMAKE_PREFIX_PATH=${CMAKE_PREFIX_PATH}:/home/dihim/me326_ws/install/locobot_controller:/home/dihim/interbotix_ws/install/interbotix_xs_modules:/home/dihim/interbotix_ws/install/interbotix_perception_modules:/home/dihim/interbotix_ws/install/interbotix_common_modules:/opt/ros/galactic /usr/bin/cmake --build /home/dihim/me326_ws/build/la_msgs -- -j4 -l4
[4.657s] [  2%] Built target la_msgs__cpp
[4.657s] [ 12%] Built target la_msgs__rosidl_generator_c
[4.657s] [ 23%] Built target la_msgs__rosidl_typesupport_fastrtps_cpp
[4.657s] [ 33%] Built target la_msgs__rosidl_typesupport_c
[4.657s] [ 43%] Built target la_msgs__rosidl_typesupport_introspection_c
[4.657s] [ 53%] Built target la_msgs__rosidl_typesupport_fastrtps_c
[4.657s] [ 64%] Built target la_msgs__rosidl_typesupport_introspection_cpp
[4.788s] [ 74%] Built target la_msgs__rosidl_typesupport_cpp
[4.939s] [ 74%] Built target la_msgs
[5.104s] [ 76%] Built target la_msgs__py
[5.332s] [ 84%] Built target la_msgs__python
[5.470s] [ 89%] Built target la_msgs__rosidl_typesupport_c__pyext
[5.588s] [ 94%] Built target la_msgs__rosidl_typesupport_fastrtps_c__pyext
[5.708s] [100%] Built target la_msgs__rosidl_typesupport_introspection_c__pyext
[5.801s] Invoked command in '/home/dihim/me326_ws/build/la_msgs' returned '0': CMAKE_PREFIX_PATH=${CMAKE_PREFIX_PATH}:/home/dihim/me326_ws/install/locobot_controller:/home/dihim/interbotix_ws/install/interbotix_xs_modules:/home/dihim/interbotix_ws/install/interbotix_perception_modules:/home/dihim/interbotix_ws/install/interbotix_common_modules:/opt/ros/galactic /usr/bin/cmake --build /home/dihim/me326_ws/build/la_msgs -- -j4 -l4
[6.904s] Invoking command in '/home/dihim/me326_ws/build/la_msgs': CMAKE_PREFIX_PATH=${CMAKE_PREFIX_PATH}:/home/dihim/me326_ws/install/locobot_controller:/home/dihim/interbotix_ws/install/interbotix_xs_modules:/home/dihim/interbotix_ws/install/interbotix_perception_modules:/home/dihim/interbotix_ws/install/interbotix_common_modules:/opt/ros/galactic /usr/bin/cmake --install /home/dihim/me326_ws/build/la_msgs
[6.920s] -- Install configuration: ""
[6.921s] -- Up-to-date: /home/dihim/me326_ws/install/la_msgs/share/ament_index/resource_index/rosidl_interfaces/la_msgs
[6.921s] -- Up-to-date: /home/dihim/me326_ws/install/la_msgs/include/la_msgs
[6.921s] -- Up-to-date: /home/dihim/me326_ws/install/la_msgs/include/la_msgs/action
[6.921s] -- Up-to-date: /home/dihim/me326_ws/install/la_msgs/include/la_msgs/action/move_base.h
[6.922s] -- Up-to-date: /home/dihim/me326_ws/install/la_msgs/include/la_msgs/action/detail
[6.922s] -- Up-to-date: /home/dihim/me326_ws/install/la_msgs/include/la_msgs/action/detail/move_base__functions.c
[6.922s] -- Up-to-date: /home/dihim/me326_ws/install/la_msgs/include/la_msgs/action/detail/move_base__type_support.h
[6.922s] -- Up-to-date: /home/dihim/me326_ws/install/la_msgs/include/la_msgs/action/detail/move_base__struct.h
[6.923s] -- Up-to-date: /home/dihim/me326_ws/install/la_msgs/include/la_msgs/action/detail/move_base__functions.h
[6.923s] -- Up-to-date: /home/dihim/me326_ws/install/la_msgs/include/la_msgs/msg
[6.924s] -- Up-to-date: /home/dihim/me326_ws/install/la_msgs/include/la_msgs/msg/rosidl_generator_c__visibility_control.h
[6.924s] -- Up-to-date: /home/dihim/me326_ws/install/la_msgs/include/la_msgs/srv
[6.925s] -- Up-to-date: /home/dihim/me326_ws/install/la_msgs/include/la_msgs/srv/detail
[6.925s] -- Up-to-date: /home/dihim/me326_ws/install/la_msgs/include/la_msgs/srv/detail/ptps__type_support.h
[6.925s] -- Up-to-date: /home/dihim/me326_ws/install/la_msgs/include/la_msgs/srv/detail/ptps__struct.h
[6.926s] -- Up-to-date: /home/dihim/me326_ws/install/la_msgs/include/la_msgs/srv/detail/ptps__functions.h
[6.926s] -- Up-to-date: /home/dihim/me326_ws/install/la_msgs/include/la_msgs/srv/detail/ptps__functions.c
[6.927s] -- Up-to-date: /home/dihim/me326_ws/install/la_msgs/include/la_msgs/srv/ptps.h
[6.928s] -- Up-to-date: /home/dihim/me326_ws/install/la_msgs/share/la_msgs/environment/library_path.sh
[6.928s] -- Up-to-date: /home/dihim/me326_ws/install/la_msgs/share/la_msgs/environment/library_path.dsv
[6.930s] -- Up-to-date: /home/dihim/me326_ws/install/la_msgs/lib/libla_msgs__rosidl_generator_c.so
[6.930s] -- Up-to-date: /home/dihim/me326_ws/install/la_msgs/include/la_msgs
[6.930s] -- Up-to-date: /home/dihim/me326_ws/install/la_msgs/include/la_msgs/action
[6.930s] -- Up-to-date: /home/dihim/me326_ws/install/la_msgs/include/la_msgs/action/detail
[6.930s] -- Up-to-date: /home/dihim/me326_ws/install/la_msgs/include/la_msgs/action/detail/move_base__rosidl_typesupport_fastrtps_c.h
[6.930s] -- Up-to-date: /home/dihim/me326_ws/install/la_msgs/include/la_msgs/msg
[6.930s] -- Up-to-date: /home/dihim/me326_ws/install/la_msgs/include/la_msgs/msg/rosidl_typesupport_fastrtps_c__visibility_control.h
[6.930s] -- Up-to-date: /home/dihim/me326_ws/install/la_msgs/include/la_msgs/srv
[6.931s] -- Up-to-date: /home/dihim/me326_ws/install/la_msgs/include/la_msgs/srv/detail
[6.931s] -- Up-to-date: /home/dihim/me326_ws/install/la_msgs/include/la_msgs/srv/detail/ptps__rosidl_typesupport_fastrtps_c.h
[6.933s] -- Up-to-date: /home/dihim/me326_ws/install/la_msgs/lib/libla_msgs__rosidl_typesupport_fastrtps_c.so
[6.939s] -- Up-to-date: /home/dihim/me326_ws/install/la_msgs/include/la_msgs
[6.940s] -- Up-to-date: /home/dihim/me326_ws/install/la_msgs/include/la_msgs/action
[6.941s] -- Up-to-date: /home/dihim/me326_ws/install/la_msgs/include/la_msgs/action/detail
[6.941s] -- Up-to-date: /home/dihim/me326_ws/install/la_msgs/include/la_msgs/action/detail/move_base__rosidl_typesupport_fastrtps_cpp.hpp
[6.941s] -- Up-to-date: /home/dihim/me326_ws/install/la_msgs/include/la_msgs/action/detail/dds_fastrtps
[6.942s] -- Up-to-date: /home/dihim/me326_ws/install/la_msgs/include/la_msgs/msg
[6.942s] -- Up-to-date: /home/dihim/me326_ws/install/la_msgs/include/la_msgs/msg/rosidl_typesupport_fastrtps_cpp__visibility_control.h
[6.942s] -- Up-to-date: /home/dihim/me326_ws/install/la_msgs/include/la_msgs/srv
[6.943s] -- Up-to-date: /home/dihim/me326_ws/install/la_msgs/include/la_msgs/srv/detail
[6.943s] -- Up-to-date: /home/dihim/me326_ws/install/la_msgs/include/la_msgs/srv/detail/ptps__rosidl_typesupport_fastrtps_cpp.hpp
[6.944s] -- Up-to-date: /home/dihim/me326_ws/install/la_msgs/include/la_msgs/srv/detail/dds_fastrtps
[6.946s] -- Up-to-date: /home/dihim/me326_ws/install/la_msgs/lib/libla_msgs__rosidl_typesupport_fastrtps_cpp.so
[6.947s] -- Up-to-date: /home/dihim/me326_ws/install/la_msgs/include/la_msgs
[6.947s] -- Up-to-date: /home/dihim/me326_ws/install/la_msgs/include/la_msgs/action
[6.948s] -- Up-to-date: /home/dihim/me326_ws/install/la_msgs/include/la_msgs/action/detail
[6.948s] -- Up-to-date: /home/dihim/me326_ws/install/la_msgs/include/la_msgs/action/detail/move_base__type_support.c
[6.949s] -- Up-to-date: /home/dihim/me326_ws/install/la_msgs/include/la_msgs/action/detail/move_base__rosidl_typesupport_introspection_c.h
[6.949s] -- Up-to-date: /home/dihim/me326_ws/install/la_msgs/include/la_msgs/msg
[6.949s] -- Up-to-date: /home/dihim/me326_ws/install/la_msgs/include/la_msgs/msg/rosidl_typesupport_introspection_c__visibility_control.h
[6.949s] -- Up-to-date: /home/dihim/me326_ws/install/la_msgs/include/la_msgs/srv
[6.950s] -- Up-to-date: /home/dihim/me326_ws/install/la_msgs/include/la_msgs/srv/detail
[6.950s] -- Up-to-date: /home/dihim/me326_ws/install/la_msgs/include/la_msgs/srv/detail/ptps__rosidl_typesupport_introspection_c.h
[6.950s] -- Up-to-date: /home/dihim/me326_ws/install/la_msgs/include/la_msgs/srv/detail/ptps__type_support.c
[6.953s] -- Up-to-date: /home/dihim/me326_ws/install/la_msgs/lib/libla_msgs__rosidl_typesupport_introspection_c.so
[6.956s] -- Up-to-date: /home/dihim/me326_ws/install/la_msgs/lib/libla_msgs__rosidl_typesupport_c.so
[6.956s] -- Up-to-date: /home/dihim/me326_ws/install/la_msgs/include/la_msgs
[6.956s] -- Up-to-date: /home/dihim/me326_ws/install/la_msgs/include/la_msgs/action
[6.957s] -- Up-to-date: /home/dihim/me326_ws/install/la_msgs/include/la_msgs/action/detail
[6.957s] -- Up-to-date: /home/dihim/me326_ws/install/la_msgs/include/la_msgs/action/detail/move_base__traits.hpp
[6.957s] -- Up-to-date: /home/dihim/me326_ws/install/la_msgs/include/la_msgs/action/detail/move_base__builder.hpp
[6.957s] -- Up-to-date: /home/dihim/me326_ws/install/la_msgs/include/la_msgs/action/detail/move_base__struct.hpp
[6.958s] -- Up-to-date: /home/dihim/me326_ws/install/la_msgs/include/la_msgs/action/move_base.hpp
[6.958s] -- Up-to-date: /home/dihim/me326_ws/install/la_msgs/include/la_msgs/srv
[6.958s] -- Up-to-date: /home/dihim/me326_ws/install/la_msgs/include/la_msgs/srv/detail
[6.958s] -- Up-to-date: /home/dihim/me326_ws/install/la_msgs/include/la_msgs/srv/detail/ptps__traits.hpp
[6.959s] -- Up-to-date: /home/dihim/me326_ws/install/la_msgs/include/la_msgs/srv/detail/ptps__builder.hpp
[6.959s] -- Up-to-date: /home/dihim/me326_ws/install/la_msgs/include/la_msgs/srv/detail/ptps__struct.hpp
[6.960s] -- Up-to-date: /home/dihim/me326_ws/install/la_msgs/include/la_msgs/srv/ptps.hpp
[6.960s] -- Up-to-date: /home/dihim/me326_ws/install/la_msgs/include/la_msgs
[6.960s] -- Up-to-date: /home/dihim/me326_ws/install/la_msgs/include/la_msgs/action
[6.960s] -- Up-to-date: /home/dihim/me326_ws/install/la_msgs/include/la_msgs/action/detail
[6.960s] -- Up-to-date: /home/dihim/me326_ws/install/la_msgs/include/la_msgs/action/detail/move_base__rosidl_typesupport_introspection_cpp.hpp
[6.960s] -- Up-to-date: /home/dihim/me326_ws/install/la_msgs/include/la_msgs/action/detail/move_base__type_support.cpp
[6.961s] -- Up-to-date: /home/dihim/me326_ws/install/la_msgs/include/la_msgs/srv
[6.961s] -- Up-to-date: /home/dihim/me326_ws/install/la_msgs/include/la_msgs/srv/detail
[6.961s] -- Up-to-date: /home/dihim/me326_ws/install/la_msgs/include/la_msgs/srv/detail/ptps__type_support.cpp
[6.962s] -- Up-to-date: /home/dihim/me326_ws/install/la_msgs/include/la_msgs/srv/detail/ptps__rosidl_typesupport_introspection_cpp.hpp
[6.963s] -- Up-to-date: /home/dihim/me326_ws/install/la_msgs/lib/libla_msgs__rosidl_typesupport_introspection_cpp.so
[6.964s] -- Up-to-date: /home/dihim/me326_ws/install/la_msgs/lib/libla_msgs__rosidl_typesupport_cpp.so
[6.964s] -- Up-to-date: /home/dihim/me326_ws/install/la_msgs/share/la_msgs/environment/pythonpath.sh
[6.964s] -- Up-to-date: /home/dihim/me326_ws/install/la_msgs/share/la_msgs/environment/pythonpath.dsv
[6.964s] -- Up-to-date: /home/dihim/me326_ws/install/la_msgs/lib/python3.8/site-packages/la_msgs/__init__.py
[7.036s] -- Up-to-date: /home/dihim/me326_ws/install/la_msgs/lib/python3.8/site-packages/la_msgs/action
[7.036s] -- Up-to-date: /home/dihim/me326_ws/install/la_msgs/lib/python3.8/site-packages/la_msgs/action/__init__.py
[7.036s] -- Up-to-date: /home/dihim/me326_ws/install/la_msgs/lib/python3.8/site-packages/la_msgs/action/_move_base_s.c
[7.036s] -- Up-to-date: /home/dihim/me326_ws/install/la_msgs/lib/python3.8/site-packages/la_msgs/action/_move_base.py
[7.036s] -- Up-to-date: /home/dihim/me326_ws/install/la_msgs/lib/python3.8/site-packages/la_msgs/srv
[7.036s] -- Up-to-date: /home/dihim/me326_ws/install/la_msgs/lib/python3.8/site-packages/la_msgs/srv/__init__.py
[7.037s] -- Up-to-date: /home/dihim/me326_ws/install/la_msgs/lib/python3.8/site-packages/la_msgs/srv/_ptps.py
[7.037s] -- Up-to-date: /home/dihim/me326_ws/install/la_msgs/lib/python3.8/site-packages/la_msgs/srv/_ptps_s.c
[7.037s] -- Up-to-date: /home/dihim/me326_ws/install/la_msgs/lib/python3.8/site-packages/la_msgs/la_msgs_s__rosidl_typesupport_fastrtps_c.cpython-38-aarch64-linux-gnu.so
[7.038s] -- Up-to-date: /home/dihim/me326_ws/install/la_msgs/lib/python3.8/site-packages/la_msgs/la_msgs_s__rosidl_typesupport_introspection_c.cpython-38-aarch64-linux-gnu.so
[7.040s] -- Up-to-date: /home/dihim/me326_ws/install/la_msgs/lib/python3.8/site-packages/la_msgs/la_msgs_s__rosidl_typesupport_c.cpython-38-aarch64-linux-gnu.so
[7.041s] -- Up-to-date: /home/dihim/me326_ws/install/la_msgs/lib/libla_msgs__python.so
[7.042s] -- Up-to-date: /home/dihim/me326_ws/install/la_msgs/share/la_msgs/action/MoveBase.idl
[7.042s] -- Up-to-date: /home/dihim/me326_ws/install/la_msgs/share/la_msgs/srv/Ptps.idl
[7.042s] -- Up-to-date: /home/dihim/me326_ws/install/la_msgs/share/la_msgs/action/MoveBase.action
[7.042s] -- Up-to-date: /home/dihim/me326_ws/install/la_msgs/share/la_msgs/srv/Ptps.srv
[7.042s] -- Up-to-date: /home/dihim/me326_ws/install/la_msgs/share/la_msgs/srv/Ptps_Request.msg
[7.042s] -- Up-to-date: /home/dihim/me326_ws/install/la_msgs/share/la_msgs/srv/Ptps_Response.msg
[7.042s] -- Up-to-date: /home/dihim/me326_ws/install/la_msgs/share/ament_index/resource_index/package_run_dependencies/la_msgs
[7.042s] -- Up-to-date: /home/dihim/me326_ws/install/la_msgs/share/ament_index/resource_index/parent_prefix_path/la_msgs
[7.042s] -- Up-to-date: /home/dihim/me326_ws/install/la_msgs/share/la_msgs/environment/ament_prefix_path.sh
[7.042s] -- Up-to-date: /home/dihim/me326_ws/install/la_msgs/share/la_msgs/environment/ament_prefix_path.dsv
[7.043s] -- Up-to-date: /home/dihim/me326_ws/install/la_msgs/share/la_msgs/environment/path.sh
[7.043s] -- Up-to-date: /home/dihim/me326_ws/install/la_msgs/share/la_msgs/environment/path.dsv
[7.043s] -- Up-to-date: /home/dihim/me326_ws/install/la_msgs/share/la_msgs/local_setup.bash
[7.043s] -- Up-to-date: /home/dihim/me326_ws/install/la_msgs/share/la_msgs/local_setup.sh
[7.043s] -- Up-to-date: /home/dihim/me326_ws/install/la_msgs/share/la_msgs/local_setup.zsh
[7.043s] -- Up-to-date: /home/dihim/me326_ws/install/la_msgs/share/la_msgs/local_setup.dsv
[7.043s] -- Installing: /home/dihim/me326_ws/install/la_msgs/share/la_msgs/package.dsv
[7.044s] -- Up-to-date: /home/dihim/me326_ws/install/la_msgs/share/ament_index/resource_index/packages/la_msgs
[7.045s] -- Up-to-date: /home/dihim/me326_ws/install/la_msgs/share/la_msgs/cmake/la_msgs__rosidl_generator_cExport.cmake
[7.046s] -- Up-to-date: /home/dihim/me326_ws/install/la_msgs/share/la_msgs/cmake/la_msgs__rosidl_generator_cExport-noconfig.cmake
[7.046s] -- Up-to-date: /home/dihim/me326_ws/install/la_msgs/share/la_msgs/cmake/la_msgs__rosidl_typesupport_introspection_cExport.cmake
[7.046s] -- Up-to-date: /home/dihim/me326_ws/install/la_msgs/share/la_msgs/cmake/la_msgs__rosidl_typesupport_introspection_cExport-noconfig.cmake
[7.047s] -- Up-to-date: /home/dihim/me326_ws/install/la_msgs/share/la_msgs/cmake/la_msgs__rosidl_typesupport_cExport.cmake
[7.047s] -- Up-to-date: /home/dihim/me326_ws/install/la_msgs/share/la_msgs/cmake/la_msgs__rosidl_typesupport_cExport-noconfig.cmake
[7.047s] -- Up-to-date: /home/dihim/me326_ws/install/la_msgs/share/la_msgs/cmake/la_msgs__rosidl_generator_cppExport.cmake
[7.049s] -- Up-to-date: /home/dihim/me326_ws/install/la_msgs/share/la_msgs/cmake/la_msgs__rosidl_typesupport_introspection_cppExport.cmake
[7.049s] -- Up-to-date: /home/dihim/me326_ws/install/la_msgs/share/la_msgs/cmake/la_msgs__rosidl_typesupport_introspection_cppExport-noconfig.cmake
[7.050s] -- Up-to-date: /home/dihim/me326_ws/install/la_msgs/share/la_msgs/cmake/la_msgs__rosidl_typesupport_cppExport.cmake
[7.050s] -- Up-to-date: /home/dihim/me326_ws/install/la_msgs/share/la_msgs/cmake/la_msgs__rosidl_typesupport_cppExport-noconfig.cmake
[7.050s] -- Up-to-date: /home/dihim/me326_ws/install/la_msgs/share/la_msgs/cmake/rosidl_cmake-extras.cmake
[7.050s] -- Up-to-date: /home/dihim/me326_ws/install/la_msgs/share/la_msgs/cmake/ament_cmake_export_dependencies-extras.cmake
[7.050s] -- Up-to-date: /home/dihim/me326_ws/install/la_msgs/share/la_msgs/cmake/ament_cmake_export_libraries-extras.cmake
[7.050s] -- Up-to-date: /home/dihim/me326_ws/install/la_msgs/share/la_msgs/cmake/ament_cmake_export_targets-extras.cmake
[7.050s] -- Up-to-date: /home/dihim/me326_ws/install/la_msgs/share/la_msgs/cmake/ament_cmake_export_include_directories-extras.cmake
[7.050s] -- Up-to-date: /home/dihim/me326_ws/install/la_msgs/share/la_msgs/cmake/rosidl_cmake_export_typesupport_libraries-extras.cmake
[7.050s] -- Up-to-date: /home/dihim/me326_ws/install/la_msgs/share/la_msgs/cmake/rosidl_cmake_export_typesupport_targets-extras.cmake
[7.050s] -- Up-to-date: /home/dihim/me326_ws/install/la_msgs/share/la_msgs/cmake/la_msgsConfig.cmake
[7.050s] -- Up-to-date: /home/dihim/me326_ws/install/la_msgs/share/la_msgs/cmake/la_msgsConfig-version.cmake
[7.050s] -- Up-to-date: /home/dihim/me326_ws/install/la_msgs/share/la_msgs/package.xml
[7.054s] Invoked command in '/home/dihim/me326_ws/build/la_msgs' returned '0': CMAKE_PREFIX_PATH=${CMAKE_PREFIX_PATH}:/home/dihim/me326_ws/install/locobot_controller:/home/dihim/interbotix_ws/install/interbotix_xs_modules:/home/dihim/interbotix_ws/install/interbotix_perception_modules:/home/dihim/interbotix_ws/install/interbotix_common_modules:/opt/ros/galactic /usr/bin/cmake --install /home/dihim/me326_ws/build/la_msgs
