[2.158s] DEBUG:colcon:Command line arguments: ['/usr/bin/colcon', 'build']
[2.158s] DEBUG:colcon:Parsed command line arguments: Namespace(allow_overriding=[], ament_cmake_args=None, base_paths=['.'], build_base='build', catkin_cmake_args=None, catkin_skip_building_tests=False, cmake_args=None, cmake_clean_cache=False, cmake_clean_first=False, cmake_force_configure=False, cmake_target=None, cmake_target_skip_unavailable=False, continue_on_error=False, event_handlers=None, executor='parallel', ignore_user_meta=False, install_base='install', log_base=None, log_level=None, main=<bound method BuildVerb.main of <colcon_core.verb.build.BuildVerb object at 0x7f9b93490280>>, merge_install=False, metas=['./colcon.meta'], packages_above=None, packages_above_and_dependencies=None, packages_above_depth=None, packages_end=None, packages_ignore=None, packages_ignore_regex=None, packages_select=None, packages_select_build_failed=False, packages_select_by_dep=None, packages_select_regex=None, packages_select_test_failures=False, packages_skip=None, packages_skip_build_finished=False, packages_skip_by_dep=None, packages_skip_regex=None, packages_skip_test_passed=False, packages_skip_up_to=None, packages_start=None, packages_up_to=None, packages_up_to_regex=None, parallel_workers=6, paths=None, symlink_install=False, test_result_base=None, verb_extension=<colcon_core.verb.build.BuildVerb object at 0x7f9b93490280>, verb_name='build', verb_parser=<colcon_defaults.argument_parser.defaults.DefaultArgumentsDecorator object at 0x7f9b9346cdc0>)
[2.250s] Level 1:colcon.colcon_core.package_discovery:discover_packages(colcon_meta) check parameters
[2.250s] Level 1:colcon.colcon_core.package_discovery:discover_packages(recursive) check parameters
[2.250s] Level 1:colcon.colcon_core.package_discovery:discover_packages(ignore) check parameters
[2.250s] Level 1:colcon.colcon_core.package_discovery:discover_packages(path) check parameters
[2.250s] Level 1:colcon.colcon_core.package_discovery:discover_packages(colcon_meta) discover
[2.250s] Level 1:colcon.colcon_core.package_discovery:discover_packages(recursive) discover
[2.250s] INFO:colcon.colcon_core.package_discovery:Crawling recursively for packages in '/home/ian339/collaborative_robotics_course/locobot_autonomy'
[2.250s] Level 1:colcon.colcon_core.package_identification:_identify(.) by extensions ['ignore', 'ignore_ament_install']
[2.250s] Level 1:colcon.colcon_core.package_identification:_identify(.) by extension 'ignore'
[2.250s] Level 1:colcon.colcon_core.package_identification:_identify(.) by extension 'ignore_ament_install'
[2.250s] Level 1:colcon.colcon_core.package_identification:_identify(.) by extensions ['colcon_pkg']
[2.250s] Level 1:colcon.colcon_core.package_identification:_identify(.) by extension 'colcon_pkg'
[2.250s] Level 1:colcon.colcon_core.package_identification:_identify(.) by extensions ['colcon_meta']
[2.250s] Level 1:colcon.colcon_core.package_identification:_identify(.) by extension 'colcon_meta'
[2.250s] Level 1:colcon.colcon_core.package_identification:_identify(.) by extensions ['ros']
[2.250s] Level 1:colcon.colcon_core.package_identification:_identify(.) by extension 'ros'
[2.263s] DEBUG:colcon.colcon_core.package_identification:Package '.' with type 'ros.ament_cmake' and name 'locobot_autonomy'
[2.263s] Level 1:colcon.colcon_core.package_discovery:discover_packages(recursive) using defaults
[2.263s] Level 1:colcon.colcon_core.package_discovery:discover_packages(ignore) discover
[2.263s] Level 1:colcon.colcon_core.package_discovery:discover_packages(ignore) using defaults
[2.263s] Level 1:colcon.colcon_core.package_discovery:discover_packages(path) discover
[2.263s] Level 1:colcon.colcon_core.package_discovery:discover_packages(path) using defaults
[2.472s] Level 1:colcon.colcon_core.package_discovery:discover_packages(prefix_path) check parameters
[2.472s] Level 1:colcon.colcon_core.package_discovery:discover_packages(prefix_path) discover
[2.510s] WARNING:colcon.colcon_core.prefix_path.colcon:The path '/home/ian339/me326_ws/la_msgs/install' in the environment variable COLCON_PREFIX_PATH doesn't exist
[2.510s] WARNING:colcon.colcon_ros.prefix_path.ament:The path '/home/ian339/me326_ws/la_msgs/install/la_msgs' in the environment variable AMENT_PREFIX_PATH doesn't exist
[2.511s] WARNING:colcon.colcon_ros.prefix_path.catkin:The path '/home/ian339/me326_ws/la_msgs/install/la_msgs' in the environment variable CMAKE_PREFIX_PATH doesn't exist
[2.558s] DEBUG:colcon.colcon_installed_package_information.package_discovery:Found 2 installed packages in /home/ian339/collaborative_robotics_course/install
[2.606s] DEBUG:colcon.colcon_installed_package_information.package_discovery:Found 1 installed packages in /home/ian339/me326_ws/src/locobot_controller/install
[2.643s] DEBUG:colcon.colcon_installed_package_information.package_discovery:Found 20 installed packages in /home/ian339/interbotix_ws/install
[2.679s] DEBUG:colcon.colcon_installed_package_information.package_discovery:Found 1 installed packages in /home/ian339/me326_ws/src/la_msgs/install
[2.717s] DEBUG:colcon.colcon_installed_package_information.package_discovery:Found 348 installed packages in /opt/ros/galactic
[2.718s] Level 1:colcon.colcon_core.package_discovery:discover_packages(prefix_path) using defaults
[2.883s] Level 5:colcon.colcon_core.verb:set package 'locobot_autonomy' build argument 'cmake_args' from command line to 'None'
[2.883s] Level 5:colcon.colcon_core.verb:set package 'locobot_autonomy' build argument 'cmake_target' from command line to 'None'
[2.883s] Level 5:colcon.colcon_core.verb:set package 'locobot_autonomy' build argument 'cmake_target_skip_unavailable' from command line to 'False'
[2.883s] Level 5:colcon.colcon_core.verb:set package 'locobot_autonomy' build argument 'cmake_clean_cache' from command line to 'False'
[2.883s] Level 5:colcon.colcon_core.verb:set package 'locobot_autonomy' build argument 'cmake_clean_first' from command line to 'False'
[2.883s] Level 5:colcon.colcon_core.verb:set package 'locobot_autonomy' build argument 'cmake_force_configure' from command line to 'False'
[2.883s] Level 5:colcon.colcon_core.verb:set package 'locobot_autonomy' build argument 'ament_cmake_args' from command line to 'None'
[2.883s] Level 5:colcon.colcon_core.verb:set package 'locobot_autonomy' build argument 'catkin_cmake_args' from command line to 'None'
[2.883s] Level 5:colcon.colcon_core.verb:set package 'locobot_autonomy' build argument 'catkin_skip_building_tests' from command line to 'False'
[2.883s] DEBUG:colcon.colcon_core.verb:Building package 'locobot_autonomy' with the following arguments: {'ament_cmake_args': None, 'build_base': '/home/ian339/collaborative_robotics_course/locobot_autonomy/build/locobot_autonomy', 'catkin_cmake_args': None, 'catkin_skip_building_tests': False, 'cmake_args': None, 'cmake_clean_cache': False, 'cmake_clean_first': False, 'cmake_force_configure': False, 'cmake_target': None, 'cmake_target_skip_unavailable': False, 'install_base': '/home/ian339/collaborative_robotics_course/locobot_autonomy/install/locobot_autonomy', 'merge_install': False, 'path': '/home/ian339/collaborative_robotics_course/locobot_autonomy', 'symlink_install': False, 'test_result_base': None}
[2.924s] INFO:colcon.colcon_core.executor:Executing jobs using 'parallel' executor
[2.968s] DEBUG:colcon.colcon_parallel_executor.executor.parallel:run_until_complete
[2.968s] INFO:colcon.colcon_ros.task.ament_cmake.build:Building ROS package in '/home/ian339/collaborative_robotics_course/locobot_autonomy' with build type 'ament_cmake'
[2.968s] INFO:colcon.colcon_cmake.task.cmake.build:Building CMake package in '/home/ian339/collaborative_robotics_course/locobot_autonomy'
[3.017s] INFO:colcon.colcon_core.plugin_system:Skipping extension 'colcon_core.shell.bat': Not used on non-Windows systems
[3.017s] INFO:colcon.colcon_core.shell:Skip shell extension 'powershell' for command environment: Not usable outside of PowerShell
[3.017s] DEBUG:colcon.colcon_core.shell:Skip shell extension 'dsv' for command environment
[3.294s] DEBUG:colcon.colcon_core.event_handler.log_command:Invoking command in '/home/ian339/collaborative_robotics_course/locobot_autonomy/build/locobot_autonomy': CMAKE_PREFIX_PATH=${CMAKE_PREFIX_PATH}:/home/ian339/me326_ws/src/locobot_controller/install/locobot_controller:/home/ian339/interbotix_ws/install/interbotix_xs_modules:/home/ian339/interbotix_ws/install/interbotix_perception_modules:/home/ian339/interbotix_ws/install/interbotix_common_modules:/opt/ros/galactic /usr/bin/cmake /home/ian339/collaborative_robotics_course/locobot_autonomy -DCMAKE_INSTALL_PREFIX=/home/ian339/collaborative_robotics_course/locobot_autonomy/install/locobot_autonomy
[7.982s] DEBUG:colcon.colcon_core.event_handler.log_command:Invoked command in '/home/ian339/collaborative_robotics_course/locobot_autonomy/build/locobot_autonomy' returned '0': CMAKE_PREFIX_PATH=${CMAKE_PREFIX_PATH}:/home/ian339/me326_ws/src/locobot_controller/install/locobot_controller:/home/ian339/interbotix_ws/install/interbotix_xs_modules:/home/ian339/interbotix_ws/install/interbotix_perception_modules:/home/ian339/interbotix_ws/install/interbotix_common_modules:/opt/ros/galactic /usr/bin/cmake /home/ian339/collaborative_robotics_course/locobot_autonomy -DCMAKE_INSTALL_PREFIX=/home/ian339/collaborative_robotics_course/locobot_autonomy/install/locobot_autonomy
[7.983s] DEBUG:colcon.colcon_core.event_handler.log_command:Invoking command in '/home/ian339/collaborative_robotics_course/locobot_autonomy/build/locobot_autonomy': CMAKE_PREFIX_PATH=${CMAKE_PREFIX_PATH}:/home/ian339/me326_ws/src/locobot_controller/install/locobot_controller:/home/ian339/interbotix_ws/install/interbotix_xs_modules:/home/ian339/interbotix_ws/install/interbotix_perception_modules:/home/ian339/interbotix_ws/install/interbotix_common_modules:/opt/ros/galactic /usr/bin/cmake --build /home/ian339/collaborative_robotics_course/locobot_autonomy/build/locobot_autonomy -- -j6 -l6
[23.052s] DEBUG:colcon.colcon_core.event_handler.log_command:Invoked command in '/home/ian339/collaborative_robotics_course/locobot_autonomy/build/locobot_autonomy' returned '0': CMAKE_PREFIX_PATH=${CMAKE_PREFIX_PATH}:/home/ian339/me326_ws/src/locobot_controller/install/locobot_controller:/home/ian339/interbotix_ws/install/interbotix_xs_modules:/home/ian339/interbotix_ws/install/interbotix_perception_modules:/home/ian339/interbotix_ws/install/interbotix_common_modules:/opt/ros/galactic /usr/bin/cmake --build /home/ian339/collaborative_robotics_course/locobot_autonomy/build/locobot_autonomy -- -j6 -l6
[23.141s] DEBUG:colcon.colcon_core.event_handler.log_command:Invoking command in '/home/ian339/collaborative_robotics_course/locobot_autonomy/build/locobot_autonomy': CMAKE_PREFIX_PATH=${CMAKE_PREFIX_PATH}:/home/ian339/me326_ws/src/locobot_controller/install/locobot_controller:/home/ian339/interbotix_ws/install/interbotix_xs_modules:/home/ian339/interbotix_ws/install/interbotix_perception_modules:/home/ian339/interbotix_ws/install/interbotix_common_modules:/opt/ros/galactic /usr/bin/cmake --install /home/ian339/collaborative_robotics_course/locobot_autonomy/build/locobot_autonomy
[23.255s] Level 1:colcon.colcon_core.environment:create_environment_scripts_only(locobot_autonomy)
[23.255s] DEBUG:colcon.colcon_core.event_handler.log_command:Invoked command in '/home/ian339/collaborative_robotics_course/locobot_autonomy/build/locobot_autonomy' returned '0': CMAKE_PREFIX_PATH=${CMAKE_PREFIX_PATH}:/home/ian339/me326_ws/src/locobot_controller/install/locobot_controller:/home/ian339/interbotix_ws/install/interbotix_xs_modules:/home/ian339/interbotix_ws/install/interbotix_perception_modules:/home/ian339/interbotix_ws/install/interbotix_common_modules:/opt/ros/galactic /usr/bin/cmake --install /home/ian339/collaborative_robotics_course/locobot_autonomy/build/locobot_autonomy
[23.297s] Level 1:colcon.colcon_core.environment:checking '/home/ian339/collaborative_robotics_course/locobot_autonomy/install/locobot_autonomy' for CMake module files
[23.298s] Level 1:colcon.colcon_core.environment:checking '/home/ian339/collaborative_robotics_course/locobot_autonomy/install/locobot_autonomy' for CMake config files
[23.298s] Level 1:colcon.colcon_core.shell:create_environment_hook('locobot_autonomy', 'cmake_prefix_path')
[23.339s] INFO:colcon.colcon_core.shell:Creating environment hook '/home/ian339/collaborative_robotics_course/locobot_autonomy/install/locobot_autonomy/share/locobot_autonomy/hook/cmake_prefix_path.ps1'
[23.339s] INFO:colcon.colcon_core.shell:Creating environment descriptor '/home/ian339/collaborative_robotics_course/locobot_autonomy/install/locobot_autonomy/share/locobot_autonomy/hook/cmake_prefix_path.dsv'
[23.340s] INFO:colcon.colcon_core.shell:Creating environment hook '/home/ian339/collaborative_robotics_course/locobot_autonomy/install/locobot_autonomy/share/locobot_autonomy/hook/cmake_prefix_path.sh'
[23.341s] Level 1:colcon.colcon_core.environment:checking '/home/ian339/collaborative_robotics_course/locobot_autonomy/install/locobot_autonomy/lib'
[23.341s] Level 1:colcon.colcon_core.shell:create_environment_hook('locobot_autonomy', 'ld_library_path_lib')
[23.379s] INFO:colcon.colcon_core.shell:Creating environment hook '/home/ian339/collaborative_robotics_course/locobot_autonomy/install/locobot_autonomy/share/locobot_autonomy/hook/ld_library_path_lib.ps1'
[23.379s] INFO:colcon.colcon_core.shell:Creating environment descriptor '/home/ian339/collaborative_robotics_course/locobot_autonomy/install/locobot_autonomy/share/locobot_autonomy/hook/ld_library_path_lib.dsv'
[23.379s] INFO:colcon.colcon_core.shell:Creating environment hook '/home/ian339/collaborative_robotics_course/locobot_autonomy/install/locobot_autonomy/share/locobot_autonomy/hook/ld_library_path_lib.sh'
[23.380s] Level 1:colcon.colcon_core.environment:checking '/home/ian339/collaborative_robotics_course/locobot_autonomy/install/locobot_autonomy/bin'
[23.380s] Level 1:colcon.colcon_core.environment:checking '/home/ian339/collaborative_robotics_course/locobot_autonomy/install/locobot_autonomy/lib/pkgconfig/locobot_autonomy.pc'
[23.380s] Level 1:colcon.colcon_core.environment:checking '/home/ian339/collaborative_robotics_course/locobot_autonomy/install/locobot_autonomy/lib/python3.8/site-packages'
[23.380s] Level 1:colcon.colcon_core.shell:create_environment_hook('locobot_autonomy', 'pythonpath')
[23.419s] INFO:colcon.colcon_core.shell:Creating environment hook '/home/ian339/collaborative_robotics_course/locobot_autonomy/install/locobot_autonomy/share/locobot_autonomy/hook/pythonpath.ps1'
[23.419s] INFO:colcon.colcon_core.shell:Creating environment descriptor '/home/ian339/collaborative_robotics_course/locobot_autonomy/install/locobot_autonomy/share/locobot_autonomy/hook/pythonpath.dsv'
[23.419s] INFO:colcon.colcon_core.shell:Creating environment hook '/home/ian339/collaborative_robotics_course/locobot_autonomy/install/locobot_autonomy/share/locobot_autonomy/hook/pythonpath.sh'
[23.420s] Level 1:colcon.colcon_core.environment:checking '/home/ian339/collaborative_robotics_course/locobot_autonomy/install/locobot_autonomy/bin'
[23.462s] INFO:colcon.colcon_core.shell:Creating package script '/home/ian339/collaborative_robotics_course/locobot_autonomy/install/locobot_autonomy/share/locobot_autonomy/package.ps1'
[23.463s] INFO:colcon.colcon_core.shell:Creating package descriptor '/home/ian339/collaborative_robotics_course/locobot_autonomy/install/locobot_autonomy/share/locobot_autonomy/package.dsv'
[23.463s] INFO:colcon.colcon_core.shell:Creating package script '/home/ian339/collaborative_robotics_course/locobot_autonomy/install/locobot_autonomy/share/locobot_autonomy/package.sh'
[23.464s] INFO:colcon.colcon_core.shell:Creating package script '/home/ian339/collaborative_robotics_course/locobot_autonomy/install/locobot_autonomy/share/locobot_autonomy/package.bash'
[23.465s] INFO:colcon.colcon_core.shell:Creating package script '/home/ian339/collaborative_robotics_course/locobot_autonomy/install/locobot_autonomy/share/locobot_autonomy/package.zsh'
[23.465s] Level 1:colcon.colcon_core.environment:create_file_with_runtime_dependencies(/home/ian339/collaborative_robotics_course/locobot_autonomy/install/locobot_autonomy/share/colcon-core/packages/locobot_autonomy)
[23.574s] Level 1:colcon.colcon_core.environment:create_environment_scripts_only(locobot_autonomy)
[23.612s] Level 1:colcon.colcon_core.environment:checking '/home/ian339/collaborative_robotics_course/locobot_autonomy/install/locobot_autonomy' for CMake module files
[23.613s] Level 1:colcon.colcon_core.environment:checking '/home/ian339/collaborative_robotics_course/locobot_autonomy/install/locobot_autonomy' for CMake config files
[23.613s] Level 1:colcon.colcon_core.shell:create_environment_hook('locobot_autonomy', 'cmake_prefix_path')
[23.654s] INFO:colcon.colcon_core.shell:Creating environment hook '/home/ian339/collaborative_robotics_course/locobot_autonomy/install/locobot_autonomy/share/locobot_autonomy/hook/cmake_prefix_path.ps1'
[23.655s] INFO:colcon.colcon_core.shell:Creating environment descriptor '/home/ian339/collaborative_robotics_course/locobot_autonomy/install/locobot_autonomy/share/locobot_autonomy/hook/cmake_prefix_path.dsv'
[23.655s] INFO:colcon.colcon_core.shell:Creating environment hook '/home/ian339/collaborative_robotics_course/locobot_autonomy/install/locobot_autonomy/share/locobot_autonomy/hook/cmake_prefix_path.sh'
[23.656s] Level 1:colcon.colcon_core.environment:checking '/home/ian339/collaborative_robotics_course/locobot_autonomy/install/locobot_autonomy/lib'
[23.656s] Level 1:colcon.colcon_core.shell:create_environment_hook('locobot_autonomy', 'ld_library_path_lib')
[23.694s] INFO:colcon.colcon_core.shell:Creating environment hook '/home/ian339/collaborative_robotics_course/locobot_autonomy/install/locobot_autonomy/share/locobot_autonomy/hook/ld_library_path_lib.ps1'
[23.694s] INFO:colcon.colcon_core.shell:Creating environment descriptor '/home/ian339/collaborative_robotics_course/locobot_autonomy/install/locobot_autonomy/share/locobot_autonomy/hook/ld_library_path_lib.dsv'
[23.694s] INFO:colcon.colcon_core.shell:Creating environment hook '/home/ian339/collaborative_robotics_course/locobot_autonomy/install/locobot_autonomy/share/locobot_autonomy/hook/ld_library_path_lib.sh'
[23.695s] Level 1:colcon.colcon_core.environment:checking '/home/ian339/collaborative_robotics_course/locobot_autonomy/install/locobot_autonomy/bin'
[23.695s] Level 1:colcon.colcon_core.environment:checking '/home/ian339/collaborative_robotics_course/locobot_autonomy/install/locobot_autonomy/lib/pkgconfig/locobot_autonomy.pc'
[23.695s] Level 1:colcon.colcon_core.environment:checking '/home/ian339/collaborative_robotics_course/locobot_autonomy/install/locobot_autonomy/lib/python3.8/site-packages'
[23.695s] Level 1:colcon.colcon_core.shell:create_environment_hook('locobot_autonomy', 'pythonpath')
[23.736s] INFO:colcon.colcon_core.shell:Creating environment hook '/home/ian339/collaborative_robotics_course/locobot_autonomy/install/locobot_autonomy/share/locobot_autonomy/hook/pythonpath.ps1'
[23.737s] INFO:colcon.colcon_core.shell:Creating environment descriptor '/home/ian339/collaborative_robotics_course/locobot_autonomy/install/locobot_autonomy/share/locobot_autonomy/hook/pythonpath.dsv'
[23.737s] INFO:colcon.colcon_core.shell:Creating environment hook '/home/ian339/collaborative_robotics_course/locobot_autonomy/install/locobot_autonomy/share/locobot_autonomy/hook/pythonpath.sh'
[23.738s] Level 1:colcon.colcon_core.environment:checking '/home/ian339/collaborative_robotics_course/locobot_autonomy/install/locobot_autonomy/bin'
[23.776s] INFO:colcon.colcon_core.shell:Creating package script '/home/ian339/collaborative_robotics_course/locobot_autonomy/install/locobot_autonomy/share/locobot_autonomy/package.ps1'
[23.777s] INFO:colcon.colcon_core.shell:Creating package descriptor '/home/ian339/collaborative_robotics_course/locobot_autonomy/install/locobot_autonomy/share/locobot_autonomy/package.dsv'
[23.777s] INFO:colcon.colcon_core.shell:Creating package script '/home/ian339/collaborative_robotics_course/locobot_autonomy/install/locobot_autonomy/share/locobot_autonomy/package.sh'
[23.778s] INFO:colcon.colcon_core.shell:Creating package script '/home/ian339/collaborative_robotics_course/locobot_autonomy/install/locobot_autonomy/share/locobot_autonomy/package.bash'
[23.778s] INFO:colcon.colcon_core.shell:Creating package script '/home/ian339/collaborative_robotics_course/locobot_autonomy/install/locobot_autonomy/share/locobot_autonomy/package.zsh'
[23.779s] Level 1:colcon.colcon_core.environment:create_file_with_runtime_dependencies(/home/ian339/collaborative_robotics_course/locobot_autonomy/install/locobot_autonomy/share/colcon-core/packages/locobot_autonomy)
[23.779s] DEBUG:colcon.colcon_parallel_executor.executor.parallel:closing loop
[23.779s] DEBUG:colcon.colcon_parallel_executor.executor.parallel:loop closed
[23.779s] DEBUG:colcon.colcon_parallel_executor.executor.parallel:run_until_complete finished with '0'
[23.779s] DEBUG:colcon.colcon_core.event_reactor:joining thread
[23.840s] INFO:colcon.colcon_core.plugin_system:Skipping extension 'colcon_notification.desktop_notification.terminal_notifier': Not used on non-Darwin systems
[23.841s] INFO:colcon.colcon_core.plugin_system:Skipping extension 'colcon_notification.desktop_notification.win32': Not used on non-Windows systems
[23.841s] INFO:colcon.colcon_notification.desktop_notification:Sending desktop notification using 'notify2'
[23.873s] DEBUG:colcon.colcon_core.event_reactor:joined thread
[23.965s] INFO:colcon.colcon_core.shell:Creating prefix script '/home/ian339/collaborative_robotics_course/locobot_autonomy/install/local_setup.ps1'
[23.968s] INFO:colcon.colcon_core.shell:Creating prefix util module '/home/ian339/collaborative_robotics_course/locobot_autonomy/install/_local_setup_util_ps1.py'
[23.979s] INFO:colcon.colcon_core.shell:Creating prefix chain script '/home/ian339/collaborative_robotics_course/locobot_autonomy/install/setup.ps1'
[24.073s] INFO:colcon.colcon_core.shell:Creating prefix script '/home/ian339/collaborative_robotics_course/locobot_autonomy/install/local_setup.sh'
[24.074s] INFO:colcon.colcon_core.shell:Creating prefix util module '/home/ian339/collaborative_robotics_course/locobot_autonomy/install/_local_setup_util_sh.py'
[24.074s] INFO:colcon.colcon_core.shell:Creating prefix chain script '/home/ian339/collaborative_robotics_course/locobot_autonomy/install/setup.sh'
[24.115s] INFO:colcon.colcon_core.shell:Creating prefix script '/home/ian339/collaborative_robotics_course/locobot_autonomy/install/local_setup.bash'
[24.115s] INFO:colcon.colcon_core.shell:Creating prefix chain script '/home/ian339/collaborative_robotics_course/locobot_autonomy/install/setup.bash'
[24.169s] INFO:colcon.colcon_core.shell:Creating prefix script '/home/ian339/collaborative_robotics_course/locobot_autonomy/install/local_setup.zsh'
[24.169s] INFO:colcon.colcon_core.shell:Creating prefix chain script '/home/ian339/collaborative_robotics_course/locobot_autonomy/install/setup.zsh'
