[0.877s] Invoking command in '/home/dihim/me326_ws/src/locobot_controller': PYTHONPATH=/home/dihim/me326_ws/build/locobot_controller/prefix_override:/home/dihim/me326_ws/install/locobot_controller/lib/python3.8/site-packages:${PYTHONPATH} /usr/bin/python3 setup.py egg_info --egg-base ../../build/locobot_controller build --build-base /home/dihim/me326_ws/build/locobot_controller/build install --record /home/dihim/me326_ws/build/locobot_controller/install.log --single-version-externally-managed
[0.981s] running egg_info
[0.983s] writing ../../build/locobot_controller/locobot_controller.egg-info/PKG-INFO
[0.983s] writing dependency_links to ../../build/locobot_controller/locobot_controller.egg-info/dependency_links.txt
[0.983s] writing entry points to ../../build/locobot_controller/locobot_controller.egg-info/entry_points.txt
[0.983s] writing requirements to ../../build/locobot_controller/locobot_controller.egg-info/requires.txt
[0.983s] writing top-level names to ../../build/locobot_controller/locobot_controller.egg-info/top_level.txt
[0.998s] reading manifest file '../../build/locobot_controller/locobot_controller.egg-info/SOURCES.txt'
[0.999s] writing manifest file '../../build/locobot_controller/locobot_controller.egg-info/SOURCES.txt'
[0.999s] running build
[0.999s] running build_py
[0.999s] running install
[0.999s] running install_lib
[1.000s] byte-compiling /home/dihim/me326_ws/install/locobot_controller/lib/python3.8/site-packages/locobot_controller/locobot_controller.py to locobot_controller.cpython-38.pyc
[1.001s]   File "/home/dihim/me326_ws/install/locobot_controller/lib/python3.8/site-packages/locobot_controller/locobot_controller.py", line 37
[1.001s]     cy = int(M["m01"]/M["mOO"})
[1.001s]                              ^
[1.001s] SyntaxError: closing parenthesis '}' does not match opening parenthesis '['
[1.001s] 
[1.001s] running install_data
[1.001s] running install_egg_info
[1.001s] removing '/home/dihim/me326_ws/install/locobot_controller/lib/python3.8/site-packages/locobot_controller-0.0.0-py3.8.egg-info' (and everything under it)
[1.002s] Copying ../../build/locobot_controller/locobot_controller.egg-info to /home/dihim/me326_ws/install/locobot_controller/lib/python3.8/site-packages/locobot_controller-0.0.0-py3.8.egg-info
[1.002s] running install_scripts
[1.010s] Installing locobot_controller script to /home/dihim/me326_ws/install/locobot_controller/lib/locobot_controller
[1.010s] writing list of installed files to '/home/dihim/me326_ws/build/locobot_controller/install.log'
[1.316s] Invoked command in '/home/dihim/me326_ws/src/locobot_controller' returned '0': PYTHONPATH=/home/dihim/me326_ws/build/locobot_controller/prefix_override:/home/dihim/me326_ws/install/locobot_controller/lib/python3.8/site-packages:${PYTHONPATH} /usr/bin/python3 setup.py egg_info --egg-base ../../build/locobot_controller build --build-base /home/dihim/me326_ws/build/locobot_controller/build install --record /home/dihim/me326_ws/build/locobot_controller/install.log --single-version-externally-managed
