[35m[1mScanning dependencies of target arm_controller[0m
[ 33%] [32mBuilding CXX object CMakeFiles/arm_controller.dir/src/moveit_interface.cpp.o[0m
[01m[K/home/dihim/me326_ws/src/arm_controller/src/moveit_interface.cpp:77:8:[m[K [01;31m[Kerror: [m[K‘[01m[Kvoid MyNode::pick_callback(const PoseStamped&) const[m[K’ cannot be overloaded with ‘[01m[Kvoid MyNode::pick_callback(const PoseStamped&) const[m[K’
   77 |   void [01;31m[Kpick_callback[m[K(const geometry_msgs::msg::PoseStamped & target_pose) const
      |        [01;31m[K^~~~~~~~~~~~~[m[K
[01m[K/home/dihim/me326_ws/src/arm_controller/src/moveit_interface.cpp:52:8:[m[K [01;36m[Knote: [m[Kprevious declaration ‘[01m[Kvoid MyNode::pick_callback(const PoseStamped&) const[m[K’
   52 |   void [01;36m[Kpick_callback[m[K(const geometry_msgs::msg::PoseStamped & target_pose) const
      |        [01;36m[K^~~~~~~~~~~~~[m[K
[01m[K/home/dihim/me326_ws/src/arm_controller/src/moveit_interface.cpp:[m[K In constructor ‘[01m[KMyNode::MyNode()[m[K’:
[01m[K/home/dihim/me326_ws/src/arm_controller/src/moveit_interface.cpp:46:34:[m[K [01;31m[Kerror: [m[K‘[01m[KMinimalSubscriber[m[K’ has not been declared
   46 |     "pick_block", 10, std::bind(&[01;31m[KMinimalSubscriber[m[K::pick_callback, this, _1));
      |                                  [01;31m[K^~~~~~~~~~~~~~~~~[m[K
[01m[K/home/dihim/me326_ws/src/arm_controller/src/moveit_interface.cpp:48:5:[m[K [01;31m[Kerror: [m[K‘[01m[Ksubscription_drop[m[K’ was not declared in this scope; did you mean ‘[01m[Ksubscription_drop_[m[K’?
   48 |     [01;31m[Ksubscription_drop[m[K = this->create_subscription<geometry_msgs::msg::PoseStamped>(
      |     [01;31m[K^~~~~~~~~~~~~~~~~[m[K
      |     [32m[Ksubscription_drop_[m[K
[01m[K/home/dihim/me326_ws/src/arm_controller/src/moveit_interface.cpp:49:34:[m[K [01;31m[Kerror: [m[K‘[01m[KMinimalSubscriber[m[K’ has not been declared
   49 |     "drop_block", 10, std::bind(&[01;31m[KMinimalSubscriber[m[K::drop_callback, this, _1));
      |                                  [01;31m[K^~~~~~~~~~~~~~~~~[m[K
[01m[K/home/dihim/me326_ws/src/arm_controller/src/moveit_interface.cpp:[m[K In member function ‘[01m[Kvoid MyNode::pick_callback(const PoseStamped&) const[m[K’:
[01m[K/home/dihim/me326_ws/src/arm_controller/src/moveit_interface.cpp:55:37:[m[K [01;31m[Kerror: [m[Kdeclaration of ‘[01m[Kgeometry_msgs::msg::PoseStamped target_pose[m[K’ shadows a parameter
   55 |     geometry_msgs::msg::PoseStamped [01;31m[Ktarget_pose[m[K;
      |                                     [01;31m[K^~~~~~~~~~~[m[K
[01m[K/home/dihim/me326_ws/src/arm_controller/src/moveit_interface.cpp:52:62:[m[K [01;35m[Kwarning: [m[Kunused parameter ‘[01m[Ktarget_pose[m[K’ [[01;35m[K-Wunused-parameter[m[K]
   52 |   void pick_callback([01;35m[Kconst geometry_msgs::msg::PoseStamped & target_pose[m[K) const
      |                      [01;35m[K~~~~~~~~~~~~~~~~~~~~~~~~~~~~~~~~~~~~~~~~^~~~~~~~~~~[m[K
[01m[K/home/dihim/me326_ws/src/arm_controller/src/moveit_interface.cpp:[m[K In member function ‘[01m[Kvoid MyNode::pick_callback(const PoseStamped&) const[m[K’:
[01m[K/home/dihim/me326_ws/src/arm_controller/src/moveit_interface.cpp:80:37:[m[K [01;31m[Kerror: [m[Kdeclaration of ‘[01m[Kgeometry_msgs::msg::PoseStamped target_pose[m[K’ shadows a parameter
   80 |     geometry_msgs::msg::PoseStamped [01;31m[Ktarget_pose[m[K;
      |                                     [01;31m[K^~~~~~~~~~~[m[K
[01m[K/home/dihim/me326_ws/src/arm_controller/src/moveit_interface.cpp:77:62:[m[K [01;35m[Kwarning: [m[Kunused parameter ‘[01m[Ktarget_pose[m[K’ [[01;35m[K-Wunused-parameter[m[K]
   77 |   void pick_callback([01;35m[Kconst geometry_msgs::msg::PoseStamped & target_pose[m[K) const
      |                      [01;35m[K~~~~~~~~~~~~~~~~~~~~~~~~~~~~~~~~~~~~~~~~^~~~~~~~~~~[m[K
[01m[K/home/dihim/me326_ws/src/arm_controller/src/moveit_interface.cpp:[m[K In function ‘[01m[Kint main(int, char**)[m[K’:
[01m[K/home/dihim/me326_ws/src/arm_controller/src/moveit_interface.cpp:111:33:[m[K [01;31m[Kerror: [m[K‘[01m[KMinimalSubscriber[m[K’ was not declared in this scope
  111 |   rclcpp::spin(std::make_shared<[01;31m[KMinimalSubscriber[m[K>());
      |                                 [01;31m[K^~~~~~~~~~~~~~~~~[m[K
[01m[K/home/dihim/me326_ws/src/arm_controller/src/moveit_interface.cpp:111:52:[m[K [01;31m[Kerror: [m[Kno matching function for call to ‘[01m[Kmake_shared<<expression error> >()[m[K’
  111 |   rclcpp::spin(std::make_shared<MinimalSubscriber>([01;31m[K)[m[K);
      |                                                    [01;31m[K^[m[K
In file included from [01m[K/usr/include/c++/9/memory:81[m[K,
                 from [01m[K/home/dihim/me326_ws/src/arm_controller/include/interbotix_moveit_interface/moveit_interface_obj.hpp:32[m[K,
                 from [01m[K/home/dihim/me326_ws/src/arm_controller/src/moveit_interface.cpp:29[m[K:
[01m[K/usr/include/c++/9/bits/shared_ptr.h:714:5:[m[K [01;36m[Knote: [m[Kcandidate: ‘[01m[Ktemplate<class _Tp, class ... _Args> std::shared_ptr<_Tp> std::make_shared(_Args&& ...)[m[K’
  714 |     [01;36m[Kmake_shared[m[K(_Args&&... __args)
      |     [01;36m[K^~~~~~~~~~~[m[K
[01m[K/usr/include/c++/9/bits/shared_ptr.h:714:5:[m[K [01;36m[Knote: [m[K  template argument deduction/substitution failed:
[01m[K/home/dihim/me326_ws/src/arm_controller/src/moveit_interface.cpp:111:52:[m[K [01;31m[Kerror: [m[Ktemplate argument 1 is invalid
  111 |   rclcpp::spin(std::make_shared<MinimalSubscriber>([01;31m[K)[m[K);
      |                                                    [01;31m[K^[m[K
In file included from [01m[K/usr/include/aarch64-linux-gnu/c++/9/bits/c++allocator.h:33[m[K,
                 from [01m[K/usr/include/c++/9/bits/allocator.h:46[m[K,
                 from [01m[K/usr/include/c++/9/memory:63[m[K,
                 from [01m[K/home/dihim/me326_ws/src/arm_controller/include/interbotix_moveit_interface/moveit_interface_obj.hpp:32[m[K,
                 from [01m[K/home/dihim/me326_ws/src/arm_controller/src/moveit_interface.cpp:29[m[K:
/usr/include/c++/9/ext/new_allocator.h: In instantiation of ‘[01m[Kvoid __gnu_cxx::new_allocator<_Tp>::construct(_Up*, _Args&& ...) [with _Up = interbotix::InterbotixMoveItInterface; _Args = {const MyNode*}; _Tp = interbotix::InterbotixMoveItInterface][m[K’:
[01m[K/usr/include/c++/9/bits/alloc_traits.h:483:4:[m[K   required from ‘[01m[Kstatic void std::allocator_traits<std::allocator<_Tp1> >::construct(std::allocator_traits<std::allocator<_Tp1> >::allocator_type&, _Up*, _Args&& ...) [with _Up = interbotix::InterbotixMoveItInterface; _Args = {const MyNode*}; _Tp = interbotix::InterbotixMoveItInterface; std::allocator_traits<std::allocator<_Tp1> >::allocator_type = std::allocator<interbotix::InterbotixMoveItInterface>][m[K’
[01m[K/usr/include/c++/9/bits/shared_ptr_base.h:548:39:[m[K   required from ‘[01m[Kstd::_Sp_counted_ptr_inplace<_Tp, _Alloc, _Lp>::_Sp_counted_ptr_inplace(_Alloc, _Args&& ...) [with _Args = {const MyNode*}; _Tp = interbotix::InterbotixMoveItInterface; _Alloc = std::allocator<interbotix::InterbotixMoveItInterface>; __gnu_cxx::_Lock_policy _Lp = __gnu_cxx::_S_atomic][m[K’
[01m[K/usr/include/c++/9/bits/shared_ptr_base.h:679:16:[m[K   required from ‘[01m[Kstd::__shared_count<_Lp>::__shared_count(_Tp*&, std::_Sp_alloc_shared_tag<_Alloc>, _Args&& ...) [with _Tp = interbotix::InterbotixMoveItInterface; _Alloc = std::allocator<interbotix::InterbotixMoveItInterface>; _Args = {const MyNode*}; __gnu_cxx::_Lock_policy _Lp = __gnu_cxx::_S_atomic][m[K’
[01m[K/usr/include/c++/9/bits/shared_ptr_base.h:1344:71:[m[K   required from ‘[01m[Kstd::__shared_ptr<_Tp, _Lp>::__shared_ptr(std::_Sp_alloc_shared_tag<_Tp>, _Args&& ...) [with _Alloc = std::allocator<interbotix::InterbotixMoveItInterface>; _Args = {const MyNode*}; _Tp = interbotix::InterbotixMoveItInterface; __gnu_cxx::_Lock_policy _Lp = __gnu_cxx::_S_atomic][m[K’
[01m[K/usr/include/c++/9/bits/shared_ptr.h:359:59:[m[K   required from ‘[01m[Kstd::shared_ptr<_Tp>::shared_ptr(std::_Sp_alloc_shared_tag<_Tp>, _Args&& ...) [with _Alloc = std::allocator<interbotix::InterbotixMoveItInterface>; _Args = {const MyNode*}; _Tp = interbotix::InterbotixMoveItInterface][m[K’
[01m[K/usr/include/c++/9/bits/shared_ptr.h:701:14:[m[K   required from ‘[01m[Kstd::shared_ptr<_Tp> std::allocate_shared(const _Alloc&, _Args&& ...) [with _Tp = interbotix::InterbotixMoveItInterface; _Alloc = std::allocator<interbotix::InterbotixMoveItInterface>; _Args = {const MyNode*}][m[K’
[01m[K/usr/include/c++/9/bits/shared_ptr.h:717:39:[m[K   required from ‘[01m[Kstd::shared_ptr<_Tp> std::make_shared(_Args&& ...) [with _Tp = interbotix::InterbotixMoveItInterface; _Args = {const MyNode*}][m[K’
[01m[K/home/dihim/me326_ws/src/arm_controller/src/moveit_interface.cpp:54:89:[m[K   required from here
[01m[K/usr/include/c++/9/ext/new_allocator.h:146:4:[m[K [01;31m[Kerror: [m[Kno matching function for call to ‘[01m[Kinterbotix::InterbotixMoveItInterface::InterbotixMoveItInterface(const MyNode*)[m[K’
  146 |  { [01;31m[K::new((void *)__p) _Up(std::forward<_Args>(__args)...)[m[K; }
      |    [01;31m[K^~~~~~~~~~~~~~~~~~~~~~~~~~~~~~~~~~~~~~~~~~~~~~~~~~~~~~[m[K
In file included from [01m[K/home/dihim/me326_ws/src/arm_controller/src/moveit_interface.cpp:29[m[K:
[01m[K/home/dihim/me326_ws/src/arm_controller/include/interbotix_moveit_interface/moveit_interface_obj.hpp:70:12:[m[K [01;36m[Knote: [m[Kcandidate: ‘[01m[Kinterbotix::InterbotixMoveItInterface::InterbotixMoveItInterface(rclcpp::Node::SharedPtr&)[m[K’
   70 |   explicit [01;36m[KInterbotixMoveItInterface[m[K(rclcpp::Node::SharedPtr & node);
      |            [01;36m[K^~~~~~~~~~~~~~~~~~~~~~~~~[m[K
[01m[K/home/dihim/me326_ws/src/arm_controller/include/interbotix_moveit_interface/moveit_interface_obj.hpp:70:64:[m[K [01;36m[Knote: [m[K  no known conversion for argument 1 from ‘[01m[Kconst MyNode*[m[K’ to ‘[01m[Krclcpp::Node::SharedPtr&[m[K’ {aka ‘[01m[Kstd::shared_ptr<rclcpp::Node>&[m[K’}
   70 |   explicit InterbotixMoveItInterface([01;36m[Krclcpp::Node::SharedPtr & node[m[K);
      |                                      [01;36m[K~~~~~~~~~~~~~~~~~~~~~~~~~~^~~~[m[K
[01m[K/home/dihim/me326_ws/src/arm_controller/include/interbotix_moveit_interface/moveit_interface_obj.hpp:65:7:[m[K [01;36m[Knote: [m[Kcandidate: ‘[01m[Kinterbotix::InterbotixMoveItInterface::InterbotixMoveItInterface(const interbotix::InterbotixMoveItInterface&)[m[K’
   65 | class [01;36m[KInterbotixMoveItInterface[m[K
      |       [01;36m[K^~~~~~~~~~~~~~~~~~~~~~~~~[m[K
[01m[K/home/dihim/me326_ws/src/arm_controller/include/interbotix_moveit_interface/moveit_interface_obj.hpp:65:7:[m[K [01;36m[Knote: [m[K  no known conversion for argument 1 from ‘[01m[Kconst MyNode*[m[K’ to ‘[01m[Kconst interbotix::InterbotixMoveItInterface&[m[K’
make[2]: *** [CMakeFiles/arm_controller.dir/build.make:63: CMakeFiles/arm_controller.dir/src/moveit_interface.cpp.o] Error 1
make[1]: *** [CMakeFiles/Makefile2:78: CMakeFiles/arm_controller.dir/all] Error 2
make: *** [Makefile:141: all] Error 2
