[3.718s] Invoking command in '/home/dihim/me326_ws/build/gazebo_ros_link_attacher': CMAKE_PREFIX_PATH=/home/dihim/me326_ws/install/locobot_yicheng:/home/dihim/me326_ws/install/la_msgs:/home/dihim/me326_ws/install/arm_controller:/home/dihim/me326_ws/install/locobot_controller:/home/dihim/interbotix_ws/install/interbotix_xs_modules:/home/dihim/interbotix_ws/install/interbotix_perception_modules:/home/dihim/interbotix_ws/install/interbotix_common_modules:/opt/ros/galactic:/home/dihim/me326_ws/install/gazebo_ros_link_attacher:/home/dihim/interbotix_ws/install/interbotix_moveit_interface:/home/dihim/interbotix_ws/install/arm_controller:/home/dihim/interbotix_ws/install/moveit_visual_tools:/home/dihim/interbotix_ws/install/interbotix_xslocobot_sim:/home/dihim/interbotix_ws/install/interbotix_xslocobot_moveit:/home/dihim/interbotix_ws/install/interbotix_xslocobot_descriptions:/home/dihim/interbotix_ws/install/interbotix_xs_toolbox:/home/dihim/interbotix_ws/install/interbotix_xs_rviz:/home/dihim/interbotix_ws/install/interbotix_xs_ros_control:/home/dihim/interbotix_ws/install/interbotix_perception_toolbox:/home/dihim/interbotix_ws/install/interbotix_perception_pipelines:/home/dihim/interbotix_ws/install/interbotix_xs_msgs:/home/dihim/interbotix_ws/install/interbotix_tf_tools:/home/dihim/interbotix_ws/install/interbotix_perception_msgs:/home/dihim/interbotix_ws/install/interbotix_moveit_interface_msgs:/home/dihim/interbotix_ws/install/interbotix_common_toolbox:/home/dihim/interbotix_ws/install/interbotix_common_sim /usr/bin/cmake --build /home/dihim/me326_ws/build/gazebo_ros_link_attacher -- -j4 -l4
[4.748s] [  3%] Built target gazebo_ros_link_attacher__cpp
[4.749s] [ 12%] Built target gazebo_ros_link_attacher__rosidl_generator_c
[4.749s] [ 21%] Built target gazebo_ros_link_attacher__rosidl_typesupport_cpp
[4.749s] [ 30%] Built target gazebo_ros_link_attacher__rosidl_typesupport_introspection_c
[4.780s] [ 39%] Built target gazebo_ros_link_attacher__rosidl_typesupport_c
[4.965s] [ 48%] Built target gazebo_ros_link_attacher__rosidl_typesupport_fastrtps_cpp
[5.127s] [ 57%] Built target gazebo_ros_link_attacher__rosidl_typesupport_introspection_cpp
[5.244s] [ 66%] Built target gazebo_ros_link_attacher__rosidl_typesupport_fastrtps_c
[5.284s] [ 66%] Built target gazebo_ros_link_attacher
[5.440s] [ 69%] Built target gazebo_ros_link_attacher__py
[5.799s] [ 75%] Built target gazebo_ros_link_attacher_plugin
[6.007s] [ 81%] Built target gazebo_ros_link_attacher__python
[6.134s] [ 87%] Built target gazebo_ros_link_attacher__rosidl_typesupport_c__pyext
[6.294s] [ 93%] Built target gazebo_ros_link_attacher__rosidl_typesupport_fastrtps_c__pyext
[6.502s] [100%] Built target gazebo_ros_link_attacher__rosidl_typesupport_introspection_c__pyext
[7.271s] Invoked command in '/home/dihim/me326_ws/build/gazebo_ros_link_attacher' returned '0': CMAKE_PREFIX_PATH=/home/dihim/me326_ws/install/locobot_yicheng:/home/dihim/me326_ws/install/la_msgs:/home/dihim/me326_ws/install/arm_controller:/home/dihim/me326_ws/install/locobot_controller:/home/dihim/interbotix_ws/install/interbotix_xs_modules:/home/dihim/interbotix_ws/install/interbotix_perception_modules:/home/dihim/interbotix_ws/install/interbotix_common_modules:/opt/ros/galactic:/home/dihim/me326_ws/install/gazebo_ros_link_attacher:/home/dihim/interbotix_ws/install/interbotix_moveit_interface:/home/dihim/interbotix_ws/install/arm_controller:/home/dihim/interbotix_ws/install/moveit_visual_tools:/home/dihim/interbotix_ws/install/interbotix_xslocobot_sim:/home/dihim/interbotix_ws/install/interbotix_xslocobot_moveit:/home/dihim/interbotix_ws/install/interbotix_xslocobot_descriptions:/home/dihim/interbotix_ws/install/interbotix_xs_toolbox:/home/dihim/interbotix_ws/install/interbotix_xs_rviz:/home/dihim/interbotix_ws/install/interbotix_xs_ros_control:/home/dihim/interbotix_ws/install/interbotix_perception_toolbox:/home/dihim/interbotix_ws/install/interbotix_perception_pipelines:/home/dihim/interbotix_ws/install/interbotix_xs_msgs:/home/dihim/interbotix_ws/install/interbotix_tf_tools:/home/dihim/interbotix_ws/install/interbotix_perception_msgs:/home/dihim/interbotix_ws/install/interbotix_moveit_interface_msgs:/home/dihim/interbotix_ws/install/interbotix_common_toolbox:/home/dihim/interbotix_ws/install/interbotix_common_sim /usr/bin/cmake --build /home/dihim/me326_ws/build/gazebo_ros_link_attacher -- -j4 -l4
[8.469s] Invoking command in '/home/dihim/me326_ws/build/gazebo_ros_link_attacher': CMAKE_PREFIX_PATH=/home/dihim/me326_ws/install/locobot_yicheng:/home/dihim/me326_ws/install/la_msgs:/home/dihim/me326_ws/install/arm_controller:/home/dihim/me326_ws/install/locobot_controller:/home/dihim/interbotix_ws/install/interbotix_xs_modules:/home/dihim/interbotix_ws/install/interbotix_perception_modules:/home/dihim/interbotix_ws/install/interbotix_common_modules:/opt/ros/galactic:/home/dihim/me326_ws/install/gazebo_ros_link_attacher:/home/dihim/interbotix_ws/install/interbotix_moveit_interface:/home/dihim/interbotix_ws/install/arm_controller:/home/dihim/interbotix_ws/install/moveit_visual_tools:/home/dihim/interbotix_ws/install/interbotix_xslocobot_sim:/home/dihim/interbotix_ws/install/interbotix_xslocobot_moveit:/home/dihim/interbotix_ws/install/interbotix_xslocobot_descriptions:/home/dihim/interbotix_ws/install/interbotix_xs_toolbox:/home/dihim/interbotix_ws/install/interbotix_xs_rviz:/home/dihim/interbotix_ws/install/interbotix_xs_ros_control:/home/dihim/interbotix_ws/install/interbotix_perception_toolbox:/home/dihim/interbotix_ws/install/interbotix_perception_pipelines:/home/dihim/interbotix_ws/install/interbotix_xs_msgs:/home/dihim/interbotix_ws/install/interbotix_tf_tools:/home/dihim/interbotix_ws/install/interbotix_perception_msgs:/home/dihim/interbotix_ws/install/interbotix_moveit_interface_msgs:/home/dihim/interbotix_ws/install/interbotix_common_toolbox:/home/dihim/interbotix_ws/install/interbotix_common_sim /usr/bin/cmake --install /home/dihim/me326_ws/build/gazebo_ros_link_attacher
[8.498s] -- Install configuration: ""
[8.498s] -- Up-to-date: /home/dihim/me326_ws/install/gazebo_ros_link_attacher/share/ament_index/resource_index/rosidl_interfaces/gazebo_ros_link_attacher
[8.498s] -- Up-to-date: /home/dihim/me326_ws/install/gazebo_ros_link_attacher/include/gazebo_ros_link_attacher
[8.498s] -- Up-to-date: /home/dihim/me326_ws/install/gazebo_ros_link_attacher/include/gazebo_ros_link_attacher/msg
[8.499s] -- Up-to-date: /home/dihim/me326_ws/install/gazebo_ros_link_attacher/include/gazebo_ros_link_attacher/msg/rosidl_generator_c__visibility_control.h
[8.502s] -- Up-to-date: /home/dihim/me326_ws/install/gazebo_ros_link_attacher/include/gazebo_ros_link_attacher/srv
[8.502s] -- Up-to-date: /home/dihim/me326_ws/install/gazebo_ros_link_attacher/include/gazebo_ros_link_attacher/srv/detail
[8.502s] -- Up-to-date: /home/dihim/me326_ws/install/gazebo_ros_link_attacher/include/gazebo_ros_link_attacher/srv/detail/attach__struct.h
[8.502s] -- Up-to-date: /home/dihim/me326_ws/install/gazebo_ros_link_attacher/include/gazebo_ros_link_attacher/srv/detail/attach__type_support.h
[8.502s] -- Up-to-date: /home/dihim/me326_ws/install/gazebo_ros_link_attacher/include/gazebo_ros_link_attacher/srv/detail/attach__functions.c
[8.510s] -- Up-to-date: /home/dihim/me326_ws/install/gazebo_ros_link_attacher/include/gazebo_ros_link_attacher/srv/detail/attach__functions.h
[8.510s] -- Up-to-date: /home/dihim/me326_ws/install/gazebo_ros_link_attacher/include/gazebo_ros_link_attacher/srv/attach.h
[8.511s] -- Up-to-date: /home/dihim/me326_ws/install/gazebo_ros_link_attacher/share/gazebo_ros_link_attacher/environment/library_path.sh
[8.511s] -- Up-to-date: /home/dihim/me326_ws/install/gazebo_ros_link_attacher/share/gazebo_ros_link_attacher/environment/library_path.dsv
[8.512s] -- Up-to-date: /home/dihim/me326_ws/install/gazebo_ros_link_attacher/lib/libgazebo_ros_link_attacher__rosidl_generator_c.so
[8.513s] -- Up-to-date: /home/dihim/me326_ws/install/gazebo_ros_link_attacher/include/gazebo_ros_link_attacher
[8.513s] -- Up-to-date: /home/dihim/me326_ws/install/gazebo_ros_link_attacher/include/gazebo_ros_link_attacher/msg
[8.513s] -- Up-to-date: /home/dihim/me326_ws/install/gazebo_ros_link_attacher/include/gazebo_ros_link_attacher/msg/rosidl_typesupport_fastrtps_c__visibility_control.h
[8.514s] -- Up-to-date: /home/dihim/me326_ws/install/gazebo_ros_link_attacher/include/gazebo_ros_link_attacher/srv
[8.514s] -- Up-to-date: /home/dihim/me326_ws/install/gazebo_ros_link_attacher/include/gazebo_ros_link_attacher/srv/detail
[8.514s] -- Up-to-date: /home/dihim/me326_ws/install/gazebo_ros_link_attacher/include/gazebo_ros_link_attacher/srv/detail/attach__rosidl_typesupport_fastrtps_c.h
[8.516s] -- Up-to-date: /home/dihim/me326_ws/install/gazebo_ros_link_attacher/lib/libgazebo_ros_link_attacher__rosidl_typesupport_fastrtps_c.so
[8.516s] -- Up-to-date: /home/dihim/me326_ws/install/gazebo_ros_link_attacher/include/gazebo_ros_link_attacher
[8.516s] -- Up-to-date: /home/dihim/me326_ws/install/gazebo_ros_link_attacher/include/gazebo_ros_link_attacher/msg
[8.516s] -- Up-to-date: /home/dihim/me326_ws/install/gazebo_ros_link_attacher/include/gazebo_ros_link_attacher/msg/rosidl_typesupport_fastrtps_cpp__visibility_control.h
[8.517s] -- Up-to-date: /home/dihim/me326_ws/install/gazebo_ros_link_attacher/include/gazebo_ros_link_attacher/srv
[8.517s] -- Up-to-date: /home/dihim/me326_ws/install/gazebo_ros_link_attacher/include/gazebo_ros_link_attacher/srv/detail
[8.517s] -- Up-to-date: /home/dihim/me326_ws/install/gazebo_ros_link_attacher/include/gazebo_ros_link_attacher/srv/detail/attach__rosidl_typesupport_fastrtps_cpp.hpp
[8.517s] -- Up-to-date: /home/dihim/me326_ws/install/gazebo_ros_link_attacher/include/gazebo_ros_link_attacher/srv/detail/dds_fastrtps
[8.518s] -- Up-to-date: /home/dihim/me326_ws/install/gazebo_ros_link_attacher/lib/libgazebo_ros_link_attacher__rosidl_typesupport_fastrtps_cpp.so
[8.519s] -- Up-to-date: /home/dihim/me326_ws/install/gazebo_ros_link_attacher/include/gazebo_ros_link_attacher
[8.519s] -- Up-to-date: /home/dihim/me326_ws/install/gazebo_ros_link_attacher/include/gazebo_ros_link_attacher/msg
[8.519s] -- Up-to-date: /home/dihim/me326_ws/install/gazebo_ros_link_attacher/include/gazebo_ros_link_attacher/msg/rosidl_typesupport_introspection_c__visibility_control.h
[8.519s] -- Up-to-date: /home/dihim/me326_ws/install/gazebo_ros_link_attacher/include/gazebo_ros_link_attacher/srv
[8.519s] -- Up-to-date: /home/dihim/me326_ws/install/gazebo_ros_link_attacher/include/gazebo_ros_link_attacher/srv/detail
[8.519s] -- Up-to-date: /home/dihim/me326_ws/install/gazebo_ros_link_attacher/include/gazebo_ros_link_attacher/srv/detail/attach__rosidl_typesupport_introspection_c.h
[8.519s] -- Up-to-date: /home/dihim/me326_ws/install/gazebo_ros_link_attacher/include/gazebo_ros_link_attacher/srv/detail/attach__type_support.c
[8.520s] -- Up-to-date: /home/dihim/me326_ws/install/gazebo_ros_link_attacher/lib/libgazebo_ros_link_attacher__rosidl_typesupport_introspection_c.so
[8.522s] -- Up-to-date: /home/dihim/me326_ws/install/gazebo_ros_link_attacher/lib/libgazebo_ros_link_attacher__rosidl_typesupport_c.so
[8.522s] -- Up-to-date: /home/dihim/me326_ws/install/gazebo_ros_link_attacher/include/gazebo_ros_link_attacher
[8.522s] -- Up-to-date: /home/dihim/me326_ws/install/gazebo_ros_link_attacher/include/gazebo_ros_link_attacher/srv
[8.522s] -- Up-to-date: /home/dihim/me326_ws/install/gazebo_ros_link_attacher/include/gazebo_ros_link_attacher/srv/detail
[8.522s] -- Up-to-date: /home/dihim/me326_ws/install/gazebo_ros_link_attacher/include/gazebo_ros_link_attacher/srv/detail/attach__struct.hpp
[8.522s] -- Up-to-date: /home/dihim/me326_ws/install/gazebo_ros_link_attacher/include/gazebo_ros_link_attacher/srv/detail/attach__traits.hpp
[8.522s] -- Up-to-date: /home/dihim/me326_ws/install/gazebo_ros_link_attacher/include/gazebo_ros_link_attacher/srv/detail/attach__builder.hpp
[8.522s] -- Up-to-date: /home/dihim/me326_ws/install/gazebo_ros_link_attacher/include/gazebo_ros_link_attacher/srv/attach.hpp
[8.522s] -- Up-to-date: /home/dihim/me326_ws/install/gazebo_ros_link_attacher/include/gazebo_ros_link_attacher
[8.522s] -- Up-to-date: /home/dihim/me326_ws/install/gazebo_ros_link_attacher/include/gazebo_ros_link_attacher/srv
[8.522s] -- Up-to-date: /home/dihim/me326_ws/install/gazebo_ros_link_attacher/include/gazebo_ros_link_attacher/srv/detail
[8.522s] -- Up-to-date: /home/dihim/me326_ws/install/gazebo_ros_link_attacher/include/gazebo_ros_link_attacher/srv/detail/attach__rosidl_typesupport_introspection_cpp.hpp
[8.522s] -- Up-to-date: /home/dihim/me326_ws/install/gazebo_ros_link_attacher/include/gazebo_ros_link_attacher/srv/detail/attach__type_support.cpp
[8.525s] -- Up-to-date: /home/dihim/me326_ws/install/gazebo_ros_link_attacher/lib/libgazebo_ros_link_attacher__rosidl_typesupport_introspection_cpp.so
[8.525s] -- Up-to-date: /home/dihim/me326_ws/install/gazebo_ros_link_attacher/lib/libgazebo_ros_link_attacher__rosidl_typesupport_cpp.so
[8.526s] -- Up-to-date: /home/dihim/me326_ws/install/gazebo_ros_link_attacher/share/gazebo_ros_link_attacher/environment/pythonpath.sh
[8.526s] -- Up-to-date: /home/dihim/me326_ws/install/gazebo_ros_link_attacher/share/gazebo_ros_link_attacher/environment/pythonpath.dsv
[8.526s] -- Up-to-date: /home/dihim/me326_ws/install/gazebo_ros_link_attacher/lib/python3.8/site-packages/gazebo_ros_link_attacher/__init__.py
[8.617s] -- Up-to-date: /home/dihim/me326_ws/install/gazebo_ros_link_attacher/lib/python3.8/site-packages/gazebo_ros_link_attacher/srv
[8.617s] -- Up-to-date: /home/dihim/me326_ws/install/gazebo_ros_link_attacher/lib/python3.8/site-packages/gazebo_ros_link_attacher/srv/__init__.py
[8.617s] -- Up-to-date: /home/dihim/me326_ws/install/gazebo_ros_link_attacher/lib/python3.8/site-packages/gazebo_ros_link_attacher/srv/_attach.py
[8.617s] -- Up-to-date: /home/dihim/me326_ws/install/gazebo_ros_link_attacher/lib/python3.8/site-packages/gazebo_ros_link_attacher/srv/_attach_s.c
[8.618s] -- Up-to-date: /home/dihim/me326_ws/install/gazebo_ros_link_attacher/lib/python3.8/site-packages/gazebo_ros_link_attacher/gazebo_ros_link_attacher_s__rosidl_typesupport_fastrtps_c.cpython-38-aarch64-linux-gnu.so
[8.619s] -- Up-to-date: /home/dihim/me326_ws/install/gazebo_ros_link_attacher/lib/python3.8/site-packages/gazebo_ros_link_attacher/gazebo_ros_link_attacher_s__rosidl_typesupport_introspection_c.cpython-38-aarch64-linux-gnu.so
[8.630s] -- Up-to-date: /home/dihim/me326_ws/install/gazebo_ros_link_attacher/lib/python3.8/site-packages/gazebo_ros_link_attacher/gazebo_ros_link_attacher_s__rosidl_typesupport_c.cpython-38-aarch64-linux-gnu.so
[8.633s] -- Up-to-date: /home/dihim/me326_ws/install/gazebo_ros_link_attacher/lib/libgazebo_ros_link_attacher__python.so
[8.633s] -- Up-to-date: /home/dihim/me326_ws/install/gazebo_ros_link_attacher/share/gazebo_ros_link_attacher/srv/Attach.idl
[8.633s] -- Up-to-date: /home/dihim/me326_ws/install/gazebo_ros_link_attacher/share/gazebo_ros_link_attacher/srv/Attach.srv
[8.633s] -- Up-to-date: /home/dihim/me326_ws/install/gazebo_ros_link_attacher/share/gazebo_ros_link_attacher/srv/Attach_Request.msg
[8.633s] -- Up-to-date: /home/dihim/me326_ws/install/gazebo_ros_link_attacher/share/gazebo_ros_link_attacher/srv/Attach_Response.msg
[8.635s] -- Up-to-date: /home/dihim/me326_ws/install/gazebo_ros_link_attacher/lib/libgazebo_ros_link_attacher_plugin.so
[8.635s] -- Up-to-date: /home/dihim/me326_ws/install/gazebo_ros_link_attacher/lib/gazebo_ros_link_attacher/demo.py
[8.635s] -- Up-to-date: /home/dihim/me326_ws/install/gazebo_ros_link_attacher/lib/gazebo_ros_link_attacher/demo_multiple.py
[8.638s] -- Up-to-date: /home/dihim/me326_ws/install/gazebo_ros_link_attacher/lib/gazebo_ros_link_attacher/spawn_models.py
[8.638s] -- Up-to-date: /home/dihim/me326_ws/install/gazebo_ros_link_attacher/lib/gazebo_ros_link_attacher/attach.py
[8.638s] -- Up-to-date: /home/dihim/me326_ws/install/gazebo_ros_link_attacher/lib/gazebo_ros_link_attacher/detach.py
[8.638s] -- Up-to-date: /home/dihim/me326_ws/install/gazebo_ros_link_attacher/share/gazebo_ros_link_attacher/launch
[8.638s] -- Up-to-date: /home/dihim/me326_ws/install/gazebo_ros_link_attacher/share/gazebo_ros_link_attacher/launch/test_attacher.py
[8.638s] -- Up-to-date: /home/dihim/me326_ws/install/gazebo_ros_link_attacher/share/gazebo_ros_link_attacher/worlds
[8.638s] -- Up-to-date: /home/dihim/me326_ws/install/gazebo_ros_link_attacher/share/gazebo_ros_link_attacher/worlds/test_attacher.world
[8.638s] -- Up-to-date: /home/dihim/me326_ws/install/gazebo_ros_link_attacher/share/ament_index/resource_index/package_run_dependencies/gazebo_ros_link_attacher
[8.638s] -- Up-to-date: /home/dihim/me326_ws/install/gazebo_ros_link_attacher/share/ament_index/resource_index/parent_prefix_path/gazebo_ros_link_attacher
[8.638s] -- Up-to-date: /home/dihim/me326_ws/install/gazebo_ros_link_attacher/share/gazebo_ros_link_attacher/environment/ament_prefix_path.sh
[8.638s] -- Up-to-date: /home/dihim/me326_ws/install/gazebo_ros_link_attacher/share/gazebo_ros_link_attacher/environment/ament_prefix_path.dsv
[8.638s] -- Up-to-date: /home/dihim/me326_ws/install/gazebo_ros_link_attacher/share/gazebo_ros_link_attacher/environment/path.sh
[8.638s] -- Up-to-date: /home/dihim/me326_ws/install/gazebo_ros_link_attacher/share/gazebo_ros_link_attacher/environment/path.dsv
[8.638s] -- Up-to-date: /home/dihim/me326_ws/install/gazebo_ros_link_attacher/share/gazebo_ros_link_attacher/local_setup.bash
[8.638s] -- Up-to-date: /home/dihim/me326_ws/install/gazebo_ros_link_attacher/share/gazebo_ros_link_attacher/local_setup.sh
[8.638s] -- Up-to-date: /home/dihim/me326_ws/install/gazebo_ros_link_attacher/share/gazebo_ros_link_attacher/local_setup.zsh
[8.638s] -- Up-to-date: /home/dihim/me326_ws/install/gazebo_ros_link_attacher/share/gazebo_ros_link_attacher/local_setup.dsv
[8.639s] -- Installing: /home/dihim/me326_ws/install/gazebo_ros_link_attacher/share/gazebo_ros_link_attacher/package.dsv
[8.645s] -- Up-to-date: /home/dihim/me326_ws/install/gazebo_ros_link_attacher/share/ament_index/resource_index/packages/gazebo_ros_link_attacher
[8.646s] -- Up-to-date: /home/dihim/me326_ws/install/gazebo_ros_link_attacher/share/gazebo_ros_link_attacher/cmake/gazebo_ros_link_attacher__rosidl_generator_cExport.cmake
[8.646s] -- Up-to-date: /home/dihim/me326_ws/install/gazebo_ros_link_attacher/share/gazebo_ros_link_attacher/cmake/gazebo_ros_link_attacher__rosidl_generator_cExport-noconfig.cmake
[8.648s] -- Up-to-date: /home/dihim/me326_ws/install/gazebo_ros_link_attacher/share/gazebo_ros_link_attacher/cmake/gazebo_ros_link_attacher__rosidl_typesupport_introspection_cExport.cmake
[8.648s] -- Up-to-date: /home/dihim/me326_ws/install/gazebo_ros_link_attacher/share/gazebo_ros_link_attacher/cmake/gazebo_ros_link_attacher__rosidl_typesupport_introspection_cExport-noconfig.cmake
[8.650s] -- Up-to-date: /home/dihim/me326_ws/install/gazebo_ros_link_attacher/share/gazebo_ros_link_attacher/cmake/gazebo_ros_link_attacher__rosidl_typesupport_cExport.cmake
[8.650s] -- Up-to-date: /home/dihim/me326_ws/install/gazebo_ros_link_attacher/share/gazebo_ros_link_attacher/cmake/gazebo_ros_link_attacher__rosidl_typesupport_cExport-noconfig.cmake
[8.654s] -- Up-to-date: /home/dihim/me326_ws/install/gazebo_ros_link_attacher/share/gazebo_ros_link_attacher/cmake/gazebo_ros_link_attacher__rosidl_generator_cppExport.cmake
[8.660s] -- Up-to-date: /home/dihim/me326_ws/install/gazebo_ros_link_attacher/share/gazebo_ros_link_attacher/cmake/gazebo_ros_link_attacher__rosidl_typesupport_introspection_cppExport.cmake
[8.660s] -- Up-to-date: /home/dihim/me326_ws/install/gazebo_ros_link_attacher/share/gazebo_ros_link_attacher/cmake/gazebo_ros_link_attacher__rosidl_typesupport_introspection_cppExport-noconfig.cmake
[8.660s] -- Up-to-date: /home/dihim/me326_ws/install/gazebo_ros_link_attacher/share/gazebo_ros_link_attacher/cmake/gazebo_ros_link_attacher__rosidl_typesupport_cppExport.cmake
[8.660s] -- Up-to-date: /home/dihim/me326_ws/install/gazebo_ros_link_attacher/share/gazebo_ros_link_attacher/cmake/gazebo_ros_link_attacher__rosidl_typesupport_cppExport-noconfig.cmake
[8.660s] -- Up-to-date: /home/dihim/me326_ws/install/gazebo_ros_link_attacher/share/gazebo_ros_link_attacher/cmake/rosidl_cmake-extras.cmake
[8.660s] -- Up-to-date: /home/dihim/me326_ws/install/gazebo_ros_link_attacher/share/gazebo_ros_link_attacher/cmake/ament_cmake_export_dependencies-extras.cmake
[8.660s] -- Up-to-date: /home/dihim/me326_ws/install/gazebo_ros_link_attacher/share/gazebo_ros_link_attacher/cmake/ament_cmake_export_libraries-extras.cmake
[8.660s] -- Up-to-date: /home/dihim/me326_ws/install/gazebo_ros_link_attacher/share/gazebo_ros_link_attacher/cmake/ament_cmake_export_targets-extras.cmake
[8.660s] -- Up-to-date: /home/dihim/me326_ws/install/gazebo_ros_link_attacher/share/gazebo_ros_link_attacher/cmake/ament_cmake_export_include_directories-extras.cmake
[8.660s] -- Up-to-date: /home/dihim/me326_ws/install/gazebo_ros_link_attacher/share/gazebo_ros_link_attacher/cmake/rosidl_cmake_export_typesupport_libraries-extras.cmake
[8.661s] -- Up-to-date: /home/dihim/me326_ws/install/gazebo_ros_link_attacher/share/gazebo_ros_link_attacher/cmake/rosidl_cmake_export_typesupport_targets-extras.cmake
[8.661s] -- Up-to-date: /home/dihim/me326_ws/install/gazebo_ros_link_attacher/share/gazebo_ros_link_attacher/cmake/gazebo_ros_link_attacherConfig.cmake
[8.661s] -- Up-to-date: /home/dihim/me326_ws/install/gazebo_ros_link_attacher/share/gazebo_ros_link_attacher/cmake/gazebo_ros_link_attacherConfig-version.cmake
[8.661s] -- Up-to-date: /home/dihim/me326_ws/install/gazebo_ros_link_attacher/share/gazebo_ros_link_attacher/package.xml
[9.682s] Invoked command in '/home/dihim/me326_ws/build/gazebo_ros_link_attacher' returned '0': CMAKE_PREFIX_PATH=/home/dihim/me326_ws/install/locobot_yicheng:/home/dihim/me326_ws/install/la_msgs:/home/dihim/me326_ws/install/arm_controller:/home/dihim/me326_ws/install/locobot_controller:/home/dihim/interbotix_ws/install/interbotix_xs_modules:/home/dihim/interbotix_ws/install/interbotix_perception_modules:/home/dihim/interbotix_ws/install/interbotix_common_modules:/opt/ros/galactic:/home/dihim/me326_ws/install/gazebo_ros_link_attacher:/home/dihim/interbotix_ws/install/interbotix_moveit_interface:/home/dihim/interbotix_ws/install/arm_controller:/home/dihim/interbotix_ws/install/moveit_visual_tools:/home/dihim/interbotix_ws/install/interbotix_xslocobot_sim:/home/dihim/interbotix_ws/install/interbotix_xslocobot_moveit:/home/dihim/interbotix_ws/install/interbotix_xslocobot_descriptions:/home/dihim/interbotix_ws/install/interbotix_xs_toolbox:/home/dihim/interbotix_ws/install/interbotix_xs_rviz:/home/dihim/interbotix_ws/install/interbotix_xs_ros_control:/home/dihim/interbotix_ws/install/interbotix_perception_toolbox:/home/dihim/interbotix_ws/install/interbotix_perception_pipelines:/home/dihim/interbotix_ws/install/interbotix_xs_msgs:/home/dihim/interbotix_ws/install/interbotix_tf_tools:/home/dihim/interbotix_ws/install/interbotix_perception_msgs:/home/dihim/interbotix_ws/install/interbotix_moveit_interface_msgs:/home/dihim/interbotix_ws/install/interbotix_common_toolbox:/home/dihim/interbotix_ws/install/interbotix_common_sim /usr/bin/cmake --install /home/dihim/me326_ws/build/gazebo_ros_link_attacher
