[6.077s] Invoking command in '/home/dihim/me326_ws/src/locobot_controller': PYTHONPATH=/home/dihim/me326_ws/build/locobot_controller/prefix_override:/home/dihim/me326_ws/install/locobot_controller/lib/python3.8/site-packages:${PYTHONPATH} /usr/bin/python3 setup.py egg_info --egg-base ../../build/locobot_controller build --build-base /home/dihim/me326_ws/build/locobot_controller/build install --record /home/dihim/me326_ws/build/locobot_controller/install.log --single-version-externally-managed
[6.705s] running egg_info
[6.705s] writing ../../build/locobot_controller/locobot_controller.egg-info/PKG-INFO
[6.705s] writing dependency_links to ../../build/locobot_controller/locobot_controller.egg-info/dependency_links.txt
[6.705s] writing entry points to ../../build/locobot_controller/locobot_controller.egg-info/entry_points.txt
[6.705s] writing requirements to ../../build/locobot_controller/locobot_controller.egg-info/requires.txt
[6.705s] writing top-level names to ../../build/locobot_controller/locobot_controller.egg-info/top_level.txt
[6.761s] reading manifest file '../../build/locobot_controller/locobot_controller.egg-info/SOURCES.txt'
[6.763s] writing manifest file '../../build/locobot_controller/locobot_controller.egg-info/SOURCES.txt'
[6.765s] running build
[6.765s] running build_py
[6.766s] running install
[6.767s] running install_lib
[6.768s] byte-compiling /home/dihim/me326_ws/install/locobot_controller/lib/python3.8/site-packages/locobot_controller/locobot_controller.py to locobot_controller.cpython-38.pyc
[6.771s]   File "/home/dihim/me326_ws/install/locobot_controller/lib/python3.8/site-packages/locobot_controller/locobot_controller.py", line 37
[6.771s]     cy = int(M["m01"]/M["mOO"})
[6.771s]                              ^
[6.771s] SyntaxError: closing parenthesis '}' does not match opening parenthesis '['
[6.771s] 
[6.772s] running install_data
[6.772s] running install_egg_info
[6.773s] removing '/home/dihim/me326_ws/install/locobot_controller/lib/python3.8/site-packages/locobot_controller-0.0.0-py3.8.egg-info' (and everything under it)
[6.773s] Copying ../../build/locobot_controller/locobot_controller.egg-info to /home/dihim/me326_ws/install/locobot_controller/lib/python3.8/site-packages/locobot_controller-0.0.0-py3.8.egg-info
[6.774s] running install_scripts
[6.798s] Installing locobot_controller script to /home/dihim/me326_ws/install/locobot_controller/lib/locobot_controller
[6.798s] writing list of installed files to '/home/dihim/me326_ws/build/locobot_controller/install.log'
[6.955s] Invoked command in '/home/dihim/me326_ws/src/locobot_controller' returned '0': PYTHONPATH=/home/dihim/me326_ws/build/locobot_controller/prefix_override:/home/dihim/me326_ws/install/locobot_controller/lib/python3.8/site-packages:${PYTHONPATH} /usr/bin/python3 setup.py egg_info --egg-base ../../build/locobot_controller build --build-base /home/dihim/me326_ws/build/locobot_controller/build install --record /home/dihim/me326_ws/build/locobot_controller/install.log --single-version-externally-managed
