/home/yicheng/me326_ws/install/locobot_controller/lib/python3.8/site-packages/locobot_controller/__init__.py
/home/yicheng/me326_ws/install/locobot_controller/lib/python3.8/site-packages/locobot_controller/locobot_movement.py
/home/yicheng/me326_ws/install/locobot_controller/lib/python3.8/site-packages/locobot_controller/locobot_perception.py
/home/yicheng/me326_ws/install/locobot_controller/lib/python3.8/site-packages/locobot_controller/locobot_controller.py
/home/yicheng/me326_ws/install/locobot_controller/lib/python3.8/site-packages/locobot_controller/locobot_strategy.py
/home/yicheng/me326_ws/install/locobot_controller/lib/python3.8/site-packages/locobot_controller/__pycache__/__init__.cpython-38.pyc
/home/yicheng/me326_ws/install/locobot_controller/lib/python3.8/site-packages/locobot_controller/__pycache__/locobot_movement.cpython-38.pyc
/home/yicheng/me326_ws/install/locobot_controller/lib/python3.8/site-packages/locobot_controller/__pycache__/locobot_perception.cpython-38.pyc
/home/yicheng/me326_ws/install/locobot_controller/lib/python3.8/site-packages/locobot_controller/__pycache__/locobot_controller.cpython-38.pyc
/home/yicheng/me326_ws/install/locobot_controller/lib/python3.8/site-packages/locobot_controller/__pycache__/locobot_strategy.cpython-38.pyc
/home/yicheng/me326_ws/install/locobot_controller/share/ament_index/resource_index/packages/locobot_controller
/home/yicheng/me326_ws/install/locobot_controller/share/locobot_controller/package.xml
/home/yicheng/me326_ws/install/locobot_controller/lib/python3.8/site-packages/locobot_controller-0.0.0-py3.8.egg-info/requires.txt
/home/yicheng/me326_ws/install/locobot_controller/lib/python3.8/site-packages/locobot_controller-0.0.0-py3.8.egg-info/dependency_links.txt
/home/yicheng/me326_ws/install/locobot_controller/lib/python3.8/site-packages/locobot_controller-0.0.0-py3.8.egg-info/top_level.txt
/home/yicheng/me326_ws/install/locobot_controller/lib/python3.8/site-packages/locobot_controller-0.0.0-py3.8.egg-info/SOURCES.txt
/home/yicheng/me326_ws/install/locobot_controller/lib/python3.8/site-packages/locobot_controller-0.0.0-py3.8.egg-info/PKG-INFO
/home/yicheng/me326_ws/install/locobot_controller/lib/python3.8/site-packages/locobot_controller-0.0.0-py3.8.egg-info/entry_points.txt
/home/yicheng/me326_ws/install/locobot_controller/lib/python3.8/site-packages/locobot_controller-0.0.0-py3.8.egg-info/zip-safe
/home/yicheng/me326_ws/install/locobot_controller/lib/locobot_controller/locobot_controller
