[2.767s] Invoking command in '/home/dihim/me326_ws/build/locobot_yicheng': CMAKE_PREFIX_PATH=${CMAKE_PREFIX_PATH}:/home/dihim/me326_ws/install/locobot_controller:/home/dihim/interbotix_ws/install/interbotix_xs_modules:/home/dihim/interbotix_ws/install/interbotix_perception_modules:/home/dihim/interbotix_ws/install/interbotix_common_modules:/opt/ros/galactic /usr/bin/cmake --build /home/dihim/me326_ws/build/locobot_yicheng -- -j4 -l4
[3.134s] Invoked command in '/home/dihim/me326_ws/build/locobot_yicheng' returned '0': CMAKE_PREFIX_PATH=${CMAKE_PREFIX_PATH}:/home/dihim/me326_ws/install/locobot_controller:/home/dihim/interbotix_ws/install/interbotix_xs_modules:/home/dihim/interbotix_ws/install/interbotix_perception_modules:/home/dihim/interbotix_ws/install/interbotix_common_modules:/opt/ros/galactic /usr/bin/cmake --build /home/dihim/me326_ws/build/locobot_yicheng -- -j4 -l4
[3.311s] Invoking command in '/home/dihim/me326_ws/build/locobot_yicheng': CMAKE_PREFIX_PATH=${CMAKE_PREFIX_PATH}:/home/dihim/me326_ws/install/locobot_controller:/home/dihim/interbotix_ws/install/interbotix_xs_modules:/home/dihim/interbotix_ws/install/interbotix_perception_modules:/home/dihim/interbotix_ws/install/interbotix_common_modules:/opt/ros/galactic /usr/bin/cmake --install /home/dihim/me326_ws/build/locobot_yicheng
[3.416s] -- Install configuration: ""
[3.417s] -- Up-to-date: /home/dihim/me326_ws/install/locobot_yicheng/lib/locobot_yicheng/locobot_control.py
[3.417s] -- Up-to-date: /home/dihim/me326_ws/install/locobot_yicheng/share/ament_index/resource_index/package_run_dependencies/locobot_yicheng
[3.418s] -- Up-to-date: /home/dihim/me326_ws/install/locobot_yicheng/share/ament_index/resource_index/parent_prefix_path/locobot_yicheng
[3.418s] -- Up-to-date: /home/dihim/me326_ws/install/locobot_yicheng/share/locobot_yicheng/environment/ament_prefix_path.sh
[3.420s] -- Up-to-date: /home/dihim/me326_ws/install/locobot_yicheng/share/locobot_yicheng/environment/ament_prefix_path.dsv
[3.420s] -- Up-to-date: /home/dihim/me326_ws/install/locobot_yicheng/share/locobot_yicheng/environment/path.sh
[3.420s] -- Up-to-date: /home/dihim/me326_ws/install/locobot_yicheng/share/locobot_yicheng/environment/path.dsv
[3.420s] -- Up-to-date: /home/dihim/me326_ws/install/locobot_yicheng/share/locobot_yicheng/local_setup.bash
[3.421s] -- Up-to-date: /home/dihim/me326_ws/install/locobot_yicheng/share/locobot_yicheng/local_setup.sh
[3.421s] -- Up-to-date: /home/dihim/me326_ws/install/locobot_yicheng/share/locobot_yicheng/local_setup.zsh
[3.422s] -- Up-to-date: /home/dihim/me326_ws/install/locobot_yicheng/share/locobot_yicheng/local_setup.dsv
[3.422s] -- Installing: /home/dihim/me326_ws/install/locobot_yicheng/share/locobot_yicheng/package.dsv
[3.424s] -- Up-to-date: /home/dihim/me326_ws/install/locobot_yicheng/share/ament_index/resource_index/packages/locobot_yicheng
[3.424s] -- Up-to-date: /home/dihim/me326_ws/install/locobot_yicheng/share/locobot_yicheng/cmake/locobot_yichengConfig.cmake
[3.425s] -- Up-to-date: /home/dihim/me326_ws/install/locobot_yicheng/share/locobot_yicheng/cmake/locobot_yichengConfig-version.cmake
[3.425s] -- Up-to-date: /home/dihim/me326_ws/install/locobot_yicheng/share/locobot_yicheng/package.xml
[3.430s] Invoked command in '/home/dihim/me326_ws/build/locobot_yicheng' returned '0': CMAKE_PREFIX_PATH=${CMAKE_PREFIX_PATH}:/home/dihim/me326_ws/install/locobot_controller:/home/dihim/interbotix_ws/install/interbotix_xs_modules:/home/dihim/interbotix_ws/install/interbotix_perception_modules:/home/dihim/interbotix_ws/install/interbotix_common_modules:/opt/ros/galactic /usr/bin/cmake --install /home/dihim/me326_ws/build/locobot_yicheng
