[01m[K/home/dihim/me326_ws/src/arm_controller/src/moveit_interface.cpp:[m[K In member function ‘[01m[Kvoid MyNode::pick_callback(geometry_msgs::msg::PoseStamped_<std::allocator<void> >::SharedPtr) const[m[K’:
[01m[K/home/dihim/me326_ws/src/arm_controller/src/moveit_interface.cpp:31:60:[m[K [01;31m[Kerror: [m[K‘[01m[Kconst SharedPtr[m[K’ {aka ‘[01m[Kconst class std::shared_ptr<geometry_msgs::msg::PoseStamped_<std::allocator<void> > >[m[K’} has no member named ‘[01m[Kcopy[m[K’
   31 |         geometry_msgs::msg::PoseStamped target_pose = pose.[01;31m[Kcopy[m[K();
      |                                                            [01;31m[K^~~~[m[K
[01m[K/home/dihim/me326_ws/src/arm_controller/src/moveit_interface.cpp:33:20:[m[K [01;31m[Kerror: [m[Kbase operand of ‘[01m[K->[m[K’ has non-pointer type ‘[01m[Kgeometry_msgs::msg::PoseStamped[m[K’ {aka ‘[01m[Kgeometry_msgs::msg::PoseStamped_<std::allocator<void> >[m[K’}
   33 |         target_pose[01;31m[K->[m[Kpose.position.z = 0.02;
      |                    [01;31m[K^~[m[K
[01m[K/home/dihim/me326_ws/src/arm_controller/src/moveit_interface.cpp:40:20:[m[K [01;31m[Kerror: [m[Kbase operand of ‘[01m[K->[m[K’ has non-pointer type ‘[01m[Kgeometry_msgs::msg::PoseStamped[m[K’ {aka ‘[01m[Kgeometry_msgs::msg::PoseStamped_<std::allocator<void> >[m[K’}
   40 |         target_pose[01;31m[K->[m[Kpose.orientation.x = v(0) * std::sin(th / 2);
      |                    [01;31m[K^~[m[K
[01m[K/home/dihim/me326_ws/src/arm_controller/src/moveit_interface.cpp:41:20:[m[K [01;31m[Kerror: [m[Kbase operand of ‘[01m[K->[m[K’ has non-pointer type ‘[01m[Kgeometry_msgs::msg::PoseStamped[m[K’ {aka ‘[01m[Kgeometry_msgs::msg::PoseStamped_<std::allocator<void> >[m[K’}
   41 |         target_pose[01;31m[K->[m[Kpose.orientation.y = v(1) * std::sin(th / 2);
      |                    [01;31m[K^~[m[K
[01m[K/home/dihim/me326_ws/src/arm_controller/src/moveit_interface.cpp:42:20:[m[K [01;31m[Kerror: [m[Kbase operand of ‘[01m[K->[m[K’ has non-pointer type ‘[01m[Kgeometry_msgs::msg::PoseStamped[m[K’ {aka ‘[01m[Kgeometry_msgs::msg::PoseStamped_<std::allocator<void> >[m[K’}
   42 |         target_pose[01;31m[K->[m[Kpose.orientation.z = v(2) * std::sin(th / 2);
      |                    [01;31m[K^~[m[K
[01m[K/home/dihim/me326_ws/src/arm_controller/src/moveit_interface.cpp:43:20:[m[K [01;31m[Kerror: [m[Kbase operand of ‘[01m[K->[m[K’ has non-pointer type ‘[01m[Kgeometry_msgs::msg::PoseStamped[m[K’ {aka ‘[01m[Kgeometry_msgs::msg::PoseStamped_<std::allocator<void> >[m[K’}
   43 |         target_pose[01;31m[K->[m[Kpose.orientation.w = std::cos(th / 2);
      |                    [01;31m[K^~[m[K
[01m[K/home/dihim/me326_ws/src/arm_controller/src/moveit_interface.cpp:47:59:[m[K [01;31m[Kerror: [m[Kbase operand of ‘[01m[K->[m[K’ has non-pointer type ‘[01m[Kgeometry_msgs::msg::PoseStamped[m[K’ {aka ‘[01m[Kgeometry_msgs::msg::PoseStamped_<std::allocator<void> >[m[K’}
   47 |         moveit_interface_->moveit_plan_ee_pose(target_pose[01;31m[K->[m[Kpose);
      |                                                           [01;31m[K^~[m[K
[01m[K/home/dihim/me326_ws/src/arm_controller/src/moveit_interface.cpp:[m[K In member function ‘[01m[Kvoid MyNode::drop_callback(geometry_msgs::msg::PoseStamped_<std::allocator<void> >::SharedPtr) const[m[K’:
[01m[K/home/dihim/me326_ws/src/arm_controller/src/moveit_interface.cpp:54:60:[m[K [01;31m[Kerror: [m[K‘[01m[Kconst SharedPtr[m[K’ {aka ‘[01m[Kconst class std::shared_ptr<geometry_msgs::msg::PoseStamped_<std::allocator<void> > >[m[K’} has no member named ‘[01m[Kcopy[m[K’
   54 |         geometry_msgs::msg::PoseStamped target_pose = pose.[01;31m[Kcopy[m[K();
      |                                                            [01;31m[K^~~~[m[K
[01m[K/home/dihim/me326_ws/src/arm_controller/src/moveit_interface.cpp:60:20:[m[K [01;31m[Kerror: [m[Kbase operand of ‘[01m[K->[m[K’ has non-pointer type ‘[01m[Kgeometry_msgs::msg::PoseStamped[m[K’ {aka ‘[01m[Kgeometry_msgs::msg::PoseStamped_<std::allocator<void> >[m[K’}
   60 |         target_pose[01;31m[K->[m[Kpose.position.z = 0.02; // Adjust the drop height as necessary.
      |                    [01;31m[K^~[m[K
[01m[K/home/dihim/me326_ws/src/arm_controller/src/moveit_interface.cpp:64:59:[m[K [01;31m[Kerror: [m[Kbase operand of ‘[01m[K->[m[K’ has non-pointer type ‘[01m[Kgeometry_msgs::msg::PoseStamped[m[K’ {aka ‘[01m[Kgeometry_msgs::msg::PoseStamped_<std::allocator<void> >[m[K’}
   64 |         moveit_interface_->moveit_plan_ee_pose(target_pose[01;31m[K->[m[Kpose);
      |                                                           [01;31m[K^~[m[K
make[2]: *** [CMakeFiles/arm_controller.dir/build.make:63: CMakeFiles/arm_controller.dir/src/moveit_interface.cpp.o] Error 1
make[1]: *** [CMakeFiles/Makefile2:78: CMakeFiles/arm_controller.dir/all] Error 2
make: *** [Makefile:141: all] Error 2
