[0.560s] Invoking command in '/home/dihim/me326_ws/build/gazebo_ros_link_attacher': CMAKE_PREFIX_PATH=${CMAKE_PREFIX_PATH}:/home/dihim/interbotix_ws/install/interbotix_xs_modules:/home/dihim/interbotix_ws/install/interbotix_perception_modules:/home/dihim/interbotix_ws/install/interbotix_common_modules:/opt/ros/galactic /usr/bin/cmake /home/dihim/me326_ws/src/gazebo_ros_link_attacher -DCMAKE_INSTALL_PREFIX=/home/dihim/me326_ws/install/gazebo_ros_link_attacher
[0.571s] -- Found ament_cmake: 1.1.6 (/opt/ros/galactic/share/ament_cmake/cmake)
[0.588s] -- Found PythonInterp: /usr/bin/python3 (found suitable version "3.8.10", minimum required is "3") 
[0.588s] -- Using PYTHON_EXECUTABLE: /usr/bin/python3
[0.630s] -- Found rclcpp: 9.2.2 (/opt/ros/galactic/share/rclcpp/cmake)
[0.653s] -- Using all available rosidl_typesupport_c: rosidl_typesupport_fastrtps_c;rosidl_typesupport_introspection_c
[0.655s] -- Found rosidl_adapter: 2.2.3 (/opt/ros/galactic/share/rosidl_adapter/cmake)
[0.754s] -- Using all available rosidl_typesupport_cpp: rosidl_typesupport_fastrtps_cpp;rosidl_typesupport_introspection_cpp
[0.784s] -- Found rmw_implementation_cmake: 3.3.1 (/opt/ros/galactic/share/rmw_implementation_cmake/cmake)
[0.785s] -- Found rmw_cyclonedds_cpp: 0.22.6 (/opt/ros/galactic/share/rmw_cyclonedds_cpp/cmake)
[0.795s] -- Using RMW implementation 'rmw_cyclonedds_cpp' as default
[0.877s] -- Found gazebo_ros: 3.5.2 (/opt/ros/galactic/share/gazebo_ros/cmake)
[0.912s] -- Found DART: /usr/include (Required is at least version "6.6") found components: dart 
[0.937s] -- Found Protobuf: /usr/lib/aarch64-linux-gnu/libprotobuf.so;-lpthread (found version "3.6.1") 
[0.938s] -- Looking for ignition-math6 -- found version 6.15.1
[0.941s] -- Searching for dependencies of ignition-math6
[0.942s] -- Looking for OGRE...
[0.954s] -- Found Ogre Ghadamon (1.9.0)
[0.954s] -- Found OGRE: optimized;/usr/lib/aarch64-linux-gnu/libOgreMain.so;debug;/usr/lib/aarch64-linux-gnu/libOgreMain.so
[0.954s] -- Looking for OGRE_Paging...
[0.954s] -- Found OGRE_Paging: optimized;/usr/lib/aarch64-linux-gnu/libOgrePaging.so;debug;/usr/lib/aarch64-linux-gnu/libOgrePaging.so
[0.954s] -- Looking for OGRE_Terrain...
[0.954s] -- Found OGRE_Terrain: optimized;/usr/lib/aarch64-linux-gnu/libOgreTerrain.so;debug;/usr/lib/aarch64-linux-gnu/libOgreTerrain.so
[0.954s] -- Looking for OGRE_Property...
[0.954s] -- Found OGRE_Property: optimized;/usr/lib/aarch64-linux-gnu/libOgreProperty.so;debug;/usr/lib/aarch64-linux-gnu/libOgreProperty.so
[0.954s] -- Looking for OGRE_RTShaderSystem...
[0.954s] -- Found OGRE_RTShaderSystem: optimized;/usr/lib/aarch64-linux-gnu/libOgreRTShaderSystem.so;debug;/usr/lib/aarch64-linux-gnu/libOgreRTShaderSystem.so
[0.954s] -- Looking for OGRE_Volume...
[0.954s] -- Found OGRE_Volume: optimized;/usr/lib/aarch64-linux-gnu/libOgreVolume.so;debug;/usr/lib/aarch64-linux-gnu/libOgreVolume.so
[0.954s] -- Looking for OGRE_Overlay...
[0.954s] -- Found OGRE_Overlay: optimized;/usr/lib/aarch64-linux-gnu/libOgreOverlay.so;debug;/usr/lib/aarch64-linux-gnu/libOgreOverlay.so
[1.065s] -- Looking for ignition-math6 -- found version 6.15.1
[1.065s] -- Looking for ignition-transport8 -- found version 8.3.0
[1.065s] -- Searching for dependencies of ignition-transport8
[1.075s] -- Found Protobuf: /usr/lib/aarch64-linux-gnu/libprotobuf.so;-lpthread (found suitable version "3.6.1", minimum required is "3") 
[1.087s] -- Config-file not installed for ZeroMQ -- checking for pkg-config
[1.091s] -- Checking for module 'libzmq >= 4'
[1.121s] --   Found libzmq , version 4.3.2
[1.155s] -- Checking for module 'uuid'
[1.197s] --   Found uuid, version 2.34.0
[1.225s] -- Looking for ignition-msgs5 -- found version 5.10.0
[1.225s] -- Searching for dependencies of ignition-msgs5
[1.239s] -- Looking for ignition-math6 -- found version 6.15.1
[1.242s] -- Checking for module 'tinyxml2'
[1.283s] --   Found tinyxml2, version 6.2.0
[1.361s] -- Looking for ignition-msgs5 -- found version 5.10.0
[1.362s] -- Looking for ignition-common3 -- found version 3.14.2
[1.362s] -- Searching for dependencies of ignition-common3
[1.363s] -- Looking for dlfcn.h - found
[1.363s] -- Looking for libdl - found
[1.369s] -- Searching for <ignition-common3> component [graphics]
[1.369s] -- Looking for ignition-common3-graphics -- found version 3.14.2
[1.370s] -- Searching for dependencies of ignition-common3-graphics
[1.370s] -- Looking for ignition-math6 -- found version 6.15.1
[1.371s] -- Looking for ignition-fuel_tools4 -- found version 4.6.0
[1.371s] -- Searching for dependencies of ignition-fuel_tools4
[1.387s] -- Checking for module 'jsoncpp'
[1.395s] --   Found jsoncpp, version 1.7.4
[1.418s] -- Checking for module 'libzip'
[1.427s] --   Found libzip, version 1.5.1
[1.448s] -- Looking for ignition-common3 -- found version 3.14.2
[1.448s] -- Looking for ignition-math6 -- found version 6.15.1
[1.448s] -- Looking for ignition-msgs5 -- found version 5.10.0
[1.451s] -- Gazebo version: 11.11
[1.453s] -- Found rosidl_default_generators: 1.1.1 (/opt/ros/galactic/share/rosidl_default_generators/cmake)
[1.470s] -- Found PythonInterp: /usr/bin/python3 (found version "3.8.10") 
[1.554s] -- Found ament_cmake_ros: 0.9.2 (/opt/ros/galactic/share/ament_cmake_ros/cmake)
[1.658s] -- Using all available rosidl_typesupport_c: rosidl_typesupport_fastrtps_c;rosidl_typesupport_introspection_c
[1.691s] -- Using all available rosidl_typesupport_cpp: rosidl_typesupport_fastrtps_cpp;rosidl_typesupport_introspection_cpp
[1.706s] -- Found PythonInterp: /usr/bin/python3 (found suitable version "3.8.10", minimum required is "3.5") 
[1.706s] -- Found python_cmake_module: 0.8.1 (/opt/ros/galactic/share/python_cmake_module/cmake)
[1.718s] -- Using PYTHON_EXECUTABLE: /usr/bin/python3
[1.718s] -- Using PYTHON_INCLUDE_DIRS: /usr/include/python3.8
[1.718s] -- Using PYTHON_LIBRARIES: /usr/lib/aarch64-linux-gnu/libpython3.8.so
[1.740s] CMake Error at CMakeLists.txt:59 (rosidl_get_typesupport_target):
[1.740s]   Unknown CMake command "rosidl_get_typesupport_target".
[1.740s] 
[1.741s] 
[1.742s] -- Configuring incomplete, errors occurred!
[1.742s] See also "/home/dihim/me326_ws/build/gazebo_ros_link_attacher/CMakeFiles/CMakeOutput.log".
[1.742s] See also "/home/dihim/me326_ws/build/gazebo_ros_link_attacher/CMakeFiles/CMakeError.log".
[2.206s] Invoked command in '/home/dihim/me326_ws/build/gazebo_ros_link_attacher' returned '1': CMAKE_PREFIX_PATH=${CMAKE_PREFIX_PATH}:/home/dihim/interbotix_ws/install/interbotix_xs_modules:/home/dihim/interbotix_ws/install/interbotix_perception_modules:/home/dihim/interbotix_ws/install/interbotix_common_modules:/opt/ros/galactic /usr/bin/cmake /home/dihim/me326_ws/src/gazebo_ros_link_attacher -DCMAKE_INSTALL_PREFIX=/home/dihim/me326_ws/install/gazebo_ros_link_attacher
