[0.723s] Invoking command in '/home/dihim/me326_ws/build/gazebo_ros_link_attacher': CMAKE_PREFIX_PATH=${CMAKE_PREFIX_PATH}:/home/dihim/interbotix_ws/install/interbotix_xs_modules:/home/dihim/interbotix_ws/install/interbotix_perception_modules:/home/dihim/interbotix_ws/install/interbotix_common_modules:/opt/ros/galactic /usr/bin/cmake --build /home/dihim/me326_ws/build/gazebo_ros_link_attacher -- -j4 -l4
[1.023s] [  9%] Built target gazebo_ros_link_attacher__rosidl_generator_c
[1.023s] [ 12%] Built target gazebo_ros_link_attacher__cpp
[1.023s] [ 21%] Built target gazebo_ros_link_attacher__rosidl_typesupport_introspection_c
[1.023s] [ 30%] Built target gazebo_ros_link_attacher__rosidl_typesupport_introspection_cpp
[1.023s] [ 39%] Built target gazebo_ros_link_attacher__rosidl_typesupport_c
[1.023s] [ 48%] Built target gazebo_ros_link_attacher__rosidl_typesupport_fastrtps_cpp
[1.023s] [ 57%] Built target gazebo_ros_link_attacher__rosidl_typesupport_cpp
[1.023s] [ 66%] Built target gazebo_ros_link_attacher__rosidl_typesupport_fastrtps_c
[1.023s] [ 66%] Built target gazebo_ros_link_attacher
[1.023s] [ 69%] Built target gazebo_ros_link_attacher__py
[1.023s] [ 75%] Built target gazebo_ros_link_attacher_plugin
[1.023s] [ 81%] Built target gazebo_ros_link_attacher__python
[1.023s] [ 87%] Built target gazebo_ros_link_attacher__rosidl_typesupport_c__pyext
[1.023s] [ 93%] Built target gazebo_ros_link_attacher__rosidl_typesupport_introspection_c__pyext
[1.023s] [100%] Built target gazebo_ros_link_attacher__rosidl_typesupport_fastrtps_c__pyext
[1.028s] Invoked command in '/home/dihim/me326_ws/build/gazebo_ros_link_attacher' returned '0': CMAKE_PREFIX_PATH=${CMAKE_PREFIX_PATH}:/home/dihim/interbotix_ws/install/interbotix_xs_modules:/home/dihim/interbotix_ws/install/interbotix_perception_modules:/home/dihim/interbotix_ws/install/interbotix_common_modules:/opt/ros/galactic /usr/bin/cmake --build /home/dihim/me326_ws/build/gazebo_ros_link_attacher -- -j4 -l4
[1.231s] Invoking command in '/home/dihim/me326_ws/build/gazebo_ros_link_attacher': CMAKE_PREFIX_PATH=${CMAKE_PREFIX_PATH}:/home/dihim/interbotix_ws/install/interbotix_xs_modules:/home/dihim/interbotix_ws/install/interbotix_perception_modules:/home/dihim/interbotix_ws/install/interbotix_common_modules:/opt/ros/galactic /usr/bin/cmake --install /home/dihim/me326_ws/build/gazebo_ros_link_attacher
[1.247s] -- Install configuration: ""
[1.247s] -- Up-to-date: /home/dihim/me326_ws/install/gazebo_ros_link_attacher/share/ament_index/resource_index/rosidl_interfaces/gazebo_ros_link_attacher
[1.247s] -- Up-to-date: /home/dihim/me326_ws/install/gazebo_ros_link_attacher/include/gazebo_ros_link_attacher
[1.247s] -- Up-to-date: /home/dihim/me326_ws/install/gazebo_ros_link_attacher/include/gazebo_ros_link_attacher/msg
[1.247s] -- Up-to-date: /home/dihim/me326_ws/install/gazebo_ros_link_attacher/include/gazebo_ros_link_attacher/msg/rosidl_generator_c__visibility_control.h
[1.247s] -- Up-to-date: /home/dihim/me326_ws/install/gazebo_ros_link_attacher/include/gazebo_ros_link_attacher/srv
[1.247s] -- Up-to-date: /home/dihim/me326_ws/install/gazebo_ros_link_attacher/include/gazebo_ros_link_attacher/srv/detail
[1.247s] -- Up-to-date: /home/dihim/me326_ws/install/gazebo_ros_link_attacher/include/gazebo_ros_link_attacher/srv/detail/attach__struct.h
[1.247s] -- Up-to-date: /home/dihim/me326_ws/install/gazebo_ros_link_attacher/include/gazebo_ros_link_attacher/srv/detail/attach__type_support.h
[1.248s] -- Up-to-date: /home/dihim/me326_ws/install/gazebo_ros_link_attacher/include/gazebo_ros_link_attacher/srv/detail/attach__functions.c
[1.248s] -- Up-to-date: /home/dihim/me326_ws/install/gazebo_ros_link_attacher/include/gazebo_ros_link_attacher/srv/detail/attach__functions.h
[1.248s] -- Up-to-date: /home/dihim/me326_ws/install/gazebo_ros_link_attacher/include/gazebo_ros_link_attacher/srv/attach.h
[1.248s] -- Up-to-date: /home/dihim/me326_ws/install/gazebo_ros_link_attacher/share/gazebo_ros_link_attacher/environment/library_path.sh
[1.248s] -- Up-to-date: /home/dihim/me326_ws/install/gazebo_ros_link_attacher/share/gazebo_ros_link_attacher/environment/library_path.dsv
[1.248s] -- Up-to-date: /home/dihim/me326_ws/install/gazebo_ros_link_attacher/lib/libgazebo_ros_link_attacher__rosidl_generator_c.so
[1.248s] -- Up-to-date: /home/dihim/me326_ws/install/gazebo_ros_link_attacher/include/gazebo_ros_link_attacher
[1.248s] -- Up-to-date: /home/dihim/me326_ws/install/gazebo_ros_link_attacher/include/gazebo_ros_link_attacher/msg
[1.248s] -- Up-to-date: /home/dihim/me326_ws/install/gazebo_ros_link_attacher/include/gazebo_ros_link_attacher/msg/rosidl_typesupport_fastrtps_c__visibility_control.h
[1.248s] -- Up-to-date: /home/dihim/me326_ws/install/gazebo_ros_link_attacher/include/gazebo_ros_link_attacher/srv
[1.248s] -- Up-to-date: /home/dihim/me326_ws/install/gazebo_ros_link_attacher/include/gazebo_ros_link_attacher/srv/detail
[1.248s] -- Up-to-date: /home/dihim/me326_ws/install/gazebo_ros_link_attacher/include/gazebo_ros_link_attacher/srv/detail/attach__rosidl_typesupport_fastrtps_c.h
[1.248s] -- Up-to-date: /home/dihim/me326_ws/install/gazebo_ros_link_attacher/lib/libgazebo_ros_link_attacher__rosidl_typesupport_fastrtps_c.so
[1.248s] -- Up-to-date: /home/dihim/me326_ws/install/gazebo_ros_link_attacher/include/gazebo_ros_link_attacher
[1.248s] -- Up-to-date: /home/dihim/me326_ws/install/gazebo_ros_link_attacher/include/gazebo_ros_link_attacher/msg
[1.248s] -- Up-to-date: /home/dihim/me326_ws/install/gazebo_ros_link_attacher/include/gazebo_ros_link_attacher/msg/rosidl_typesupport_fastrtps_cpp__visibility_control.h
[1.248s] -- Up-to-date: /home/dihim/me326_ws/install/gazebo_ros_link_attacher/include/gazebo_ros_link_attacher/srv
[1.248s] -- Up-to-date: /home/dihim/me326_ws/install/gazebo_ros_link_attacher/include/gazebo_ros_link_attacher/srv/detail
[1.248s] -- Up-to-date: /home/dihim/me326_ws/install/gazebo_ros_link_attacher/include/gazebo_ros_link_attacher/srv/detail/attach__rosidl_typesupport_fastrtps_cpp.hpp
[1.248s] -- Up-to-date: /home/dihim/me326_ws/install/gazebo_ros_link_attacher/include/gazebo_ros_link_attacher/srv/detail/dds_fastrtps
[1.254s] -- Up-to-date: /home/dihim/me326_ws/install/gazebo_ros_link_attacher/lib/libgazebo_ros_link_attacher__rosidl_typesupport_fastrtps_cpp.so
[1.255s] -- Up-to-date: /home/dihim/me326_ws/install/gazebo_ros_link_attacher/include/gazebo_ros_link_attacher
[1.255s] -- Up-to-date: /home/dihim/me326_ws/install/gazebo_ros_link_attacher/include/gazebo_ros_link_attacher/msg
[1.255s] -- Up-to-date: /home/dihim/me326_ws/install/gazebo_ros_link_attacher/include/gazebo_ros_link_attacher/msg/rosidl_typesupport_introspection_c__visibility_control.h
[1.255s] -- Up-to-date: /home/dihim/me326_ws/install/gazebo_ros_link_attacher/include/gazebo_ros_link_attacher/srv
[1.255s] -- Up-to-date: /home/dihim/me326_ws/install/gazebo_ros_link_attacher/include/gazebo_ros_link_attacher/srv/detail
[1.255s] -- Up-to-date: /home/dihim/me326_ws/install/gazebo_ros_link_attacher/include/gazebo_ros_link_attacher/srv/detail/attach__rosidl_typesupport_introspection_c.h
[1.255s] -- Up-to-date: /home/dihim/me326_ws/install/gazebo_ros_link_attacher/include/gazebo_ros_link_attacher/srv/detail/attach__type_support.c
[1.256s] -- Up-to-date: /home/dihim/me326_ws/install/gazebo_ros_link_attacher/lib/libgazebo_ros_link_attacher__rosidl_typesupport_introspection_c.so
[1.256s] -- Up-to-date: /home/dihim/me326_ws/install/gazebo_ros_link_attacher/lib/libgazebo_ros_link_attacher__rosidl_typesupport_c.so
[1.256s] -- Up-to-date: /home/dihim/me326_ws/install/gazebo_ros_link_attacher/include/gazebo_ros_link_attacher
[1.257s] -- Up-to-date: /home/dihim/me326_ws/install/gazebo_ros_link_attacher/include/gazebo_ros_link_attacher/srv
[1.261s] -- Up-to-date: /home/dihim/me326_ws/install/gazebo_ros_link_attacher/include/gazebo_ros_link_attacher/srv/detail
[1.261s] -- Up-to-date: /home/dihim/me326_ws/install/gazebo_ros_link_attacher/include/gazebo_ros_link_attacher/srv/detail/attach__struct.hpp
[1.261s] -- Up-to-date: /home/dihim/me326_ws/install/gazebo_ros_link_attacher/include/gazebo_ros_link_attacher/srv/detail/attach__traits.hpp
[1.261s] -- Up-to-date: /home/dihim/me326_ws/install/gazebo_ros_link_attacher/include/gazebo_ros_link_attacher/srv/detail/attach__builder.hpp
[1.261s] -- Up-to-date: /home/dihim/me326_ws/install/gazebo_ros_link_attacher/include/gazebo_ros_link_attacher/srv/attach.hpp
[1.261s] -- Up-to-date: /home/dihim/me326_ws/install/gazebo_ros_link_attacher/include/gazebo_ros_link_attacher
[1.261s] -- Up-to-date: /home/dihim/me326_ws/install/gazebo_ros_link_attacher/include/gazebo_ros_link_attacher/srv
[1.261s] -- Up-to-date: /home/dihim/me326_ws/install/gazebo_ros_link_attacher/include/gazebo_ros_link_attacher/srv/detail
[1.261s] -- Up-to-date: /home/dihim/me326_ws/install/gazebo_ros_link_attacher/include/gazebo_ros_link_attacher/srv/detail/attach__rosidl_typesupport_introspection_cpp.hpp
[1.261s] -- Up-to-date: /home/dihim/me326_ws/install/gazebo_ros_link_attacher/include/gazebo_ros_link_attacher/srv/detail/attach__type_support.cpp
[1.261s] -- Up-to-date: /home/dihim/me326_ws/install/gazebo_ros_link_attacher/lib/libgazebo_ros_link_attacher__rosidl_typesupport_introspection_cpp.so
[1.261s] -- Up-to-date: /home/dihim/me326_ws/install/gazebo_ros_link_attacher/lib/libgazebo_ros_link_attacher__rosidl_typesupport_cpp.so
[1.261s] -- Up-to-date: /home/dihim/me326_ws/install/gazebo_ros_link_attacher/share/gazebo_ros_link_attacher/environment/pythonpath.sh
[1.262s] -- Up-to-date: /home/dihim/me326_ws/install/gazebo_ros_link_attacher/share/gazebo_ros_link_attacher/environment/pythonpath.dsv
[1.262s] -- Up-to-date: /home/dihim/me326_ws/install/gazebo_ros_link_attacher/lib/python3.8/site-packages/gazebo_ros_link_attacher/__init__.py
[1.283s] -- Up-to-date: /home/dihim/me326_ws/install/gazebo_ros_link_attacher/lib/python3.8/site-packages/gazebo_ros_link_attacher/srv
[1.283s] -- Up-to-date: /home/dihim/me326_ws/install/gazebo_ros_link_attacher/lib/python3.8/site-packages/gazebo_ros_link_attacher/srv/__init__.py
[1.283s] -- Up-to-date: /home/dihim/me326_ws/install/gazebo_ros_link_attacher/lib/python3.8/site-packages/gazebo_ros_link_attacher/srv/_attach.py
[1.283s] -- Up-to-date: /home/dihim/me326_ws/install/gazebo_ros_link_attacher/lib/python3.8/site-packages/gazebo_ros_link_attacher/srv/_attach_s.c
[1.283s] -- Up-to-date: /home/dihim/me326_ws/install/gazebo_ros_link_attacher/lib/python3.8/site-packages/gazebo_ros_link_attacher/gazebo_ros_link_attacher_s__rosidl_typesupport_fastrtps_c.cpython-38-aarch64-linux-gnu.so
[1.283s] -- Up-to-date: /home/dihim/me326_ws/install/gazebo_ros_link_attacher/lib/python3.8/site-packages/gazebo_ros_link_attacher/gazebo_ros_link_attacher_s__rosidl_typesupport_introspection_c.cpython-38-aarch64-linux-gnu.so
[1.283s] -- Up-to-date: /home/dihim/me326_ws/install/gazebo_ros_link_attacher/lib/python3.8/site-packages/gazebo_ros_link_attacher/gazebo_ros_link_attacher_s__rosidl_typesupport_c.cpython-38-aarch64-linux-gnu.so
[1.283s] -- Up-to-date: /home/dihim/me326_ws/install/gazebo_ros_link_attacher/lib/libgazebo_ros_link_attacher__python.so
[1.283s] -- Up-to-date: /home/dihim/me326_ws/install/gazebo_ros_link_attacher/share/gazebo_ros_link_attacher/srv/Attach.idl
[1.283s] -- Up-to-date: /home/dihim/me326_ws/install/gazebo_ros_link_attacher/share/gazebo_ros_link_attacher/srv/Attach.srv
[1.283s] -- Up-to-date: /home/dihim/me326_ws/install/gazebo_ros_link_attacher/share/gazebo_ros_link_attacher/srv/Attach_Request.msg
[1.283s] -- Up-to-date: /home/dihim/me326_ws/install/gazebo_ros_link_attacher/share/gazebo_ros_link_attacher/srv/Attach_Response.msg
[1.283s] -- Up-to-date: /home/dihim/me326_ws/install/gazebo_ros_link_attacher/lib/libgazebo_ros_link_attacher_plugin.so
[1.283s] -- Up-to-date: /home/dihim/me326_ws/install/gazebo_ros_link_attacher/lib/gazebo_ros_link_attacher/demo.py
[1.283s] -- Up-to-date: /home/dihim/me326_ws/install/gazebo_ros_link_attacher/lib/gazebo_ros_link_attacher/demo_multiple.py
[1.283s] -- Up-to-date: /home/dihim/me326_ws/install/gazebo_ros_link_attacher/lib/gazebo_ros_link_attacher/spawn_models.py
[1.283s] -- Up-to-date: /home/dihim/me326_ws/install/gazebo_ros_link_attacher/lib/gazebo_ros_link_attacher/attach.py
[1.284s] -- Up-to-date: /home/dihim/me326_ws/install/gazebo_ros_link_attacher/lib/gazebo_ros_link_attacher/detach.py
[1.284s] -- Up-to-date: /home/dihim/me326_ws/install/gazebo_ros_link_attacher/share/gazebo_ros_link_attacher/launch
[1.284s] -- Up-to-date: /home/dihim/me326_ws/install/gazebo_ros_link_attacher/share/gazebo_ros_link_attacher/launch/test_attacher.py
[1.284s] -- Up-to-date: /home/dihim/me326_ws/install/gazebo_ros_link_attacher/share/gazebo_ros_link_attacher/worlds
[1.284s] -- Up-to-date: /home/dihim/me326_ws/install/gazebo_ros_link_attacher/share/gazebo_ros_link_attacher/worlds/test_attacher.world
[1.284s] -- Up-to-date: /home/dihim/me326_ws/install/gazebo_ros_link_attacher/share/ament_index/resource_index/package_run_dependencies/gazebo_ros_link_attacher
[1.284s] -- Up-to-date: /home/dihim/me326_ws/install/gazebo_ros_link_attacher/share/ament_index/resource_index/parent_prefix_path/gazebo_ros_link_attacher
[1.284s] -- Up-to-date: /home/dihim/me326_ws/install/gazebo_ros_link_attacher/share/gazebo_ros_link_attacher/environment/ament_prefix_path.sh
[1.284s] -- Up-to-date: /home/dihim/me326_ws/install/gazebo_ros_link_attacher/share/gazebo_ros_link_attacher/environment/ament_prefix_path.dsv
[1.284s] -- Up-to-date: /home/dihim/me326_ws/install/gazebo_ros_link_attacher/share/gazebo_ros_link_attacher/environment/path.sh
[1.284s] -- Up-to-date: /home/dihim/me326_ws/install/gazebo_ros_link_attacher/share/gazebo_ros_link_attacher/environment/path.dsv
[1.284s] -- Up-to-date: /home/dihim/me326_ws/install/gazebo_ros_link_attacher/share/gazebo_ros_link_attacher/local_setup.bash
[1.284s] -- Up-to-date: /home/dihim/me326_ws/install/gazebo_ros_link_attacher/share/gazebo_ros_link_attacher/local_setup.sh
[1.284s] -- Up-to-date: /home/dihim/me326_ws/install/gazebo_ros_link_attacher/share/gazebo_ros_link_attacher/local_setup.zsh
[1.284s] -- Up-to-date: /home/dihim/me326_ws/install/gazebo_ros_link_attacher/share/gazebo_ros_link_attacher/local_setup.dsv
[1.284s] -- Installing: /home/dihim/me326_ws/install/gazebo_ros_link_attacher/share/gazebo_ros_link_attacher/package.dsv
[1.284s] -- Up-to-date: /home/dihim/me326_ws/install/gazebo_ros_link_attacher/share/ament_index/resource_index/packages/gazebo_ros_link_attacher
[1.284s] -- Up-to-date: /home/dihim/me326_ws/install/gazebo_ros_link_attacher/share/gazebo_ros_link_attacher/cmake/gazebo_ros_link_attacher__rosidl_generator_cExport.cmake
[1.284s] -- Up-to-date: /home/dihim/me326_ws/install/gazebo_ros_link_attacher/share/gazebo_ros_link_attacher/cmake/gazebo_ros_link_attacher__rosidl_generator_cExport-noconfig.cmake
[1.284s] -- Up-to-date: /home/dihim/me326_ws/install/gazebo_ros_link_attacher/share/gazebo_ros_link_attacher/cmake/gazebo_ros_link_attacher__rosidl_typesupport_introspection_cExport.cmake
[1.284s] -- Up-to-date: /home/dihim/me326_ws/install/gazebo_ros_link_attacher/share/gazebo_ros_link_attacher/cmake/gazebo_ros_link_attacher__rosidl_typesupport_introspection_cExport-noconfig.cmake
[1.284s] -- Up-to-date: /home/dihim/me326_ws/install/gazebo_ros_link_attacher/share/gazebo_ros_link_attacher/cmake/gazebo_ros_link_attacher__rosidl_typesupport_cExport.cmake
[1.284s] -- Up-to-date: /home/dihim/me326_ws/install/gazebo_ros_link_attacher/share/gazebo_ros_link_attacher/cmake/gazebo_ros_link_attacher__rosidl_typesupport_cExport-noconfig.cmake
[1.284s] -- Up-to-date: /home/dihim/me326_ws/install/gazebo_ros_link_attacher/share/gazebo_ros_link_attacher/cmake/gazebo_ros_link_attacher__rosidl_generator_cppExport.cmake
[1.284s] -- Up-to-date: /home/dihim/me326_ws/install/gazebo_ros_link_attacher/share/gazebo_ros_link_attacher/cmake/gazebo_ros_link_attacher__rosidl_typesupport_introspection_cppExport.cmake
[1.284s] -- Up-to-date: /home/dihim/me326_ws/install/gazebo_ros_link_attacher/share/gazebo_ros_link_attacher/cmake/gazebo_ros_link_attacher__rosidl_typesupport_introspection_cppExport-noconfig.cmake
[1.284s] -- Up-to-date: /home/dihim/me326_ws/install/gazebo_ros_link_attacher/share/gazebo_ros_link_attacher/cmake/gazebo_ros_link_attacher__rosidl_typesupport_cppExport.cmake
[1.284s] -- Up-to-date: /home/dihim/me326_ws/install/gazebo_ros_link_attacher/share/gazebo_ros_link_attacher/cmake/gazebo_ros_link_attacher__rosidl_typesupport_cppExport-noconfig.cmake
[1.284s] -- Up-to-date: /home/dihim/me326_ws/install/gazebo_ros_link_attacher/share/gazebo_ros_link_attacher/cmake/rosidl_cmake-extras.cmake
[1.284s] -- Up-to-date: /home/dihim/me326_ws/install/gazebo_ros_link_attacher/share/gazebo_ros_link_attacher/cmake/ament_cmake_export_dependencies-extras.cmake
[1.284s] -- Up-to-date: /home/dihim/me326_ws/install/gazebo_ros_link_attacher/share/gazebo_ros_link_attacher/cmake/ament_cmake_export_libraries-extras.cmake
[1.284s] -- Up-to-date: /home/dihim/me326_ws/install/gazebo_ros_link_attacher/share/gazebo_ros_link_attacher/cmake/ament_cmake_export_targets-extras.cmake
[1.284s] -- Up-to-date: /home/dihim/me326_ws/install/gazebo_ros_link_attacher/share/gazebo_ros_link_attacher/cmake/ament_cmake_export_include_directories-extras.cmake
[1.284s] -- Up-to-date: /home/dihim/me326_ws/install/gazebo_ros_link_attacher/share/gazebo_ros_link_attacher/cmake/rosidl_cmake_export_typesupport_libraries-extras.cmake
[1.284s] -- Up-to-date: /home/dihim/me326_ws/install/gazebo_ros_link_attacher/share/gazebo_ros_link_attacher/cmake/rosidl_cmake_export_typesupport_targets-extras.cmake
[1.284s] -- Up-to-date: /home/dihim/me326_ws/install/gazebo_ros_link_attacher/share/gazebo_ros_link_attacher/cmake/gazebo_ros_link_attacherConfig.cmake
[1.284s] -- Up-to-date: /home/dihim/me326_ws/install/gazebo_ros_link_attacher/share/gazebo_ros_link_attacher/cmake/gazebo_ros_link_attacherConfig-version.cmake
[1.284s] -- Up-to-date: /home/dihim/me326_ws/install/gazebo_ros_link_attacher/share/gazebo_ros_link_attacher/package.xml
[1.507s] Invoked command in '/home/dihim/me326_ws/build/gazebo_ros_link_attacher' returned '0': CMAKE_PREFIX_PATH=${CMAKE_PREFIX_PATH}:/home/dihim/interbotix_ws/install/interbotix_xs_modules:/home/dihim/interbotix_ws/install/interbotix_perception_modules:/home/dihim/interbotix_ws/install/interbotix_common_modules:/opt/ros/galactic /usr/bin/cmake --install /home/dihim/me326_ws/build/gazebo_ros_link_attacher
