[35m[1mScanning dependencies of target gazebo_ros_link_attacher__cpp[0m
[  3%] [34m[1mGenerating C code for ROS interfaces[0m
[  6%] [34m[1mGenerating C++ code for ROS interfaces[0m
[35m[1mScanning dependencies of target gazebo_ros_link_attacher__rosidl_generator_c[0m
[  6%] Built target gazebo_ros_link_attacher__cpp
[  9%] [32mBuilding C object CMakeFiles/gazebo_ros_link_attacher__rosidl_generator_c.dir/rosidl_generator_c/gazebo_ros_link_attacher/srv/detail/attach__functions.c.o[0m
[ 12%] [34m[1mGenerating C++ type support dispatch for ROS interfaces[0m
[ 15%] [34m[1mGenerating C++ type support for eProsima Fast-RTPS[0m
[ 18%] [34m[1mGenerating C++ introspection for ROS interfaces[0m
[ 21%] [32m[1mLinking C shared library libgazebo_ros_link_attacher__rosidl_generator_c.so[0m
[35m[1mScanning dependencies of target gazebo_ros_link_attacher__rosidl_typesupport_cpp[0m
[ 24%] [32mBuilding CXX object CMakeFiles/gazebo_ros_link_attacher__rosidl_typesupport_cpp.dir/rosidl_typesupport_cpp/gazebo_ros_link_attacher/srv/attach__type_support.cpp.o[0m
[ 24%] Built target gazebo_ros_link_attacher__rosidl_generator_c
[ 27%] [34m[1mGenerating C introspection for ROS interfaces[0m
[35m[1mScanning dependencies of target gazebo_ros_link_attacher__rosidl_typesupport_fastrtps_cpp[0m
[35m[1mScanning dependencies of target gazebo_ros_link_attacher__rosidl_typesupport_introspection_cpp[0m
[ 30%] [32mBuilding CXX object CMakeFiles/gazebo_ros_link_attacher__rosidl_typesupport_fastrtps_cpp.dir/rosidl_typesupport_fastrtps_cpp/gazebo_ros_link_attacher/srv/detail/dds_fastrtps/attach__type_support.cpp.o[0m
[ 33%] [32mBuilding CXX object CMakeFiles/gazebo_ros_link_attacher__rosidl_typesupport_introspection_cpp.dir/rosidl_typesupport_introspection_cpp/gazebo_ros_link_attacher/srv/detail/attach__type_support.cpp.o[0m
[ 36%] [32m[1mLinking CXX shared library libgazebo_ros_link_attacher__rosidl_typesupport_cpp.so[0m
[ 36%] Built target gazebo_ros_link_attacher__rosidl_typesupport_cpp
[35m[1mScanning dependencies of target gazebo_ros_link_attacher__rosidl_typesupport_introspection_c[0m
[ 39%] [34m[1mGenerating C type support dispatch for ROS interfaces[0m
[ 42%] [32mBuilding C object CMakeFiles/gazebo_ros_link_attacher__rosidl_typesupport_introspection_c.dir/rosidl_typesupport_introspection_c/gazebo_ros_link_attacher/srv/detail/attach__type_support.c.o[0m
[ 45%] [32m[1mLinking CXX shared library libgazebo_ros_link_attacher__rosidl_typesupport_introspection_cpp.so[0m
[ 48%] [32m[1mLinking C shared library libgazebo_ros_link_attacher__rosidl_typesupport_introspection_c.so[0m
[ 51%] [32m[1mLinking CXX shared library libgazebo_ros_link_attacher__rosidl_typesupport_fastrtps_cpp.so[0m
[ 51%] Built target gazebo_ros_link_attacher__rosidl_typesupport_introspection_cpp
[35m[1mScanning dependencies of target gazebo_ros_link_attacher__rosidl_typesupport_c[0m
[ 51%] Built target gazebo_ros_link_attacher__rosidl_typesupport_introspection_c
[ 54%] [32mBuilding CXX object CMakeFiles/gazebo_ros_link_attacher__rosidl_typesupport_c.dir/rosidl_typesupport_c/gazebo_ros_link_attacher/srv/attach__type_support.cpp.o[0m
[ 54%] Built target gazebo_ros_link_attacher__rosidl_typesupport_fastrtps_cpp
[ 57%] [34m[1mGenerating C type support for eProsima Fast-RTPS[0m
[ 60%] [32m[1mLinking CXX shared library libgazebo_ros_link_attacher__rosidl_typesupport_c.so[0m
[ 60%] Built target gazebo_ros_link_attacher__rosidl_typesupport_c
[35m[1mScanning dependencies of target gazebo_ros_link_attacher__rosidl_typesupport_fastrtps_c[0m
[ 63%] [32mBuilding CXX object CMakeFiles/gazebo_ros_link_attacher__rosidl_typesupport_fastrtps_c.dir/rosidl_typesupport_fastrtps_c/gazebo_ros_link_attacher/srv/detail/attach__type_support_c.cpp.o[0m
[ 66%] [32m[1mLinking CXX shared library libgazebo_ros_link_attacher__rosidl_typesupport_fastrtps_c.so[0m
[ 66%] Built target gazebo_ros_link_attacher__rosidl_typesupport_fastrtps_c
[35m[1mScanning dependencies of target gazebo_ros_link_attacher[0m
[ 66%] Built target gazebo_ros_link_attacher
[35m[1mScanning dependencies of target gazebo_ros_link_attacher__py[0m
[35m[1mScanning dependencies of target gazebo_ros_link_attacher_plugin[0m
[ 69%] [34m[1mGenerating Python code for ROS interfaces[0m
[ 72%] [32mBuilding CXX object CMakeFiles/gazebo_ros_link_attacher_plugin.dir/src/gazebo_ros_link_attacher.cpp.o[0m
[ 72%] Built target gazebo_ros_link_attacher__py
[35m[1mScanning dependencies of target gazebo_ros_link_attacher__python[0m
[ 75%] [32mBuilding C object CMakeFiles/gazebo_ros_link_attacher__python.dir/rosidl_generator_py/gazebo_ros_link_attacher/srv/_attach_s.c.o[0m
[ 78%] [32m[1mLinking C shared library rosidl_generator_py/gazebo_ros_link_attacher/libgazebo_ros_link_attacher__python.so[0m
[ 78%] Built target gazebo_ros_link_attacher__python
[35m[1mScanning dependencies of target gazebo_ros_link_attacher__rosidl_typesupport_c__pyext[0m
[ 81%] [32mBuilding C object CMakeFiles/gazebo_ros_link_attacher__rosidl_typesupport_c__pyext.dir/rosidl_generator_py/gazebo_ros_link_attacher/_gazebo_ros_link_attacher_s.ep.rosidl_typesupport_c.c.o[0m
[35m[1mScanning dependencies of target gazebo_ros_link_attacher__rosidl_typesupport_fastrtps_c__pyext[0m
[35m[1mScanning dependencies of target gazebo_ros_link_attacher__rosidl_typesupport_introspection_c__pyext[0m
[ 84%] [32mBuilding C object CMakeFiles/gazebo_ros_link_attacher__rosidl_typesupport_fastrtps_c__pyext.dir/rosidl_generator_py/gazebo_ros_link_attacher/_gazebo_ros_link_attacher_s.ep.rosidl_typesupport_fastrtps_c.c.o[0m
[ 87%] [32mBuilding C object CMakeFiles/gazebo_ros_link_attacher__rosidl_typesupport_introspection_c__pyext.dir/rosidl_generator_py/gazebo_ros_link_attacher/_gazebo_ros_link_attacher_s.ep.rosidl_typesupport_introspection_c.c.o[0m
[ 90%] [32m[1mLinking C shared library rosidl_generator_py/gazebo_ros_link_attacher/gazebo_ros_link_attacher_s__rosidl_typesupport_c.cpython-38-aarch64-linux-gnu.so[0m
[ 93%] [32m[1mLinking CXX shared library rosidl_generator_py/gazebo_ros_link_attacher/gazebo_ros_link_attacher_s__rosidl_typesupport_fastrtps_c.cpython-38-aarch64-linux-gnu.so[0m
[ 96%] [32m[1mLinking C shared library rosidl_generator_py/gazebo_ros_link_attacher/gazebo_ros_link_attacher_s__rosidl_typesupport_introspection_c.cpython-38-aarch64-linux-gnu.so[0m
[ 96%] Built target gazebo_ros_link_attacher__rosidl_typesupport_c__pyext
[ 96%] Built target gazebo_ros_link_attacher__rosidl_typesupport_introspection_c__pyext
[ 96%] Built target gazebo_ros_link_attacher__rosidl_typesupport_fastrtps_c__pyext
[100%] [32m[1mLinking CXX shared library libgazebo_ros_link_attacher_plugin.so[0m
[100%] Built target gazebo_ros_link_attacher_plugin
