[6.045s] DEBUG:colcon:Command line arguments: ['/usr/bin/colcon', 'build']
[6.045s] DEBUG:colcon:Parsed command line arguments: Namespace(allow_overriding=[], ament_cmake_args=None, base_paths=['.'], build_base='build', catkin_cmake_args=None, catkin_skip_building_tests=False, cmake_args=None, cmake_clean_cache=False, cmake_clean_first=False, cmake_force_configure=False, cmake_target=None, cmake_target_skip_unavailable=False, continue_on_error=False, event_handlers=None, executor='parallel', ignore_user_meta=False, install_base='install', log_base=None, log_level=None, main=<bound method BuildVerb.main of <colcon_core.verb.build.BuildVerb object at 0xffffb5923d60>>, merge_install=False, metas=['./colcon.meta'], packages_above=None, packages_above_and_dependencies=None, packages_above_depth=None, packages_end=None, packages_ignore=None, packages_ignore_regex=None, packages_select=None, packages_select_build_failed=False, packages_select_by_dep=None, packages_select_regex=None, packages_select_test_failures=False, packages_skip=None, packages_skip_build_finished=False, packages_skip_by_dep=None, packages_skip_regex=None, packages_skip_test_passed=False, packages_skip_up_to=None, packages_start=None, packages_up_to=None, packages_up_to_regex=None, parallel_workers=4, paths=None, symlink_install=False, test_result_base=None, verb_extension=<colcon_core.verb.build.BuildVerb object at 0xffffb5923d60>, verb_name='build', verb_parser=<colcon_defaults.argument_parser.defaults.DefaultArgumentsDecorator object at 0xffffb4e35820>)
[6.422s] Level 1:colcon.colcon_core.package_discovery:discover_packages(colcon_meta) check parameters
[6.423s] Level 1:colcon.colcon_core.package_discovery:discover_packages(recursive) check parameters
[6.423s] Level 1:colcon.colcon_core.package_discovery:discover_packages(ignore) check parameters
[6.423s] Level 1:colcon.colcon_core.package_discovery:discover_packages(path) check parameters
[6.423s] Level 1:colcon.colcon_core.package_discovery:discover_packages(colcon_meta) discover
[6.423s] Level 1:colcon.colcon_core.package_discovery:discover_packages(recursive) discover
[6.423s] INFO:colcon.colcon_core.package_discovery:Crawling recursively for packages in '/home/dihim/me326_ws'
[6.423s] Level 1:colcon.colcon_core.package_identification:_identify(.) by extensions ['ignore', 'ignore_ament_install']
[6.423s] Level 1:colcon.colcon_core.package_identification:_identify(.) by extension 'ignore'
[6.423s] Level 1:colcon.colcon_core.package_identification:_identify(.) by extension 'ignore_ament_install'
[6.423s] Level 1:colcon.colcon_core.package_identification:_identify(.) by extensions ['colcon_pkg']
[6.423s] Level 1:colcon.colcon_core.package_identification:_identify(.) by extension 'colcon_pkg'
[6.423s] Level 1:colcon.colcon_core.package_identification:_identify(.) by extensions ['colcon_meta']
[6.423s] Level 1:colcon.colcon_core.package_identification:_identify(.) by extension 'colcon_meta'
[6.423s] Level 1:colcon.colcon_core.package_identification:_identify(.) by extensions ['ros']
[6.423s] Level 1:colcon.colcon_core.package_identification:_identify(.) by extension 'ros'
[6.430s] Level 1:colcon.colcon_core.package_identification:_identify(.) by extensions ['cmake', 'python']
[6.430s] Level 1:colcon.colcon_core.package_identification:_identify(.) by extension 'cmake'
[6.430s] Level 1:colcon.colcon_core.package_identification:_identify(.) by extension 'python'
[6.430s] Level 1:colcon.colcon_core.package_identification:_identify(.) by extensions ['python_setup_py']
[6.430s] Level 1:colcon.colcon_core.package_identification:_identify(.) by extension 'python_setup_py'
[6.430s] Level 1:colcon.colcon_core.package_identification:_identify(build) by extensions ['ignore', 'ignore_ament_install']
[6.430s] Level 1:colcon.colcon_core.package_identification:_identify(build) by extension 'ignore'
[6.430s] Level 1:colcon.colcon_core.package_identification:_identify(build) ignored
[6.430s] Level 1:colcon.colcon_core.package_identification:_identify(install) by extensions ['ignore', 'ignore_ament_install']
[6.430s] Level 1:colcon.colcon_core.package_identification:_identify(install) by extension 'ignore'
[6.430s] Level 1:colcon.colcon_core.package_identification:_identify(install) ignored
[6.431s] Level 1:colcon.colcon_core.package_identification:_identify(log) by extensions ['ignore', 'ignore_ament_install']
[6.431s] Level 1:colcon.colcon_core.package_identification:_identify(log) by extension 'ignore'
[6.431s] Level 1:colcon.colcon_core.package_identification:_identify(log) ignored
[6.431s] Level 1:colcon.colcon_core.package_identification:_identify(src) by extensions ['ignore', 'ignore_ament_install']
[6.431s] Level 1:colcon.colcon_core.package_identification:_identify(src) by extension 'ignore'
[6.431s] Level 1:colcon.colcon_core.package_identification:_identify(src) by extension 'ignore_ament_install'
[6.431s] Level 1:colcon.colcon_core.package_identification:_identify(src) by extensions ['colcon_pkg']
[6.431s] Level 1:colcon.colcon_core.package_identification:_identify(src) by extension 'colcon_pkg'
[6.431s] Level 1:colcon.colcon_core.package_identification:_identify(src) by extensions ['colcon_meta']
[6.431s] Level 1:colcon.colcon_core.package_identification:_identify(src) by extension 'colcon_meta'
[6.431s] Level 1:colcon.colcon_core.package_identification:_identify(src) by extensions ['ros']
[6.431s] Level 1:colcon.colcon_core.package_identification:_identify(src) by extension 'ros'
[6.431s] Level 1:colcon.colcon_core.package_identification:_identify(src) by extensions ['cmake', 'python']
[6.431s] Level 1:colcon.colcon_core.package_identification:_identify(src) by extension 'cmake'
[6.431s] Level 1:colcon.colcon_core.package_identification:_identify(src) by extension 'python'
[6.431s] Level 1:colcon.colcon_core.package_identification:_identify(src) by extensions ['python_setup_py']
[6.431s] Level 1:colcon.colcon_core.package_identification:_identify(src) by extension 'python_setup_py'
[6.431s] Level 1:colcon.colcon_core.package_identification:_identify(src/apriltag_ros) by extensions ['ignore', 'ignore_ament_install']
[6.431s] Level 1:colcon.colcon_core.package_identification:_identify(src/apriltag_ros) by extension 'ignore'
[6.431s] Level 1:colcon.colcon_core.package_identification:_identify(src/apriltag_ros) by extension 'ignore_ament_install'
[6.431s] Level 1:colcon.colcon_core.package_identification:_identify(src/apriltag_ros) by extensions ['colcon_pkg']
[6.431s] Level 1:colcon.colcon_core.package_identification:_identify(src/apriltag_ros) by extension 'colcon_pkg'
[6.431s] Level 1:colcon.colcon_core.package_identification:_identify(src/apriltag_ros) by extensions ['colcon_meta']
[6.431s] Level 1:colcon.colcon_core.package_identification:_identify(src/apriltag_ros) by extension 'colcon_meta'
[6.431s] Level 1:colcon.colcon_core.package_identification:_identify(src/apriltag_ros) by extensions ['ros']
[6.431s] Level 1:colcon.colcon_core.package_identification:_identify(src/apriltag_ros) by extension 'ros'
[6.431s] Level 1:colcon.colcon_core.package_identification:_identify(src/apriltag_ros) by extensions ['cmake', 'python']
[6.431s] Level 1:colcon.colcon_core.package_identification:_identify(src/apriltag_ros) by extension 'cmake'
[6.431s] Level 1:colcon.colcon_core.package_identification:_identify(src/apriltag_ros) by extension 'python'
[6.431s] Level 1:colcon.colcon_core.package_identification:_identify(src/apriltag_ros) by extensions ['python_setup_py']
[6.431s] Level 1:colcon.colcon_core.package_identification:_identify(src/apriltag_ros) by extension 'python_setup_py'
[6.431s] Level 1:colcon.colcon_core.package_identification:_identify(src/arm_controller) by extensions ['ignore', 'ignore_ament_install']
[6.432s] Level 1:colcon.colcon_core.package_identification:_identify(src/arm_controller) by extension 'ignore'
[6.432s] Level 1:colcon.colcon_core.package_identification:_identify(src/arm_controller) by extension 'ignore_ament_install'
[6.432s] Level 1:colcon.colcon_core.package_identification:_identify(src/arm_controller) by extensions ['colcon_pkg']
[6.432s] Level 1:colcon.colcon_core.package_identification:_identify(src/arm_controller) by extension 'colcon_pkg'
[6.432s] Level 1:colcon.colcon_core.package_identification:_identify(src/arm_controller) by extensions ['colcon_meta']
[6.432s] Level 1:colcon.colcon_core.package_identification:_identify(src/arm_controller) by extension 'colcon_meta'
[6.432s] Level 1:colcon.colcon_core.package_identification:_identify(src/arm_controller) by extensions ['ros']
[6.432s] Level 1:colcon.colcon_core.package_identification:_identify(src/arm_controller) by extension 'ros'
[6.433s] DEBUG:colcon.colcon_core.package_identification:Package 'src/arm_controller' with type 'ros.ament_cmake' and name 'arm_controller'
[6.433s] Level 1:colcon.colcon_core.package_identification:_identify(src/la_msgs) by extensions ['ignore', 'ignore_ament_install']
[6.433s] Level 1:colcon.colcon_core.package_identification:_identify(src/la_msgs) by extension 'ignore'
[6.433s] Level 1:colcon.colcon_core.package_identification:_identify(src/la_msgs) by extension 'ignore_ament_install'
[6.433s] Level 1:colcon.colcon_core.package_identification:_identify(src/la_msgs) by extensions ['colcon_pkg']
[6.433s] Level 1:colcon.colcon_core.package_identification:_identify(src/la_msgs) by extension 'colcon_pkg'
[6.433s] Level 1:colcon.colcon_core.package_identification:_identify(src/la_msgs) by extensions ['colcon_meta']
[6.433s] Level 1:colcon.colcon_core.package_identification:_identify(src/la_msgs) by extension 'colcon_meta'
[6.433s] Level 1:colcon.colcon_core.package_identification:_identify(src/la_msgs) by extensions ['ros']
[6.433s] Level 1:colcon.colcon_core.package_identification:_identify(src/la_msgs) by extension 'ros'
[6.434s] DEBUG:colcon.colcon_core.package_identification:Package 'src/la_msgs' with type 'ros.ament_cmake' and name 'la_msgs'
[6.434s] Level 1:colcon.colcon_core.package_identification:_identify(src/locobot_controller) by extensions ['ignore', 'ignore_ament_install']
[6.434s] Level 1:colcon.colcon_core.package_identification:_identify(src/locobot_controller) by extension 'ignore'
[6.434s] Level 1:colcon.colcon_core.package_identification:_identify(src/locobot_controller) by extension 'ignore_ament_install'
[6.434s] Level 1:colcon.colcon_core.package_identification:_identify(src/locobot_controller) by extensions ['colcon_pkg']
[6.434s] Level 1:colcon.colcon_core.package_identification:_identify(src/locobot_controller) by extension 'colcon_pkg'
[6.434s] Level 1:colcon.colcon_core.package_identification:_identify(src/locobot_controller) by extensions ['colcon_meta']
[6.434s] Level 1:colcon.colcon_core.package_identification:_identify(src/locobot_controller) by extension 'colcon_meta'
[6.434s] Level 1:colcon.colcon_core.package_identification:_identify(src/locobot_controller) by extensions ['ros']
[6.434s] Level 1:colcon.colcon_core.package_identification:_identify(src/locobot_controller) by extension 'ros'
[6.434s] DEBUG:colcon.colcon_core.package_identification:Package 'src/locobot_controller' with type 'ros.ament_python' and name 'locobot_controller'
[6.434s] Level 1:colcon.colcon_core.package_identification:_identify(src/locobot_yicheng) by extensions ['ignore', 'ignore_ament_install']
[6.434s] Level 1:colcon.colcon_core.package_identification:_identify(src/locobot_yicheng) by extension 'ignore'
[6.434s] Level 1:colcon.colcon_core.package_identification:_identify(src/locobot_yicheng) by extension 'ignore_ament_install'
[6.434s] Level 1:colcon.colcon_core.package_identification:_identify(src/locobot_yicheng) by extensions ['colcon_pkg']
[6.434s] Level 1:colcon.colcon_core.package_identification:_identify(src/locobot_yicheng) by extension 'colcon_pkg'
[6.434s] Level 1:colcon.colcon_core.package_identification:_identify(src/locobot_yicheng) by extensions ['colcon_meta']
[6.434s] Level 1:colcon.colcon_core.package_identification:_identify(src/locobot_yicheng) by extension 'colcon_meta'
[6.434s] Level 1:colcon.colcon_core.package_identification:_identify(src/locobot_yicheng) by extensions ['ros']
[6.434s] Level 1:colcon.colcon_core.package_identification:_identify(src/locobot_yicheng) by extension 'ros'
[6.435s] DEBUG:colcon.colcon_core.package_identification:Package 'src/locobot_yicheng' with type 'ros.ament_cmake' and name 'locobot_yicheng'
[6.435s] Level 1:colcon.colcon_core.package_discovery:discover_packages(recursive) using defaults
[6.435s] Level 1:colcon.colcon_core.package_discovery:discover_packages(ignore) discover
[6.435s] Level 1:colcon.colcon_core.package_discovery:discover_packages(ignore) using defaults
[6.435s] Level 1:colcon.colcon_core.package_discovery:discover_packages(path) discover
[6.435s] Level 1:colcon.colcon_core.package_discovery:discover_packages(path) using defaults
[6.984s] Level 1:colcon.colcon_core.package_discovery:discover_packages(prefix_path) check parameters
[6.985s] Level 1:colcon.colcon_core.package_discovery:discover_packages(prefix_path) discover
[7.282s] DEBUG:colcon.colcon_installed_package_information.package_discovery:Found 22 installed packages in /home/dihim/interbotix_ws/install
[7.445s] DEBUG:colcon.colcon_installed_package_information.package_discovery:Found 348 installed packages in /opt/ros/galactic
[7.448s] Level 1:colcon.colcon_core.package_discovery:discover_packages(prefix_path) using defaults
[7.718s] Level 5:colcon.colcon_core.verb:set package 'arm_controller' build argument 'cmake_args' from command line to 'None'
[7.718s] Level 5:colcon.colcon_core.verb:set package 'arm_controller' build argument 'cmake_target' from command line to 'None'
[7.718s] Level 5:colcon.colcon_core.verb:set package 'arm_controller' build argument 'cmake_target_skip_unavailable' from command line to 'False'
[7.718s] Level 5:colcon.colcon_core.verb:set package 'arm_controller' build argument 'cmake_clean_cache' from command line to 'False'
[7.718s] Level 5:colcon.colcon_core.verb:set package 'arm_controller' build argument 'cmake_clean_first' from command line to 'False'
[7.718s] Level 5:colcon.colcon_core.verb:set package 'arm_controller' build argument 'cmake_force_configure' from command line to 'False'
[7.718s] Level 5:colcon.colcon_core.verb:set package 'arm_controller' build argument 'ament_cmake_args' from command line to 'None'
[7.718s] Level 5:colcon.colcon_core.verb:set package 'arm_controller' build argument 'catkin_cmake_args' from command line to 'None'
[7.718s] Level 5:colcon.colcon_core.verb:set package 'arm_controller' build argument 'catkin_skip_building_tests' from command line to 'False'
[7.718s] DEBUG:colcon.colcon_core.verb:Building package 'arm_controller' with the following arguments: {'ament_cmake_args': None, 'build_base': '/home/dihim/me326_ws/build/arm_controller', 'catkin_cmake_args': None, 'catkin_skip_building_tests': False, 'cmake_args': None, 'cmake_clean_cache': False, 'cmake_clean_first': False, 'cmake_force_configure': False, 'cmake_target': None, 'cmake_target_skip_unavailable': False, 'install_base': '/home/dihim/me326_ws/install/arm_controller', 'merge_install': False, 'path': '/home/dihim/me326_ws/src/arm_controller', 'symlink_install': False, 'test_result_base': None}
[7.868s] Level 5:colcon.colcon_core.verb:set package 'la_msgs' build argument 'cmake_args' from command line to 'None'
[7.868s] Level 5:colcon.colcon_core.verb:set package 'la_msgs' build argument 'cmake_target' from command line to 'None'
[7.868s] Level 5:colcon.colcon_core.verb:set package 'la_msgs' build argument 'cmake_target_skip_unavailable' from command line to 'False'
[7.868s] Level 5:colcon.colcon_core.verb:set package 'la_msgs' build argument 'cmake_clean_cache' from command line to 'False'
[7.868s] Level 5:colcon.colcon_core.verb:set package 'la_msgs' build argument 'cmake_clean_first' from command line to 'False'
[7.868s] Level 5:colcon.colcon_core.verb:set package 'la_msgs' build argument 'cmake_force_configure' from command line to 'False'
[7.868s] Level 5:colcon.colcon_core.verb:set package 'la_msgs' build argument 'ament_cmake_args' from command line to 'None'
[7.868s] Level 5:colcon.colcon_core.verb:set package 'la_msgs' build argument 'catkin_cmake_args' from command line to 'None'
[7.868s] Level 5:colcon.colcon_core.verb:set package 'la_msgs' build argument 'catkin_skip_building_tests' from command line to 'False'
[7.868s] DEBUG:colcon.colcon_core.verb:Building package 'la_msgs' with the following arguments: {'ament_cmake_args': None, 'build_base': '/home/dihim/me326_ws/build/la_msgs', 'catkin_cmake_args': None, 'catkin_skip_building_tests': False, 'cmake_args': None, 'cmake_clean_cache': False, 'cmake_clean_first': False, 'cmake_force_configure': False, 'cmake_target': None, 'cmake_target_skip_unavailable': False, 'install_base': '/home/dihim/me326_ws/install/la_msgs', 'merge_install': False, 'path': '/home/dihim/me326_ws/src/la_msgs', 'symlink_install': False, 'test_result_base': None}
[7.983s] Level 5:colcon.colcon_core.verb:set package 'locobot_controller' build argument 'cmake_args' from command line to 'None'
[7.983s] Level 5:colcon.colcon_core.verb:set package 'locobot_controller' build argument 'cmake_target' from command line to 'None'
[7.983s] Level 5:colcon.colcon_core.verb:set package 'locobot_controller' build argument 'cmake_target_skip_unavailable' from command line to 'False'
[7.983s] Level 5:colcon.colcon_core.verb:set package 'locobot_controller' build argument 'cmake_clean_cache' from command line to 'False'
[7.983s] Level 5:colcon.colcon_core.verb:set package 'locobot_controller' build argument 'cmake_clean_first' from command line to 'False'
[7.983s] Level 5:colcon.colcon_core.verb:set package 'locobot_controller' build argument 'cmake_force_configure' from command line to 'False'
[7.983s] Level 5:colcon.colcon_core.verb:set package 'locobot_controller' build argument 'ament_cmake_args' from command line to 'None'
[7.983s] Level 5:colcon.colcon_core.verb:set package 'locobot_controller' build argument 'catkin_cmake_args' from command line to 'None'
[7.984s] Level 5:colcon.colcon_core.verb:set package 'locobot_controller' build argument 'catkin_skip_building_tests' from command line to 'False'
[7.984s] DEBUG:colcon.colcon_core.verb:Building package 'locobot_controller' with the following arguments: {'ament_cmake_args': None, 'build_base': '/home/dihim/me326_ws/build/locobot_controller', 'catkin_cmake_args': None, 'catkin_skip_building_tests': False, 'cmake_args': None, 'cmake_clean_cache': False, 'cmake_clean_first': False, 'cmake_force_configure': False, 'cmake_target': None, 'cmake_target_skip_unavailable': False, 'install_base': '/home/dihim/me326_ws/install/locobot_controller', 'merge_install': False, 'path': '/home/dihim/me326_ws/src/locobot_controller', 'symlink_install': False, 'test_result_base': None}
[8.167s] Level 5:colcon.colcon_core.verb:set package 'locobot_yicheng' build argument 'cmake_args' from command line to 'None'
[8.168s] Level 5:colcon.colcon_core.verb:set package 'locobot_yicheng' build argument 'cmake_target' from command line to 'None'
[8.168s] Level 5:colcon.colcon_core.verb:set package 'locobot_yicheng' build argument 'cmake_target_skip_unavailable' from command line to 'False'
[8.171s] Level 5:colcon.colcon_core.verb:set package 'locobot_yicheng' build argument 'cmake_clean_cache' from command line to 'False'
[8.171s] Level 5:colcon.colcon_core.verb:set package 'locobot_yicheng' build argument 'cmake_clean_first' from command line to 'False'
[8.173s] Level 5:colcon.colcon_core.verb:set package 'locobot_yicheng' build argument 'cmake_force_configure' from command line to 'False'
[8.173s] Level 5:colcon.colcon_core.verb:set package 'locobot_yicheng' build argument 'ament_cmake_args' from command line to 'None'
[8.173s] Level 5:colcon.colcon_core.verb:set package 'locobot_yicheng' build argument 'catkin_cmake_args' from command line to 'None'
[8.173s] Level 5:colcon.colcon_core.verb:set package 'locobot_yicheng' build argument 'catkin_skip_building_tests' from command line to 'False'
[8.174s] DEBUG:colcon.colcon_core.verb:Building package 'locobot_yicheng' with the following arguments: {'ament_cmake_args': None, 'build_base': '/home/dihim/me326_ws/build/locobot_yicheng', 'catkin_cmake_args': None, 'catkin_skip_building_tests': False, 'cmake_args': None, 'cmake_clean_cache': False, 'cmake_clean_first': False, 'cmake_force_configure': False, 'cmake_target': None, 'cmake_target_skip_unavailable': False, 'install_base': '/home/dihim/me326_ws/install/locobot_yicheng', 'merge_install': False, 'path': '/home/dihim/me326_ws/src/locobot_yicheng', 'symlink_install': False, 'test_result_base': None}
[8.330s] INFO:colcon.colcon_core.executor:Executing jobs using 'parallel' executor
[8.506s] DEBUG:colcon.colcon_parallel_executor.executor.parallel:run_until_complete
[8.506s] INFO:colcon.colcon_ros.task.ament_cmake.build:Building ROS package in '/home/dihim/me326_ws/src/arm_controller' with build type 'ament_cmake'
[8.506s] INFO:colcon.colcon_cmake.task.cmake.build:Building CMake package in '/home/dihim/me326_ws/src/arm_controller'
[8.679s] INFO:colcon.colcon_core.plugin_system:Skipping extension 'colcon_core.shell.bat': Not used on non-Windows systems
[8.679s] INFO:colcon.colcon_core.shell:Skip shell extension 'powershell' for command environment: Not usable outside of PowerShell
[8.679s] DEBUG:colcon.colcon_core.shell:Skip shell extension 'dsv' for command environment
[9.191s] INFO:colcon.colcon_ros.task.ament_cmake.build:Building ROS package in '/home/dihim/me326_ws/src/la_msgs' with build type 'ament_cmake'
[9.192s] INFO:colcon.colcon_cmake.task.cmake.build:Building CMake package in '/home/dihim/me326_ws/src/la_msgs'
[9.367s] INFO:colcon.colcon_core.shell:Skip shell extension 'powershell' for command environment: Not usable outside of PowerShell
[9.367s] DEBUG:colcon.colcon_core.shell:Skip shell extension 'dsv' for command environment
[9.834s] INFO:colcon.colcon_ros.task.ament_python.build:Building ROS package in '/home/dihim/me326_ws/src/locobot_controller' with build type 'ament_python'
[9.834s] Level 1:colcon.colcon_core.shell:create_environment_hook('locobot_controller', 'ament_prefix_path')
[9.902s] INFO:colcon.colcon_core.shell:Creating environment hook '/home/dihim/me326_ws/install/locobot_controller/share/locobot_controller/hook/ament_prefix_path.ps1'
[9.902s] INFO:colcon.colcon_core.shell:Creating environment descriptor '/home/dihim/me326_ws/install/locobot_controller/share/locobot_controller/hook/ament_prefix_path.dsv'
[9.903s] INFO:colcon.colcon_core.shell:Creating environment hook '/home/dihim/me326_ws/install/locobot_controller/share/locobot_controller/hook/ament_prefix_path.sh'
[10.028s] INFO:colcon.colcon_core.shell:Skip shell extension 'powershell' for command environment: Not usable outside of PowerShell
[10.029s] DEBUG:colcon.colcon_core.shell:Skip shell extension 'dsv' for command environment
[10.305s] INFO:colcon.colcon_ros.task.ament_cmake.build:Building ROS package in '/home/dihim/me326_ws/src/locobot_yicheng' with build type 'ament_cmake'
[10.305s] INFO:colcon.colcon_cmake.task.cmake.build:Building CMake package in '/home/dihim/me326_ws/src/locobot_yicheng'
[10.610s] INFO:colcon.colcon_core.shell:Skip shell extension 'powershell' for command environment: Not usable outside of PowerShell
[10.610s] DEBUG:colcon.colcon_core.shell:Skip shell extension 'dsv' for command environment
[11.161s] DEBUG:colcon.colcon_core.event_handler.log_command:Invoking command in '/home/dihim/me326_ws/build/arm_controller': CMAKE_PREFIX_PATH=${CMAKE_PREFIX_PATH}:/home/dihim/interbotix_ws/install/interbotix_xs_modules:/home/dihim/interbotix_ws/install/interbotix_perception_modules:/home/dihim/interbotix_ws/install/interbotix_common_modules:/opt/ros/galactic /usr/bin/cmake --build /home/dihim/me326_ws/build/arm_controller -- -j4 -l4
[11.248s] DEBUG:colcon.colcon_core.event_handler.log_command:Invoking command in '/home/dihim/me326_ws/build/la_msgs': CMAKE_PREFIX_PATH=${CMAKE_PREFIX_PATH}:/home/dihim/interbotix_ws/install/interbotix_xs_modules:/home/dihim/interbotix_ws/install/interbotix_perception_modules:/home/dihim/interbotix_ws/install/interbotix_common_modules:/opt/ros/galactic /usr/bin/cmake --build /home/dihim/me326_ws/build/la_msgs -- -j4 -l4
[11.789s] INFO:colcon.colcon_core.task.python.build:Building Python package in '/home/dihim/me326_ws/src/locobot_controller'
[11.953s] INFO:colcon.colcon_core.shell:Skip shell extension 'powershell' for command environment: Not usable outside of PowerShell
[11.953s] DEBUG:colcon.colcon_core.shell:Skip shell extension 'dsv' for command environment
[12.599s] DEBUG:colcon.colcon_core.event_handler.log_command:Invoking command in '/home/dihim/me326_ws/build/locobot_yicheng': CMAKE_PREFIX_PATH=${CMAKE_PREFIX_PATH}:/home/dihim/interbotix_ws/install/interbotix_xs_modules:/home/dihim/interbotix_ws/install/interbotix_perception_modules:/home/dihim/interbotix_ws/install/interbotix_common_modules:/opt/ros/galactic /usr/bin/cmake --build /home/dihim/me326_ws/build/locobot_yicheng -- -j4 -l4
[12.764s] DEBUG:colcon.colcon_core.event_handler.log_command:Invoked command in '/home/dihim/me326_ws/build/locobot_yicheng' returned '0': CMAKE_PREFIX_PATH=${CMAKE_PREFIX_PATH}:/home/dihim/interbotix_ws/install/interbotix_xs_modules:/home/dihim/interbotix_ws/install/interbotix_perception_modules:/home/dihim/interbotix_ws/install/interbotix_common_modules:/opt/ros/galactic /usr/bin/cmake --build /home/dihim/me326_ws/build/locobot_yicheng -- -j4 -l4
[13.208s] DEBUG:colcon.colcon_core.event_handler.log_command:Invoking command in '/home/dihim/me326_ws/build/locobot_yicheng': CMAKE_PREFIX_PATH=${CMAKE_PREFIX_PATH}:/home/dihim/interbotix_ws/install/interbotix_xs_modules:/home/dihim/interbotix_ws/install/interbotix_perception_modules:/home/dihim/interbotix_ws/install/interbotix_common_modules:/opt/ros/galactic /usr/bin/cmake --install /home/dihim/me326_ws/build/locobot_yicheng
[13.233s] Level 1:colcon.colcon_core.environment:create_environment_scripts_only(locobot_yicheng)
[13.239s] DEBUG:colcon.colcon_core.event_handler.log_command:Invoked command in '/home/dihim/me326_ws/build/locobot_yicheng' returned '0': CMAKE_PREFIX_PATH=${CMAKE_PREFIX_PATH}:/home/dihim/interbotix_ws/install/interbotix_xs_modules:/home/dihim/interbotix_ws/install/interbotix_perception_modules:/home/dihim/interbotix_ws/install/interbotix_common_modules:/opt/ros/galactic /usr/bin/cmake --install /home/dihim/me326_ws/build/locobot_yicheng
[13.400s] Level 1:colcon.colcon_core.environment:checking '/home/dihim/me326_ws/install/locobot_yicheng' for CMake module files
[13.400s] Level 1:colcon.colcon_core.environment:checking '/home/dihim/me326_ws/install/locobot_yicheng' for CMake config files
[13.400s] Level 1:colcon.colcon_core.shell:create_environment_hook('locobot_yicheng', 'cmake_prefix_path')
[13.588s] INFO:colcon.colcon_core.shell:Creating environment hook '/home/dihim/me326_ws/install/locobot_yicheng/share/locobot_yicheng/hook/cmake_prefix_path.ps1'
[13.590s] INFO:colcon.colcon_core.shell:Creating environment descriptor '/home/dihim/me326_ws/install/locobot_yicheng/share/locobot_yicheng/hook/cmake_prefix_path.dsv'
[13.591s] INFO:colcon.colcon_core.shell:Creating environment hook '/home/dihim/me326_ws/install/locobot_yicheng/share/locobot_yicheng/hook/cmake_prefix_path.sh'
[13.592s] Level 1:colcon.colcon_core.environment:checking '/home/dihim/me326_ws/install/locobot_yicheng/lib'
[13.593s] Level 1:colcon.colcon_core.environment:checking '/home/dihim/me326_ws/install/locobot_yicheng/bin'
[13.593s] Level 1:colcon.colcon_core.environment:checking '/home/dihim/me326_ws/install/locobot_yicheng/lib/pkgconfig/locobot_yicheng.pc'
[13.593s] Level 1:colcon.colcon_core.environment:checking '/home/dihim/me326_ws/install/locobot_yicheng/lib/python3.8/site-packages'
[13.594s] Level 1:colcon.colcon_core.environment:checking '/home/dihim/me326_ws/install/locobot_yicheng/bin'
[13.720s] INFO:colcon.colcon_core.shell:Creating package script '/home/dihim/me326_ws/install/locobot_yicheng/share/locobot_yicheng/package.ps1'
[13.721s] INFO:colcon.colcon_core.shell:Creating package descriptor '/home/dihim/me326_ws/install/locobot_yicheng/share/locobot_yicheng/package.dsv'
[13.722s] INFO:colcon.colcon_core.shell:Creating package script '/home/dihim/me326_ws/install/locobot_yicheng/share/locobot_yicheng/package.sh'
[13.722s] INFO:colcon.colcon_core.shell:Creating package script '/home/dihim/me326_ws/install/locobot_yicheng/share/locobot_yicheng/package.bash'
[13.724s] INFO:colcon.colcon_core.shell:Creating package script '/home/dihim/me326_ws/install/locobot_yicheng/share/locobot_yicheng/package.zsh'
[13.727s] Level 1:colcon.colcon_core.environment:create_file_with_runtime_dependencies(/home/dihim/me326_ws/install/locobot_yicheng/share/colcon-core/packages/locobot_yicheng)
[13.754s] DEBUG:colcon.colcon_core.event_handler.log_command:Invoking command in '/home/dihim/me326_ws/src/locobot_controller': PYTHONPATH=/home/dihim/me326_ws/build/locobot_controller/prefix_override:/home/dihim/me326_ws/install/locobot_controller/lib/python3.8/site-packages:${PYTHONPATH} /usr/bin/python3 setup.py egg_info --egg-base ../../build/locobot_controller build --build-base /home/dihim/me326_ws/build/locobot_controller/build install --record /home/dihim/me326_ws/build/locobot_controller/install.log --single-version-externally-managed
[14.000s] Level 1:colcon.colcon_core.environment:create_environment_scripts_only(locobot_yicheng)
[14.168s] Level 1:colcon.colcon_core.environment:checking '/home/dihim/me326_ws/install/locobot_yicheng' for CMake module files
[14.169s] Level 1:colcon.colcon_core.environment:checking '/home/dihim/me326_ws/install/locobot_yicheng' for CMake config files
[14.169s] Level 1:colcon.colcon_core.shell:create_environment_hook('locobot_yicheng', 'cmake_prefix_path')
[14.364s] INFO:colcon.colcon_core.shell:Creating environment hook '/home/dihim/me326_ws/install/locobot_yicheng/share/locobot_yicheng/hook/cmake_prefix_path.ps1'
[14.366s] INFO:colcon.colcon_core.shell:Creating environment descriptor '/home/dihim/me326_ws/install/locobot_yicheng/share/locobot_yicheng/hook/cmake_prefix_path.dsv'
[14.366s] INFO:colcon.colcon_core.shell:Creating environment hook '/home/dihim/me326_ws/install/locobot_yicheng/share/locobot_yicheng/hook/cmake_prefix_path.sh'
[14.368s] Level 1:colcon.colcon_core.environment:checking '/home/dihim/me326_ws/install/locobot_yicheng/lib'
[14.368s] Level 1:colcon.colcon_core.environment:checking '/home/dihim/me326_ws/install/locobot_yicheng/bin'
[14.368s] Level 1:colcon.colcon_core.environment:checking '/home/dihim/me326_ws/install/locobot_yicheng/lib/pkgconfig/locobot_yicheng.pc'
[14.369s] Level 1:colcon.colcon_core.environment:checking '/home/dihim/me326_ws/install/locobot_yicheng/lib/python3.8/site-packages'
[14.369s] Level 1:colcon.colcon_core.environment:checking '/home/dihim/me326_ws/install/locobot_yicheng/bin'
[14.559s] INFO:colcon.colcon_core.shell:Creating package script '/home/dihim/me326_ws/install/locobot_yicheng/share/locobot_yicheng/package.ps1'
[14.559s] INFO:colcon.colcon_core.shell:Creating package descriptor '/home/dihim/me326_ws/install/locobot_yicheng/share/locobot_yicheng/package.dsv'
[14.559s] INFO:colcon.colcon_core.shell:Creating package script '/home/dihim/me326_ws/install/locobot_yicheng/share/locobot_yicheng/package.sh'
[14.560s] INFO:colcon.colcon_core.shell:Creating package script '/home/dihim/me326_ws/install/locobot_yicheng/share/locobot_yicheng/package.bash'
[14.560s] INFO:colcon.colcon_core.shell:Creating package script '/home/dihim/me326_ws/install/locobot_yicheng/share/locobot_yicheng/package.zsh'
[14.560s] Level 1:colcon.colcon_core.environment:create_file_with_runtime_dependencies(/home/dihim/me326_ws/install/locobot_yicheng/share/colcon-core/packages/locobot_yicheng)
[14.561s] DEBUG:colcon.colcon_core.event_handler.log_command:Invoked command in '/home/dihim/me326_ws/build/la_msgs' returned '0': CMAKE_PREFIX_PATH=${CMAKE_PREFIX_PATH}:/home/dihim/interbotix_ws/install/interbotix_xs_modules:/home/dihim/interbotix_ws/install/interbotix_perception_modules:/home/dihim/interbotix_ws/install/interbotix_common_modules:/opt/ros/galactic /usr/bin/cmake --build /home/dihim/me326_ws/build/la_msgs -- -j4 -l4
[14.577s] DEBUG:colcon.colcon_core.event_handler.log_command:Invoked command in '/home/dihim/me326_ws/src/locobot_controller' returned '0': PYTHONPATH=/home/dihim/me326_ws/build/locobot_controller/prefix_override:/home/dihim/me326_ws/install/locobot_controller/lib/python3.8/site-packages:${PYTHONPATH} /usr/bin/python3 setup.py egg_info --egg-base ../../build/locobot_controller build --build-base /home/dihim/me326_ws/build/locobot_controller/build install --record /home/dihim/me326_ws/build/locobot_controller/install.log --single-version-externally-managed
[14.631s] Level 1:colcon.colcon_core.environment:checking '/home/dihim/me326_ws/install/locobot_controller' for CMake module files
[14.631s] Level 1:colcon.colcon_core.environment:checking '/home/dihim/me326_ws/install/locobot_controller' for CMake config files
[14.631s] Level 1:colcon.colcon_core.environment:checking '/home/dihim/me326_ws/install/locobot_controller/lib'
[14.632s] Level 1:colcon.colcon_core.environment:checking '/home/dihim/me326_ws/install/locobot_controller/bin'
[14.632s] Level 1:colcon.colcon_core.environment:checking '/home/dihim/me326_ws/install/locobot_controller/lib/pkgconfig/locobot_controller.pc'
[14.632s] Level 1:colcon.colcon_core.environment:checking '/home/dihim/me326_ws/install/locobot_controller/lib/python3.8/site-packages'
[14.632s] Level 1:colcon.colcon_core.shell:create_environment_hook('locobot_controller', 'pythonpath')
[14.732s] INFO:colcon.colcon_core.shell:Creating environment hook '/home/dihim/me326_ws/install/locobot_controller/share/locobot_controller/hook/pythonpath.ps1'
[14.733s] INFO:colcon.colcon_core.shell:Creating environment descriptor '/home/dihim/me326_ws/install/locobot_controller/share/locobot_controller/hook/pythonpath.dsv'
[14.734s] INFO:colcon.colcon_core.shell:Creating environment hook '/home/dihim/me326_ws/install/locobot_controller/share/locobot_controller/hook/pythonpath.sh'
[14.736s] Level 1:colcon.colcon_core.environment:checking '/home/dihim/me326_ws/install/locobot_controller/bin'
[14.736s] Level 1:colcon.colcon_core.environment:create_environment_scripts_only(locobot_controller)
[14.882s] INFO:colcon.colcon_core.shell:Creating package script '/home/dihim/me326_ws/install/locobot_controller/share/locobot_controller/package.ps1'
[14.883s] INFO:colcon.colcon_core.shell:Creating package descriptor '/home/dihim/me326_ws/install/locobot_controller/share/locobot_controller/package.dsv'
[14.883s] INFO:colcon.colcon_core.shell:Creating package script '/home/dihim/me326_ws/install/locobot_controller/share/locobot_controller/package.sh'
[14.884s] INFO:colcon.colcon_core.shell:Creating package script '/home/dihim/me326_ws/install/locobot_controller/share/locobot_controller/package.bash'
[14.884s] INFO:colcon.colcon_core.shell:Creating package script '/home/dihim/me326_ws/install/locobot_controller/share/locobot_controller/package.zsh'
[14.891s] Level 1:colcon.colcon_core.environment:create_file_with_runtime_dependencies(/home/dihim/me326_ws/install/locobot_controller/share/colcon-core/packages/locobot_controller)
[15.658s] DEBUG:colcon.colcon_core.event_handler.log_command:Invoking command in '/home/dihim/me326_ws/build/la_msgs': CMAKE_PREFIX_PATH=${CMAKE_PREFIX_PATH}:/home/dihim/interbotix_ws/install/interbotix_xs_modules:/home/dihim/interbotix_ws/install/interbotix_perception_modules:/home/dihim/interbotix_ws/install/interbotix_common_modules:/opt/ros/galactic /usr/bin/cmake --install /home/dihim/me326_ws/build/la_msgs
[15.808s] Level 1:colcon.colcon_core.environment:create_environment_scripts_only(la_msgs)
[15.812s] DEBUG:colcon.colcon_core.event_handler.log_command:Invoked command in '/home/dihim/me326_ws/build/la_msgs' returned '0': CMAKE_PREFIX_PATH=${CMAKE_PREFIX_PATH}:/home/dihim/interbotix_ws/install/interbotix_xs_modules:/home/dihim/interbotix_ws/install/interbotix_perception_modules:/home/dihim/interbotix_ws/install/interbotix_common_modules:/opt/ros/galactic /usr/bin/cmake --install /home/dihim/me326_ws/build/la_msgs
[15.941s] Level 1:colcon.colcon_core.environment:checking '/home/dihim/me326_ws/install/la_msgs' for CMake module files
[15.942s] Level 1:colcon.colcon_core.environment:checking '/home/dihim/me326_ws/install/la_msgs' for CMake config files
[15.943s] Level 1:colcon.colcon_core.shell:create_environment_hook('la_msgs', 'cmake_prefix_path')
[16.162s] INFO:colcon.colcon_core.shell:Creating environment hook '/home/dihim/me326_ws/install/la_msgs/share/la_msgs/hook/cmake_prefix_path.ps1'
[16.162s] INFO:colcon.colcon_core.shell:Creating environment descriptor '/home/dihim/me326_ws/install/la_msgs/share/la_msgs/hook/cmake_prefix_path.dsv'
[16.164s] INFO:colcon.colcon_core.shell:Creating environment hook '/home/dihim/me326_ws/install/la_msgs/share/la_msgs/hook/cmake_prefix_path.sh'
[16.165s] Level 1:colcon.colcon_core.environment:checking '/home/dihim/me326_ws/install/la_msgs/lib'
[16.166s] Level 1:colcon.colcon_core.shell:create_environment_hook('la_msgs', 'ld_library_path_lib')
[16.397s] INFO:colcon.colcon_core.shell:Creating environment hook '/home/dihim/me326_ws/install/la_msgs/share/la_msgs/hook/ld_library_path_lib.ps1'
[16.400s] INFO:colcon.colcon_core.shell:Creating environment descriptor '/home/dihim/me326_ws/install/la_msgs/share/la_msgs/hook/ld_library_path_lib.dsv'
[16.400s] INFO:colcon.colcon_core.shell:Creating environment hook '/home/dihim/me326_ws/install/la_msgs/share/la_msgs/hook/ld_library_path_lib.sh'
[16.401s] Level 1:colcon.colcon_core.environment:checking '/home/dihim/me326_ws/install/la_msgs/bin'
[16.401s] Level 1:colcon.colcon_core.environment:checking '/home/dihim/me326_ws/install/la_msgs/lib/pkgconfig/la_msgs.pc'
[16.402s] Level 1:colcon.colcon_core.environment:checking '/home/dihim/me326_ws/install/la_msgs/lib/python3.8/site-packages'
[16.402s] Level 1:colcon.colcon_core.shell:create_environment_hook('la_msgs', 'pythonpath')
[16.706s] INFO:colcon.colcon_core.shell:Creating environment hook '/home/dihim/me326_ws/install/la_msgs/share/la_msgs/hook/pythonpath.ps1'
[16.706s] INFO:colcon.colcon_core.shell:Creating environment descriptor '/home/dihim/me326_ws/install/la_msgs/share/la_msgs/hook/pythonpath.dsv'
[16.706s] INFO:colcon.colcon_core.shell:Creating environment hook '/home/dihim/me326_ws/install/la_msgs/share/la_msgs/hook/pythonpath.sh'
[16.706s] Level 1:colcon.colcon_core.environment:checking '/home/dihim/me326_ws/install/la_msgs/bin'
[16.991s] INFO:colcon.colcon_core.shell:Creating package script '/home/dihim/me326_ws/install/la_msgs/share/la_msgs/package.ps1'
[16.993s] INFO:colcon.colcon_core.shell:Creating package descriptor '/home/dihim/me326_ws/install/la_msgs/share/la_msgs/package.dsv'
[16.995s] INFO:colcon.colcon_core.shell:Creating package script '/home/dihim/me326_ws/install/la_msgs/share/la_msgs/package.sh'
[16.996s] INFO:colcon.colcon_core.shell:Creating package script '/home/dihim/me326_ws/install/la_msgs/share/la_msgs/package.bash'
[16.996s] INFO:colcon.colcon_core.shell:Creating package script '/home/dihim/me326_ws/install/la_msgs/share/la_msgs/package.zsh'
[16.997s] Level 1:colcon.colcon_core.environment:create_file_with_runtime_dependencies(/home/dihim/me326_ws/install/la_msgs/share/colcon-core/packages/la_msgs)
[18.857s] Level 1:colcon.colcon_core.environment:create_environment_scripts_only(la_msgs)
[19.144s] Level 1:colcon.colcon_core.environment:checking '/home/dihim/me326_ws/install/la_msgs' for CMake module files
[19.197s] Level 1:colcon.colcon_core.environment:checking '/home/dihim/me326_ws/install/la_msgs' for CMake config files
[19.197s] Level 1:colcon.colcon_core.shell:create_environment_hook('la_msgs', 'cmake_prefix_path')
[19.412s] INFO:colcon.colcon_core.shell:Creating environment hook '/home/dihim/me326_ws/install/la_msgs/share/la_msgs/hook/cmake_prefix_path.ps1'
[19.415s] INFO:colcon.colcon_core.shell:Creating environment descriptor '/home/dihim/me326_ws/install/la_msgs/share/la_msgs/hook/cmake_prefix_path.dsv'
[19.416s] INFO:colcon.colcon_core.shell:Creating environment hook '/home/dihim/me326_ws/install/la_msgs/share/la_msgs/hook/cmake_prefix_path.sh'
[19.417s] Level 1:colcon.colcon_core.environment:checking '/home/dihim/me326_ws/install/la_msgs/lib'
[19.417s] Level 1:colcon.colcon_core.shell:create_environment_hook('la_msgs', 'ld_library_path_lib')
[19.749s] INFO:colcon.colcon_core.shell:Creating environment hook '/home/dihim/me326_ws/install/la_msgs/share/la_msgs/hook/ld_library_path_lib.ps1'
[19.749s] INFO:colcon.colcon_core.shell:Creating environment descriptor '/home/dihim/me326_ws/install/la_msgs/share/la_msgs/hook/ld_library_path_lib.dsv'
[19.749s] INFO:colcon.colcon_core.shell:Creating environment hook '/home/dihim/me326_ws/install/la_msgs/share/la_msgs/hook/ld_library_path_lib.sh'
[19.764s] Level 1:colcon.colcon_core.environment:checking '/home/dihim/me326_ws/install/la_msgs/bin'
[19.764s] Level 1:colcon.colcon_core.environment:checking '/home/dihim/me326_ws/install/la_msgs/lib/pkgconfig/la_msgs.pc'
[19.764s] Level 1:colcon.colcon_core.environment:checking '/home/dihim/me326_ws/install/la_msgs/lib/python3.8/site-packages'
[19.764s] Level 1:colcon.colcon_core.shell:create_environment_hook('la_msgs', 'pythonpath')
[19.876s] INFO:colcon.colcon_core.shell:Creating environment hook '/home/dihim/me326_ws/install/la_msgs/share/la_msgs/hook/pythonpath.ps1'
[19.876s] INFO:colcon.colcon_core.shell:Creating environment descriptor '/home/dihim/me326_ws/install/la_msgs/share/la_msgs/hook/pythonpath.dsv'
[19.877s] INFO:colcon.colcon_core.shell:Creating environment hook '/home/dihim/me326_ws/install/la_msgs/share/la_msgs/hook/pythonpath.sh'
[19.877s] Level 1:colcon.colcon_core.environment:checking '/home/dihim/me326_ws/install/la_msgs/bin'
[20.140s] INFO:colcon.colcon_core.shell:Creating package script '/home/dihim/me326_ws/install/la_msgs/share/la_msgs/package.ps1'
[20.162s] INFO:colcon.colcon_core.shell:Creating package descriptor '/home/dihim/me326_ws/install/la_msgs/share/la_msgs/package.dsv'
[20.165s] INFO:colcon.colcon_core.shell:Creating package script '/home/dihim/me326_ws/install/la_msgs/share/la_msgs/package.sh'
[20.165s] INFO:colcon.colcon_core.shell:Creating package script '/home/dihim/me326_ws/install/la_msgs/share/la_msgs/package.bash'
[20.166s] INFO:colcon.colcon_core.shell:Creating package script '/home/dihim/me326_ws/install/la_msgs/share/la_msgs/package.zsh'
[20.166s] Level 1:colcon.colcon_core.environment:create_file_with_runtime_dependencies(/home/dihim/me326_ws/install/la_msgs/share/colcon-core/packages/la_msgs)
[38.258s] DEBUG:colcon.colcon_core.event_handler.log_command:Invoked command in '/home/dihim/me326_ws/build/arm_controller' returned '0': CMAKE_PREFIX_PATH=${CMAKE_PREFIX_PATH}:/home/dihim/interbotix_ws/install/interbotix_xs_modules:/home/dihim/interbotix_ws/install/interbotix_perception_modules:/home/dihim/interbotix_ws/install/interbotix_common_modules:/opt/ros/galactic /usr/bin/cmake --build /home/dihim/me326_ws/build/arm_controller -- -j4 -l4
[38.478s] DEBUG:colcon.colcon_core.event_handler.log_command:Invoking command in '/home/dihim/me326_ws/build/arm_controller': CMAKE_PREFIX_PATH=${CMAKE_PREFIX_PATH}:/home/dihim/interbotix_ws/install/interbotix_xs_modules:/home/dihim/interbotix_ws/install/interbotix_perception_modules:/home/dihim/interbotix_ws/install/interbotix_common_modules:/opt/ros/galactic /usr/bin/cmake --install /home/dihim/me326_ws/build/arm_controller
[38.516s] Level 1:colcon.colcon_core.environment:create_environment_scripts_only(arm_controller)
[38.516s] DEBUG:colcon.colcon_core.event_handler.log_command:Invoked command in '/home/dihim/me326_ws/build/arm_controller' returned '0': CMAKE_PREFIX_PATH=${CMAKE_PREFIX_PATH}:/home/dihim/interbotix_ws/install/interbotix_xs_modules:/home/dihim/interbotix_ws/install/interbotix_perception_modules:/home/dihim/interbotix_ws/install/interbotix_common_modules:/opt/ros/galactic /usr/bin/cmake --install /home/dihim/me326_ws/build/arm_controller
[39.135s] Level 1:colcon.colcon_core.environment:checking '/home/dihim/me326_ws/install/arm_controller' for CMake module files
[39.136s] Level 1:colcon.colcon_core.environment:checking '/home/dihim/me326_ws/install/arm_controller' for CMake config files
[39.136s] Level 1:colcon.colcon_core.shell:create_environment_hook('arm_controller', 'cmake_prefix_path')
[39.321s] INFO:colcon.colcon_core.shell:Creating environment hook '/home/dihim/me326_ws/install/arm_controller/share/arm_controller/hook/cmake_prefix_path.ps1'
[39.324s] INFO:colcon.colcon_core.shell:Creating environment descriptor '/home/dihim/me326_ws/install/arm_controller/share/arm_controller/hook/cmake_prefix_path.dsv'
[39.324s] INFO:colcon.colcon_core.shell:Creating environment hook '/home/dihim/me326_ws/install/arm_controller/share/arm_controller/hook/cmake_prefix_path.sh'
[39.325s] Level 1:colcon.colcon_core.environment:checking '/home/dihim/me326_ws/install/arm_controller/lib'
[39.326s] Level 1:colcon.colcon_core.environment:checking '/home/dihim/me326_ws/install/arm_controller/bin'
[39.326s] Level 1:colcon.colcon_core.environment:checking '/home/dihim/me326_ws/install/arm_controller/lib/pkgconfig/arm_controller.pc'
[39.326s] Level 1:colcon.colcon_core.environment:checking '/home/dihim/me326_ws/install/arm_controller/lib/python3.8/site-packages'
[39.327s] Level 1:colcon.colcon_core.environment:checking '/home/dihim/me326_ws/install/arm_controller/bin'
[39.535s] INFO:colcon.colcon_core.shell:Creating package script '/home/dihim/me326_ws/install/arm_controller/share/arm_controller/package.ps1'
[39.539s] INFO:colcon.colcon_core.shell:Creating package descriptor '/home/dihim/me326_ws/install/arm_controller/share/arm_controller/package.dsv'
[39.541s] INFO:colcon.colcon_core.shell:Creating package script '/home/dihim/me326_ws/install/arm_controller/share/arm_controller/package.sh'
[39.541s] INFO:colcon.colcon_core.shell:Creating package script '/home/dihim/me326_ws/install/arm_controller/share/arm_controller/package.bash'
[39.542s] INFO:colcon.colcon_core.shell:Creating package script '/home/dihim/me326_ws/install/arm_controller/share/arm_controller/package.zsh'
[39.543s] Level 1:colcon.colcon_core.environment:create_file_with_runtime_dependencies(/home/dihim/me326_ws/install/arm_controller/share/colcon-core/packages/arm_controller)
[39.914s] Level 1:colcon.colcon_core.environment:create_environment_scripts_only(arm_controller)
[40.121s] Level 1:colcon.colcon_core.environment:checking '/home/dihim/me326_ws/install/arm_controller' for CMake module files
[40.122s] Level 1:colcon.colcon_core.environment:checking '/home/dihim/me326_ws/install/arm_controller' for CMake config files
[40.122s] Level 1:colcon.colcon_core.shell:create_environment_hook('arm_controller', 'cmake_prefix_path')
[40.316s] INFO:colcon.colcon_core.shell:Creating environment hook '/home/dihim/me326_ws/install/arm_controller/share/arm_controller/hook/cmake_prefix_path.ps1'
[40.318s] INFO:colcon.colcon_core.shell:Creating environment descriptor '/home/dihim/me326_ws/install/arm_controller/share/arm_controller/hook/cmake_prefix_path.dsv'
[40.319s] INFO:colcon.colcon_core.shell:Creating environment hook '/home/dihim/me326_ws/install/arm_controller/share/arm_controller/hook/cmake_prefix_path.sh'
[40.320s] Level 1:colcon.colcon_core.environment:checking '/home/dihim/me326_ws/install/arm_controller/lib'
[40.320s] Level 1:colcon.colcon_core.environment:checking '/home/dihim/me326_ws/install/arm_controller/bin'
[40.320s] Level 1:colcon.colcon_core.environment:checking '/home/dihim/me326_ws/install/arm_controller/lib/pkgconfig/arm_controller.pc'
[40.320s] Level 1:colcon.colcon_core.environment:checking '/home/dihim/me326_ws/install/arm_controller/lib/python3.8/site-packages'
[40.321s] Level 1:colcon.colcon_core.environment:checking '/home/dihim/me326_ws/install/arm_controller/bin'
[40.398s] INFO:colcon.colcon_core.shell:Creating package script '/home/dihim/me326_ws/install/arm_controller/share/arm_controller/package.ps1'
[40.398s] INFO:colcon.colcon_core.shell:Creating package descriptor '/home/dihim/me326_ws/install/arm_controller/share/arm_controller/package.dsv'
[40.399s] INFO:colcon.colcon_core.shell:Creating package script '/home/dihim/me326_ws/install/arm_controller/share/arm_controller/package.sh'
[40.400s] INFO:colcon.colcon_core.shell:Creating package script '/home/dihim/me326_ws/install/arm_controller/share/arm_controller/package.bash'
[40.400s] INFO:colcon.colcon_core.shell:Creating package script '/home/dihim/me326_ws/install/arm_controller/share/arm_controller/package.zsh'
[40.400s] Level 1:colcon.colcon_core.environment:create_file_with_runtime_dependencies(/home/dihim/me326_ws/install/arm_controller/share/colcon-core/packages/arm_controller)
[40.401s] DEBUG:colcon.colcon_parallel_executor.executor.parallel:closing loop
[40.402s] DEBUG:colcon.colcon_parallel_executor.executor.parallel:loop closed
[40.402s] DEBUG:colcon.colcon_parallel_executor.executor.parallel:run_until_complete finished with '0'
[40.402s] DEBUG:colcon.colcon_core.event_reactor:joining thread
[40.561s] INFO:colcon.colcon_core.plugin_system:Skipping extension 'colcon_notification.desktop_notification.terminal_notifier': Not used on non-Darwin systems
[40.561s] INFO:colcon.colcon_core.plugin_system:Skipping extension 'colcon_notification.desktop_notification.win32': Not used on non-Windows systems
[40.561s] INFO:colcon.colcon_notification.desktop_notification:Sending desktop notification using 'notify2'
[40.614s] DEBUG:colcon.colcon_core.event_reactor:joined thread
[40.742s] INFO:colcon.colcon_core.shell:Creating prefix script '/home/dihim/me326_ws/install/local_setup.ps1'
[40.750s] INFO:colcon.colcon_core.shell:Creating prefix util module '/home/dihim/me326_ws/install/_local_setup_util_ps1.py'
[40.759s] INFO:colcon.colcon_core.shell:Creating prefix chain script '/home/dihim/me326_ws/install/setup.ps1'
[40.874s] INFO:colcon.colcon_core.shell:Creating prefix script '/home/dihim/me326_ws/install/local_setup.sh'
[40.881s] INFO:colcon.colcon_core.shell:Creating prefix util module '/home/dihim/me326_ws/install/_local_setup_util_sh.py'
[40.882s] INFO:colcon.colcon_core.shell:Creating prefix chain script '/home/dihim/me326_ws/install/setup.sh'
[41.013s] INFO:colcon.colcon_core.shell:Creating prefix script '/home/dihim/me326_ws/install/local_setup.bash'
[41.018s] INFO:colcon.colcon_core.shell:Creating prefix chain script '/home/dihim/me326_ws/install/setup.bash'
[41.102s] INFO:colcon.colcon_core.shell:Creating prefix script '/home/dihim/me326_ws/install/local_setup.zsh'
[41.102s] INFO:colcon.colcon_core.shell:Creating prefix chain script '/home/dihim/me326_ws/install/setup.zsh'
