[5.047s] Invoking command in '/home/dihim/me326_ws/src/locobot_controller': PYTHONPATH=/home/dihim/me326_ws/build/locobot_controller/prefix_override:/home/dihim/me326_ws/install/locobot_controller/lib/python3.8/site-packages:${PYTHONPATH} /usr/bin/python3 setup.py egg_info --egg-base ../../build/locobot_controller build --build-base /home/dihim/me326_ws/build/locobot_controller/build install --record /home/dihim/me326_ws/build/locobot_controller/install.log --single-version-externally-managed
[5.563s] running egg_info
[5.611s] writing ../../build/locobot_controller/locobot_controller.egg-info/PKG-INFO
[5.611s] writing dependency_links to ../../build/locobot_controller/locobot_controller.egg-info/dependency_links.txt
[5.612s] writing entry points to ../../build/locobot_controller/locobot_controller.egg-info/entry_points.txt
[5.613s] writing requirements to ../../build/locobot_controller/locobot_controller.egg-info/requires.txt
[5.613s] writing top-level names to ../../build/locobot_controller/locobot_controller.egg-info/top_level.txt
[5.726s] reading manifest file '../../build/locobot_controller/locobot_controller.egg-info/SOURCES.txt'
[5.731s] writing manifest file '../../build/locobot_controller/locobot_controller.egg-info/SOURCES.txt'
[5.731s] running build
[5.731s] running build_py
[5.731s] running install
[5.732s] running install_lib
[5.733s] byte-compiling /home/dihim/me326_ws/install/locobot_controller/lib/python3.8/site-packages/locobot_controller/locobot_controller.py to locobot_controller.cpython-38.pyc
[5.737s]   File "/home/dihim/me326_ws/install/locobot_controller/lib/python3.8/site-packages/locobot_controller/locobot_controller.py", line 37
[5.737s]     cy = int(M["m01"]/M["mOO"})
[5.737s]                              ^
[5.737s] SyntaxError: closing parenthesis '}' does not match opening parenthesis '['
[5.737s] 
[5.739s] running install_data
[5.739s] running install_egg_info
[5.742s] removing '/home/dihim/me326_ws/install/locobot_controller/lib/python3.8/site-packages/locobot_controller-0.0.0-py3.8.egg-info' (and everything under it)
[5.742s] Copying ../../build/locobot_controller/locobot_controller.egg-info to /home/dihim/me326_ws/install/locobot_controller/lib/python3.8/site-packages/locobot_controller-0.0.0-py3.8.egg-info
[5.744s] running install_scripts
[5.770s] Installing locobot_controller script to /home/dihim/me326_ws/install/locobot_controller/lib/locobot_controller
[5.794s] writing list of installed files to '/home/dihim/me326_ws/build/locobot_controller/install.log'
[5.836s] Invoked command in '/home/dihim/me326_ws/src/locobot_controller' returned '0': PYTHONPATH=/home/dihim/me326_ws/build/locobot_controller/prefix_override:/home/dihim/me326_ws/install/locobot_controller/lib/python3.8/site-packages:${PYTHONPATH} /usr/bin/python3 setup.py egg_info --egg-base ../../build/locobot_controller build --build-base /home/dihim/me326_ws/build/locobot_controller/build install --record /home/dihim/me326_ws/build/locobot_controller/install.log --single-version-externally-managed
