[0.744s] Invoking command in '/home/dihim/me326_ws/build/arm_controller': CMAKE_PREFIX_PATH=${CMAKE_PREFIX_PATH}:/home/dihim/interbotix_ws/install/interbotix_xs_modules:/home/dihim/interbotix_ws/install/interbotix_perception_modules:/home/dihim/interbotix_ws/install/interbotix_common_modules:/opt/ros/galactic /usr/bin/cmake --build /home/dihim/me326_ws/build/arm_controller -- -j4 -l4
[1.064s] [35m[1mScanning dependencies of target arm_controller[0m
[1.065s] [ 33%] [32mBuilding CXX object CMakeFiles/arm_controller.dir/src/moveit_interface.cpp.o[0m
[7.728s] [ 66%] [32m[1mLinking CXX executable arm_controller[0m
[8.397s] [100%] Built target arm_controller
[8.404s] Invoked command in '/home/dihim/me326_ws/build/arm_controller' returned '0': CMAKE_PREFIX_PATH=${CMAKE_PREFIX_PATH}:/home/dihim/interbotix_ws/install/interbotix_xs_modules:/home/dihim/interbotix_ws/install/interbotix_perception_modules:/home/dihim/interbotix_ws/install/interbotix_common_modules:/opt/ros/galactic /usr/bin/cmake --build /home/dihim/me326_ws/build/arm_controller -- -j4 -l4
[8.422s] Invoking command in '/home/dihim/me326_ws/build/arm_controller': CMAKE_PREFIX_PATH=${CMAKE_PREFIX_PATH}:/home/dihim/interbotix_ws/install/interbotix_xs_modules:/home/dihim/interbotix_ws/install/interbotix_perception_modules:/home/dihim/interbotix_ws/install/interbotix_common_modules:/opt/ros/galactic /usr/bin/cmake --install /home/dihim/me326_ws/build/arm_controller
[8.427s] -- Install configuration: ""
[8.428s] -- Installing: /home/dihim/me326_ws/install/arm_controller/lib/arm_controller/arm_controller
[8.430s] -- Set runtime path of "/home/dihim/me326_ws/install/arm_controller/lib/arm_controller/arm_controller" to ""
[8.430s] -- Up-to-date: /home/dihim/me326_ws/install/arm_controller/lib/arm_controller/moveit_interface_gui
[8.430s] -- Up-to-date: /home/dihim/me326_ws/install/arm_controller/share/arm_controller//launch
[8.430s] -- Up-to-date: /home/dihim/me326_ws/install/arm_controller/share/arm_controller//launch/spawn_blocks.py
[8.430s] -- Up-to-date: /home/dihim/me326_ws/install/arm_controller/share/arm_controller/model
[8.430s] -- Installing: /home/dihim/me326_ws/install/arm_controller/share/arm_controller/model/blue_cube.urdf
[8.430s] -- Up-to-date: /home/dihim/me326_ws/install/arm_controller/share/arm_controller/model/yellow_cube.urdf
[8.430s] -- Up-to-date: /home/dihim/me326_ws/install/arm_controller/share/arm_controller/model/red_cube.urdf
[8.431s] -- Up-to-date: /home/dihim/me326_ws/install/arm_controller/share/arm_controller/model/green_cube.urdf
[8.431s] -- Up-to-date: /home/dihim/me326_ws/install/arm_controller/share/ament_index/resource_index/package_run_dependencies/arm_controller
[8.431s] -- Up-to-date: /home/dihim/me326_ws/install/arm_controller/share/ament_index/resource_index/parent_prefix_path/arm_controller
[8.431s] -- Up-to-date: /home/dihim/me326_ws/install/arm_controller/share/arm_controller/environment/ament_prefix_path.sh
[8.431s] -- Up-to-date: /home/dihim/me326_ws/install/arm_controller/share/arm_controller/environment/ament_prefix_path.dsv
[8.431s] -- Up-to-date: /home/dihim/me326_ws/install/arm_controller/share/arm_controller/environment/path.sh
[8.431s] -- Up-to-date: /home/dihim/me326_ws/install/arm_controller/share/arm_controller/environment/path.dsv
[8.431s] -- Up-to-date: /home/dihim/me326_ws/install/arm_controller/share/arm_controller/local_setup.bash
[8.431s] -- Up-to-date: /home/dihim/me326_ws/install/arm_controller/share/arm_controller/local_setup.sh
[8.431s] -- Up-to-date: /home/dihim/me326_ws/install/arm_controller/share/arm_controller/local_setup.zsh
[8.431s] -- Up-to-date: /home/dihim/me326_ws/install/arm_controller/share/arm_controller/local_setup.dsv
[8.431s] -- Installing: /home/dihim/me326_ws/install/arm_controller/share/arm_controller/package.dsv
[8.431s] -- Up-to-date: /home/dihim/me326_ws/install/arm_controller/share/ament_index/resource_index/packages/arm_controller
[8.431s] -- Up-to-date: /home/dihim/me326_ws/install/arm_controller/share/arm_controller/cmake/arm_controllerConfig.cmake
[8.431s] -- Up-to-date: /home/dihim/me326_ws/install/arm_controller/share/arm_controller/cmake/arm_controllerConfig-version.cmake
[8.431s] -- Up-to-date: /home/dihim/me326_ws/install/arm_controller/share/arm_controller/package.xml
[8.432s] Invoked command in '/home/dihim/me326_ws/build/arm_controller' returned '0': CMAKE_PREFIX_PATH=${CMAKE_PREFIX_PATH}:/home/dihim/interbotix_ws/install/interbotix_xs_modules:/home/dihim/interbotix_ws/install/interbotix_perception_modules:/home/dihim/interbotix_ws/install/interbotix_common_modules:/opt/ros/galactic /usr/bin/cmake --install /home/dihim/me326_ws/build/arm_controller
