[0.548s] Invoking command in '/home/dihim/me326_ws/build/gazebo_ros_link_attacher': /usr/bin/cmake /home/dihim/me326_ws/src/gazebo_ros_link_attacher -DCATKIN_INSTALL_INTO_PREFIX_ROOT=0 -DCMAKE_INSTALL_PREFIX=/home/dihim/me326_ws/install/gazebo_ros_link_attacher
[0.712s] -- The C compiler identification is GNU 9.4.0
[0.818s] -- The CXX compiler identification is GNU 9.4.0
[0.826s] -- Check for working C compiler: /usr/bin/cc
[0.927s] -- Check for working C compiler: /usr/bin/cc -- works
[0.928s] -- Detecting C compiler ABI info
[0.979s] -- Detecting C compiler ABI info - done
[0.987s] -- Detecting C compile features
[0.987s] -- Detecting C compile features - done
[0.991s] -- Check for working CXX compiler: /usr/bin/c++
[1.043s] -- Check for working CXX compiler: /usr/bin/c++ -- works
[1.043s] -- Detecting CXX compiler ABI info
[1.152s] -- Detecting CXX compiler ABI info - done
[1.159s] -- Detecting CXX compile features
[1.159s] -- Detecting CXX compile features - done
[1.162s] -- Performing Test COMPILER_SUPPORTS_CXX11
[1.227s] -- Performing Test COMPILER_SUPPORTS_CXX11 - Success
[1.229s] -- Performing Test COMPILER_SUPPORTS_CXX0X
[1.296s] -- Performing Test COMPILER_SUPPORTS_CXX0X - Success
[1.303s] CMake Error at CMakeLists.txt:20 (find_package):
[1.303s]   By not providing "Findcatkin.cmake" in CMAKE_MODULE_PATH this project has
[1.303s]   asked CMake to find a package configuration file provided by "catkin", but
[1.303s]   CMake did not find one.
[1.303s] 
[1.303s]   Could not find a package configuration file provided by "catkin" with any
[1.303s]   of the following names:
[1.303s] 
[1.303s]     catkinConfig.cmake
[1.304s]     catkin-config.cmake
[1.304s] 
[1.304s]   Add the installation prefix of "catkin" to CMAKE_PREFIX_PATH or set
[1.304s]   "catkin_DIR" to a directory containing one of the above files.  If "catkin"
[1.304s]   provides a separate development package or SDK, be sure it has been
[1.304s]   installed.
[1.304s] 
[1.304s] 
[1.304s] -- Configuring incomplete, errors occurred!
[1.304s] See also "/home/dihim/me326_ws/build/gazebo_ros_link_attacher/CMakeFiles/CMakeOutput.log".
[1.325s] Invoked command in '/home/dihim/me326_ws/build/gazebo_ros_link_attacher' returned '1': /usr/bin/cmake /home/dihim/me326_ws/src/gazebo_ros_link_attacher -DCATKIN_INSTALL_INTO_PREFIX_ROOT=0 -DCMAKE_INSTALL_PREFIX=/home/dihim/me326_ws/install/gazebo_ros_link_attacher
