[2.237s] DEBUG:colcon:Command line arguments: ['/usr/bin/colcon', 'build']
[2.237s] DEBUG:colcon:Parsed command line arguments: Namespace(allow_overriding=[], ament_cmake_args=None, base_paths=['.'], build_base='build', catkin_cmake_args=None, catkin_skip_building_tests=False, cmake_args=None, cmake_clean_cache=False, cmake_clean_first=False, cmake_force_configure=False, cmake_target=None, cmake_target_skip_unavailable=False, continue_on_error=False, event_handlers=None, executor='parallel', ignore_user_meta=False, install_base='install', log_base=None, log_level=None, main=<bound method BuildVerb.main of <colcon_core.verb.build.BuildVerb object at 0x7f9560eadbe0>>, merge_install=False, metas=['./colcon.meta'], packages_above=None, packages_above_and_dependencies=None, packages_above_depth=None, packages_end=None, packages_ignore=None, packages_ignore_regex=None, packages_select=None, packages_select_build_failed=False, packages_select_by_dep=None, packages_select_regex=None, packages_select_test_failures=False, packages_skip=None, packages_skip_build_finished=False, packages_skip_by_dep=None, packages_skip_regex=None, packages_skip_test_passed=False, packages_skip_up_to=None, packages_start=None, packages_up_to=None, packages_up_to_regex=None, parallel_workers=8, paths=None, symlink_install=False, test_result_base=None, verb_extension=<colcon_core.verb.build.BuildVerb object at 0x7f9560eadbe0>, verb_name='build', verb_parser=<colcon_defaults.argument_parser.defaults.DefaultArgumentsDecorator object at 0x7f9560f177f0>)
[2.332s] Level 1:colcon.colcon_core.package_discovery:discover_packages(colcon_meta) check parameters
[2.332s] Level 1:colcon.colcon_core.package_discovery:discover_packages(recursive) check parameters
[2.332s] Level 1:colcon.colcon_core.package_discovery:discover_packages(ignore) check parameters
[2.332s] Level 1:colcon.colcon_core.package_discovery:discover_packages(path) check parameters
[2.332s] Level 1:colcon.colcon_core.package_discovery:discover_packages(colcon_meta) discover
[2.333s] Level 1:colcon.colcon_core.package_discovery:discover_packages(recursive) discover
[2.333s] INFO:colcon.colcon_core.package_discovery:Crawling recursively for packages in '/home/yicheng/me326_ws'
[2.333s] Level 1:colcon.colcon_core.package_identification:_identify(.) by extensions ['ignore', 'ignore_ament_install']
[2.333s] Level 1:colcon.colcon_core.package_identification:_identify(.) by extension 'ignore'
[2.333s] Level 1:colcon.colcon_core.package_identification:_identify(.) by extension 'ignore_ament_install'
[2.333s] Level 1:colcon.colcon_core.package_identification:_identify(.) by extensions ['colcon_pkg']
[2.333s] Level 1:colcon.colcon_core.package_identification:_identify(.) by extension 'colcon_pkg'
[2.333s] Level 1:colcon.colcon_core.package_identification:_identify(.) by extensions ['colcon_meta']
[2.333s] Level 1:colcon.colcon_core.package_identification:_identify(.) by extension 'colcon_meta'
[2.333s] Level 1:colcon.colcon_core.package_identification:_identify(.) by extensions ['ros']
[2.333s] Level 1:colcon.colcon_core.package_identification:_identify(.) by extension 'ros'
[2.342s] Level 1:colcon.colcon_core.package_identification:_identify(.) by extensions ['cmake', 'python']
[2.342s] Level 1:colcon.colcon_core.package_identification:_identify(.) by extension 'cmake'
[2.342s] Level 1:colcon.colcon_core.package_identification:_identify(.) by extension 'python'
[2.342s] Level 1:colcon.colcon_core.package_identification:_identify(.) by extensions ['python_setup_py']
[2.342s] Level 1:colcon.colcon_core.package_identification:_identify(.) by extension 'python_setup_py'
[2.342s] Level 1:colcon.colcon_core.package_identification:_identify(build) by extensions ['ignore', 'ignore_ament_install']
[2.342s] Level 1:colcon.colcon_core.package_identification:_identify(build) by extension 'ignore'
[2.343s] Level 1:colcon.colcon_core.package_identification:_identify(build) ignored
[2.343s] Level 1:colcon.colcon_core.package_identification:_identify(install) by extensions ['ignore', 'ignore_ament_install']
[2.343s] Level 1:colcon.colcon_core.package_identification:_identify(install) by extension 'ignore'
[2.343s] Level 1:colcon.colcon_core.package_identification:_identify(install) ignored
[2.343s] Level 1:colcon.colcon_core.package_identification:_identify(log) by extensions ['ignore', 'ignore_ament_install']
[2.343s] Level 1:colcon.colcon_core.package_identification:_identify(log) by extension 'ignore'
[2.343s] Level 1:colcon.colcon_core.package_identification:_identify(log) ignored
[2.343s] Level 1:colcon.colcon_core.package_identification:_identify(src) by extensions ['ignore', 'ignore_ament_install']
[2.343s] Level 1:colcon.colcon_core.package_identification:_identify(src) by extension 'ignore'
[2.343s] Level 1:colcon.colcon_core.package_identification:_identify(src) by extension 'ignore_ament_install'
[2.343s] Level 1:colcon.colcon_core.package_identification:_identify(src) by extensions ['colcon_pkg']
[2.343s] Level 1:colcon.colcon_core.package_identification:_identify(src) by extension 'colcon_pkg'
[2.343s] Level 1:colcon.colcon_core.package_identification:_identify(src) by extensions ['colcon_meta']
[2.343s] Level 1:colcon.colcon_core.package_identification:_identify(src) by extension 'colcon_meta'
[2.343s] Level 1:colcon.colcon_core.package_identification:_identify(src) by extensions ['ros']
[2.343s] Level 1:colcon.colcon_core.package_identification:_identify(src) by extension 'ros'
[2.343s] Level 1:colcon.colcon_core.package_identification:_identify(src) by extensions ['cmake', 'python']
[2.343s] Level 1:colcon.colcon_core.package_identification:_identify(src) by extension 'cmake'
[2.343s] Level 1:colcon.colcon_core.package_identification:_identify(src) by extension 'python'
[2.343s] Level 1:colcon.colcon_core.package_identification:_identify(src) by extensions ['python_setup_py']
[2.343s] Level 1:colcon.colcon_core.package_identification:_identify(src) by extension 'python_setup_py'
[2.343s] Level 1:colcon.colcon_core.package_identification:_identify(src/locobot_yicheng) by extensions ['ignore', 'ignore_ament_install']
[2.344s] Level 1:colcon.colcon_core.package_identification:_identify(src/locobot_yicheng) by extension 'ignore'
[2.344s] Level 1:colcon.colcon_core.package_identification:_identify(src/locobot_yicheng) by extension 'ignore_ament_install'
[2.344s] Level 1:colcon.colcon_core.package_identification:_identify(src/locobot_yicheng) by extensions ['colcon_pkg']
[2.344s] Level 1:colcon.colcon_core.package_identification:_identify(src/locobot_yicheng) by extension 'colcon_pkg'
[2.344s] Level 1:colcon.colcon_core.package_identification:_identify(src/locobot_yicheng) by extensions ['colcon_meta']
[2.344s] Level 1:colcon.colcon_core.package_identification:_identify(src/locobot_yicheng) by extension 'colcon_meta'
[2.344s] Level 1:colcon.colcon_core.package_identification:_identify(src/locobot_yicheng) by extensions ['ros']
[2.344s] Level 1:colcon.colcon_core.package_identification:_identify(src/locobot_yicheng) by extension 'ros'
[2.346s] DEBUG:colcon.colcon_core.package_identification:Package 'src/locobot_yicheng' with type 'ros.ament_cmake' and name 'locobot_yicheng'
[2.346s] Level 1:colcon.colcon_core.package_discovery:discover_packages(recursive) using defaults
[2.346s] Level 1:colcon.colcon_core.package_discovery:discover_packages(ignore) discover
[2.346s] Level 1:colcon.colcon_core.package_discovery:discover_packages(ignore) using defaults
[2.346s] Level 1:colcon.colcon_core.package_discovery:discover_packages(path) discover
[2.346s] Level 1:colcon.colcon_core.package_discovery:discover_packages(path) using defaults
[2.523s] Level 1:colcon.colcon_core.package_discovery:discover_packages(prefix_path) check parameters
[2.523s] Level 1:colcon.colcon_core.package_discovery:discover_packages(prefix_path) discover
[2.597s] DEBUG:colcon.colcon_installed_package_information.package_discovery:Found 18 installed packages in /home/yicheng/interbotix_ws/install
[2.642s] DEBUG:colcon.colcon_installed_package_information.package_discovery:Found 335 installed packages in /opt/ros/galactic
[2.644s] Level 1:colcon.colcon_core.package_discovery:discover_packages(prefix_path) using defaults
[2.826s] Level 5:colcon.colcon_core.verb:set package 'locobot_yicheng' build argument 'cmake_args' from command line to 'None'
[2.826s] Level 5:colcon.colcon_core.verb:set package 'locobot_yicheng' build argument 'cmake_target' from command line to 'None'
[2.826s] Level 5:colcon.colcon_core.verb:set package 'locobot_yicheng' build argument 'cmake_target_skip_unavailable' from command line to 'False'
[2.826s] Level 5:colcon.colcon_core.verb:set package 'locobot_yicheng' build argument 'cmake_clean_cache' from command line to 'False'
[2.826s] Level 5:colcon.colcon_core.verb:set package 'locobot_yicheng' build argument 'cmake_clean_first' from command line to 'False'
[2.826s] Level 5:colcon.colcon_core.verb:set package 'locobot_yicheng' build argument 'cmake_force_configure' from command line to 'False'
[2.826s] Level 5:colcon.colcon_core.verb:set package 'locobot_yicheng' build argument 'ament_cmake_args' from command line to 'None'
[2.826s] Level 5:colcon.colcon_core.verb:set package 'locobot_yicheng' build argument 'catkin_cmake_args' from command line to 'None'
[2.826s] Level 5:colcon.colcon_core.verb:set package 'locobot_yicheng' build argument 'catkin_skip_building_tests' from command line to 'False'
[2.826s] DEBUG:colcon.colcon_core.verb:Building package 'locobot_yicheng' with the following arguments: {'ament_cmake_args': None, 'build_base': '/home/yicheng/me326_ws/build/locobot_yicheng', 'catkin_cmake_args': None, 'catkin_skip_building_tests': False, 'cmake_args': None, 'cmake_clean_cache': False, 'cmake_clean_first': False, 'cmake_force_configure': False, 'cmake_target': None, 'cmake_target_skip_unavailable': False, 'install_base': '/home/yicheng/me326_ws/install/locobot_yicheng', 'merge_install': False, 'path': '/home/yicheng/me326_ws/src/locobot_yicheng', 'symlink_install': False, 'test_result_base': None}
[2.859s] INFO:colcon.colcon_core.executor:Executing jobs using 'parallel' executor
[2.896s] DEBUG:colcon.colcon_parallel_executor.executor.parallel:run_until_complete
[2.897s] INFO:colcon.colcon_ros.task.ament_cmake.build:Building ROS package in '/home/yicheng/me326_ws/src/locobot_yicheng' with build type 'ament_cmake'
[2.897s] INFO:colcon.colcon_cmake.task.cmake.build:Building CMake package in '/home/yicheng/me326_ws/src/locobot_yicheng'
[2.931s] INFO:colcon.colcon_core.plugin_system:Skipping extension 'colcon_core.shell.bat': Not used on non-Windows systems
[2.931s] INFO:colcon.colcon_core.shell:Skip shell extension 'powershell' for command environment: Not usable outside of PowerShell
[2.931s] DEBUG:colcon.colcon_core.shell:Skip shell extension 'dsv' for command environment
[3.064s] DEBUG:colcon.colcon_core.event_handler.log_command:Invoking command in '/home/yicheng/me326_ws/build/locobot_yicheng': CMAKE_PREFIX_PATH=${CMAKE_PREFIX_PATH}:/home/yicheng/interbotix_ws/install/interbotix_xs_modules:/home/yicheng/interbotix_ws/install/interbotix_perception_modules:/home/yicheng/interbotix_ws/install/interbotix_common_modules:/opt/ros/galactic /usr/bin/cmake --build /home/yicheng/me326_ws/build/locobot_yicheng -- -j8 -l8
[3.107s] DEBUG:colcon.colcon_core.event_handler.log_command:Invoked command in '/home/yicheng/me326_ws/build/locobot_yicheng' returned '0': CMAKE_PREFIX_PATH=${CMAKE_PREFIX_PATH}:/home/yicheng/interbotix_ws/install/interbotix_xs_modules:/home/yicheng/interbotix_ws/install/interbotix_perception_modules:/home/yicheng/interbotix_ws/install/interbotix_common_modules:/opt/ros/galactic /usr/bin/cmake --build /home/yicheng/me326_ws/build/locobot_yicheng -- -j8 -l8
[3.142s] DEBUG:colcon.colcon_core.event_handler.log_command:Invoking command in '/home/yicheng/me326_ws/build/locobot_yicheng': CMAKE_PREFIX_PATH=${CMAKE_PREFIX_PATH}:/home/yicheng/interbotix_ws/install/interbotix_xs_modules:/home/yicheng/interbotix_ws/install/interbotix_perception_modules:/home/yicheng/interbotix_ws/install/interbotix_common_modules:/opt/ros/galactic /usr/bin/cmake --install /home/yicheng/me326_ws/build/locobot_yicheng
[3.154s] Level 1:colcon.colcon_core.environment:create_environment_scripts_only(locobot_yicheng)
[3.155s] DEBUG:colcon.colcon_core.event_handler.log_command:Invoked command in '/home/yicheng/me326_ws/build/locobot_yicheng' returned '0': CMAKE_PREFIX_PATH=${CMAKE_PREFIX_PATH}:/home/yicheng/interbotix_ws/install/interbotix_xs_modules:/home/yicheng/interbotix_ws/install/interbotix_perception_modules:/home/yicheng/interbotix_ws/install/interbotix_common_modules:/opt/ros/galactic /usr/bin/cmake --install /home/yicheng/me326_ws/build/locobot_yicheng
[3.191s] Level 1:colcon.colcon_core.environment:checking '/home/yicheng/me326_ws/install/locobot_yicheng' for CMake module files
[3.191s] Level 1:colcon.colcon_core.environment:checking '/home/yicheng/me326_ws/install/locobot_yicheng' for CMake config files
[3.192s] Level 1:colcon.colcon_core.shell:create_environment_hook('locobot_yicheng', 'cmake_prefix_path')
[3.226s] INFO:colcon.colcon_core.shell:Creating environment hook '/home/yicheng/me326_ws/install/locobot_yicheng/share/locobot_yicheng/hook/cmake_prefix_path.ps1'
[3.227s] INFO:colcon.colcon_core.shell:Creating environment descriptor '/home/yicheng/me326_ws/install/locobot_yicheng/share/locobot_yicheng/hook/cmake_prefix_path.dsv'
[3.228s] INFO:colcon.colcon_core.shell:Creating environment hook '/home/yicheng/me326_ws/install/locobot_yicheng/share/locobot_yicheng/hook/cmake_prefix_path.sh'
[3.229s] Level 1:colcon.colcon_core.environment:checking '/home/yicheng/me326_ws/install/locobot_yicheng/lib'
[3.229s] Level 1:colcon.colcon_core.environment:checking '/home/yicheng/me326_ws/install/locobot_yicheng/bin'
[3.229s] Level 1:colcon.colcon_core.environment:checking '/home/yicheng/me326_ws/install/locobot_yicheng/lib/pkgconfig/locobot_yicheng.pc'
[3.229s] Level 1:colcon.colcon_core.environment:checking '/home/yicheng/me326_ws/install/locobot_yicheng/lib/python3.8/site-packages'
[3.229s] Level 1:colcon.colcon_core.environment:checking '/home/yicheng/me326_ws/install/locobot_yicheng/bin'
[3.265s] INFO:colcon.colcon_core.shell:Creating package script '/home/yicheng/me326_ws/install/locobot_yicheng/share/locobot_yicheng/package.ps1'
[3.265s] INFO:colcon.colcon_core.shell:Creating package descriptor '/home/yicheng/me326_ws/install/locobot_yicheng/share/locobot_yicheng/package.dsv'
[3.266s] INFO:colcon.colcon_core.shell:Creating package script '/home/yicheng/me326_ws/install/locobot_yicheng/share/locobot_yicheng/package.sh'
[3.266s] INFO:colcon.colcon_core.shell:Creating package script '/home/yicheng/me326_ws/install/locobot_yicheng/share/locobot_yicheng/package.bash'
[3.267s] INFO:colcon.colcon_core.shell:Creating package script '/home/yicheng/me326_ws/install/locobot_yicheng/share/locobot_yicheng/package.zsh'
[3.267s] Level 1:colcon.colcon_core.environment:create_file_with_runtime_dependencies(/home/yicheng/me326_ws/install/locobot_yicheng/share/colcon-core/packages/locobot_yicheng)
[3.325s] Level 1:colcon.colcon_core.environment:create_environment_scripts_only(locobot_yicheng)
[3.358s] Level 1:colcon.colcon_core.environment:checking '/home/yicheng/me326_ws/install/locobot_yicheng' for CMake module files
[3.358s] Level 1:colcon.colcon_core.environment:checking '/home/yicheng/me326_ws/install/locobot_yicheng' for CMake config files
[3.358s] Level 1:colcon.colcon_core.shell:create_environment_hook('locobot_yicheng', 'cmake_prefix_path')
[3.393s] INFO:colcon.colcon_core.shell:Creating environment hook '/home/yicheng/me326_ws/install/locobot_yicheng/share/locobot_yicheng/hook/cmake_prefix_path.ps1'
[3.393s] INFO:colcon.colcon_core.shell:Creating environment descriptor '/home/yicheng/me326_ws/install/locobot_yicheng/share/locobot_yicheng/hook/cmake_prefix_path.dsv'
[3.394s] INFO:colcon.colcon_core.shell:Creating environment hook '/home/yicheng/me326_ws/install/locobot_yicheng/share/locobot_yicheng/hook/cmake_prefix_path.sh'
[3.394s] Level 1:colcon.colcon_core.environment:checking '/home/yicheng/me326_ws/install/locobot_yicheng/lib'
[3.394s] Level 1:colcon.colcon_core.environment:checking '/home/yicheng/me326_ws/install/locobot_yicheng/bin'
[3.394s] Level 1:colcon.colcon_core.environment:checking '/home/yicheng/me326_ws/install/locobot_yicheng/lib/pkgconfig/locobot_yicheng.pc'
[3.394s] Level 1:colcon.colcon_core.environment:checking '/home/yicheng/me326_ws/install/locobot_yicheng/lib/python3.8/site-packages'
[3.394s] Level 1:colcon.colcon_core.environment:checking '/home/yicheng/me326_ws/install/locobot_yicheng/bin'
[3.437s] INFO:colcon.colcon_core.shell:Creating package script '/home/yicheng/me326_ws/install/locobot_yicheng/share/locobot_yicheng/package.ps1'
[3.438s] INFO:colcon.colcon_core.shell:Creating package descriptor '/home/yicheng/me326_ws/install/locobot_yicheng/share/locobot_yicheng/package.dsv'
[3.439s] INFO:colcon.colcon_core.shell:Creating package script '/home/yicheng/me326_ws/install/locobot_yicheng/share/locobot_yicheng/package.sh'
[3.439s] INFO:colcon.colcon_core.shell:Creating package script '/home/yicheng/me326_ws/install/locobot_yicheng/share/locobot_yicheng/package.bash'
[3.439s] INFO:colcon.colcon_core.shell:Creating package script '/home/yicheng/me326_ws/install/locobot_yicheng/share/locobot_yicheng/package.zsh'
[3.440s] Level 1:colcon.colcon_core.environment:create_file_with_runtime_dependencies(/home/yicheng/me326_ws/install/locobot_yicheng/share/colcon-core/packages/locobot_yicheng)
[3.440s] DEBUG:colcon.colcon_parallel_executor.executor.parallel:closing loop
[3.440s] DEBUG:colcon.colcon_parallel_executor.executor.parallel:loop closed
[3.440s] DEBUG:colcon.colcon_parallel_executor.executor.parallel:run_until_complete finished with '0'
[3.440s] DEBUG:colcon.colcon_core.event_reactor:joining thread
[3.481s] INFO:colcon.colcon_core.plugin_system:Skipping extension 'colcon_notification.desktop_notification.terminal_notifier': Not used on non-Darwin systems
[3.482s] INFO:colcon.colcon_core.plugin_system:Skipping extension 'colcon_notification.desktop_notification.win32': Not used on non-Windows systems
[3.482s] INFO:colcon.colcon_notification.desktop_notification:Sending desktop notification using 'notify2'
[3.494s] DEBUG:colcon.colcon_core.event_reactor:joined thread
[3.541s] INFO:colcon.colcon_core.shell:Creating prefix script '/home/yicheng/me326_ws/install/local_setup.ps1'
[3.542s] INFO:colcon.colcon_core.shell:Creating prefix util module '/home/yicheng/me326_ws/install/_local_setup_util_ps1.py'
[3.543s] INFO:colcon.colcon_core.shell:Creating prefix chain script '/home/yicheng/me326_ws/install/setup.ps1'
[3.586s] INFO:colcon.colcon_core.shell:Creating prefix script '/home/yicheng/me326_ws/install/local_setup.sh'
[3.587s] INFO:colcon.colcon_core.shell:Creating prefix util module '/home/yicheng/me326_ws/install/_local_setup_util_sh.py'
[3.587s] INFO:colcon.colcon_core.shell:Creating prefix chain script '/home/yicheng/me326_ws/install/setup.sh'
[3.624s] INFO:colcon.colcon_core.shell:Creating prefix script '/home/yicheng/me326_ws/install/local_setup.bash'
[3.625s] INFO:colcon.colcon_core.shell:Creating prefix chain script '/home/yicheng/me326_ws/install/setup.bash'
[3.661s] INFO:colcon.colcon_core.shell:Creating prefix script '/home/yicheng/me326_ws/install/local_setup.zsh'
[3.662s] INFO:colcon.colcon_core.shell:Creating prefix chain script '/home/yicheng/me326_ws/install/setup.zsh'
