[2.859s] Invoking command in '/home/dihim/me326_ws/build/la_msgs': CMAKE_PREFIX_PATH=${CMAKE_PREFIX_PATH}:/home/dihim/me326_ws/install/locobot_controller:/home/dihim/interbotix_ws/install/interbotix_xs_modules:/home/dihim/interbotix_ws/install/interbotix_perception_modules:/home/dihim/interbotix_ws/install/interbotix_common_modules:/opt/ros/galactic /usr/bin/cmake --build /home/dihim/me326_ws/build/la_msgs -- -j4 -l4
[4.687s] [  2%] Built target la_msgs__cpp
[4.687s] [ 12%] Built target la_msgs__rosidl_generator_c
[4.687s] [ 23%] Built target la_msgs__rosidl_typesupport_fastrtps_cpp
[4.687s] [ 33%] Built target la_msgs__rosidl_typesupport_c
[4.687s] [ 43%] Built target la_msgs__rosidl_typesupport_introspection_c
[4.687s] [ 53%] Built target la_msgs__rosidl_typesupport_fastrtps_c
[4.687s] [ 64%] Built target la_msgs__rosidl_typesupport_introspection_cpp
[4.687s] [ 74%] Built target la_msgs__rosidl_typesupport_cpp
[4.687s] [ 74%] Built target la_msgs
[4.816s] [ 76%] Built target la_msgs__py
[4.984s] [ 84%] Built target la_msgs__python
[5.126s] [ 89%] Built target la_msgs__rosidl_typesupport_c__pyext
[5.296s] [ 94%] Built target la_msgs__rosidl_typesupport_fastrtps_c__pyext
[5.486s] [100%] Built target la_msgs__rosidl_typesupport_introspection_c__pyext
[6.184s] Invoked command in '/home/dihim/me326_ws/build/la_msgs' returned '0': CMAKE_PREFIX_PATH=${CMAKE_PREFIX_PATH}:/home/dihim/me326_ws/install/locobot_controller:/home/dihim/interbotix_ws/install/interbotix_xs_modules:/home/dihim/interbotix_ws/install/interbotix_perception_modules:/home/dihim/interbotix_ws/install/interbotix_common_modules:/opt/ros/galactic /usr/bin/cmake --build /home/dihim/me326_ws/build/la_msgs -- -j4 -l4
[7.324s] Invoking command in '/home/dihim/me326_ws/build/la_msgs': CMAKE_PREFIX_PATH=${CMAKE_PREFIX_PATH}:/home/dihim/me326_ws/install/locobot_controller:/home/dihim/interbotix_ws/install/interbotix_xs_modules:/home/dihim/interbotix_ws/install/interbotix_perception_modules:/home/dihim/interbotix_ws/install/interbotix_common_modules:/opt/ros/galactic /usr/bin/cmake --install /home/dihim/me326_ws/build/la_msgs
[7.335s] -- Install configuration: ""
[7.336s] -- Up-to-date: /home/dihim/me326_ws/install/la_msgs/share/ament_index/resource_index/rosidl_interfaces/la_msgs
[7.337s] -- Up-to-date: /home/dihim/me326_ws/install/la_msgs/include/la_msgs
[7.337s] -- Up-to-date: /home/dihim/me326_ws/install/la_msgs/include/la_msgs/action
[7.338s] -- Up-to-date: /home/dihim/me326_ws/install/la_msgs/include/la_msgs/action/move_base.h
[7.338s] -- Up-to-date: /home/dihim/me326_ws/install/la_msgs/include/la_msgs/action/detail
[7.338s] -- Up-to-date: /home/dihim/me326_ws/install/la_msgs/include/la_msgs/action/detail/move_base__functions.c
[7.338s] -- Up-to-date: /home/dihim/me326_ws/install/la_msgs/include/la_msgs/action/detail/move_base__type_support.h
[7.339s] -- Up-to-date: /home/dihim/me326_ws/install/la_msgs/include/la_msgs/action/detail/move_base__struct.h
[7.339s] -- Up-to-date: /home/dihim/me326_ws/install/la_msgs/include/la_msgs/action/detail/move_base__functions.h
[7.339s] -- Up-to-date: /home/dihim/me326_ws/install/la_msgs/include/la_msgs/msg
[7.340s] -- Up-to-date: /home/dihim/me326_ws/install/la_msgs/include/la_msgs/msg/rosidl_generator_c__visibility_control.h
[7.340s] -- Up-to-date: /home/dihim/me326_ws/install/la_msgs/include/la_msgs/srv
[7.341s] -- Up-to-date: /home/dihim/me326_ws/install/la_msgs/include/la_msgs/srv/detail
[7.341s] -- Up-to-date: /home/dihim/me326_ws/install/la_msgs/include/la_msgs/srv/detail/ptps__type_support.h
[7.341s] -- Up-to-date: /home/dihim/me326_ws/install/la_msgs/include/la_msgs/srv/detail/ptps__struct.h
[7.342s] -- Up-to-date: /home/dihim/me326_ws/install/la_msgs/include/la_msgs/srv/detail/ptps__functions.h
[7.342s] -- Up-to-date: /home/dihim/me326_ws/install/la_msgs/include/la_msgs/srv/detail/ptps__functions.c
[7.342s] -- Up-to-date: /home/dihim/me326_ws/install/la_msgs/include/la_msgs/srv/ptps.h
[7.342s] -- Up-to-date: /home/dihim/me326_ws/install/la_msgs/share/la_msgs/environment/library_path.sh
[7.343s] -- Up-to-date: /home/dihim/me326_ws/install/la_msgs/share/la_msgs/environment/library_path.dsv
[7.345s] -- Up-to-date: /home/dihim/me326_ws/install/la_msgs/lib/libla_msgs__rosidl_generator_c.so
[7.346s] -- Up-to-date: /home/dihim/me326_ws/install/la_msgs/include/la_msgs
[7.346s] -- Up-to-date: /home/dihim/me326_ws/install/la_msgs/include/la_msgs/action
[7.346s] -- Up-to-date: /home/dihim/me326_ws/install/la_msgs/include/la_msgs/action/detail
[7.347s] -- Up-to-date: /home/dihim/me326_ws/install/la_msgs/include/la_msgs/action/detail/move_base__rosidl_typesupport_fastrtps_c.h
[7.347s] -- Up-to-date: /home/dihim/me326_ws/install/la_msgs/include/la_msgs/msg
[7.347s] -- Up-to-date: /home/dihim/me326_ws/install/la_msgs/include/la_msgs/msg/rosidl_typesupport_fastrtps_c__visibility_control.h
[7.347s] -- Up-to-date: /home/dihim/me326_ws/install/la_msgs/include/la_msgs/srv
[7.348s] -- Up-to-date: /home/dihim/me326_ws/install/la_msgs/include/la_msgs/srv/detail
[7.348s] -- Up-to-date: /home/dihim/me326_ws/install/la_msgs/include/la_msgs/srv/detail/ptps__rosidl_typesupport_fastrtps_c.h
[7.352s] -- Up-to-date: /home/dihim/me326_ws/install/la_msgs/lib/libla_msgs__rosidl_typesupport_fastrtps_c.so
[7.352s] -- Up-to-date: /home/dihim/me326_ws/install/la_msgs/include/la_msgs
[7.352s] -- Up-to-date: /home/dihim/me326_ws/install/la_msgs/include/la_msgs/action
[7.353s] -- Up-to-date: /home/dihim/me326_ws/install/la_msgs/include/la_msgs/action/detail
[7.353s] -- Up-to-date: /home/dihim/me326_ws/install/la_msgs/include/la_msgs/action/detail/move_base__rosidl_typesupport_fastrtps_cpp.hpp
[7.353s] -- Up-to-date: /home/dihim/me326_ws/install/la_msgs/include/la_msgs/action/detail/dds_fastrtps
[7.353s] -- Up-to-date: /home/dihim/me326_ws/install/la_msgs/include/la_msgs/msg
[7.354s] -- Up-to-date: /home/dihim/me326_ws/install/la_msgs/include/la_msgs/msg/rosidl_typesupport_fastrtps_cpp__visibility_control.h
[7.354s] -- Up-to-date: /home/dihim/me326_ws/install/la_msgs/include/la_msgs/srv
[7.354s] -- Up-to-date: /home/dihim/me326_ws/install/la_msgs/include/la_msgs/srv/detail
[7.354s] -- Up-to-date: /home/dihim/me326_ws/install/la_msgs/include/la_msgs/srv/detail/ptps__rosidl_typesupport_fastrtps_cpp.hpp
[7.355s] -- Up-to-date: /home/dihim/me326_ws/install/la_msgs/include/la_msgs/srv/detail/dds_fastrtps
[7.357s] -- Up-to-date: /home/dihim/me326_ws/install/la_msgs/lib/libla_msgs__rosidl_typesupport_fastrtps_cpp.so
[7.357s] -- Up-to-date: /home/dihim/me326_ws/install/la_msgs/include/la_msgs
[7.358s] -- Up-to-date: /home/dihim/me326_ws/install/la_msgs/include/la_msgs/action
[7.358s] -- Up-to-date: /home/dihim/me326_ws/install/la_msgs/include/la_msgs/action/detail
[7.358s] -- Up-to-date: /home/dihim/me326_ws/install/la_msgs/include/la_msgs/action/detail/move_base__type_support.c
[7.358s] -- Up-to-date: /home/dihim/me326_ws/install/la_msgs/include/la_msgs/action/detail/move_base__rosidl_typesupport_introspection_c.h
[7.359s] -- Up-to-date: /home/dihim/me326_ws/install/la_msgs/include/la_msgs/msg
[7.359s] -- Up-to-date: /home/dihim/me326_ws/install/la_msgs/include/la_msgs/msg/rosidl_typesupport_introspection_c__visibility_control.h
[7.359s] -- Up-to-date: /home/dihim/me326_ws/install/la_msgs/include/la_msgs/srv
[7.360s] -- Up-to-date: /home/dihim/me326_ws/install/la_msgs/include/la_msgs/srv/detail
[7.360s] -- Up-to-date: /home/dihim/me326_ws/install/la_msgs/include/la_msgs/srv/detail/ptps__rosidl_typesupport_introspection_c.h
[7.360s] -- Up-to-date: /home/dihim/me326_ws/install/la_msgs/include/la_msgs/srv/detail/ptps__type_support.c
[7.362s] -- Up-to-date: /home/dihim/me326_ws/install/la_msgs/lib/libla_msgs__rosidl_typesupport_introspection_c.so
[7.364s] -- Up-to-date: /home/dihim/me326_ws/install/la_msgs/lib/libla_msgs__rosidl_typesupport_c.so
[7.365s] -- Up-to-date: /home/dihim/me326_ws/install/la_msgs/include/la_msgs
[7.365s] -- Up-to-date: /home/dihim/me326_ws/install/la_msgs/include/la_msgs/action
[7.365s] -- Up-to-date: /home/dihim/me326_ws/install/la_msgs/include/la_msgs/action/detail
[7.365s] -- Up-to-date: /home/dihim/me326_ws/install/la_msgs/include/la_msgs/action/detail/move_base__traits.hpp
[7.366s] -- Up-to-date: /home/dihim/me326_ws/install/la_msgs/include/la_msgs/action/detail/move_base__builder.hpp
[7.366s] -- Up-to-date: /home/dihim/me326_ws/install/la_msgs/include/la_msgs/action/detail/move_base__struct.hpp
[7.366s] -- Up-to-date: /home/dihim/me326_ws/install/la_msgs/include/la_msgs/action/move_base.hpp
[7.366s] -- Up-to-date: /home/dihim/me326_ws/install/la_msgs/include/la_msgs/srv
[7.366s] -- Up-to-date: /home/dihim/me326_ws/install/la_msgs/include/la_msgs/srv/detail
[7.366s] -- Up-to-date: /home/dihim/me326_ws/install/la_msgs/include/la_msgs/srv/detail/ptps__traits.hpp
[7.367s] -- Up-to-date: /home/dihim/me326_ws/install/la_msgs/include/la_msgs/srv/detail/ptps__builder.hpp
[7.367s] -- Up-to-date: /home/dihim/me326_ws/install/la_msgs/include/la_msgs/srv/detail/ptps__struct.hpp
[7.367s] -- Up-to-date: /home/dihim/me326_ws/install/la_msgs/include/la_msgs/srv/ptps.hpp
[7.367s] -- Up-to-date: /home/dihim/me326_ws/install/la_msgs/include/la_msgs
[7.368s] -- Up-to-date: /home/dihim/me326_ws/install/la_msgs/include/la_msgs/action
[7.368s] -- Up-to-date: /home/dihim/me326_ws/install/la_msgs/include/la_msgs/action/detail
[7.368s] -- Up-to-date: /home/dihim/me326_ws/install/la_msgs/include/la_msgs/action/detail/move_base__rosidl_typesupport_introspection_cpp.hpp
[7.368s] -- Up-to-date: /home/dihim/me326_ws/install/la_msgs/include/la_msgs/action/detail/move_base__type_support.cpp
[7.368s] -- Up-to-date: /home/dihim/me326_ws/install/la_msgs/include/la_msgs/srv
[7.368s] -- Up-to-date: /home/dihim/me326_ws/install/la_msgs/include/la_msgs/srv/detail
[7.368s] -- Up-to-date: /home/dihim/me326_ws/install/la_msgs/include/la_msgs/srv/detail/ptps__type_support.cpp
[7.368s] -- Up-to-date: /home/dihim/me326_ws/install/la_msgs/include/la_msgs/srv/detail/ptps__rosidl_typesupport_introspection_cpp.hpp
[7.372s] -- Up-to-date: /home/dihim/me326_ws/install/la_msgs/lib/libla_msgs__rosidl_typesupport_introspection_cpp.so
[7.373s] -- Up-to-date: /home/dihim/me326_ws/install/la_msgs/lib/libla_msgs__rosidl_typesupport_cpp.so
[7.374s] -- Up-to-date: /home/dihim/me326_ws/install/la_msgs/share/la_msgs/environment/pythonpath.sh
[7.374s] -- Up-to-date: /home/dihim/me326_ws/install/la_msgs/share/la_msgs/environment/pythonpath.dsv
[7.374s] -- Up-to-date: /home/dihim/me326_ws/install/la_msgs/lib/python3.8/site-packages/la_msgs/__init__.py
[7.504s] -- Up-to-date: /home/dihim/me326_ws/install/la_msgs/lib/python3.8/site-packages/la_msgs/action
[7.504s] -- Up-to-date: /home/dihim/me326_ws/install/la_msgs/lib/python3.8/site-packages/la_msgs/action/__init__.py
[7.504s] -- Up-to-date: /home/dihim/me326_ws/install/la_msgs/lib/python3.8/site-packages/la_msgs/action/_move_base_s.c
[7.504s] -- Up-to-date: /home/dihim/me326_ws/install/la_msgs/lib/python3.8/site-packages/la_msgs/action/_move_base.py
[7.504s] -- Up-to-date: /home/dihim/me326_ws/install/la_msgs/lib/python3.8/site-packages/la_msgs/srv
[7.504s] -- Up-to-date: /home/dihim/me326_ws/install/la_msgs/lib/python3.8/site-packages/la_msgs/srv/__init__.py
[7.504s] -- Up-to-date: /home/dihim/me326_ws/install/la_msgs/lib/python3.8/site-packages/la_msgs/srv/_ptps.py
[7.504s] -- Up-to-date: /home/dihim/me326_ws/install/la_msgs/lib/python3.8/site-packages/la_msgs/srv/_ptps_s.c
[7.507s] -- Up-to-date: /home/dihim/me326_ws/install/la_msgs/lib/python3.8/site-packages/la_msgs/la_msgs_s__rosidl_typesupport_fastrtps_c.cpython-38-aarch64-linux-gnu.so
[7.508s] -- Up-to-date: /home/dihim/me326_ws/install/la_msgs/lib/python3.8/site-packages/la_msgs/la_msgs_s__rosidl_typesupport_introspection_c.cpython-38-aarch64-linux-gnu.so
[7.511s] -- Up-to-date: /home/dihim/me326_ws/install/la_msgs/lib/python3.8/site-packages/la_msgs/la_msgs_s__rosidl_typesupport_c.cpython-38-aarch64-linux-gnu.so
[7.512s] -- Up-to-date: /home/dihim/me326_ws/install/la_msgs/lib/libla_msgs__python.so
[7.512s] -- Up-to-date: /home/dihim/me326_ws/install/la_msgs/share/la_msgs/action/MoveBase.idl
[7.512s] -- Up-to-date: /home/dihim/me326_ws/install/la_msgs/share/la_msgs/srv/Ptps.idl
[7.512s] -- Up-to-date: /home/dihim/me326_ws/install/la_msgs/share/la_msgs/action/MoveBase.action
[7.512s] -- Up-to-date: /home/dihim/me326_ws/install/la_msgs/share/la_msgs/srv/Ptps.srv
[7.512s] -- Up-to-date: /home/dihim/me326_ws/install/la_msgs/share/la_msgs/srv/Ptps_Request.msg
[7.512s] -- Up-to-date: /home/dihim/me326_ws/install/la_msgs/share/la_msgs/srv/Ptps_Response.msg
[7.512s] -- Up-to-date: /home/dihim/me326_ws/install/la_msgs/share/ament_index/resource_index/package_run_dependencies/la_msgs
[7.512s] -- Up-to-date: /home/dihim/me326_ws/install/la_msgs/share/ament_index/resource_index/parent_prefix_path/la_msgs
[7.512s] -- Up-to-date: /home/dihim/me326_ws/install/la_msgs/share/la_msgs/environment/ament_prefix_path.sh
[7.512s] -- Up-to-date: /home/dihim/me326_ws/install/la_msgs/share/la_msgs/environment/ament_prefix_path.dsv
[7.512s] -- Up-to-date: /home/dihim/me326_ws/install/la_msgs/share/la_msgs/environment/path.sh
[7.512s] -- Up-to-date: /home/dihim/me326_ws/install/la_msgs/share/la_msgs/environment/path.dsv
[7.512s] -- Up-to-date: /home/dihim/me326_ws/install/la_msgs/share/la_msgs/local_setup.bash
[7.512s] -- Up-to-date: /home/dihim/me326_ws/install/la_msgs/share/la_msgs/local_setup.sh
[7.512s] -- Up-to-date: /home/dihim/me326_ws/install/la_msgs/share/la_msgs/local_setup.zsh
[7.512s] -- Up-to-date: /home/dihim/me326_ws/install/la_msgs/share/la_msgs/local_setup.dsv
[7.512s] -- Installing: /home/dihim/me326_ws/install/la_msgs/share/la_msgs/package.dsv
[7.516s] -- Up-to-date: /home/dihim/me326_ws/install/la_msgs/share/ament_index/resource_index/packages/la_msgs
[7.516s] -- Up-to-date: /home/dihim/me326_ws/install/la_msgs/share/la_msgs/cmake/la_msgs__rosidl_generator_cExport.cmake
[7.516s] -- Up-to-date: /home/dihim/me326_ws/install/la_msgs/share/la_msgs/cmake/la_msgs__rosidl_generator_cExport-noconfig.cmake
[7.517s] -- Up-to-date: /home/dihim/me326_ws/install/la_msgs/share/la_msgs/cmake/la_msgs__rosidl_typesupport_introspection_cExport.cmake
[7.517s] -- Up-to-date: /home/dihim/me326_ws/install/la_msgs/share/la_msgs/cmake/la_msgs__rosidl_typesupport_introspection_cExport-noconfig.cmake
[7.518s] -- Up-to-date: /home/dihim/me326_ws/install/la_msgs/share/la_msgs/cmake/la_msgs__rosidl_typesupport_cExport.cmake
[7.518s] -- Up-to-date: /home/dihim/me326_ws/install/la_msgs/share/la_msgs/cmake/la_msgs__rosidl_typesupport_cExport-noconfig.cmake
[7.518s] -- Up-to-date: /home/dihim/me326_ws/install/la_msgs/share/la_msgs/cmake/la_msgs__rosidl_generator_cppExport.cmake
[7.519s] -- Up-to-date: /home/dihim/me326_ws/install/la_msgs/share/la_msgs/cmake/la_msgs__rosidl_typesupport_introspection_cppExport.cmake
[7.519s] -- Up-to-date: /home/dihim/me326_ws/install/la_msgs/share/la_msgs/cmake/la_msgs__rosidl_typesupport_introspection_cppExport-noconfig.cmake
[7.519s] -- Up-to-date: /home/dihim/me326_ws/install/la_msgs/share/la_msgs/cmake/la_msgs__rosidl_typesupport_cppExport.cmake
[7.519s] -- Up-to-date: /home/dihim/me326_ws/install/la_msgs/share/la_msgs/cmake/la_msgs__rosidl_typesupport_cppExport-noconfig.cmake
[7.520s] -- Up-to-date: /home/dihim/me326_ws/install/la_msgs/share/la_msgs/cmake/rosidl_cmake-extras.cmake
[7.520s] -- Up-to-date: /home/dihim/me326_ws/install/la_msgs/share/la_msgs/cmake/ament_cmake_export_dependencies-extras.cmake
[7.520s] -- Up-to-date: /home/dihim/me326_ws/install/la_msgs/share/la_msgs/cmake/ament_cmake_export_libraries-extras.cmake
[7.520s] -- Up-to-date: /home/dihim/me326_ws/install/la_msgs/share/la_msgs/cmake/ament_cmake_export_targets-extras.cmake
[7.520s] -- Up-to-date: /home/dihim/me326_ws/install/la_msgs/share/la_msgs/cmake/ament_cmake_export_include_directories-extras.cmake
[7.520s] -- Up-to-date: /home/dihim/me326_ws/install/la_msgs/share/la_msgs/cmake/rosidl_cmake_export_typesupport_libraries-extras.cmake
[7.520s] -- Up-to-date: /home/dihim/me326_ws/install/la_msgs/share/la_msgs/cmake/rosidl_cmake_export_typesupport_targets-extras.cmake
[7.520s] -- Up-to-date: /home/dihim/me326_ws/install/la_msgs/share/la_msgs/cmake/la_msgsConfig.cmake
[7.520s] -- Up-to-date: /home/dihim/me326_ws/install/la_msgs/share/la_msgs/cmake/la_msgsConfig-version.cmake
[7.520s] -- Up-to-date: /home/dihim/me326_ws/install/la_msgs/share/la_msgs/package.xml
[7.526s] Invoked command in '/home/dihim/me326_ws/build/la_msgs' returned '0': CMAKE_PREFIX_PATH=${CMAKE_PREFIX_PATH}:/home/dihim/me326_ws/install/locobot_controller:/home/dihim/interbotix_ws/install/interbotix_xs_modules:/home/dihim/interbotix_ws/install/interbotix_perception_modules:/home/dihim/interbotix_ws/install/interbotix_common_modules:/opt/ros/galactic /usr/bin/cmake --install /home/dihim/me326_ws/build/la_msgs
